            "{\"Channel\":\"Microsoft-Windows-Sysmon/Operational\",\"CommandLine\":\"\\\"C:\\\\Users\\\\stevemorris\\\\Desktop\\\\executable.exe\\\" \",\"Company\":\"-\",\"Computer\":\"DESKTOP-SM\",\"CurrentDirectory\":\"C:\\\\Users\\\\stevemorris\\\\Desktop\\\\\",\"Description\":\"-\",\"EventID\":1,\"FileVersion\":\"-\",\"Hashes\":\"MD5=71826BA081E303866CE2A2534491A2F7,SHA256=62099532750DAD1054B127689680C38590033FA0BDFA4FB40C7B4DCB2607FB11,IMPHASH=AFCDF79BE1557326C854B6E20CB900A7\",\"Hostname\":\"stevemorris-pc\",\"Image\":\"C:\\\\Users\\\\stevemorris\\\\Desktop\\\\executable.exe\",\"IntegrityLevel\":\"High\",\"Level\":4,\"LogonGuid\":\"{C784477D-A5DD-61A4-355F-030000000000}\",\"LogonId\":\"0x35f35\",\"Message\":\"\",\"OpcodeValue\":0,\"OriginalFileName\":\"-\",\"ParentCommandLine\":\"\\\"sandbox-control.exe\\\"\",\"ParentImage\":\"sandbox-control.exe\",\"ParentProcessGuid\":\"{C784477D-A6BC-61A4-F705-000000003C00}\",\"ParentProcessId\":\"6400\",\"ProcessGuid\":\"{C784477D-F8D0-6221-2706-000000003C00}\",\"ProcessID\":2200,\"ProcessId\":\"3848\",\"Product\":\"-\",\"ProviderGuid\":\"{5770385F-C22A-43E0-BF4C-06F5698FFBD9}\",\"RecordNumber\":84589,\"RuleName\":\"-\",\"SourceName\":\"Microsoft-Windows-Sysmon\",\"TerminalSessionId\":\"1\",\"ThreadID\":3056,\"User\":\"DESKTOP-SM\\\\stevemorris\",\"UserID\":\"S-1-5-12-783622181-14434791-6080415151-691320\",\"UtcTime\":\"2024-09-22 04:33:23.000000\",\"Version\":5}\r\nudm.principal.process.file.full_path: sandbox-control.exe"
        ]
    },
    "230": {
        "alert_brief": "Use Google Cloud Threat Intel hash intelligence to scan for malicious process launch activityAvl.exe launched by explorer.exe",
        "ini_data": [
            "{\"Channel\":\"Microsoft-Windows-Sysmon/Operational\",\"CommandLine\":\"C:\\\\Users\\\\oscar.wild\\\\AppData\\\\Local\\\\Temp\\\\Avl.exe\",\"Company\":\"-\",\"Computer\":\"DESKTOPS\",\"CurrentDirectory\":\"C:\\\\Users\\\\oscar.wild\\\\AppData\\\\Local\\\\Temp\\\\\",\"Description\":\" \",\"EventID\":1,\"FileVersion\":\"1.0.0.0\",\"Hashes\":\"MD5=4064209A8AB2F313551CBB57AC1FCD94,SHA256=0000A30F08A3BC2D09C7A03A12A03C85BC6F01F264652170C49826DD944DC018,IMPHASH=F34D5F2D4577ED6D9CEEC516C1F5A744\",\"Hostname\":\"oscar.wild.desktop\",\"Image\":\"C:\\\\Users\\\\oscar.wild\\\\AppData\\\\Local\\\\Temp\\\\Avl.exe\",\"IntegrityLevel\":\"Medium\",\"Level\":4,\"LogonGuid\":\"{C784477D-83CA-6536-C5CD-030000000000}\",\"LogonId\":\"0x3cdc5\",\"Message\":\"\",\"OpcodeValue\":0,\"OriginalFileName\":\"Avl.exe\",\"ParentCommandLine\":\"C:\\\\Windows\\\\Explorer.EXE\",\"ParentImage\":\"C:\\\\Windows\\\\explorer.exe\",\"ParentProcessGuid\":\"{C784477D-83CA-6536-6B00-000000004A00}\",\"ParentProcessId\":\"4967\",\"ProcessGuid\":\"{C784477D-969B-653B-B006-000000004A00}\",\"ProcessID\":2307,\"ProcessId\":\"10147\",\"Product\":\"-\",\"ProviderGuid\":\"{5770385F-C22A-43E0-BF4C-06F5698FFBD9}\",\"RecordNumber\":1379907,\"RuleName\":\"-\",\"SourceName\":\"Microsoft-Windows-Sysmon\",\"TerminalSessionId\":\"1\",\"ThreadID\":707,\"User\":\"DESKTOPS\\\\oscar.wild\",\"UserID\":\"S-1-5-18\",\"UtcTime\":\"2024-12-08 05:32:30.136\",\"Version\":5}\r\nudm.principal.process.file.full_path: C:\\Windows\\explorer.exe"
        ]
    },
    "231": {
        "alert_brief": "Use Google Cloud Threat Intel hash intelligence to scan for malicious process launch activityWMIhosts.exe launched by svchost.exe",
        "ini_data": [
            "<14>Dec 22 05:56:10 sftp.cachemoney.local Microsoft-Windows-Sysmon[3196]: {\"EventTime\":1734760570,\"Hostname\":\"sftp.cachemoney.local\",\"Keywords\":-9223372036854775808,\"EventType\":\"INFO\",\"SeverityValue\":2,\"Severity\":\"INFO\",\"EventID\":1,\"SourceName\":\"Microsoft-Windows-Sysmon\",\"ProviderGuid\":\"{5770385F-C22A-43E0-BF4C-06F5698FFBD9}\",\"Version\":5,\"Task\":1,\"OpcodeValue\":0,\"RecordNumber\":212667,\"ProcessID\":3196,\"ThreadID\":4204,\"Channel\":\"Microsoft-Windows-Sysmon/Operational\",\"Domain\":\"NT AUTHORITY\",\"AccountName\":\"SYSTEM\",\"UserID\":\"S-1-5-20\",\"AccountType\":\"User\",\"Message\":\"Process Create:\\r\\nRuleName: -\\r\\nUtcTime: 2024-12-21 05:56:10.069\\r\\nProcessGuid: {f31bccf6-d0ef-642a-9517-000000001500}\\r\\nProcessId: 6224\\r\\nImage: C:\\\\ProgramData\\\\WMI hosts\\\\WMIhosts.exe\\r\\nFileVersion: 10.0.17763.1697 (WinBuild.160101.0800)\\r\\nDescription: WMI Hosts\\r\\nProduct: WMIHosts.exe\\r\\nCompany: Microsoft WMI Hosts\\r\\nOriginalFileName: WMIHosts.exe\\r\\nCommandLine: \\\"C:\\\\ProgramData\\\\WMI hosts\\\\WMIhosts.exe\\\"\\r\\nCurrentDirectory: C:\\\\ProgramData\\\\WMI hosts\\\\\\r\\nUser: CACHEMONEY\\\\adminsftp\\r\\nLogonGuid: {f31bccf6-d0ef-642a-9a81-b51000000000}\\r\\nLogonId: 0x10B5819A\\r\\nTerminalSessionId: 0\\r\\nIntegrityLevel: High\\r\\nHashes: MD5=93D6932BAF35FCE2591D5FE10D3C272B,SHA256=98DA115742244728861B78C9091590039A93FAF0E3DA02DA655664E66684DE33,IMPHASH=3ABE302B6D9A1256E6A915429AF4FFD2\\r\\nParentProcessGuid: {f31bccf6-92c6-6412-2700-000000001500}\\r\\nParentProcessId: 1692\\r\\nParentImage: C:\\\\Windows\\\\System32\\\\svchost.exe\\r\\nParentCommandLine: C:\\\\Windows\\\\system32\\\\svchost.exe -k netsvcs -p -s Schedule\\r\\nParentUser: NT AUTHORITY\\\\SYSTEM\",\"Category\":\"Process Create (rule: ProcessCreate)\",\"Opcode\":\"Info\",\"RuleName\":\"-\",\"UtcTime\":\"2024-12-21 05:56:10.069\",\"ProcessGuid\":\"{f31bccf6-d0ef-642a-9517-000000001500}\",\"Image\":\"C:\\\\ProgramData\\\\WMI hosts\\\\WMIhosts.exe\",\"FileVersion\":\"10.0.17763.1697 (WinBuild.160101.0800)\",\"Description\":\"WMI Hosts\",\"Product\":\"WMIHosts.exe\",\"Company\":\"Microsoft WMI Hosts\",\"OriginalFileName\":\"WMIHosts.exe\",\"CommandLine\":\"\\\"C:\\\\ProgramData\\\\WMI hosts\\\\WMIhosts.exe\\\"\",\"CurrentDirectory\":\"C:\\\\ProgramData\\\\WMI hosts\\\\\",\"User\":\"CACHEMONEY\\\\adminsftp\",\"LogonGuid\":\"{f31bccf6-d0ef-642a-9a81-b51000000000}\",\"LogonId\":\"0x10b5819a\",\"TerminalSessionId\":\"0\",\"IntegrityLevel\":\"High\",\"Hashes\":\"MD5=93D6932BAF35FCE2591D5FE10D3C272B,SHA256=98DA115742244728861B78C9091590039A93FAF0E3DA02DA655664E66684DE33,IMPHASH=3ABE302B6D9A1256E6A915429AF4FFD2\",\"ParentProcessGuid\":\"{f31bccf6-92c6-6412-2700-000000001500}\",\"ParentProcessId\":\"1692\",\"ParentImage\":\"C:\\\\Windows\\\\System32\\\\svchost.exe\",\"ParentCommandLine\":\"C:\\\\Windows\\\\system32\\\\svchost.exe -k netsvcs -p -s Schedule\",\"ParentUser\":\"NT AUTHORITY\\\\SYSTEM\",\"EventReceivedTime\":1734760570,\"SourceModuleName\":\"in_sysmon\",\"SourceModuleType\":\"im_msvistalog\"}\r\nudm.principal.process.file.full_path: C:\\Windows\\System32\\svchost.exe"
        ]
    },
    "232": {
        "alert_brief": "Use Google Cloud Threat Intel hash intelligence to scan for malicious process launch activitysoftware.exe launched by explorer.exe",
        "ini_data": [
            "{\"Channel\":\"Microsoft-Windows-Sysmon/Operational\",\"CommandLine\":\"\\\"C:\\\\Users\\\\oscar.wild\\\\AppData\\\\Local\\\\51e3b645-cd3e-4087-8175-9451ecd98863\\\\software.exe\\\" --AutoStart\",\"Company\":\"-\",\"Computer\":\"DESKTOPS\",\"CurrentDirectory\":\"C:\\\\Users\\\\oscar.wild\\\\AppData\\\\Local\\\\51e3b645-cd3e-4087-8175-9451ecd98863\\\\\",\"Description\":\"-\",\"EventID\":1,\"FileVersion\":\"-\",\"Hashes\":\"MD5=65D2046ADD5EF298FBA308EDB9C291DC,SHA256=60C85D1E4B4698E35E83519E16025AA11B6F79A69F02E483A8BAF5E97CD04752,IMPHASH=C7006B0F6ACDFB37FFEEBFD2C1715395\",\"Hostname\":\"oscar.wild.desktop\",\"Image\":\"C:\\\\Users\\\\oscar.wild\\\\AppData\\\\Local\\\\51e3b645-cd3e-4087-8175-9451ecd98863\\\\software.exe\",\"IntegrityLevel\":\"Medium\",\"Level\":4,\"LogonGuid\":\"{C784477D-A525-648A-09F3-030000000000}\",\"LogonId\":\"0x3f309\",\"Message\":\"\",\"OpcodeValue\":0,\"OriginalFileName\":\"-\",\"ParentCommandLine\":\"C:\\\\Windows\\\\Explorer.EXE\",\"ParentImage\":\"C:\\\\Windows\\\\explorer.exe\",\"ParentProcessGuid\":\"{C784477D-A525-648A-6A00-000000004400}\",\"ParentProcessId\":\"4876\",\"ProcessGuid\":\"{C784477D-840C-6517-3806-000000004400}\",\"ProcessID\":2300,\"ProcessId\":\"5252\",\"Product\":\"-\",\"ProviderGuid\":\"{5770385F-C22A-43E0-BF4C-06F5698FFBD9}\",\"RecordNumber\":1366213,\"RuleName\":\"-\",\"SourceName\":\"Microsoft-Windows-Sysmon\",\"TerminalSessionId\":\"1\",\"ThreadID\":680,\"User\":\"DESKTOPS\\\\oscar.wild\",\"UserID\":\"S-1-5-18\",\"UtcTime\":\"2025-01-06 05:32:24.136\",\"Version\":5}\r\nudm.principal.process.file.full_path: C:\\Windows\\explorer.exe"
        ]
    },
    "233": {
        "alert_brief": "Use Google Cloud Threat Intel hash intelligence to scan for malicious process launch activitymimikatz.exe launched by cmd.exe",
        "ini_data": [
            "<14>Jan 02 05:39:25 activedir.stackedpads.local Microsoft-Windows-Sysmon[3224]: {\"EventTime\":1735709964,\"Hostname\":\"activedir.stackedpads.local\",\"Keywords\":-9223372036854775808,\"EventType\":\"INFO\",\"SeverityValue\":2,\"Severity\":\"INFO\",\"EventID\":1,\"SourceName\":\"Microsoft-Windows-Sysmon\",\"ProviderGuid\":\"{5770385F-C22A-43E0-BF4C-06F5698FFBD9}\",\"Version\":5,\"Task\":1,\"OpcodeValue\":0,\"RecordNumber\":279278,\"ProcessID\":3224,\"ThreadID\":4128,\"Channel\":\"Microsoft-Windows-Sysmon/Operational\",\"Domain\":\"NT AUTHORITY\",\"AccountName\":\"SYSTEM\",\"UserID\":\"S-1-5-18\",\"AccountType\":\"User\",\"Message\":\"Process Create:\\r\\nRuleName: technique_id=T1059,technique_name=Command-Line Interface\\r\\nUtcTime: 2025-01-01 05:39:24.221\\r\\nProcessGuid: {3be6fa21-3ce8-62c8-7801-000000001100}\\r\\nProcessId: 1172\\r\\nImage: C:\\\\Users\\\\fkolzig\\\\Downloads\\\\mimikatz_trunk\\\\x64\\\\mimikatz.exe\\r\\nFileVersion: 2.2.0.0\\r\\nDescription: mimikatz for Windows\\r\\nProduct: mimikatz\\r\\nCompany: gentilkiwi (Benjamin DELPY)\\r\\nOriginalFileName: mimikatz.exe\\r\\nCommandLine: mimikatz  \\\"privilege::debug\\\" \\\"sekurlsa::logonpasswords\\\" exit\\r\\nCurrentDirectory: C:\\\\Users\\\\fkolzig\\\\Downloads\\\\mimikatz_trunk\\\\x64\\\\\\r\\nUser: STACKEDPADS\\\\frank.kolzig\\r\\nLogonGuid: {3be6fa21-3b9e-62c8-0fea-230000000000}\\r\\nLogonId: 0x23EA0F\\r\\nTerminalSessionId: 4\\r\\nIntegrityLevel: High\\r\\nHashes: SHA1=70DF765F554ED7392200422C18776B8992C09231,MD5=BB8BDB3E8C92E97E2F63626BC3B254C4,SHA256=912018AB3C6B16B39EE84F17745FF0C80A33CEE241013EC35D0281E40C0658D9,IMPHASH=9528A0E91E28FBB88AD433FEABCA2456\\r\\nParentProcessGuid: {3be6fa21-3bc2-62c8-5c01-000000001100}\\r\\nParentProcessId: 2192\\r\\nParentImage: C:\\\\Windows\\\\System32\\\\cmd.exe\\r\\nParentCommandLine: \\\"C:\\\\Windows\\\\system32\\\\cmd.exe\\\" \\r\\nParentUser: STACKEDPADS\\\\frank.kolzig\",\"Category\":\"Process Create (rule: ProcessCreate)\",\"Opcode\":\"Info\",\"RuleName\":\"technique_id=T1059,technique_name=Command-Line Interface\",\"UtcTime\":\"2025-01-01 05:39:24.221\",\"ProcessGuid\":\"{3be6fa21-3ce8-62c8-7801-000000001100}\",\"Image\":\"C:\\\\Users\\\\fkolzig\\\\Downloads\\\\mimikatz_trunk\\\\x64\\\\mimikatz.exe\",\"FileVersion\":\"2.2.0.0\",\"Description\":\"mimikatz for Windows\",\"Product\":\"mimikatz\",\"Company\":\"gentilkiwi (Benjamin DELPY)\",\"OriginalFileName\":\"mimikatz.exe\",\"CommandLine\":\"mimikatz  \\\"privilege::debug\\\" \\\"sekurlsa::logonpasswords\\\" exit\",\"CurrentDirectory\":\"C:\\\\Users\\\\fkolzig\\\\Downloads\\\\mimikatz_trunk\\\\x64\\\\\",\"User\":\"STACKEDPADS\\\\frank.kolzig\",\"LogonGuid\":\"{3be6fa21-3b9e-62c8-0fea-230000000000}\",\"LogonId\":\"0x23ea0f\",\"TerminalSessionId\":\"4\",\"IntegrityLevel\":\"High\",\"Hashes\":\"SHA1=70DF765F554ED7392200422C18776B8992C09231,MD5=BB8BDB3E8C92E97E2F63626BC3B254C4,SHA256=912018AB3C6B16B39EE84F17745FF0C80A33CEE241013EC35D0281E40C0658D9,IMPHASH=9528A0E91E28FBB88AD433FEABCA2456\",\"ParentProcessGuid\":\"{3be6fa21-3bc2-62c8-5c01-000000001100}\",\"ParentProcessId\":\"2192\",\"ParentImage\":\"C:\\\\Windows\\\\System32\\\\cmd.exe\",\"ParentCommandLine\":\"\\\"C:\\\\Windows\\\\system32\\\\cmd.exe\\\" \",\"ParentUser\":\"STACKEDPADS\\\\frank.kolzig\",\"EventReceivedTime\":1735709965,\"SourceModuleName\":\"in_sysmon\",\"SourceModuleType\":\"im_msvistalog\"}\r\nudm.principal.process.file.full_path: C:\\Windows\\System32\\cmd.exe\r\nudm.principal.process.file.sha256: bc866cfcdda37e24dc2634dc282c7a0e6f55209da17a8fa105b07414c0e7c527"
        ]
    },
    "234": {
        "alert_brief": "Use Google Cloud Threat Intel hash intelligence to scan for malicious process launch activityclient32.exe launched by explorer.exe",
        "ini_data": [
            "{\"Channel\":\"Microsoft-Windows-Sysmon/Operational\",\"CommandLine\":\"\\\"C:\\\\Users\\\\lisawalker\\\\AppData\\\\Roaming\\\\OfficeStartup\\\\client32.exe\\\" \",\"Company\":\"NetSupport Ltd\",\"Computer\":\"wins-d19\",\"CurrentDirectory\":\"C:\\\\Users\\\\lisawalker\\\\AppData\\\\Roaming\\\\OfficeStartup\\\\\",\"Description\":\"NetSupport Client Application\",\"EventID\":1,\"FileVersion\":\"V12.70\",\"Hashes\":\"MD5=877F5E83FB39DE16FA8BBD93BA9F07F1,SHA256=418744FA1ADE539C280461387DF87DDA6BF84C7D755EBBBDC6123FD5659F9467,IMPHASH=A9D50692E95B79723F3E76FCF70D023E\",\"Hostname\":\"wins-d19\",\"Image\":\"C:\\\\Users\\\\lisawalker\\\\AppData\\\\Roaming\\\\OfficeStartup\\\\client32.exe\",\"IntegrityLevel\":\"High\",\"Level\":4,\"LogonGuid\":\"{C784477D-081A-6482-DB4F-040000000000}\",\"LogonId\":\"0x44fdb\",\"Message\":\"\",\"OpcodeValue\":0,\"OriginalFileName\":\"client32.exe\",\"ParentCommandLine\":\"C:\\\\Windows\\\\Explorer.EXE\",\"ParentImage\":\"C:\\\\Windows\\\\explorer.exe\",\"ParentProcessGuid\":\"{C784477D-081A-6482-8000-000000004A00}\",\"ParentProcessId\":\"4668\",\"ProcessGuid\":\"{C784477D-B0FA-648B-BC0A-000000004A00}\",\"ProcessID\":2240,\"ProcessId\":\"6156\",\"Product\":\"NetSupport Manager\",\"ProviderGuid\":\"{5770385F-C22A-43E0-BF4C-06F5698FFBD9}\",\"RecordNumber\":749905,\"RuleName\":\"-\",\"SourceName\":\"Microsoft-Windows-Sysmon\",\"TerminalSessionId\":\"1\",\"ThreadID\":2996,\"User\":\"wins-d19\\\\lisawalker\",\"UserID\":\"S-1-5-18\",\"UtcTime\":\"2025-01-06 05:35:08.000\",\"Version\":5}\r\nudm.principal.process.file.full_path: C:\\Windows\\explorer.exe"
        ]
    },
    "235": {
        "alert_brief": "Alert on known Hash querying a known hostname with VT Relationshipsto manygoodnews.com",
        "ini_data": [
            "{\"event_simpleName\":\"DnsRequest\",\"ContextTimeStamp\":\"1728606777\",\"ConfigStateHash\":\"9542156506\",\"ContextProcessId\":\"8960054625103\",\"DomainName\":\"manygoodnews.com\",\"ContextThreadId\":\"967634005093619\",\"aip\":\"10.8.13.29\",\"QueryStatus\":\"87\",\"InterfaceIndex\":\"0\",\"ConfigBuild\":\"1007.3.0011809.1\",\"event_platform\":\"Win\",\"DnsRequestCount\":\"1\",\"DualRequest\":\"1\",\"Entitlements\":\"15\",\"name\":\"DnsRequestV4\",\"id\":\"217339fb-172e-4bf1-a397-e92639d6080a\",\"EffectiveTransmissionClass\":\"3\",\"aid\":\"e2327adb69e83e6f9deaf40da1e4c653\",\"timestamp\":\"1728621178\",\"cid\":\"b140194b2ba51f0ba1e93ba0187310b2\",\"RequestType\":\"1\",\"UserName\":\"adablack\"}\r\nudm.principal.process.file.full_path: \\Device\\HarddiskVolume1\\Program Files\\C:\\Users\\adablack\\Downloads\\Client Update.exe\r\nudm.principal.process.file.sha256: c10cd1c78c180ba657e3921ee9421b9abd5b965c4cdfaa94a58e383b45bb72ca"
        ]
    },
    "236": {
        "alert_brief": "Use Google Cloud Threat Intel hash intelligence to scan for malicious process launch activityWindPlugin.exe launched by explorer.exe",
        "ini_data": [
            "{\"Channel\":\"Microsoft-Windows-Sysmon/Operational\",\"CommandLine\":\"\\\"C:\\\\Users\\\\stevemorris\\\\AppData\\\\Roaming\\\\Microsoft\\\\Windows\\\\Start Menu\\\\Programs\\\\Startup\\\\WindPlugin.exe\\\" \",\"Company\":\"Softdiv Software Sdn Bhd\",\"Computer\":\"DESKTOP-SM\",\"CurrentDirectory\":\"C:\\\\Users\\\\stevemorris\\\\AppData\\\\Roaming\\\\Microsoft\\\\Windows\\\\Start Menu\\\\Programs\\\\Startup\\\\\",\"Description\":\"Softdiv MP3 to WAV Converter.exe\",\"EventID\":1,\"FileVersion\":\"0.3.2.0\",\"Hashes\":\"MD5=4265F75CBB4BA1BC23B07890ED42872B,SHA256=5A29583A80B7DC2CBCE4B8712024DCDFF9F777D908B6F16DFB3D59FAD991083E,IMPHASH=F34D5F2D4577ED6D9CEEC516C1F5A744\",\"Hostname\":\"stevemorris-pc\",\"Image\":\"C:\\\\Users\\\\stevemorris\\\\AppData\\\\Roaming\\\\Microsoft\\\\Windows\\\\Start Menu\\\\Programs\\\\Startup\\\\WindPlugin.exe\",\"IntegrityLevel\":\"Medium\",\"Level\":4,\"LogonGuid\":\"{C784477D-AA65-6384-F2E8-030000000000}\",\"LogonId\":\"0x3e8f2\",\"Message\":\"\",\"OpcodeValue\":0,\"OriginalFileName\":\"fbab6880a695.exe\",\"ParentCommandLine\":\"C:\\\\Windows\\\\Explorer.EXE\",\"ParentImage\":\"C:\\\\Windows\\\\explorer.exe\",\"ParentProcessGuid\":\"{C784477D-AA65-6384-6B00-000000004300}\",\"ParentProcessId\":\"4920\",\"ProcessGuid\":\"{C784477D-2B5F-638F-0806-000000004300}\",\"ProcessID\":2288,\"ProcessId\":\"468\",\"Product\":\"Softdiv MP3 to WAV Converter 3.2\",\"ProviderGuid\":\"{5770385F-C22A-43E0-BF4C-06F5698FFBD9}\",\"RecordNumber\":92342,\"RuleName\":\"-\",\"SourceName\":\"Microsoft-Windows-Sysmon\",\"TerminalSessionId\":\"1\",\"ThreadID\":688,\"User\":\"DESKTOP-SM\\\\stevemorris\",\"UserID\":\"S-1-5-12-783622181-14434791-6080415151-691320\",\"UtcTime\":\"2024-11-11 05:32:10.000000\",\"Version\":5}\r\nudm.principal.process.file.full_path: C:\\Windows\\explorer.exe"
        ]
    },
    "237": {
        "alert_brief": "Use Google Cloud Threat Intel hash intelligence to scan for malicious process launch activitymyfile.exe launched by explorer.exe",
        "ini_data": [
            "{\"Channel\":\"Microsoft-Windows-Sysmon/Operational\",\"CommandLine\":\"C:\\\\Users\\\\oscar.wild\\\\AppData\\\\Local\\\\Temp\\\\myfile.exe\",\"Company\":\"-\",\"Computer\":\"DESKTOPS\",\"CurrentDirectory\":\"C:\\\\Users\\\\oscar.wild\\\\AppData\\\\Local\\\\Temp\\\\\",\"Description\":\" \",\"EventID\":1,\"FileVersion\":\"1.0.0.0\",\"Hashes\":\"MD5=2B248E9302A441C389C30A85534C0CC2,SHA256=05D6B2F8A9C4C319CA23E571B9BD77142F3C880524A67B6F6783550AF620374B,IMPHASH=9F9C7E0B30ED8F52F90B658711975D4C\",\"Hostname\":\"oscar.wild.desktop\",\"Image\":\"C:\\\\Users\\\\oscar.wild\\\\AppData\\\\Local\\\\Temp\\\\myfile.exe\",\"IntegrityLevel\":\"Medium\",\"Level\":4,\"LogonGuid\":\"{C784477D-83CA-6536-C5CD-030000000000}\",\"LogonId\":\"0x3cdc5\",\"Message\":\"\",\"OpcodeValue\":0,\"OriginalFileName\":\"myfile.exe\",\"ParentCommandLine\":\"C:\\\\Windows\\\\Explorer.EXE\",\"ParentImage\":\"C:\\\\Windows\\\\explorer.exe\",\"ParentProcessGuid\":\"{C784477D-83CA-6536-6B00-000000004A00}\",\"ParentProcessId\":\"4965\",\"ProcessGuid\":\"{C784477D-969B-653B-B006-000000004A00}\",\"ProcessID\":2305,\"ProcessId\":\"10145\",\"Product\":\"-\",\"ProviderGuid\":\"{5770385F-C22A-43E0-BF4C-06F5698FFBD9}\",\"RecordNumber\":1379905,\"RuleName\":\"-\",\"SourceName\":\"Microsoft-Windows-Sysmon\",\"TerminalSessionId\":\"1\",\"ThreadID\":705,\"User\":\"DESKTOPS\\\\oscar.wild\",\"UserID\":\"S-1-5-18\",\"UtcTime\":\"2024-09-18 04:33:32.115\",\"Version\":5}\r\nudm.principal.process.file.full_path: C:\\Windows\\explorer.exe"
        ]
    },
    "238": {
        "alert_brief": "Use Google Cloud Threat Intel hash intelligence to scan for malicious process launch activity2210231586.exe launched by cmd.exe",
        "ini_data": [
            "{\"Channel\":\"Microsoft-Windows-Sysmon/Operational\",\"CommandLine\":\"\\\"C:\\\\Users\\\\oscar.wild\\\\AppData\\\\Local\\\\Temp\\\\2210231586.exe\\\" \",\"Company\":\"-\",\"Computer\":\"DESKTOPS\",\"CurrentDirectory\":\"C:\\\\Users\\\\oscar.wild\\\\Desktop\\\\\",\"Description\":\"-\",\"EventID\":1,\"FileVersion\":\"-\",\"Hashes\":\"MD5=DA1E9AA523AA8EE2CBBED75292F9C7C8,SHA256=E16A60A10EBACD0B8AF5320E9582ABD6B1EC86B459BD35FD4E69BD37807F4A47,IMPHASH=18690DF0ED1BE01972DCB3DC78C42692\",\"Hostname\":\"oscar.wild.desktop\",\"Image\":\"C:\\\\Users\\\\oscar.wild\\\\AppData\\\\Local\\\\Temp\\\\2210231586.exe\",\"IntegrityLevel\":\"High\",\"Level\":4,\"LogonGuid\":\"{C784477D-2F94-647F-C9CC-030000000000}\",\"LogonId\":\"0x3ccc9\",\"Message\":\"\",\"OpcodeValue\":0,\"OriginalFileName\":\"-\",\"ParentCommandLine\":\"\\\"C:\\\\Windows\\\\System32\\\\cmd.exe\\\" /c start /I \\\"\\\" \\\"C:\\\\Users\\\\oscar.wild\\\\AppData\\\\Local\\\\Temp\\\\2210231586.exe\\\"\",\"ParentImage\":\"C:\\\\Windows\\\\SysWOW64\\\\cmd.exe\",\"ParentProcessGuid\":\"{C784477D-A42A-6517-2606-000000004400}\",\"ParentProcessId\":\"3380\",\"ProcessGuid\":\"{C784477D-A42A-6517-2806-000000004400}\",\"ProcessID\":2296,\"ProcessId\":\"3080\",\"Product\":\"-\",\"ProviderGuid\":\"{5770385F-C22A-43E0-BF4C-06F5698FFBD9}\",\"RecordNumber\":1366193,\"RuleName\":\"-\",\"SourceName\":\"Microsoft-Windows-Sysmon\",\"TerminalSessionId\":\"1\",\"ThreadID\":364,\"User\":\"DESKTOPS\\\\oscar.wild\",\"UserID\":\"S-1-5-18\",\"UtcTime\":\"2024-12-18 05:32:48.136\",\"Version\":5}\r\nudm.principal.process.file.full_path: C:\\Windows\\SysWOW64\\cmd.exe"
        ]
    },
    "239": {
        "alert_brief": "Use Google Cloud Threat Intel hash intelligence to scan for malicious process launch activitysonic.exe launched by explorer.exe",
        "ini_data": [
            "{\"Channel\":\"Microsoft-Windows-Sysmon/Operational\",\"CommandLine\":\"C:\\\\Users\\\\oscar.wild\\\\AppData\\\\Local\\\\Temp\\\\sonic.exe\",\"Company\":\"-\",\"Computer\":\"DESKTOPS\",\"CurrentDirectory\":\"C:\\\\Users\\\\oscar.wild\\\\AppData\\\\Local\\\\Temp\\\\\",\"Description\":\" \",\"EventID\":1,\"FileVersion\":\"1.0.0.0\",\"Hashes\":\"MD5=A55DB6BFA7DEDECF7365567B803CB013,SHA256=01153CFE9FE9F1C3460E02D254BBE49B7B07C343061B7630234D95948D8F6106,IMPHASH=31E8556425EF4035DBFC678A002AD91B\",\"Hostname\":\"oscar.wild.desktop\",\"Image\":\"C:\\\\Users\\\\oscar.wild\\\\AppData\\\\Local\\\\Temp\\\\sonic.exe\",\"IntegrityLevel\":\"Medium\",\"Level\":4,\"LogonGuid\":\"{C784477D-83CA-6536-C5CD-030000000000}\",\"LogonId\":\"0x3cdc5\",\"Message\":\"\",\"OpcodeValue\":0,\"OriginalFileName\":\"GorgerousOnce.exe\",\"ParentCommandLine\":\"C:\\\\Windows\\\\Explorer.EXE\",\"ParentImage\":\"C:\\\\Windows\\\\explorer.exe\",\"ParentProcessGuid\":\"{C784477D-83CA-6536-6B00-000000004A00}\",\"ParentProcessId\":\"4966\",\"ProcessGuid\":\"{C784477D-969B-653B-B006-000000004A00}\",\"ProcessID\":2306,\"ProcessId\":\"10146\",\"Product\":\"-\",\"ProviderGuid\":\"{5770385F-C22A-43E0-BF4C-06F5698FFBD9}\",\"RecordNumber\":1379906,\"RuleName\":\"-\",\"SourceName\":\"Microsoft-Windows-Sysmon\",\"TerminalSessionId\":\"1\",\"ThreadID\":706,\"User\":\"DESKTOPS\\\\oscar.wild\",\"UserID\":\"S-1-5-18\",\"UtcTime\":\"2024-12-01 05:32:29.116\",\"Version\":5}\r\nudm.principal.process.file.full_path: C:\\Windows\\explorer.exe"
        ]
    },
    "240": {
        "alert_brief": "Use Google Cloud Threat Intel hash intelligence to scan for malicious process launch activityQuickBooks.vbs launched by svchost.exe",
        "ini_data": [
            "{\"EventType\":\"\",\"AccountName\":\"\",\"Domain\":\"\",\"Message\":\"\",\"ProviderGuid\":\"{5770385F-C22A-43E0-BF4C-06F5698FFBD9}\",\"SourceName\":\"Microsoft-Windows-Sysmon\",\"EventID\":1,\"Version\":5,\"Level\":4,\"OpcodeValue\":0,\"Keywords\":9223372036854775808,\"EventTime\":1672667450,\"RecordNumber\":85943,\"ProcessID\":2302,\"ThreadID\":3068,\"Channel\":\"Microsoft-Windows-Sysmon/Operational\",\"Computer\":\"serhatg.local\",\"Hostname\":\"serhatg.local\",\"UserID\":\"S-1-5-18\",\"RuleName\":\"-\",\"UtcTime\":\"2025-01-01 05:36:34.399\",\"ProcessGuid\":\"{C784477D-EC9D-625D-5206-000000003E00}\",\"ProcessId\":\"7128\",\"Image\":\"C:\\\\Users\\\\serhatg\\\\AppData\\\\Roaming\\\\VBS\\\\QuickBooks.vbs\",\"FileVersion\":\"10.0.17134.1098 (WinBuild.160101.0800)\",\"Description\":\"Host Process for Windows Tasks\",\"Product\":\"Microsoft\\\\xae Windows\\\\xae Operating System\",\"Company\":\"Microsoft Corporation\",\"OriginalFileName\":\"QuickBooks.vbs\",\"CommandLine\":\"QuickBooks.vbs\",\"CurrentDirectory\":\"C:\\\\Users\\\\serhatg\\\\AppData\\\\Roaming\\\\VBS\\\\\",\"User\":\"serhatg.local\\\\serhatg\",\"LogonGuid\":\"{C784477D-5ED0-6255-30E3-030000000000}\",\"LogonId\":\"0x3e330\",\"TerminalSessionId\":\"1\",\"IntegrityLevel\":\"Medium\",\"Hashes\":\"MD5=D8889119B3B0EC07E548F01EDEFC475A,SHA256=76D8EEA528D58442D22D1B81882FF58286025203BC69115E8EC485984249BA67,IMPHASH=F66BB3B3040DB6FAC0F2A2BA91E541DC0F0C7319\",\"ParentProcessGuid\":\"{C784477D-5ECB-6255-1F00-000000003E00}\",\"ParentProcessId\":\"1340\",\"ParentImage\":\"C:\\\\Windows\\\\System32\\\\svchost.exe\",\"ParentCommandLine\":\"c:\\\\windows\\\\system32\\\\svchost.exe -k netsvcs -p -s Schedule\"}\r\nudm.principal.process.file.full_path: C:\\Windows\\System32\\svchost.exe"
        ]
    },
    "241": {
        "alert_brief": "Use Google Cloud Threat Intel hash intelligence to scan for malicious process launch activityclient32.exe launched by explorer.exe",
        "ini_data": [
            "{\"Channel\":\"Microsoft-Windows-Sysmon/Operational\",\"CommandLine\":\"\\\"C:\\\\Users\\\\lisawalker\\\\AppData\\\\Roaming\\\\OfficeStartup\\\\client32.exe\\\" \",\"Company\":\"NetSupport Ltd\",\"Computer\":\"wins-d19\",\"CurrentDirectory\":\"C:\\\\Users\\\\lisawalker\\\\AppData\\\\Roaming\\\\OfficeStartup\\\\\",\"Description\":\"NetSupport Client Application\",\"EventID\":1,\"FileVersion\":\"V12.70\",\"Hashes\":\"MD5=877F5E83FB39DE16FA8BBD93BA9F07F1,SHA256=418744FA1ADE539C280461387DF87DDA6BF84C7D755EBBBDC6123FD5659F9467,IMPHASH=A9D50692E95B79723F3E76FCF70D023E\",\"Hostname\":\"wins-d19\",\"Image\":\"C:\\\\Users\\\\lisawalker\\\\AppData\\\\Roaming\\\\OfficeStartup\\\\client32.exe\",\"IntegrityLevel\":\"High\",\"Level\":4,\"LogonGuid\":\"{C784477D-081A-6482-DB4F-040000000000}\",\"LogonId\":\"0x44fdb\",\"Message\":\"\",\"OpcodeValue\":0,\"OriginalFileName\":\"client32.exe\",\"ParentCommandLine\":\"C:\\\\Windows\\\\Explorer.EXE\",\"ParentImage\":\"C:\\\\Windows\\\\explorer.exe\",\"ParentProcessGuid\":\"{C784477D-081A-6482-8000-000000004A00}\",\"ParentProcessId\":\"4668\",\"ProcessGuid\":\"{C784477D-B0FA-648B-BC0A-000000004A00}\",\"ProcessID\":2240,\"ProcessId\":\"6156\",\"Product\":\"NetSupport Manager\",\"ProviderGuid\":\"{5770385F-C22A-43E0-BF4C-06F5698FFBD9}\",\"RecordNumber\":749905,\"RuleName\":\"-\",\"SourceName\":\"Microsoft-Windows-Sysmon\",\"TerminalSessionId\":\"1\",\"ThreadID\":2996,\"User\":\"wins-d19\\\\lisawalker\",\"UserID\":\"S-1-5-18\",\"UtcTime\":\"2024-11-27 05:34:58.000\",\"Version\":5}\r\nudm.principal.process.file.full_path: C:\\Windows\\explorer.exe"
        ]
    },
    "242": {
        "alert_brief": "Use Google Cloud Threat Intel hash intelligence to scan for malicious process launch activityQuickBooks.vbs launched by svchost.exe",
        "ini_data": [
            "{\"EventType\":\"\",\"AccountName\":\"\",\"Domain\":\"\",\"Message\":\"\",\"ProviderGuid\":\"{5770385F-C22A-43E0-BF4C-06F5698FFBD9}\",\"SourceName\":\"Microsoft-Windows-Sysmon\",\"EventID\":1,\"Version\":5,\"Level\":4,\"OpcodeValue\":0,\"Keywords\":9223372036854775808,\"EventTime\":1672667450,\"RecordNumber\":85943,\"ProcessID\":2302,\"ThreadID\":3068,\"Channel\":\"Microsoft-Windows-Sysmon/Operational\",\"Computer\":\"serhatg.local\",\"Hostname\":\"serhatg.local\",\"UserID\":\"S-1-5-18\",\"RuleName\":\"-\",\"UtcTime\":\"2024-10-04 04:37:16.399\",\"ProcessGuid\":\"{C784477D-EC9D-625D-5206-000000003E00}\",\"ProcessId\":\"7128\",\"Image\":\"C:\\\\Users\\\\serhatg\\\\AppData\\\\Roaming\\\\VBS\\\\QuickBooks.vbs\",\"FileVersion\":\"10.0.17134.1098 (WinBuild.160101.0800)\",\"Description\":\"Host Process for Windows Tasks\",\"Product\":\"Microsoft\\\\xae Windows\\\\xae Operating System\",\"Company\":\"Microsoft Corporation\",\"OriginalFileName\":\"QuickBooks.vbs\",\"CommandLine\":\"QuickBooks.vbs\",\"CurrentDirectory\":\"C:\\\\Users\\\\serhatg\\\\AppData\\\\Roaming\\\\VBS\\\\\",\"User\":\"serhatg.local\\\\serhatg\",\"LogonGuid\":\"{C784477D-5ED0-6255-30E3-030000000000}\",\"LogonId\":\"0x3e330\",\"TerminalSessionId\":\"1\",\"IntegrityLevel\":\"Medium\",\"Hashes\":\"MD5=D8889119B3B0EC07E548F01EDEFC475A,SHA256=76D8EEA528D58442D22D1B81882FF58286025203BC69115E8EC485984249BA67,IMPHASH=F66BB3B3040DB6FAC0F2A2BA91E541DC0F0C7319\",\"ParentProcessGuid\":\"{C784477D-5ECB-6255-1F00-000000003E00}\",\"ParentProcessId\":\"1340\",\"ParentImage\":\"C:\\\\Windows\\\\System32\\\\svchost.exe\",\"ParentCommandLine\":\"c:\\\\windows\\\\system32\\\\svchost.exe -k netsvcs -p -s Schedule\"}\r\nudm.principal.process.file.full_path: C:\\Windows\\System32\\svchost.exe"
        ]
    },
    "243": {
        "alert_brief": "Use Google Cloud Threat Intel hash intelligence to scan for malicious process launch activitysoftware.exe launched by explorer.exe",
        "ini_data": [
            "{\"Channel\":\"Microsoft-Windows-Sysmon/Operational\",\"CommandLine\":\"\\\"C:\\\\Users\\\\oscar.wild\\\\AppData\\\\Local\\\\51e3b645-cd3e-4087-8175-9451ecd98863\\\\software.exe\\\" --AutoStart\",\"Company\":\"-\",\"Computer\":\"DESKTOPS\",\"CurrentDirectory\":\"C:\\\\Users\\\\oscar.wild\\\\AppData\\\\Local\\\\51e3b645-cd3e-4087-8175-9451ecd98863\\\\\",\"Description\":\"-\",\"EventID\":1,\"FileVersion\":\"-\",\"Hashes\":\"MD5=65D2046ADD5EF298FBA308EDB9C291DC,SHA256=60C85D1E4B4698E35E83519E16025AA11B6F79A69F02E483A8BAF5E97CD04752,IMPHASH=C7006B0F6ACDFB37FFEEBFD2C1715395\",\"Hostname\":\"oscar.wild.desktop\",\"Image\":\"C:\\\\Users\\\\oscar.wild\\\\AppData\\\\Local\\\\51e3b645-cd3e-4087-8175-9451ecd98863\\\\software.exe\",\"IntegrityLevel\":\"Medium\",\"Level\":4,\"LogonGuid\":\"{C784477D-A525-648A-09F3-030000000000}\",\"LogonId\":\"0x3f309\",\"Message\":\"\",\"OpcodeValue\":0,\"OriginalFileName\":\"-\",\"ParentCommandLine\":\"C:\\\\Windows\\\\Explorer.EXE\",\"ParentImage\":\"C:\\\\Windows\\\\explorer.exe\",\"ParentProcessGuid\":\"{C784477D-A525-648A-6A00-000000004400}\",\"ParentProcessId\":\"4876\",\"ProcessGuid\":\"{C784477D-840C-6517-3806-000000004400}\",\"ProcessID\":2300,\"ProcessId\":\"5252\",\"Product\":\"-\",\"ProviderGuid\":\"{5770385F-C22A-43E0-BF4C-06F5698FFBD9}\",\"RecordNumber\":1366213,\"RuleName\":\"-\",\"SourceName\":\"Microsoft-Windows-Sysmon\",\"TerminalSessionId\":\"1\",\"ThreadID\":680,\"User\":\"DESKTOPS\\\\oscar.wild\",\"UserID\":\"S-1-5-18\",\"UtcTime\":\"2024-11-03 05:32:30.136\",\"Version\":5}\r\nudm.principal.process.file.full_path: C:\\Windows\\explorer.exe"
        ]
    },
    "244": {
        "alert_brief": "Use Google Cloud Threat Intel hash intelligence to scan for malicious process launch activitysonic.exe launched by explorer.exe",
        "ini_data": [
            "{\"Channel\":\"Microsoft-Windows-Sysmon/Operational\",\"CommandLine\":\"C:\\\\Users\\\\oscar.wild\\\\AppData\\\\Local\\\\Temp\\\\sonic.exe\",\"Company\":\"-\",\"Computer\":\"DESKTOPS\",\"CurrentDirectory\":\"C:\\\\Users\\\\oscar.wild\\\\AppData\\\\Local\\\\Temp\\\\\",\"Description\":\" \",\"EventID\":1,\"FileVersion\":\"1.0.0.0\",\"Hashes\":\"MD5=A55DB6BFA7DEDECF7365567B803CB013,SHA256=01153CFE9FE9F1C3460E02D254BBE49B7B07C343061B7630234D95948D8F6106,IMPHASH=31E8556425EF4035DBFC678A002AD91B\",\"Hostname\":\"oscar.wild.desktop\",\"Image\":\"C:\\\\Users\\\\oscar.wild\\\\AppData\\\\Local\\\\Temp\\\\sonic.exe\",\"IntegrityLevel\":\"Medium\",\"Level\":4,\"LogonGuid\":\"{C784477D-83CA-6536-C5CD-030000000000}\",\"LogonId\":\"0x3cdc5\",\"Message\":\"\",\"OpcodeValue\":0,\"OriginalFileName\":\"GorgerousOnce.exe\",\"ParentCommandLine\":\"C:\\\\Windows\\\\Explorer.EXE\",\"ParentImage\":\"C:\\\\Windows\\\\explorer.exe\",\"ParentProcessGuid\":\"{C784477D-83CA-6536-6B00-000000004A00}\",\"ParentProcessId\":\"4966\",\"ProcessGuid\":\"{C784477D-969B-653B-B006-000000004A00}\",\"ProcessID\":2306,\"ProcessId\":\"10146\",\"Product\":\"-\",\"ProviderGuid\":\"{5770385F-C22A-43E0-BF4C-06F5698FFBD9}\",\"RecordNumber\":1379906,\"RuleName\":\"-\",\"SourceName\":\"Microsoft-Windows-Sysmon\",\"TerminalSessionId\":\"1\",\"ThreadID\":706,\"User\":\"DESKTOPS\\\\oscar.wild\",\"UserID\":\"S-1-5-18\",\"UtcTime\":\"2024-11-20 05:32:17.116\",\"Version\":5}\r\nudm.principal.process.file.full_path: C:\\Windows\\explorer.exe"
        ]
    },
    "245": {
        "alert_brief": "Use Google Cloud Threat Intel hash intelligence to scan for malicious process launch activityF20B.exe launched by explorer.exe",
        "ini_data": [
            "{\"Channel\":\"Microsoft-Windows-Sysmon/Operational\",\"CommandLine\":\"C:\\\\Users\\\\oscar.wild\\\\AppData\\\\Local\\\\Temp\\\\F20B.exe\",\"Company\":\"-\",\"Computer\":\"DESKTOPS\",\"CurrentDirectory\":\"C:\\\\Users\\\\oscar.wild\\\\AppData\\\\Local\\\\Temp\\\\\",\"Description\":\"-\",\"EventID\":1,\"FileVersion\":\"-\",\"Hashes\":\"MD5=317C1DA3D49D534FDDE575395DA84879,SHA256=72674E9A3C32D5457C98EF723B938ABC0295329C7EC58F9E07A0CB1E99631F48,IMPHASH=84E31D32A2CB7830E40CFCBEA395C7A1\",\"Hostname\":\"oscar.wild.desktop\",\"Image\":\"C:\\\\Users\\\\oscar.wild\\\\AppData\\\\Local\\\\Temp\\\\F20B.exe\",\"IntegrityLevel\":\"Medium\",\"Level\":4,\"LogonGuid\":\"{C784477D-8F33-6539-44AD-030000000000}\",\"LogonId\":\"0x3ad44\",\"Message\":\"\",\"OpcodeValue\":0,\"OriginalFileName\":\"-\",\"ParentCommandLine\":\"C:\\\\Windows\\\\Explorer.EXE\",\"ParentImage\":\"C:\\\\Windows\\\\explorer.exe\",\"ParentProcessGuid\":\"{C784477D-8F34-6539-6A00-000000003B00}\",\"ParentProcessId\":\"4944\",\"ProcessGuid\":\"{C784477D-ACAA-653D-7D06-000000003B00}\",\"ProcessID\":2332,\"ProcessId\":\"6284\",\"Product\":\"-\",\"ProviderGuid\":\"{5770385F-C22A-43E0-BF4C-06F5698FFBD9}\",\"RecordNumber\":462620,\"RuleName\":\"-\",\"SourceName\":\"Microsoft-Windows-Sysmon\",\"TerminalSessionId\":\"1\",\"ThreadID\":696,\"User\":\"DESKTOPS\\\\oscar.wild\",\"UserID\":\"S-1-5-18\",\"UtcTime\":\"2024-11-02 05:32:22.136\",\"Version\":5}\r\nudm.principal.process.file.full_path: C:\\Windows\\explorer.exe"
        ]
    },
    "246": {
        "alert_brief": "Use Google Cloud Threat Intel hash intelligence to scan for malicious process launch activityClient Update.exe launched by 51424",
        "ini_data": [
            "{\"metadata\":{\"logType\":\"PROCESS_LAUNCH\",\"productVersion\":\"1.2\",\"vendorName\":\"Tanium\",\"productName\":\"Tanium Event Emitter\",\"eventTimestamp\":\"2024-10-13T00:38:47.700+00:00\"},\"principal\":{\"process\":{\"pid\":\"49257\",\"parentPid\":\"51424\",\"productSpecificProcessId\":\"49257\",\"productSpecificParentProcessId\":\"51424\",\"file\":{\"fullPath\":\"C:\\\\Users\\\\alice\\\\Downloads\\\\Client Update.exe\",\"md5\":\"17150a137c43235ad07011b552f9ff27\"}},\"hostname\":\"alice-benjamin-pc\",\"assetId\":\"alice-benjamin-pc\",\"user\":{\"userid\":\"alice\",\"groupid\":none}}}"
        ]
    },
    "247": {
        "alert_brief": "Alert on known Hash querying a known hostname with VT Relationshipsto manygoodnews.com",
        "ini_data": [
            "{\"event_simpleName\":\"DnsRequest\",\"ContextTimeStamp\":\"1719707555\",\"ConfigStateHash\":\"9542156506\",\"ContextProcessId\":\"8960054625103\",\"DomainName\":\"manygoodnews.com\",\"ContextThreadId\":\"967634005093619\",\"aip\":\"10.8.13.29\",\"QueryStatus\":\"87\",\"InterfaceIndex\":\"0\",\"ConfigBuild\":\"1007.3.0011809.1\",\"event_platform\":\"Win\",\"DnsRequestCount\":\"1\",\"DualRequest\":\"1\",\"Entitlements\":\"15\",\"name\":\"DnsRequestV4\",\"id\":\"217339fb-172e-4bf1-a397-e92639d6080a\",\"EffectiveTransmissionClass\":\"3\",\"aid\":\"e2327adb69e83e6f9deaf40da1e4c653\",\"timestamp\":\"1719721956\",\"cid\":\"b140194b2ba51f0ba1e93ba0187310b2\",\"RequestType\":\"1\",\"UserName\":\"adablack\"}\r\nudm.principal.process.file.full_path: \\Device\\HarddiskVolume1\\Program Files\\C:\\Users\\adablack\\Downloads\\Client Update.exe\r\nudm.principal.process.file.sha256: c10cd1c78c180ba657e3921ee9421b9abd5b965c4cdfaa94a58e383b45bb72ca"
        ]
    },
    "248": {
        "alert_brief": "Use Google Cloud Threat Intel hash intelligence to scan for malicious process launch activityprogram.exe launched by explorer.exe",
        "ini_data": [
            "{\"Channel\":\"Microsoft-Windows-Sysmon/Operational\",\"CommandLine\":\"\\\"C:\\\\Users\\\\oscar.wild\\\\Desktop\\\\program.exe\\\"\",\"Company\":\"-\",\"Computer\":\"DESKTOPS\",\"CurrentDirectory\":\"C:\\\\Users\\\\oscar.wild\\\\Desktop\\\\\",\"Description\":\"-\",\"EventID\":1,\"FileVersion\":\"-\",\"Hashes\":\"MD5=DC9B8E9B20BB6D18F902A7460BF0F92C,SHA256=0D6518769E10895CC1880040FB0680520CB179D37624BD2685368414B4A6E4EB,IMPHASH=96BAACC90461FCD4B5D9FCC50047C098\",\"Hostname\":\"oscar.wild.desktop\",\"Image\":\"C:\\\\Users\\\\oscar.wild\\\\Desktop\\\\program.exe\",\"IntegrityLevel\":\"High\",\"Level\":4,\"LogonGuid\":\"{C784477D-CFB4-648A-FCF7-030000000000}\",\"LogonId\":\"0x3f7fc\",\"Message\":\"\",\"OpcodeValue\":0,\"OriginalFileName\":\"-\",\"ParentCommandLine\":\"C:\\\\Windows\\\\Explorer.EXE\",\"ParentImage\":\"C:\\\\Windows\\\\explorer.exe\",\"ParentProcessGuid\":\"{C784477D-CFB4-648A-6900-000000004400}\",\"ParentProcessId\":\"4892\",\"ProcessGuid\":\"{C784477D-B8D5-6517-2F06-000000004400}\",\"ProcessID\":2320,\"ProcessId\":\"8160\",\"Product\":\"-\",\"ProviderGuid\":\"{5770385F-C22A-43E0-BF4C-06F5698FFBD9}\",\"RecordNumber\":1366184,\"RuleName\":\"-\",\"SourceName\":\"Microsoft-Windows-Sysmon\",\"TerminalSessionId\":\"1\",\"ThreadID\":1924,\"User\":\"DESKTOPS\\\\oscar.wild\",\"UserID\":\"S-1-5-18\",\"UtcTime\":\"2024-12-19 05:32:34.136\",\"Version\":5}\r\nudm.principal.process.file.full_path: C:\\Windows\\explorer.exe"
        ]
    },
    "249": {
        "alert_brief": "Alert on known Hash querying a known hostname with VT Relationshipsto manygoodnews.com",
        "ini_data": [
            "{\"event_simpleName\":\"DnsRequest\",\"ContextTimeStamp\":\"1721954010\",\"ConfigStateHash\":\"9542156506\",\"ContextProcessId\":\"8960054625103\",\"DomainName\":\"manygoodnews.com\",\"ContextThreadId\":\"967634005093619\",\"aip\":\"10.8.13.29\",\"QueryStatus\":\"87\",\"InterfaceIndex\":\"0\",\"ConfigBuild\":\"1007.3.0011809.1\",\"event_platform\":\"Win\",\"DnsRequestCount\":\"1\",\"DualRequest\":\"1\",\"Entitlements\":\"15\",\"name\":\"DnsRequestV4\",\"id\":\"217339fb-172e-4bf1-a397-e92639d6080a\",\"EffectiveTransmissionClass\":\"3\",\"aid\":\"e2327adb69e83e6f9deaf40da1e4c653\",\"timestamp\":\"1721968411\",\"cid\":\"b140194b2ba51f0ba1e93ba0187310b2\",\"RequestType\":\"1\",\"UserName\":\"adablack\"}\r\nudm.principal.process.file.full_path: \\Device\\HarddiskVolume1\\Program Files\\C:\\Users\\adablack\\Downloads\\Client Update.exe\r\nudm.principal.process.file.sha256: c10cd1c78c180ba657e3921ee9421b9abd5b965c4cdfaa94a58e383b45bb72ca"
        ]
    },
    "250": {
        "alert_brief": "Use Google Cloud Threat Intel hash intelligence to scan for malicious process launch activityqClNkVtHKskoh.exe",
        "ini_data": [
            "□%□□□□□□□□□□□□□□ □N2□Chronicle Internal□'□#jesus-steiner-windows-pc.corp.local\"□*f\"d□□24807□Q□ 27444605dff20d1e704b5cf682d035d2*-C:\\Users\\AppData\\Local\\Temp\\qClNkVtHKskoh.exe*□ID:24807"
        ]
    },
    "251": {
        "alert_brief": "Alert on known Hash querying a known hostname with VT Relationshipsto manygoodnews.com",
        "ini_data": [
            "{\"event_simpleName\":\"DnsRequest\",\"ContextTimeStamp\":\"1720571561\",\"ConfigStateHash\":\"9542156506\",\"ContextProcessId\":\"8960054625103\",\"DomainName\":\"manygoodnews.com\",\"ContextThreadId\":\"967634005093619\",\"aip\":\"10.8.13.29\",\"QueryStatus\":\"87\",\"InterfaceIndex\":\"0\",\"ConfigBuild\":\"1007.3.0011809.1\",\"event_platform\":\"Win\",\"DnsRequestCount\":\"1\",\"DualRequest\":\"1\",\"Entitlements\":\"15\",\"name\":\"DnsRequestV4\",\"id\":\"217339fb-172e-4bf1-a397-e92639d6080a\",\"EffectiveTransmissionClass\":\"3\",\"aid\":\"e2327adb69e83e6f9deaf40da1e4c653\",\"timestamp\":\"1720585962\",\"cid\":\"b140194b2ba51f0ba1e93ba0187310b2\",\"RequestType\":\"1\",\"UserName\":\"adablack\"}\r\nudm.principal.process.file.full_path: \\Device\\HarddiskVolume1\\Program Files\\C:\\Users\\adablack\\Downloads\\Client Update.exe\r\nudm.principal.process.file.sha256: c10cd1c78c180ba657e3921ee9421b9abd5b965c4cdfaa94a58e383b45bb72ca"
        ]
    },
    "252": {
        "alert_brief": "Use Google Cloud Threat Intel hash intelligence to scan for malicious process launch activityWindPlugin.exe launched by explorer.exe",
        "ini_data": [
            "{\"Channel\":\"Microsoft-Windows-Sysmon/Operational\",\"CommandLine\":\"\\\"C:\\\\Users\\\\stevemorris\\\\AppData\\\\Roaming\\\\Microsoft\\\\Windows\\\\Start Menu\\\\Programs\\\\Startup\\\\WindPlugin.exe\\\" \",\"Company\":\"Softdiv Software Sdn Bhd\",\"Computer\":\"DESKTOP-SM\",\"CurrentDirectory\":\"C:\\\\Users\\\\stevemorris\\\\AppData\\\\Roaming\\\\Microsoft\\\\Windows\\\\Start Menu\\\\Programs\\\\Startup\\\\\",\"Description\":\"Softdiv MP3 to WAV Converter.exe\",\"EventID\":1,\"FileVersion\":\"0.3.2.0\",\"Hashes\":\"MD5=4265F75CBB4BA1BC23B07890ED42872B,SHA256=5A29583A80B7DC2CBCE4B8712024DCDFF9F777D908B6F16DFB3D59FAD991083E,IMPHASH=F34D5F2D4577ED6D9CEEC516C1F5A744\",\"Hostname\":\"stevemorris-pc\",\"Image\":\"C:\\\\Users\\\\stevemorris\\\\AppData\\\\Roaming\\\\Microsoft\\\\Windows\\\\Start Menu\\\\Programs\\\\Startup\\\\WindPlugin.exe\",\"IntegrityLevel\":\"Medium\",\"Level\":4,\"LogonGuid\":\"{C784477D-AA65-6384-F2E8-030000000000}\",\"LogonId\":\"0x3e8f2\",\"Message\":\"\",\"OpcodeValue\":0,\"OriginalFileName\":\"fbab6880a695.exe\",\"ParentCommandLine\":\"C:\\\\Windows\\\\Explorer.EXE\",\"ParentImage\":\"C:\\\\Windows\\\\explorer.exe\",\"ParentProcessGuid\":\"{C784477D-AA65-6384-6B00-000000004300}\",\"ParentProcessId\":\"4920\",\"ProcessGuid\":\"{C784477D-2B5F-638F-0806-000000004300}\",\"ProcessID\":2288,\"ProcessId\":\"468\",\"Product\":\"Softdiv MP3 to WAV Converter 3.2\",\"ProviderGuid\":\"{5770385F-C22A-43E0-BF4C-06F5698FFBD9}\",\"RecordNumber\":92342,\"RuleName\":\"-\",\"SourceName\":\"Microsoft-Windows-Sysmon\",\"TerminalSessionId\":\"1\",\"ThreadID\":688,\"User\":\"DESKTOP-SM\\\\stevemorris\",\"UserID\":\"S-1-5-12-783622181-14434791-6080415151-691320\",\"UtcTime\":\"2024-11-16 05:32:10.000000\",\"Version\":5}\r\nudm.principal.process.file.full_path: C:\\Windows\\explorer.exe"
        ]
    },
    "253": {
        "alert_brief": "Alert on known Hash querying a known hostname with VT Relationshipsto manygoodnews.com",
        "ini_data": [
            "{\"event_simpleName\":\"DnsRequest\",\"ContextTimeStamp\":\"1720744402\",\"ConfigStateHash\":\"9542156506\",\"ContextProcessId\":\"8960054625103\",\"DomainName\":\"manygoodnews.com\",\"ContextThreadId\":\"967634005093619\",\"aip\":\"10.8.13.29\",\"QueryStatus\":\"87\",\"InterfaceIndex\":\"0\",\"ConfigBuild\":\"1007.3.0011809.1\",\"event_platform\":\"Win\",\"DnsRequestCount\":\"1\",\"DualRequest\":\"1\",\"Entitlements\":\"15\",\"name\":\"DnsRequestV4\",\"id\":\"217339fb-172e-4bf1-a397-e92639d6080a\",\"EffectiveTransmissionClass\":\"3\",\"aid\":\"e2327adb69e83e6f9deaf40da1e4c653\",\"timestamp\":\"1720758803\",\"cid\":\"b140194b2ba51f0ba1e93ba0187310b2\",\"RequestType\":\"1\",\"UserName\":\"adablack\"}\r\nudm.principal.process.file.full_path: \\Device\\HarddiskVolume1\\Program Files\\C:\\Users\\adablack\\Downloads\\Client Update.exe\r\nudm.principal.process.file.sha256: c10cd1c78c180ba657e3921ee9421b9abd5b965c4cdfaa94a58e383b45bb72ca"
        ]
    },
    "254": {
        "alert_brief": "Use Google Cloud Threat Intel hash intelligence to scan for malicious process launch activityprogram.exe launched by explorer.exe",
        "ini_data": [
            "{\"Channel\":\"Microsoft-Windows-Sysmon/Operational\",\"CommandLine\":\"\\\"C:\\\\Users\\\\oscar.wild\\\\Desktop\\\\program.exe\\\"\",\"Company\":\"-\",\"Computer\":\"DESKTOPS\",\"CurrentDirectory\":\"C:\\\\Users\\\\oscar.wild\\\\Desktop\\\\\",\"Description\":\"-\",\"EventID\":1,\"FileVersion\":\"-\",\"Hashes\":\"MD5=DC9B8E9B20BB6D18F902A7460BF0F92C,SHA256=0D6518769E10895CC1880040FB0680520CB179D37624BD2685368414B4A6E4EB,IMPHASH=96BAACC90461FCD4B5D9FCC50047C098\",\"Hostname\":\"oscar.wild.desktop\",\"Image\":\"C:\\\\Users\\\\oscar.wild\\\\Desktop\\\\program.exe\",\"IntegrityLevel\":\"High\",\"Level\":4,\"LogonGuid\":\"{C784477D-CFB4-648A-FCF7-030000000000}\",\"LogonId\":\"0x3f7fc\",\"Message\":\"\",\"OpcodeValue\":0,\"OriginalFileName\":\"-\",\"ParentCommandLine\":\"C:\\\\Windows\\\\Explorer.EXE\",\"ParentImage\":\"C:\\\\Windows\\\\explorer.exe\",\"ParentProcessGuid\":\"{C784477D-CFB4-648A-6900-000000004400}\",\"ParentProcessId\":\"4892\",\"ProcessGuid\":\"{C784477D-B8D5-6517-2F06-000000004400}\",\"ProcessID\":2320,\"ProcessId\":\"8160\",\"Product\":\"-\",\"ProviderGuid\":\"{5770385F-C22A-43E0-BF4C-06F5698FFBD9}\",\"RecordNumber\":1366184,\"RuleName\":\"-\",\"SourceName\":\"Microsoft-Windows-Sysmon\",\"TerminalSessionId\":\"1\",\"ThreadID\":1924,\"User\":\"DESKTOPS\\\\oscar.wild\",\"UserID\":\"S-1-5-18\",\"UtcTime\":\"2024-12-12 05:32:22.136\",\"Version\":5}\r\nudm.principal.process.file.full_path: C:\\Windows\\explorer.exe"
        ]
    },
    "255": {
        "alert_brief": "Use Google Cloud Threat Intel hash intelligence to scan for malicious process launch activityqClNkVtHKskoh.exe",
        "ini_data": [
            "□$□□□□□□□□□□□□□ □N2□Chronicle Internal□%□!george-read-windows-pc.corp.local\"□*f\"d□□54749□Q□ 27444605dff20d1e704b5cf682d035d2*-C:\\Users\\AppData\\Local\\Temp\\qClNkVtHKskoh.exe*□ID:54749"
        ]
    },
    "256": {
        "alert_brief": "Use Google Cloud Threat Intel hash intelligence to scan for malicious process launch activitysoftware.exe launched by explorer.exe",
        "ini_data": [
            "{\"Channel\":\"Microsoft-Windows-Sysmon/Operational\",\"CommandLine\":\"\\\"C:\\\\Users\\\\oscar.wild\\\\AppData\\\\Local\\\\51e3b645-cd3e-4087-8175-9451ecd98863\\\\software.exe\\\" --AutoStart\",\"Company\":\"-\",\"Computer\":\"DESKTOPS\",\"CurrentDirectory\":\"C:\\\\Users\\\\oscar.wild\\\\AppData\\\\Local\\\\51e3b645-cd3e-4087-8175-9451ecd98863\\\\\",\"Description\":\"-\",\"EventID\":1,\"FileVersion\":\"-\",\"Hashes\":\"MD5=65D2046ADD5EF298FBA308EDB9C291DC,SHA256=60C85D1E4B4698E35E83519E16025AA11B6F79A69F02E483A8BAF5E97CD04752,IMPHASH=C7006B0F6ACDFB37FFEEBFD2C1715395\",\"Hostname\":\"oscar.wild.desktop\",\"Image\":\"C:\\\\Users\\\\oscar.wild\\\\AppData\\\\Local\\\\51e3b645-cd3e-4087-8175-9451ecd98863\\\\software.exe\",\"IntegrityLevel\":\"Medium\",\"Level\":4,\"LogonGuid\":\"{C784477D-A525-648A-09F3-030000000000}\",\"LogonId\":\"0x3f309\",\"Message\":\"\",\"OpcodeValue\":0,\"OriginalFileName\":\"-\",\"ParentCommandLine\":\"C:\\\\Windows\\\\Explorer.EXE\",\"ParentImage\":\"C:\\\\Windows\\\\explorer.exe\",\"ParentProcessGuid\":\"{C784477D-A525-648A-6A00-000000004400}\",\"ParentProcessId\":\"4876\",\"ProcessGuid\":\"{C784477D-840C-6517-3806-000000004400}\",\"ProcessID\":2300,\"ProcessId\":\"5252\",\"Product\":\"-\",\"ProviderGuid\":\"{5770385F-C22A-43E0-BF4C-06F5698FFBD9}\",\"RecordNumber\":1366213,\"RuleName\":\"-\",\"SourceName\":\"Microsoft-Windows-Sysmon\",\"TerminalSessionId\":\"1\",\"ThreadID\":680,\"User\":\"DESKTOPS\\\\oscar.wild\",\"UserID\":\"S-1-5-18\",\"UtcTime\":\"2024-10-12 04:32:49.136\",\"Version\":5}\r\nudm.principal.process.file.full_path: C:\\Windows\\explorer.exe"
        ]
    },
    "257": {
        "alert_brief": "Use Google Cloud Threat Intel hash intelligence to scan for malicious process launch activityprogram.exe launched by explorer.exe",
        "ini_data": [
            "{\"Channel\":\"Microsoft-Windows-Sysmon/Operational\",\"CommandLine\":\"\\\"C:\\\\Users\\\\oscar.wild\\\\Desktop\\\\program.exe\\\"\",\"Company\":\"-\",\"Computer\":\"DESKTOPS\",\"CurrentDirectory\":\"C:\\\\Users\\\\oscar.wild\\\\Desktop\\\\\",\"Description\":\"-\",\"EventID\":1,\"FileVersion\":\"-\",\"Hashes\":\"MD5=DC9B8E9B20BB6D18F902A7460BF0F92C,SHA256=0D6518769E10895CC1880040FB0680520CB179D37624BD2685368414B4A6E4EB,IMPHASH=96BAACC90461FCD4B5D9FCC50047C098\",\"Hostname\":\"oscar.wild.desktop\",\"Image\":\"C:\\\\Users\\\\oscar.wild\\\\Desktop\\\\program.exe\",\"IntegrityLevel\":\"High\",\"Level\":4,\"LogonGuid\":\"{C784477D-CFB4-648A-FCF7-030000000000}\",\"LogonId\":\"0x3f7fc\",\"Message\":\"\",\"OpcodeValue\":0,\"OriginalFileName\":\"-\",\"ParentCommandLine\":\"C:\\\\Windows\\\\Explorer.EXE\",\"ParentImage\":\"C:\\\\Windows\\\\explorer.exe\",\"ParentProcessGuid\":\"{C784477D-CFB4-648A-6900-000000004400}\",\"ParentProcessId\":\"4892\",\"ProcessGuid\":\"{C784477D-B8D5-6517-2F06-000000004400}\",\"ProcessID\":2320,\"ProcessId\":\"8160\",\"Product\":\"-\",\"ProviderGuid\":\"{5770385F-C22A-43E0-BF4C-06F5698FFBD9}\",\"RecordNumber\":1366184,\"RuleName\":\"-\",\"SourceName\":\"Microsoft-Windows-Sysmon\",\"TerminalSessionId\":\"1\",\"ThreadID\":1924,\"User\":\"DESKTOPS\\\\oscar.wild\",\"UserID\":\"S-1-5-18\",\"UtcTime\":\"2024-10-29 05:32:59.136\",\"Version\":5}\r\nudm.principal.process.file.full_path: C:\\Windows\\explorer.exe"
        ]
    },
    "258": {
        "alert_brief": "Use Google Cloud Threat Intel hash intelligence to scan for malicious process launch activityAA_v3.exe launched by services.exe",
        "ini_data": [
