            "<14>Oct 14 04:17:19 win-server.lunarstiiiness.com Microsoft-Windows-Sysmon[1288]: {\"EventTime\":1728793038,\"Hostname\":\"win-server.lunarstiiiness.com\",\"Keywords\":-9223372036854775808,\"EventType\":\"INFO\",\"SeverityValue\":2,\"Severity\":\"INFO\",\"EventID\":1,\"SourceName\":\"Microsoft-Windows-Sysmon\",\"ProviderGuid\":\"{5770385F-C22A-43E0-BF4C-06F5698FFBD9}\",\"Version\":5,\"Task\":1,\"OpcodeValue\":0,\"RecordNumber\":943296,\"ProcessID\":1288,\"ThreadID\":2884,\"Channel\":\"Microsoft-Windows-Sysmon/Operational\",\"Domain\":\"NT AUTHORITY\",\"AccountName\":\"SYSTEM\",\"UserID\":\"S-1-5-18\",\"AccountType\":\"User\",\"Message\":\"Process Create:\\r\\nRuleName: technique_id=T1059,technique_name=Command-Line Interface\\r\\nUtcTime: 2024-10-13 04:17:18.033\\r\\nProcessGuid: {BE59402F-31C2-6402-8D01-000000001900}\\r\\nProcessId: 5712\\r\\nImage: D:\\\\Software\\\\nbtscan.exe\\r\\nFileVersion: -\\r\\nDescription: -\\r\\nProduct: -\\r\\nCompany: -\\r\\nOriginalFileName: -\\r\\nCommandLine: nbtscan\\r\\nCurrentDirectory: D:\\\\Software\\\\\\r\\nUser: LUNARSTIIINESS\\\\tim.smith_admin\\r\\nLogonGuid: {BE59402F-2E2D-6402-19D0-DA0000000000}\\r\\nLogonId: 0xDAD019\\r\\nTerminalSessionId: 3\\r\\nIntegrityLevel: High\\r\\nHashes: SHA1=90DA10004C8F6FAFDAA2CF18922670A745564F45,MD5=F01A9A2D1E31332ED36C1A4D2839F412,SHA256=C9D5DC956841E000BFD8762E2F0B48B66C79B79500E894B4EFA7FB9BA17E4E9E,IMPHASH=2FA43C5392EC7923ABABCED078C2F98D\\r\\nParentProcessGuid: {BE59402F-31B3-6402-8901-000000001900}\\r\\nParentProcessId: 6016\\r\\nParentImage: C:\\\\Windows\\\\System32\\\\cmd.exe\\r\\nParentCommandLine: \\\"C:\\\\Windows\\\\system32\\\\cmd.exe\\\" \\r\\nParentUser: LUNARSTIIINESS\\\\tim.smith_admin\",\"Category\":\"Process Create (rule: ProcessCreate)\",\"Opcode\":\"Info\",\"RuleName\":\"technique_id=T1059,technique_name=Command-Line Interface\",\"UtcTime\":\"2024-10-13 04:17:18.033\",\"ProcessGuid\":\"{BE59402F-31C2-6402-8D01-000000001900}\",\"Image\":\"D:\\\\Software\\\\nbtscan.exe\",\"FileVersion\":\"-\",\"Description\":\"-\",\"Product\":\"-\",\"Company\":\"-\",\"OriginalFileName\":\"-\",\"CommandLine\":\"nbtscan\",\"CurrentDirectory\":\"D:\\\\Software\\\\\",\"User\":\"LUNARSTIIINESS\\\\tim.smith_admin\",\"LogonGuid\":\"{BE59402F-2E2D-6402-19D0-DA0000000000}\",\"LogonId\":\"0xdad019\",\"TerminalSessionId\":\"3\",\"IntegrityLevel\":\"High\",\"Hashes\":\"SHA1=90DA10004C8F6FAFDAA2CF18922670A745564F45,MD5=F01A9A2D1E31332ED36C1A4D2839F412,SHA256=C9D5DC956841E000BFD8762E2F0B48B66C79B79500E894B4EFA7FB9BA17E4E9E,IMPHASH=2FA43C5392EC7923ABABCED078C2F98D\",\"ParentProcessGuid\":\"{BE59402F-31B3-6402-8901-000000001900}\",\"ParentProcessId\":\"6016\",\"ParentImage\":\"C:\\\\Windows\\\\System32\\\\cmd.exe\",\"ParentCommandLine\":\"\\\"C:\\\\Windows\\\\system32\\\\cmd.exe\\\" \",\"ParentUser\":\"LUNARSTIIINESS\\\\tim.smith_admin\",\"EventReceivedTime\":1728793039,\"SourceModuleName\":\"in_sysmon\",\"SourceModuleType\":\"im_msvistalog\"}\r\nudm.principal.process.file.full_path: C:\\Windows\\System32\\cmd.exe\r\nudm.principal.process.file.sha256: 935c1861df1f4018d698e8b65abfa02d7e9037d8f68ca3c2065b6ca165d44ad2"
        ]
    },
    "85": {
        "alert_brief": "Alert on known Hash querying a known hostname with VT Relationshipsto manygoodnews.com",
        "ini_data": [
            "{\"event_simpleName\":\"DnsRequest\",\"ContextTimeStamp\":\"1722817988\",\"ConfigStateHash\":\"9542156506\",\"ContextProcessId\":\"8960054625103\",\"DomainName\":\"manygoodnews.com\",\"ContextThreadId\":\"967634005093619\",\"aip\":\"10.8.13.29\",\"QueryStatus\":\"87\",\"InterfaceIndex\":\"0\",\"ConfigBuild\":\"1007.3.0011809.1\",\"event_platform\":\"Win\",\"DnsRequestCount\":\"1\",\"DualRequest\":\"1\",\"Entitlements\":\"15\",\"name\":\"DnsRequestV4\",\"id\":\"217339fb-172e-4bf1-a397-e92639d6080a\",\"EffectiveTransmissionClass\":\"3\",\"aid\":\"e2327adb69e83e6f9deaf40da1e4c653\",\"timestamp\":\"1722832389\",\"cid\":\"b140194b2ba51f0ba1e93ba0187310b2\",\"RequestType\":\"1\",\"UserName\":\"adablack\"}\r\nudm.principal.process.file.full_path: \\Device\\HarddiskVolume1\\Program Files\\C:\\Users\\adablack\\Downloads\\Client Update.exe\r\nudm.principal.process.file.sha256: c10cd1c78c180ba657e3921ee9421b9abd5b965c4cdfaa94a58e383b45bb72ca"
        ]
    },
    "86": {
        "alert_brief": "Use Google Cloud Threat Intel hash intelligence to scan for malicious process launch activityWMIhosts.exe launched by svchost.exe",
        "ini_data": [
            "<14>Dec 08 05:56:19 sftp.cachemoney.local Microsoft-Windows-Sysmon[3196]: {\"EventTime\":1733550979,\"Hostname\":\"sftp.cachemoney.local\",\"Keywords\":-9223372036854775808,\"EventType\":\"INFO\",\"SeverityValue\":2,\"Severity\":\"INFO\",\"EventID\":1,\"SourceName\":\"Microsoft-Windows-Sysmon\",\"ProviderGuid\":\"{5770385F-C22A-43E0-BF4C-06F5698FFBD9}\",\"Version\":5,\"Task\":1,\"OpcodeValue\":0,\"RecordNumber\":212667,\"ProcessID\":3196,\"ThreadID\":4204,\"Channel\":\"Microsoft-Windows-Sysmon/Operational\",\"Domain\":\"NT AUTHORITY\",\"AccountName\":\"SYSTEM\",\"UserID\":\"S-1-5-20\",\"AccountType\":\"User\",\"Message\":\"Process Create:\\r\\nRuleName: -\\r\\nUtcTime: 2024-12-07 05:56:19.069\\r\\nProcessGuid: {f31bccf6-d0ef-642a-9517-000000001500}\\r\\nProcessId: 6224\\r\\nImage: C:\\\\ProgramData\\\\WMI hosts\\\\WMIhosts.exe\\r\\nFileVersion: 10.0.17763.1697 (WinBuild.160101.0800)\\r\\nDescription: WMI Hosts\\r\\nProduct: WMIHosts.exe\\r\\nCompany: Microsoft WMI Hosts\\r\\nOriginalFileName: WMIHosts.exe\\r\\nCommandLine: \\\"C:\\\\ProgramData\\\\WMI hosts\\\\WMIhosts.exe\\\"\\r\\nCurrentDirectory: C:\\\\ProgramData\\\\WMI hosts\\\\\\r\\nUser: CACHEMONEY\\\\adminsftp\\r\\nLogonGuid: {f31bccf6-d0ef-642a-9a81-b51000000000}\\r\\nLogonId: 0x10B5819A\\r\\nTerminalSessionId: 0\\r\\nIntegrityLevel: High\\r\\nHashes: MD5=93D6932BAF35FCE2591D5FE10D3C272B,SHA256=98DA115742244728861B78C9091590039A93FAF0E3DA02DA655664E66684DE33,IMPHASH=3ABE302B6D9A1256E6A915429AF4FFD2\\r\\nParentProcessGuid: {f31bccf6-92c6-6412-2700-000000001500}\\r\\nParentProcessId: 1692\\r\\nParentImage: C:\\\\Windows\\\\System32\\\\svchost.exe\\r\\nParentCommandLine: C:\\\\Windows\\\\system32\\\\svchost.exe -k netsvcs -p -s Schedule\\r\\nParentUser: NT AUTHORITY\\\\SYSTEM\",\"Category\":\"Process Create (rule: ProcessCreate)\",\"Opcode\":\"Info\",\"RuleName\":\"-\",\"UtcTime\":\"2024-12-07 05:56:19.069\",\"ProcessGuid\":\"{f31bccf6-d0ef-642a-9517-000000001500}\",\"Image\":\"C:\\\\ProgramData\\\\WMI hosts\\\\WMIhosts.exe\",\"FileVersion\":\"10.0.17763.1697 (WinBuild.160101.0800)\",\"Description\":\"WMI Hosts\",\"Product\":\"WMIHosts.exe\",\"Company\":\"Microsoft WMI Hosts\",\"OriginalFileName\":\"WMIHosts.exe\",\"CommandLine\":\"\\\"C:\\\\ProgramData\\\\WMI hosts\\\\WMIhosts.exe\\\"\",\"CurrentDirectory\":\"C:\\\\ProgramData\\\\WMI hosts\\\\\",\"User\":\"CACHEMONEY\\\\adminsftp\",\"LogonGuid\":\"{f31bccf6-d0ef-642a-9a81-b51000000000}\",\"LogonId\":\"0x10b5819a\",\"TerminalSessionId\":\"0\",\"IntegrityLevel\":\"High\",\"Hashes\":\"MD5=93D6932BAF35FCE2591D5FE10D3C272B,SHA256=98DA115742244728861B78C9091590039A93FAF0E3DA02DA655664E66684DE33,IMPHASH=3ABE302B6D9A1256E6A915429AF4FFD2\",\"ParentProcessGuid\":\"{f31bccf6-92c6-6412-2700-000000001500}\",\"ParentProcessId\":\"1692\",\"ParentImage\":\"C:\\\\Windows\\\\System32\\\\svchost.exe\",\"ParentCommandLine\":\"C:\\\\Windows\\\\system32\\\\svchost.exe -k netsvcs -p -s Schedule\",\"ParentUser\":\"NT AUTHORITY\\\\SYSTEM\",\"EventReceivedTime\":1733550979,\"SourceModuleName\":\"in_sysmon\",\"SourceModuleType\":\"im_msvistalog\"}\r\nudm.principal.process.file.full_path: C:\\Windows\\System32\\svchost.exe"
        ]
    },
    "87": {
        "alert_brief": "Use Google Cloud Threat Intel hash intelligence to scan for malicious process launch activityWMIhosts.exe launched by svchost.exe",
        "ini_data": [
            "<14>Sep 18 04:56:48 sftp.cachemoney.local Microsoft-Windows-Sysmon[3196]: {\"EventTime\":1726549008,\"Hostname\":\"sftp.cachemoney.local\",\"Keywords\":-9223372036854775808,\"EventType\":\"INFO\",\"SeverityValue\":2,\"Severity\":\"INFO\",\"EventID\":1,\"SourceName\":\"Microsoft-Windows-Sysmon\",\"ProviderGuid\":\"{5770385F-C22A-43E0-BF4C-06F5698FFBD9}\",\"Version\":5,\"Task\":1,\"OpcodeValue\":0,\"RecordNumber\":212667,\"ProcessID\":3196,\"ThreadID\":4204,\"Channel\":\"Microsoft-Windows-Sysmon/Operational\",\"Domain\":\"NT AUTHORITY\",\"AccountName\":\"SYSTEM\",\"UserID\":\"S-1-5-20\",\"AccountType\":\"User\",\"Message\":\"Process Create:\\r\\nRuleName: -\\r\\nUtcTime: 2024-09-17 04:56:48.069\\r\\nProcessGuid: {f31bccf6-d0ef-642a-9517-000000001500}\\r\\nProcessId: 6224\\r\\nImage: C:\\\\ProgramData\\\\WMI hosts\\\\WMIhosts.exe\\r\\nFileVersion: 10.0.17763.1697 (WinBuild.160101.0800)\\r\\nDescription: WMI Hosts\\r\\nProduct: WMIHosts.exe\\r\\nCompany: Microsoft WMI Hosts\\r\\nOriginalFileName: WMIHosts.exe\\r\\nCommandLine: \\\"C:\\\\ProgramData\\\\WMI hosts\\\\WMIhosts.exe\\\"\\r\\nCurrentDirectory: C:\\\\ProgramData\\\\WMI hosts\\\\\\r\\nUser: CACHEMONEY\\\\adminsftp\\r\\nLogonGuid: {f31bccf6-d0ef-642a-9a81-b51000000000}\\r\\nLogonId: 0x10B5819A\\r\\nTerminalSessionId: 0\\r\\nIntegrityLevel: High\\r\\nHashes: MD5=93D6932BAF35FCE2591D5FE10D3C272B,SHA256=98DA115742244728861B78C9091590039A93FAF0E3DA02DA655664E66684DE33,IMPHASH=3ABE302B6D9A1256E6A915429AF4FFD2\\r\\nParentProcessGuid: {f31bccf6-92c6-6412-2700-000000001500}\\r\\nParentProcessId: 1692\\r\\nParentImage: C:\\\\Windows\\\\System32\\\\svchost.exe\\r\\nParentCommandLine: C:\\\\Windows\\\\system32\\\\svchost.exe -k netsvcs -p -s Schedule\\r\\nParentUser: NT AUTHORITY\\\\SYSTEM\",\"Category\":\"Process Create (rule: ProcessCreate)\",\"Opcode\":\"Info\",\"RuleName\":\"-\",\"UtcTime\":\"2024-09-17 04:56:48.069\",\"ProcessGuid\":\"{f31bccf6-d0ef-642a-9517-000000001500}\",\"Image\":\"C:\\\\ProgramData\\\\WMI hosts\\\\WMIhosts.exe\",\"FileVersion\":\"10.0.17763.1697 (WinBuild.160101.0800)\",\"Description\":\"WMI Hosts\",\"Product\":\"WMIHosts.exe\",\"Company\":\"Microsoft WMI Hosts\",\"OriginalFileName\":\"WMIHosts.exe\",\"CommandLine\":\"\\\"C:\\\\ProgramData\\\\WMI hosts\\\\WMIhosts.exe\\\"\",\"CurrentDirectory\":\"C:\\\\ProgramData\\\\WMI hosts\\\\\",\"User\":\"CACHEMONEY\\\\adminsftp\",\"LogonGuid\":\"{f31bccf6-d0ef-642a-9a81-b51000000000}\",\"LogonId\":\"0x10b5819a\",\"TerminalSessionId\":\"0\",\"IntegrityLevel\":\"High\",\"Hashes\":\"MD5=93D6932BAF35FCE2591D5FE10D3C272B,SHA256=98DA115742244728861B78C9091590039A93FAF0E3DA02DA655664E66684DE33,IMPHASH=3ABE302B6D9A1256E6A915429AF4FFD2\",\"ParentProcessGuid\":\"{f31bccf6-92c6-6412-2700-000000001500}\",\"ParentProcessId\":\"1692\",\"ParentImage\":\"C:\\\\Windows\\\\System32\\\\svchost.exe\",\"ParentCommandLine\":\"C:\\\\Windows\\\\system32\\\\svchost.exe -k netsvcs -p -s Schedule\",\"ParentUser\":\"NT AUTHORITY\\\\SYSTEM\",\"EventReceivedTime\":1726549008,\"SourceModuleName\":\"in_sysmon\",\"SourceModuleType\":\"im_msvistalog\"}\r\nudm.principal.process.file.full_path: C:\\Windows\\System32\\svchost.exe"
        ]
    },
    "88": {
        "alert_brief": "Use Google Cloud Threat Intel hash intelligence to scan for malicious process launch activityqClNkVtHKskoh.exe",
        "ini_data": [
            "□%□□□□□□□□□□□□□□ □N2□Chronicle Internal□&□\"andrew-paker-windows-pc.corp.local\"□*f\"d□□50582□Q□ 27444605dff20d1e704b5cf682d035d2*-C:\\Users\\AppData\\Local\\Temp\\qClNkVtHKskoh.exe*□ID:50582"
        ]
    },
    "89": {
        "alert_brief": "Use Google Cloud Threat Intel hash intelligence to scan for malicious process launch activitysoftware.exe launched by explorer.exe",
        "ini_data": [
            "{\"Channel\":\"Microsoft-Windows-Sysmon/Operational\",\"CommandLine\":\"\\\"C:\\\\Users\\\\oscar.wild\\\\AppData\\\\Local\\\\51e3b645-cd3e-4087-8175-9451ecd98863\\\\software.exe\\\" --AutoStart\",\"Company\":\"-\",\"Computer\":\"DESKTOPS\",\"CurrentDirectory\":\"C:\\\\Users\\\\oscar.wild\\\\AppData\\\\Local\\\\51e3b645-cd3e-4087-8175-9451ecd98863\\\\\",\"Description\":\"-\",\"EventID\":1,\"FileVersion\":\"-\",\"Hashes\":\"MD5=65D2046ADD5EF298FBA308EDB9C291DC,SHA256=60C85D1E4B4698E35E83519E16025AA11B6F79A69F02E483A8BAF5E97CD04752,IMPHASH=C7006B0F6ACDFB37FFEEBFD2C1715395\",\"Hostname\":\"oscar.wild.desktop\",\"Image\":\"C:\\\\Users\\\\oscar.wild\\\\AppData\\\\Local\\\\51e3b645-cd3e-4087-8175-9451ecd98863\\\\software.exe\",\"IntegrityLevel\":\"Medium\",\"Level\":4,\"LogonGuid\":\"{C784477D-A525-648A-09F3-030000000000}\",\"LogonId\":\"0x3f309\",\"Message\":\"\",\"OpcodeValue\":0,\"OriginalFileName\":\"-\",\"ParentCommandLine\":\"C:\\\\Windows\\\\Explorer.EXE\",\"ParentImage\":\"C:\\\\Windows\\\\explorer.exe\",\"ParentProcessGuid\":\"{C784477D-A525-648A-6A00-000000004400}\",\"ParentProcessId\":\"4876\",\"ProcessGuid\":\"{C784477D-840C-6517-3806-000000004400}\",\"ProcessID\":2300,\"ProcessId\":\"5252\",\"Product\":\"-\",\"ProviderGuid\":\"{5770385F-C22A-43E0-BF4C-06F5698FFBD9}\",\"RecordNumber\":1366213,\"RuleName\":\"-\",\"SourceName\":\"Microsoft-Windows-Sysmon\",\"TerminalSessionId\":\"1\",\"ThreadID\":680,\"User\":\"DESKTOPS\\\\oscar.wild\",\"UserID\":\"S-1-5-18\",\"UtcTime\":\"2025-01-04 05:32:23.136\",\"Version\":5}\r\nudm.principal.process.file.full_path: C:\\Windows\\explorer.exe"
        ]
    },
    "90": {
        "alert_brief": "Use Google Cloud Threat Intel hash intelligence to scan for malicious process launch activityClient Update.exe launched by 6310",
        "ini_data": [
            "{\"metadata\":{\"logType\":\"PROCESS_LAUNCH\",\"productVersion\":\"1.2\",\"vendorName\":\"Tanium\",\"productName\":\"Tanium Event Emitter\",\"eventTimestamp\":\"2024-11-27T09:17:41.111+00:00\"},\"principal\":{\"process\":{\"pid\":\"29057\",\"parentPid\":\"6310\",\"productSpecificProcessId\":\"29057\",\"productSpecificParentProcessId\":\"6310\",\"file\":{\"fullPath\":\"C:\\\\Users\\\\alice\\\\Downloads\\\\Client Update.exe\",\"md5\":\"17150a137c43235ad07011b552f9ff27\"}},\"hostname\":\"alice-benjamin-pc\",\"assetId\":\"alice-benjamin-pc\",\"user\":{\"userid\":\"alice\",\"groupid\":none}}}"
        ]
    },
    "91": {
        "alert_brief": "Use Google Cloud Threat Intel hash intelligence to scan for malicious process launch activityprogram.exe launched by explorer.exe",
        "ini_data": [
            "{\"Channel\":\"Microsoft-Windows-Sysmon/Operational\",\"CommandLine\":\"\\\"C:\\\\Users\\\\oscar.wild\\\\Desktop\\\\program.exe\\\"\",\"Company\":\"-\",\"Computer\":\"DESKTOPS\",\"CurrentDirectory\":\"C:\\\\Users\\\\oscar.wild\\\\Desktop\\\\\",\"Description\":\"-\",\"EventID\":1,\"FileVersion\":\"-\",\"Hashes\":\"MD5=DC9B8E9B20BB6D18F902A7460BF0F92C,SHA256=0D6518769E10895CC1880040FB0680520CB179D37624BD2685368414B4A6E4EB,IMPHASH=96BAACC90461FCD4B5D9FCC50047C098\",\"Hostname\":\"oscar.wild.desktop\",\"Image\":\"C:\\\\Users\\\\oscar.wild\\\\Desktop\\\\program.exe\",\"IntegrityLevel\":\"High\",\"Level\":4,\"LogonGuid\":\"{C784477D-CFB4-648A-FCF7-030000000000}\",\"LogonId\":\"0x3f7fc\",\"Message\":\"\",\"OpcodeValue\":0,\"OriginalFileName\":\"-\",\"ParentCommandLine\":\"C:\\\\Windows\\\\Explorer.EXE\",\"ParentImage\":\"C:\\\\Windows\\\\explorer.exe\",\"ParentProcessGuid\":\"{C784477D-CFB4-648A-6900-000000004400}\",\"ParentProcessId\":\"4892\",\"ProcessGuid\":\"{C784477D-B8D5-6517-2F06-000000004400}\",\"ProcessID\":2320,\"ProcessId\":\"8160\",\"Product\":\"-\",\"ProviderGuid\":\"{5770385F-C22A-43E0-BF4C-06F5698FFBD9}\",\"RecordNumber\":1366184,\"RuleName\":\"-\",\"SourceName\":\"Microsoft-Windows-Sysmon\",\"TerminalSessionId\":\"1\",\"ThreadID\":1924,\"User\":\"DESKTOPS\\\\oscar.wild\",\"UserID\":\"S-1-5-18\",\"UtcTime\":\"2024-11-20 05:32:21.136\",\"Version\":5}\r\nudm.principal.process.file.full_path: C:\\Windows\\explorer.exe"
        ]
    },
    "92": {
        "alert_brief": "Use Google Cloud Threat Intel hash intelligence to scan for malicious process launch activitymyfile.exe launched by explorer.exe",
        "ini_data": [
            "{\"Channel\":\"Microsoft-Windows-Sysmon/Operational\",\"CommandLine\":\"C:\\\\Users\\\\oscar.wild\\\\AppData\\\\Local\\\\Temp\\\\myfile.exe\",\"Company\":\"-\",\"Computer\":\"DESKTOPS\",\"CurrentDirectory\":\"C:\\\\Users\\\\oscar.wild\\\\AppData\\\\Local\\\\Temp\\\\\",\"Description\":\" \",\"EventID\":1,\"FileVersion\":\"1.0.0.0\",\"Hashes\":\"MD5=2B248E9302A441C389C30A85534C0CC2,SHA256=05D6B2F8A9C4C319CA23E571B9BD77142F3C880524A67B6F6783550AF620374B,IMPHASH=9F9C7E0B30ED8F52F90B658711975D4C\",\"Hostname\":\"oscar.wild.desktop\",\"Image\":\"C:\\\\Users\\\\oscar.wild\\\\AppData\\\\Local\\\\Temp\\\\myfile.exe\",\"IntegrityLevel\":\"Medium\",\"Level\":4,\"LogonGuid\":\"{C784477D-83CA-6536-C5CD-030000000000}\",\"LogonId\":\"0x3cdc5\",\"Message\":\"\",\"OpcodeValue\":0,\"OriginalFileName\":\"myfile.exe\",\"ParentCommandLine\":\"C:\\\\Windows\\\\Explorer.EXE\",\"ParentImage\":\"C:\\\\Windows\\\\explorer.exe\",\"ParentProcessGuid\":\"{C784477D-83CA-6536-6B00-000000004A00}\",\"ParentProcessId\":\"4965\",\"ProcessGuid\":\"{C784477D-969B-653B-B006-000000004A00}\",\"ProcessID\":2305,\"ProcessId\":\"10145\",\"Product\":\"-\",\"ProviderGuid\":\"{5770385F-C22A-43E0-BF4C-06F5698FFBD9}\",\"RecordNumber\":1379905,\"RuleName\":\"-\",\"SourceName\":\"Microsoft-Windows-Sysmon\",\"TerminalSessionId\":\"1\",\"ThreadID\":705,\"User\":\"DESKTOPS\\\\oscar.wild\",\"UserID\":\"S-1-5-18\",\"UtcTime\":\"2024-12-28 05:32:29.115\",\"Version\":5}\r\nudm.principal.process.file.full_path: C:\\Windows\\explorer.exe"
        ]
    },
    "93": {
        "alert_brief": "Use Google Cloud Threat Intel hash intelligence to scan for malicious process launch activitysonic.exe launched by explorer.exe",
        "ini_data": [
            "{\"Channel\":\"Microsoft-Windows-Sysmon/Operational\",\"CommandLine\":\"C:\\\\Users\\\\oscar.wild\\\\AppData\\\\Local\\\\Temp\\\\sonic.exe\",\"Company\":\"-\",\"Computer\":\"DESKTOPS\",\"CurrentDirectory\":\"C:\\\\Users\\\\oscar.wild\\\\AppData\\\\Local\\\\Temp\\\\\",\"Description\":\" \",\"EventID\":1,\"FileVersion\":\"1.0.0.0\",\"Hashes\":\"MD5=A55DB6BFA7DEDECF7365567B803CB013,SHA256=01153CFE9FE9F1C3460E02D254BBE49B7B07C343061B7630234D95948D8F6106,IMPHASH=31E8556425EF4035DBFC678A002AD91B\",\"Hostname\":\"oscar.wild.desktop\",\"Image\":\"C:\\\\Users\\\\oscar.wild\\\\AppData\\\\Local\\\\Temp\\\\sonic.exe\",\"IntegrityLevel\":\"Medium\",\"Level\":4,\"LogonGuid\":\"{C784477D-83CA-6536-C5CD-030000000000}\",\"LogonId\":\"0x3cdc5\",\"Message\":\"\",\"OpcodeValue\":0,\"OriginalFileName\":\"GorgerousOnce.exe\",\"ParentCommandLine\":\"C:\\\\Windows\\\\Explorer.EXE\",\"ParentImage\":\"C:\\\\Windows\\\\explorer.exe\",\"ParentProcessGuid\":\"{C784477D-83CA-6536-6B00-000000004A00}\",\"ParentProcessId\":\"4966\",\"ProcessGuid\":\"{C784477D-969B-653B-B006-000000004A00}\",\"ProcessID\":2306,\"ProcessId\":\"10146\",\"Product\":\"-\",\"ProviderGuid\":\"{5770385F-C22A-43E0-BF4C-06F5698FFBD9}\",\"RecordNumber\":1379906,\"RuleName\":\"-\",\"SourceName\":\"Microsoft-Windows-Sysmon\",\"TerminalSessionId\":\"1\",\"ThreadID\":706,\"User\":\"DESKTOPS\\\\oscar.wild\",\"UserID\":\"S-1-5-18\",\"UtcTime\":\"2024-12-03 05:32:19.116\",\"Version\":5}\r\nudm.principal.process.file.full_path: C:\\Windows\\explorer.exe"
        ]
    },
    "94": {
        "alert_brief": "Use Google Cloud Threat Intel hash intelligence to scan for malicious process launch activitysoftware.exe launched by explorer.exe",
        "ini_data": [
            "{\"Channel\":\"Microsoft-Windows-Sysmon/Operational\",\"CommandLine\":\"\\\"C:\\\\Users\\\\oscar.wild\\\\AppData\\\\Local\\\\51e3b645-cd3e-4087-8175-9451ecd98863\\\\software.exe\\\" --AutoStart\",\"Company\":\"-\",\"Computer\":\"DESKTOPS\",\"CurrentDirectory\":\"C:\\\\Users\\\\oscar.wild\\\\AppData\\\\Local\\\\51e3b645-cd3e-4087-8175-9451ecd98863\\\\\",\"Description\":\"-\",\"EventID\":1,\"FileVersion\":\"-\",\"Hashes\":\"MD5=65D2046ADD5EF298FBA308EDB9C291DC,SHA256=60C85D1E4B4698E35E83519E16025AA11B6F79A69F02E483A8BAF5E97CD04752,IMPHASH=C7006B0F6ACDFB37FFEEBFD2C1715395\",\"Hostname\":\"oscar.wild.desktop\",\"Image\":\"C:\\\\Users\\\\oscar.wild\\\\AppData\\\\Local\\\\51e3b645-cd3e-4087-8175-9451ecd98863\\\\software.exe\",\"IntegrityLevel\":\"Medium\",\"Level\":4,\"LogonGuid\":\"{C784477D-A525-648A-09F3-030000000000}\",\"LogonId\":\"0x3f309\",\"Message\":\"\",\"OpcodeValue\":0,\"OriginalFileName\":\"-\",\"ParentCommandLine\":\"C:\\\\Windows\\\\Explorer.EXE\",\"ParentImage\":\"C:\\\\Windows\\\\explorer.exe\",\"ParentProcessGuid\":\"{C784477D-A525-648A-6A00-000000004400}\",\"ParentProcessId\":\"4876\",\"ProcessGuid\":\"{C784477D-840C-6517-3806-000000004400}\",\"ProcessID\":2300,\"ProcessId\":\"5252\",\"Product\":\"-\",\"ProviderGuid\":\"{5770385F-C22A-43E0-BF4C-06F5698FFBD9}\",\"RecordNumber\":1366213,\"RuleName\":\"-\",\"SourceName\":\"Microsoft-Windows-Sysmon\",\"TerminalSessionId\":\"1\",\"ThreadID\":680,\"User\":\"DESKTOPS\\\\oscar.wild\",\"UserID\":\"S-1-5-18\",\"UtcTime\":\"2024-12-18 05:32:47.136\",\"Version\":5}\r\nudm.principal.process.file.full_path: C:\\Windows\\explorer.exe"
        ]
    },
    "95": {
        "alert_brief": "Use Google Cloud Threat Intel hash intelligence to scan for malicious process launch activity2210231586.exe launched by cmd.exe",
        "ini_data": [
            "{\"Channel\":\"Microsoft-Windows-Sysmon/Operational\",\"CommandLine\":\"\\\"C:\\\\Users\\\\oscar.wild\\\\AppData\\\\Local\\\\Temp\\\\2210231586.exe\\\" \",\"Company\":\"-\",\"Computer\":\"DESKTOPS\",\"CurrentDirectory\":\"C:\\\\Users\\\\oscar.wild\\\\Desktop\\\\\",\"Description\":\"-\",\"EventID\":1,\"FileVersion\":\"-\",\"Hashes\":\"MD5=DA1E9AA523AA8EE2CBBED75292F9C7C8,SHA256=E16A60A10EBACD0B8AF5320E9582ABD6B1EC86B459BD35FD4E69BD37807F4A47,IMPHASH=18690DF0ED1BE01972DCB3DC78C42692\",\"Hostname\":\"oscar.wild.desktop\",\"Image\":\"C:\\\\Users\\\\oscar.wild\\\\AppData\\\\Local\\\\Temp\\\\2210231586.exe\",\"IntegrityLevel\":\"High\",\"Level\":4,\"LogonGuid\":\"{C784477D-2F94-647F-C9CC-030000000000}\",\"LogonId\":\"0x3ccc9\",\"Message\":\"\",\"OpcodeValue\":0,\"OriginalFileName\":\"-\",\"ParentCommandLine\":\"\\\"C:\\\\Windows\\\\System32\\\\cmd.exe\\\" /c start /I \\\"\\\" \\\"C:\\\\Users\\\\oscar.wild\\\\AppData\\\\Local\\\\Temp\\\\2210231586.exe\\\"\",\"ParentImage\":\"C:\\\\Windows\\\\SysWOW64\\\\cmd.exe\",\"ParentProcessGuid\":\"{C784477D-A42A-6517-2606-000000004400}\",\"ParentProcessId\":\"3380\",\"ProcessGuid\":\"{C784477D-A42A-6517-2806-000000004400}\",\"ProcessID\":2296,\"ProcessId\":\"3080\",\"Product\":\"-\",\"ProviderGuid\":\"{5770385F-C22A-43E0-BF4C-06F5698FFBD9}\",\"RecordNumber\":1366193,\"RuleName\":\"-\",\"SourceName\":\"Microsoft-Windows-Sysmon\",\"TerminalSessionId\":\"1\",\"ThreadID\":364,\"User\":\"DESKTOPS\\\\oscar.wild\",\"UserID\":\"S-1-5-18\",\"UtcTime\":\"2025-01-06 05:32:25.136\",\"Version\":5}\r\nudm.principal.process.file.full_path: C:\\Windows\\SysWOW64\\cmd.exe"
        ]
    },
    "96": {
        "alert_brief": "Use Google Cloud Threat Intel hash intelligence to scan for malicious process launch activityWMIhosts.exe launched by svchost.exe",
        "ini_data": [
            "<14>Sep 25 04:56:55 sftp.cachemoney.local Microsoft-Windows-Sysmon[3196]: {\"EventTime\":1727153815,\"Hostname\":\"sftp.cachemoney.local\",\"Keywords\":-9223372036854775808,\"EventType\":\"INFO\",\"SeverityValue\":2,\"Severity\":\"INFO\",\"EventID\":1,\"SourceName\":\"Microsoft-Windows-Sysmon\",\"ProviderGuid\":\"{5770385F-C22A-43E0-BF4C-06F5698FFBD9}\",\"Version\":5,\"Task\":1,\"OpcodeValue\":0,\"RecordNumber\":212667,\"ProcessID\":3196,\"ThreadID\":4204,\"Channel\":\"Microsoft-Windows-Sysmon/Operational\",\"Domain\":\"NT AUTHORITY\",\"AccountName\":\"SYSTEM\",\"UserID\":\"S-1-5-20\",\"AccountType\":\"User\",\"Message\":\"Process Create:\\r\\nRuleName: -\\r\\nUtcTime: 2024-09-24 04:56:55.069\\r\\nProcessGuid: {f31bccf6-d0ef-642a-9517-000000001500}\\r\\nProcessId: 6224\\r\\nImage: C:\\\\ProgramData\\\\WMI hosts\\\\WMIhosts.exe\\r\\nFileVersion: 10.0.17763.1697 (WinBuild.160101.0800)\\r\\nDescription: WMI Hosts\\r\\nProduct: WMIHosts.exe\\r\\nCompany: Microsoft WMI Hosts\\r\\nOriginalFileName: WMIHosts.exe\\r\\nCommandLine: \\\"C:\\\\ProgramData\\\\WMI hosts\\\\WMIhosts.exe\\\"\\r\\nCurrentDirectory: C:\\\\ProgramData\\\\WMI hosts\\\\\\r\\nUser: CACHEMONEY\\\\adminsftp\\r\\nLogonGuid: {f31bccf6-d0ef-642a-9a81-b51000000000}\\r\\nLogonId: 0x10B5819A\\r\\nTerminalSessionId: 0\\r\\nIntegrityLevel: High\\r\\nHashes: MD5=93D6932BAF35FCE2591D5FE10D3C272B,SHA256=98DA115742244728861B78C9091590039A93FAF0E3DA02DA655664E66684DE33,IMPHASH=3ABE302B6D9A1256E6A915429AF4FFD2\\r\\nParentProcessGuid: {f31bccf6-92c6-6412-2700-000000001500}\\r\\nParentProcessId: 1692\\r\\nParentImage: C:\\\\Windows\\\\System32\\\\svchost.exe\\r\\nParentCommandLine: C:\\\\Windows\\\\system32\\\\svchost.exe -k netsvcs -p -s Schedule\\r\\nParentUser: NT AUTHORITY\\\\SYSTEM\",\"Category\":\"Process Create (rule: ProcessCreate)\",\"Opcode\":\"Info\",\"RuleName\":\"-\",\"UtcTime\":\"2024-09-24 04:56:55.069\",\"ProcessGuid\":\"{f31bccf6-d0ef-642a-9517-000000001500}\",\"Image\":\"C:\\\\ProgramData\\\\WMI hosts\\\\WMIhosts.exe\",\"FileVersion\":\"10.0.17763.1697 (WinBuild.160101.0800)\",\"Description\":\"WMI Hosts\",\"Product\":\"WMIHosts.exe\",\"Company\":\"Microsoft WMI Hosts\",\"OriginalFileName\":\"WMIHosts.exe\",\"CommandLine\":\"\\\"C:\\\\ProgramData\\\\WMI hosts\\\\WMIhosts.exe\\\"\",\"CurrentDirectory\":\"C:\\\\ProgramData\\\\WMI hosts\\\\\",\"User\":\"CACHEMONEY\\\\adminsftp\",\"LogonGuid\":\"{f31bccf6-d0ef-642a-9a81-b51000000000}\",\"LogonId\":\"0x10b5819a\",\"TerminalSessionId\":\"0\",\"IntegrityLevel\":\"High\",\"Hashes\":\"MD5=93D6932BAF35FCE2591D5FE10D3C272B,SHA256=98DA115742244728861B78C9091590039A93FAF0E3DA02DA655664E66684DE33,IMPHASH=3ABE302B6D9A1256E6A915429AF4FFD2\",\"ParentProcessGuid\":\"{f31bccf6-92c6-6412-2700-000000001500}\",\"ParentProcessId\":\"1692\",\"ParentImage\":\"C:\\\\Windows\\\\System32\\\\svchost.exe\",\"ParentCommandLine\":\"C:\\\\Windows\\\\system32\\\\svchost.exe -k netsvcs -p -s Schedule\",\"ParentUser\":\"NT AUTHORITY\\\\SYSTEM\",\"EventReceivedTime\":1727153815,\"SourceModuleName\":\"in_sysmon\",\"SourceModuleType\":\"im_msvistalog\"}\r\nudm.principal.process.file.full_path: C:\\Windows\\System32\\svchost.exe"
        ]
    },
    "97": {
        "alert_brief": "Use Google Cloud Threat Intel hash intelligence to scan for malicious process launch activitypowershell.exe launched by powershell.exe",
        "ini_data": [
            "{\"@timestamp\":1734413486299,\"meta\":{\"traceId\":\"01GE20GABCTSA2Q413A1M1P9HT\",\"accountId\":\"553410142016245253\",\"osFamily\":\"windows\",\"computerName\":\"DESKTOP1\",\"agentVersion\":\"S1-WIN/21.7.5.1080\",\"siteId\":\"239629223416646331\",\"osRevision\":\"19042\",\"osName\":\"Windows 10 Enterprise\",\"uuid\":\"0c422588231f4d5ab2de15490c8f2361\",\"seqId\":0,\"machineType\":\"desktop\",\"mgmtUrl\":\"https://sg-prod.sentinelone.net\"},\"event\":{\"parent\":{\"parent\":{\"excluded\":\"E_UNSUPPORTED\",\"node\":{\"key\":{\"value\":\"425855B6823E7E61\"}},\"isRedirectedCommandProcessor\":\"E_UNSUPPORTED\",\"root\":\"E_UNSUPPORTED\",\"interactive\":\"E_UNSUPPORTED\",\"name\":\"\",\"subsystem\":\"SUBSYSTEM_UNKNOWN\",\"fullPid\":{\"pid\":0,\"startTime\":{\"millisecondsSinceEpoch\":\"0\"}},\"isWow64\":\"E_UNSUPPORTED\",\"sessionId\":0,\"commandLine\":\"\",\"integrityLevel\":\"INTEGRITY_LEVEL_UNKNOWN\"},\"trueContext\":{\"key\":{\"value\":\"E7C914C67537C662\"}},\"counters\":{\"dnsLookups\":0,\"crossProcess\":0,\"fileModification\":0,\"netConnOut\":0,\"moduleLoad\":206,\"fileDeletion\":0,\"crossProcessDupThreadHandle\":0,\"registryModification\":159,\"osChildProcess\":1,\"modelChildProcess\":1,\"crossProcessOpenProcess\":0,\"fileCreation\":0,\"exeModification\":0,\"crossProcessOutOfGroup\":0,\"netConnIn\":0,\"crossProcessDupProcessHandle\":0,\"crossProcessRemoteThread\":0},\"interactive\":\"E_FALSE\",\"subsystem\":\"SYS_WIN32\",\"sessionId\":2,\"executable\":{\"owner\":{\"name\":\"\",\"sid\":\"\"},\"node\":{\"key\":{\"value\":\"6212826804D001B2\"}},\"path\":\"C:\\\\WINDOWS\\\\System32\\\\powershell.exe\",\"creationTime\":{\"millisecondsSinceEpoch\":\"17344134862915951616\"},\"signature\":{\"signed\":{\"valid\":{},\"identity\":\"MICROSOFT WINDOWS\"}},\"hashes\":{\"sha1\":\"36c5d12033b2eaf251bae61c00690ffb17fddc87\",\"sha256\":\"908b64b1971a979c7e3e8ce4621945cba84854cb98d76367b791a6e22b5f6d53\",\"md5\":\"cda48fc75952ad12d99e526d0b6bf70a\"},\"fileLocation\":\"Local\",\"isKernelModule\":\"E_UNSUPPORTED\",\"isDir\":\"E_FALSE\",\"sizeBytes\":\"253768\"},\"excluded\":\"E_FALSE\",\"node\":{\"key\":{\"value\":\"D768DCE2C33CF0CB\"}},\"isRedirectedCommandProcessor\":\"E_FALSE\",\"root\":\"E_FALSE\",\"name\":\"Windows PowerShell\",\"fullPid\":{\"pid\":11224,\"startTime\":{\"millisecondsSinceEpoch\":\"1734413486299\"}},\"isWow64\":\"E_FALSE\",\"commandLine\":\"IEX (New-Object Net.Webclient).DownloadString('http://127.0.0.1:36595/'); Get-NetComputer -ping -operatingsystem *server*\",\"integrityLevel\":\"HIGH\",\"user\":{\"name\":\"SG\\\\Admin\",\"sid\":\"S-1-5-21-947102721-2557683097-696379042-94871\"}},\"process\":{\"parent\":{\"excluded\":\"E_UNSUPPORTED\",\"node\":{\"key\":{\"value\":\"D768DCE2C33CF0CB\"}},\"isRedirectedCommandProcessor\":\"E_UNSUPPORTED\",\"root\":\"E_UNSUPPORTED\",\"interactive\":\"E_UNSUPPORTED\",\"name\":\"\",\"subsystem\":\"SUBSYSTEM_UNKNOWN\",\"fullPid\":{\"pid\":0,\"startTime\":{\"millisecondsSinceEpoch\":\"0\"}},\"isWow64\":\"E_UNSUPPORTED\",\"sessionId\":0,\"commandLine\":\"\",\"integrityLevel\":\"INTEGRITY_LEVEL_UNKNOWN\"},\"trueContext\":{\"key\":{\"value\":\"E7C914C67537C662\"}},\"counters\":{\"dnsLookups\":0,\"crossProcess\":1,\"fileModification\":0,\"netConnOut\":0,\"moduleLoad\":52,\"fileDeletion\":0,\"crossProcessDupThreadHandle\":0,\"registryModification\":0,\"osChildProcess\":0,\"modelChildProcess\":0,\"crossProcessOpenProcess\":1,\"fileCreation\":0,\"exeModification\":0,\"crossProcessOutOfGroup\":0,\"netConnIn\":0,\"crossProcessDupProcessHandle\":0,\"crossProcessRemoteThread\":0},\"interactive\":\"E_FALSE\",\"subsystem\":\"SYS_WIN32\",\"sessionId\":2,\"executable\":{\"owner\":{\"name\":\"\",\"sid\":\"\"},\"node\":{\"key\":{\"value\":\"68F355F95F451218\"}},\"path\":\"C:\\\\WINDOWS\\\\System32\\\\powershell.exe\",\"creationTime\":{\"millisecondsSinceEpoch\":\"17344134862995951616\"},\"signature\":{\"signed\":{\"valid\":{},\"identity\":\"MICROSOFT WINDOWS\"}},\"hashes\":{\"sha1\":\"092ac6f8d072c4cf045e35a839d5bb8f1360f1ae\",\"sha256\":\"a290ce75c6c6b37af077b72dc9c2c347a2eede4fafa6551387fa8469539409c7\",\"md5\":\"16cde93b441e4363700dfbf34c687b08\"},\"fileLocation\":\"Local\",\"isKernelModule\":\"E_UNSUPPORTED\",\"isDir\":\"E_FALSE\",\"sizeBytes\":\"862208\"},\"excluded\":\"E_FALSE\",\"node\":{\"key\":{\"value\":\"C6BB4940F0BFA542\"}},\"isRedirectedCommandProcessor\":\"E_FALSE\",\"root\":\"E_FALSE\",\"name\":\"Task Scheduler Configuration Tool\",\"fullPid\":{\"pid\":3244,\"startTime\":{\"millisecondsSinceEpoch\":\"1734413486299\"}},\"isWow64\":\"E_FALSE\",\"commandLine\":\"\\\\??\\\\C:\\\\WINDOWS\\\\system32\\\\schtasks.exe 0xffffffff -ForceV1\",\"integrityLevel\":\"HIGH\",\"user\":{\"name\":\"SG\\\\Admin\",\"sid\":\"S-1-5-21-947102721-2557683097-696379042-94871\"}},\"trueContext\":{\"key\":{\"value\":\"E7C914C67537C662\"}},\"signature\":{\"signed\":{\"valid\":{},\"identity\":\"MICROSOFT WINDOWS\"}},\"hashes\":{\"sha1\":\"092ac6f8d072c4cf045e35a839d5bb8f1360f1ae\",\"sha256\":\"a290ce75c6c6b37af077b72dc9c2c347a2eede4fafa6551387fa8469539409c7\",\"md5\":\"16cde93b441e4363700dfbf34c687b08\"},\"type\":\"processCreation\",\"status\":\"UNKNOWN\"}}\r\nudm.principal.process.file.full_path: C:\\WINDOWS\\System32\\powershell.exe\r\nudm.principal.process.file.sha256: 908b64b1971a979c7e3e8ce4621945cba84854cb98d76367b791a6e22b5f6d53"
        ]
    },
    "98": {
        "alert_brief": "Use Google Cloud Threat Intel hash intelligence to scan for malicious process launch activitymyfile.exe launched by explorer.exe",
        "ini_data": [
            "{\"Channel\":\"Microsoft-Windows-Sysmon/Operational\",\"CommandLine\":\"C:\\\\Users\\\\oscar.wild\\\\AppData\\\\Local\\\\Temp\\\\myfile.exe\",\"Company\":\"-\",\"Computer\":\"DESKTOPS\",\"CurrentDirectory\":\"C:\\\\Users\\\\oscar.wild\\\\AppData\\\\Local\\\\Temp\\\\\",\"Description\":\" \",\"EventID\":1,\"FileVersion\":\"1.0.0.0\",\"Hashes\":\"MD5=2B248E9302A441C389C30A85534C0CC2,SHA256=05D6B2F8A9C4C319CA23E571B9BD77142F3C880524A67B6F6783550AF620374B,IMPHASH=9F9C7E0B30ED8F52F90B658711975D4C\",\"Hostname\":\"oscar.wild.desktop\",\"Image\":\"C:\\\\Users\\\\oscar.wild\\\\AppData\\\\Local\\\\Temp\\\\myfile.exe\",\"IntegrityLevel\":\"Medium\",\"Level\":4,\"LogonGuid\":\"{C784477D-83CA-6536-C5CD-030000000000}\",\"LogonId\":\"0x3cdc5\",\"Message\":\"\",\"OpcodeValue\":0,\"OriginalFileName\":\"myfile.exe\",\"ParentCommandLine\":\"C:\\\\Windows\\\\Explorer.EXE\",\"ParentImage\":\"C:\\\\Windows\\\\explorer.exe\",\"ParentProcessGuid\":\"{C784477D-83CA-6536-6B00-000000004A00}\",\"ParentProcessId\":\"4965\",\"ProcessGuid\":\"{C784477D-969B-653B-B006-000000004A00}\",\"ProcessID\":2305,\"ProcessId\":\"10145\",\"Product\":\"-\",\"ProviderGuid\":\"{5770385F-C22A-43E0-BF4C-06F5698FFBD9}\",\"RecordNumber\":1379905,\"RuleName\":\"-\",\"SourceName\":\"Microsoft-Windows-Sysmon\",\"TerminalSessionId\":\"1\",\"ThreadID\":705,\"User\":\"DESKTOPS\\\\oscar.wild\",\"UserID\":\"S-1-5-18\",\"UtcTime\":\"2024-11-18 05:32:24.115\",\"Version\":5}\r\nudm.principal.process.file.full_path: C:\\Windows\\explorer.exe"
        ]
    },
    "99": {
        "alert_brief": "Use Google Cloud Threat Intel hash intelligence to scan for malicious process launch activityClient Update.exe launched by 30915",
        "ini_data": [
            "{\"metadata\":{\"logType\":\"PROCESS_LAUNCH\",\"productVersion\":\"1.2\",\"vendorName\":\"Tanium\",\"productName\":\"Tanium Event Emitter\",\"eventTimestamp\":\"2024-11-14T09:17:31.738+00:00\"},\"principal\":{\"process\":{\"pid\":\"26176\",\"parentPid\":\"30915\",\"productSpecificProcessId\":\"26176\",\"productSpecificParentProcessId\":\"30915\",\"file\":{\"fullPath\":\"C:\\\\Users\\\\alice\\\\Downloads\\\\Client Update.exe\",\"md5\":\"17150a137c43235ad07011b552f9ff27\"}},\"hostname\":\"alice-benjamin-pc\",\"assetId\":\"alice-benjamin-pc\",\"user\":{\"userid\":\"alice\",\"groupid\":none}}}"
        ]
    },
    "100": {
        "alert_brief": "Use Google Cloud Threat Intel hash intelligence to scan for malicious process launch activityF20B.exe launched by explorer.exe",
        "ini_data": [
            "{\"Channel\":\"Microsoft-Windows-Sysmon/Operational\",\"CommandLine\":\"C:\\\\Users\\\\oscar.wild\\\\AppData\\\\Local\\\\Temp\\\\F20B.exe\",\"Company\":\"-\",\"Computer\":\"DESKTOPS\",\"CurrentDirectory\":\"C:\\\\Users\\\\oscar.wild\\\\AppData\\\\Local\\\\Temp\\\\\",\"Description\":\"-\",\"EventID\":1,\"FileVersion\":\"-\",\"Hashes\":\"MD5=317C1DA3D49D534FDDE575395DA84879,SHA256=72674E9A3C32D5457C98EF723B938ABC0295329C7EC58F9E07A0CB1E99631F48,IMPHASH=84E31D32A2CB7830E40CFCBEA395C7A1\",\"Hostname\":\"oscar.wild.desktop\",\"Image\":\"C:\\\\Users\\\\oscar.wild\\\\AppData\\\\Local\\\\Temp\\\\F20B.exe\",\"IntegrityLevel\":\"Medium\",\"Level\":4,\"LogonGuid\":\"{C784477D-8F33-6539-44AD-030000000000}\",\"LogonId\":\"0x3ad44\",\"Message\":\"\",\"OpcodeValue\":0,\"OriginalFileName\":\"-\",\"ParentCommandLine\":\"C:\\\\Windows\\\\Explorer.EXE\",\"ParentImage\":\"C:\\\\Windows\\\\explorer.exe\",\"ParentProcessGuid\":\"{C784477D-8F34-6539-6A00-000000003B00}\",\"ParentProcessId\":\"4944\",\"ProcessGuid\":\"{C784477D-ACAA-653D-7D06-000000003B00}\",\"ProcessID\":2332,\"ProcessId\":\"6284\",\"Product\":\"-\",\"ProviderGuid\":\"{5770385F-C22A-43E0-BF4C-06F5698FFBD9}\",\"RecordNumber\":462620,\"RuleName\":\"-\",\"SourceName\":\"Microsoft-Windows-Sysmon\",\"TerminalSessionId\":\"1\",\"ThreadID\":696,\"User\":\"DESKTOPS\\\\oscar.wild\",\"UserID\":\"S-1-5-18\",\"UtcTime\":\"2024-12-28 05:32:29.136\",\"Version\":5}\r\nudm.principal.process.file.full_path: C:\\Windows\\explorer.exe"
        ]
    },
    "101": {
        "alert_brief": "Use Google Cloud Threat Intel hash intelligence to scan for malicious process launch activity2210231586.exe launched by cmd.exe",
        "ini_data": [
            "{\"Channel\":\"Microsoft-Windows-Sysmon/Operational\",\"CommandLine\":\"\\\"C:\\\\Users\\\\oscar.wild\\\\AppData\\\\Local\\\\Temp\\\\2210231586.exe\\\" \",\"Company\":\"-\",\"Computer\":\"DESKTOPS\",\"CurrentDirectory\":\"C:\\\\Users\\\\oscar.wild\\\\Desktop\\\\\",\"Description\":\"-\",\"EventID\":1,\"FileVersion\":\"-\",\"Hashes\":\"MD5=DA1E9AA523AA8EE2CBBED75292F9C7C8,SHA256=E16A60A10EBACD0B8AF5320E9582ABD6B1EC86B459BD35FD4E69BD37807F4A47,IMPHASH=18690DF0ED1BE01972DCB3DC78C42692\",\"Hostname\":\"oscar.wild.desktop\",\"Image\":\"C:\\\\Users\\\\oscar.wild\\\\AppData\\\\Local\\\\Temp\\\\2210231586.exe\",\"IntegrityLevel\":\"High\",\"Level\":4,\"LogonGuid\":\"{C784477D-2F94-647F-C9CC-030000000000}\",\"LogonId\":\"0x3ccc9\",\"Message\":\"\",\"OpcodeValue\":0,\"OriginalFileName\":\"-\",\"ParentCommandLine\":\"\\\"C:\\\\Windows\\\\System32\\\\cmd.exe\\\" /c start /I \\\"\\\" \\\"C:\\\\Users\\\\oscar.wild\\\\AppData\\\\Local\\\\Temp\\\\2210231586.exe\\\"\",\"ParentImage\":\"C:\\\\Windows\\\\SysWOW64\\\\cmd.exe\",\"ParentProcessGuid\":\"{C784477D-A42A-6517-2606-000000004400}\",\"ParentProcessId\":\"3380\",\"ProcessGuid\":\"{C784477D-A42A-6517-2806-000000004400}\",\"ProcessID\":2296,\"ProcessId\":\"3080\",\"Product\":\"-\",\"ProviderGuid\":\"{5770385F-C22A-43E0-BF4C-06F5698FFBD9}\",\"RecordNumber\":1366193,\"RuleName\":\"-\",\"SourceName\":\"Microsoft-Windows-Sysmon\",\"TerminalSessionId\":\"1\",\"ThreadID\":364,\"User\":\"DESKTOPS\\\\oscar.wild\",\"UserID\":\"S-1-5-18\",\"UtcTime\":\"2024-11-09 05:32:13.136\",\"Version\":5}\r\nudm.principal.process.file.full_path: C:\\Windows\\SysWOW64\\cmd.exe"
        ]
    },
    "102": {
        "alert_brief": "Use Google Cloud Threat Intel hash intelligence to scan for malicious process launch activityClient Update.exe launched by 48005",
        "ini_data": [
            "{\"metadata\":{\"logType\":\"PROCESS_LAUNCH\",\"productVersion\":\"1.2\",\"vendorName\":\"Tanium\",\"productName\":\"Tanium Event Emitter\",\"eventTimestamp\":\"2024-12-08T01:38:28.272+00:00\"},\"principal\":{\"process\":{\"pid\":\"57441\",\"parentPid\":\"48005\",\"productSpecificProcessId\":\"57441\",\"productSpecificParentProcessId\":\"48005\",\"file\":{\"fullPath\":\"C:\\\\Users\\\\alice\\\\Downloads\\\\Client Update.exe\",\"md5\":\"17150a137c43235ad07011b552f9ff27\"}},\"hostname\":\"alice-benjamin-pc\",\"assetId\":\"alice-benjamin-pc\",\"user\":{\"userid\":\"alice\",\"groupid\":none}}}"
        ]
    },
    "103": {
        "alert_brief": "Use Google Cloud Threat Intel hash intelligence to scan for malicious process launch activityWindPlugin.exe launched by explorer.exe",
        "ini_data": [
            "{\"Channel\":\"Microsoft-Windows-Sysmon/Operational\",\"CommandLine\":\"\\\"C:\\\\Users\\\\stevemorris\\\\AppData\\\\Roaming\\\\Microsoft\\\\Windows\\\\Start Menu\\\\Programs\\\\Startup\\\\WindPlugin.exe\\\" \",\"Company\":\"Softdiv Software Sdn Bhd\",\"Computer\":\"DESKTOP-SM\",\"CurrentDirectory\":\"C:\\\\Users\\\\stevemorris\\\\AppData\\\\Roaming\\\\Microsoft\\\\Windows\\\\Start Menu\\\\Programs\\\\Startup\\\\\",\"Description\":\"Softdiv MP3 to WAV Converter.exe\",\"EventID\":1,\"FileVersion\":\"0.3.2.0\",\"Hashes\":\"MD5=4265F75CBB4BA1BC23B07890ED42872B,SHA256=5A29583A80B7DC2CBCE4B8712024DCDFF9F777D908B6F16DFB3D59FAD991083E,IMPHASH=F34D5F2D4577ED6D9CEEC516C1F5A744\",\"Hostname\":\"stevemorris-pc\",\"Image\":\"C:\\\\Users\\\\stevemorris\\\\AppData\\\\Roaming\\\\Microsoft\\\\Windows\\\\Start Menu\\\\Programs\\\\Startup\\\\WindPlugin.exe\",\"IntegrityLevel\":\"Medium\",\"Level\":4,\"LogonGuid\":\"{C784477D-AA65-6384-F2E8-030000000000}\",\"LogonId\":\"0x3e8f2\",\"Message\":\"\",\"OpcodeValue\":0,\"OriginalFileName\":\"fbab6880a695.exe\",\"ParentCommandLine\":\"C:\\\\Windows\\\\Explorer.EXE\",\"ParentImage\":\"C:\\\\Windows\\\\explorer.exe\",\"ParentProcessGuid\":\"{C784477D-AA65-6384-6B00-000000004300}\",\"ParentProcessId\":\"4920\",\"ProcessGuid\":\"{C784477D-2B5F-638F-0806-000000004300}\",\"ProcessID\":2288,\"ProcessId\":\"468\",\"Product\":\"Softdiv MP3 to WAV Converter 3.2\",\"ProviderGuid\":\"{5770385F-C22A-43E0-BF4C-06F5698FFBD9}\",\"RecordNumber\":92342,\"RuleName\":\"-\",\"SourceName\":\"Microsoft-Windows-Sysmon\",\"TerminalSessionId\":\"1\",\"ThreadID\":688,\"User\":\"DESKTOP-SM\\\\stevemorris\",\"UserID\":\"S-1-5-12-783622181-14434791-6080415151-691320\",\"UtcTime\":\"2024-11-17 05:32:17.000000\",\"Version\":5}\r\nudm.principal.process.file.full_path: C:\\Windows\\explorer.exe"
        ]
    },
    "104": {
        "alert_brief": "Use Google Cloud Threat Intel hash intelligence to scan for malicious process launch activityprogram.exe launched by explorer.exe",
        "ini_data": [
            "{\"Channel\":\"Microsoft-Windows-Sysmon/Operational\",\"CommandLine\":\"\\\"C:\\\\Users\\\\stevemorris\\\\Desktop\\\\program.exe\\\"\",\"Company\":\"Softdiv Software Sdn Bhd\",\"Computer\":\"DESKTOP-SM\",\"CurrentDirectory\":\"C:\\\\Users\\\\stevemorris\\\\Desktop\\\\\",\"Description\":\"Softdiv MP3 to WAV Converter.exe\",\"EventID\":1,\"FileVersion\":\"0.3.2.0\",\"Hashes\":\"MD5=4265F75CBB4BA1BC23B07890ED42872B,SHA256=5A29583A80B7DC2CBCE4B8712024DCDFF9F777D908B6F16DFB3D59FAD991083E,IMPHASH=F34D5F2D4577ED6D9CEEC516C1F5A744\",\"Hostname\":\"stevemorris-pc\",\"Image\":\"C:\\\\Users\\\\stevemorris\\\\Desktop\\\\program.exe\",\"IntegrityLevel\":\"High\",\"Level\":4,\"LogonGuid\":\"{C784477D-AA65-6384-87E8-030000000000}\",\"LogonId\":\"0x3e887\",\"Message\":\"\",\"OpcodeValue\":0,\"OriginalFileName\":\"fbab6880a695.exe\",\"ParentCommandLine\":\"C:\\\\Windows\\\\Explorer.EXE\",\"ParentImage\":\"C:\\\\Windows\\\\explorer.exe\",\"ParentProcessGuid\":\"{C784477D-AA65-6384-6B00-000000004300}\",\"ParentProcessId\":\"4920\",\"ProcessGuid\":\"{C784477D-3B4B-638F-0206-000000004300}\",\"ProcessID\":2288,\"ProcessId\":\"6288\",\"Product\":\"Softdiv MP3 to WAV Converter 3.2\",\"ProviderGuid\":\"{5770385F-C22A-43E0-BF4C-06F5698FFBD9}\",\"RecordNumber\":92332,\"RuleName\":\"-\",\"SourceName\":\"Microsoft-Windows-Sysmon\",\"TerminalSessionId\":\"1\",\"ThreadID\":688,\"User\":\"DESKTOP-SM\\\\stevemorris\",\"UserID\":\"S-1-5-12-783622181-14434791-6080415151-691320\",\"UtcTime\":\"2024-11-23 05:32:28.000000\",\"Version\":5}\r\nudm.principal.process.file.full_path: C:\\Windows\\explorer.exe"
        ]
    },
    "105": {
        "alert_brief": "Use Google Cloud Threat Intel hash intelligence to scan for malicious process launch activity4848.exe launched by explorer.exe",
        "ini_data": [
            "{\"Channel\":\"Microsoft-Windows-Sysmon/Operational\",\"CommandLine\":\"C:\\\\Users\\\\oscar.wild\\\\AppData\\\\Local\\\\Temp\\\\4848.exe\",\"Company\":\"-\",\"Computer\":\"DESKTOPS\",\"CurrentDirectory\":\"C:\\\\Users\\\\oscar.wild\\\\AppData\\\\Local\\\\Temp\\\\\",\"Description\":\" \",\"EventID\":1,\"FileVersion\":\"1.0.0.0\",\"Hashes\":\"MD5=DD879217D6270CE10527C1F4752E2602,SHA256=A406A3C1474A57C62F3DBD56AA15D5D732E6A0FE8BBFD7BCE9425B132204DA8B,IMPHASH=F34D5F2D4577ED6D9CEEC516C1F5A744\",\"Hostname\":\"oscar.wild.desktop\",\"Image\":\"C:\\\\Users\\\\oscar.wild\\\\AppData\\\\Local\\\\Temp\\\\4848.exe\",\"IntegrityLevel\":\"Medium\",\"Level\":4,\"LogonGuid\":\"{C784477D-83CA-6536-C5CD-030000000000}\",\"LogonId\":\"0x3cdc5\",\"Message\":\"\",\"OpcodeValue\":0,\"OriginalFileName\":\"newrock.exe\",\"ParentCommandLine\":\"C:\\\\Windows\\\\Explorer.EXE\",\"ParentImage\":\"C:\\\\Windows\\\\explorer.exe\",\"ParentProcessGuid\":\"{C784477D-83CA-6536-6B00-000000004A00}\",\"ParentProcessId\":\"4968\",\"ProcessGuid\":\"{C784477D-969B-653B-B006-000000004A00}\",\"ProcessID\":2308,\"ProcessId\":\"10148\",\"Product\":\"-\",\"ProviderGuid\":\"{5770385F-C22A-43E0-BF4C-06F5698FFBD9}\",\"RecordNumber\":1379908,\"RuleName\":\"-\",\"SourceName\":\"Microsoft-Windows-Sysmon\",\"TerminalSessionId\":\"1\",\"ThreadID\":704,\"User\":\"DESKTOPS\\\\oscar.wild\",\"UserID\":\"S-1-5-18\",\"UtcTime\":\"2024-11-13 05:32:22.136\",\"Version\":5}\r\nudm.principal.process.file.full_path: C:\\Windows\\explorer.exe"
        ]
    },
    "106": {
        "alert_brief": "Use Google Cloud Threat Intel hash intelligence to scan for malicious process launch activityw7k5wgm3y.exe launched by explorer.exe",
        "ini_data": [
            "{\"Channel\":\"Microsoft-Windows-Sysmon/Operational\",\"CommandLine\":\"\\\"C:\\\\ProgramData\\\\Google Updater 2.0\\\\w7k5wgm3y.exe\\\" \",\"Company\":\"Softdiv Software Sdn Bhd\",\"Computer\":\"DESKTOP-SM\",\"CurrentDirectory\":\"C:\\\\ProgramData\\\\Google Updater 2.0\\\\\",\"Description\":\"Softdiv MP3 to WAV Converter.exe\",\"EventID\":1,\"FileVersion\":\"0.3.2.0\",\"Hashes\":\"MD5=4265F75CBB4BA1BC23B07890ED42872B,SHA256=5A29583A80B7DC2CBCE4B8712024DCDFF9F777D908B6F16DFB3D59FAD991083E,IMPHASH=F34D5F2D4577ED6D9CEEC516C1F5A744\",\"Hostname\":\"stevemorris-pc\",\"Image\":\"C:\\\\ProgramData\\\\Google Updater 2.0\\\\w7k5wgm3y.exe\",\"IntegrityLevel\":\"Medium\",\"Level\":4,\"LogonGuid\":\"{C784477D-AA65-6384-F2E8-030000000000}\",\"LogonId\":\"0x3e8f2\",\"Message\":\"\",\"OpcodeValue\":0,\"OriginalFileName\":\"fbab6880a695.exe\",\"ParentCommandLine\":\"C:\\\\Windows\\\\Explorer.EXE\",\"ParentImage\":\"C:\\\\Windows\\\\explorer.exe\",\"ParentProcessGuid\":\"{C784477D-AA65-6384-6B00-000000004300}\",\"ParentProcessId\":\"4920\",\"ProcessGuid\":\"{C784477D-2B80-638F-1006-000000004300}\",\"ProcessID\":2288,\"ProcessId\":\"3088\",\"Product\":\"Softdiv MP3 to WAV Converter 3.2\",\"ProviderGuid\":\"{5770385F-C22A-43E0-BF4C-06F5698FFBD9}\",\"RecordNumber\":92362,\"RuleName\":\"-\",\"SourceName\":\"Microsoft-Windows-Sysmon\",\"TerminalSessionId\":\"1\",\"ThreadID\":688,\"User\":\"DESKTOP-SM\\\\stevemorris\",\"UserID\":\"S-1-5-12-783622181-14434791-6080415151-691320\",\"UtcTime\":\"2024-11-22 05:32:18.000000\",\"Version\":5}\r\nudm.principal.process.file.full_path: C:\\Windows\\explorer.exe"
        ]
    },
    "107": {
        "alert_brief": "Use Google Cloud Threat Intel hash intelligence to scan for malicious process launch activity4848.exe launched by explorer.exe",
        "ini_data": [
            "{\"Channel\":\"Microsoft-Windows-Sysmon/Operational\",\"CommandLine\":\"C:\\\\Users\\\\oscar.wild\\\\AppData\\\\Local\\\\Temp\\\\4848.exe\",\"Company\":\"-\",\"Computer\":\"DESKTOPS\",\"CurrentDirectory\":\"C:\\\\Users\\\\oscar.wild\\\\AppData\\\\Local\\\\Temp\\\\\",\"Description\":\" \",\"EventID\":1,\"FileVersion\":\"1.0.0.0\",\"Hashes\":\"MD5=DD879217D6270CE10527C1F4752E2602,SHA256=A406A3C1474A57C62F3DBD56AA15D5D732E6A0FE8BBFD7BCE9425B132204DA8B,IMPHASH=F34D5F2D4577ED6D9CEEC516C1F5A744\",\"Hostname\":\"oscar.wild.desktop\",\"Image\":\"C:\\\\Users\\\\oscar.wild\\\\AppData\\\\Local\\\\Temp\\\\4848.exe\",\"IntegrityLevel\":\"Medium\",\"Level\":4,\"LogonGuid\":\"{C784477D-83CA-6536-C5CD-030000000000}\",\"LogonId\":\"0x3cdc5\",\"Message\":\"\",\"OpcodeValue\":0,\"OriginalFileName\":\"newrock.exe\",\"ParentCommandLine\":\"C:\\\\Windows\\\\Explorer.EXE\",\"ParentImage\":\"C:\\\\Windows\\\\explorer.exe\",\"ParentProcessGuid\":\"{C784477D-83CA-6536-6B00-000000004A00}\",\"ParentProcessId\":\"4968\",\"ProcessGuid\":\"{C784477D-969B-653B-B006-000000004A00}\",\"ProcessID\":2308,\"ProcessId\":\"10148\",\"Product\":\"-\",\"ProviderGuid\":\"{5770385F-C22A-43E0-BF4C-06F5698FFBD9}\",\"RecordNumber\":1379908,\"RuleName\":\"-\",\"SourceName\":\"Microsoft-Windows-Sysmon\",\"TerminalSessionId\":\"1\",\"ThreadID\":704,\"User\":\"DESKTOPS\\\\oscar.wild\",\"UserID\":\"S-1-5-18\",\"UtcTime\":\"2024-11-27 05:32:15.136\",\"Version\":5}\r\nudm.principal.process.file.full_path: C:\\Windows\\explorer.exe"
        ]
    },
    "108": {
        "alert_brief": "Use Google Cloud Threat Intel hash intelligence to scan for malicious process launch activity4848.exe launched by explorer.exe",
        "ini_data": [
            "{\"Channel\":\"Microsoft-Windows-Sysmon/Operational\",\"CommandLine\":\"C:\\\\Users\\\\oscar.wild\\\\AppData\\\\Local\\\\Temp\\\\4848.exe\",\"Company\":\"-\",\"Computer\":\"DESKTOPS\",\"CurrentDirectory\":\"C:\\\\Users\\\\oscar.wild\\\\AppData\\\\Local\\\\Temp\\\\\",\"Description\":\" \",\"EventID\":1,\"FileVersion\":\"1.0.0.0\",\"Hashes\":\"MD5=DD879217D6270CE10527C1F4752E2602,SHA256=A406A3C1474A57C62F3DBD56AA15D5D732E6A0FE8BBFD7BCE9425B132204DA8B,IMPHASH=F34D5F2D4577ED6D9CEEC516C1F5A744\",\"Hostname\":\"oscar.wild.desktop\",\"Image\":\"C:\\\\Users\\\\oscar.wild\\\\AppData\\\\Local\\\\Temp\\\\4848.exe\",\"IntegrityLevel\":\"Medium\",\"Level\":4,\"LogonGuid\":\"{C784477D-83CA-6536-C5CD-030000000000}\",\"LogonId\":\"0x3cdc5\",\"Message\":\"\",\"OpcodeValue\":0,\"OriginalFileName\":\"newrock.exe\",\"ParentCommandLine\":\"C:\\\\Windows\\\\Explorer.EXE\",\"ParentImage\":\"C:\\\\Windows\\\\explorer.exe\",\"ParentProcessGuid\":\"{C784477D-83CA-6536-6B00-000000004A00}\",\"ParentProcessId\":\"4968\",\"ProcessGuid\":\"{C784477D-969B-653B-B006-000000004A00}\",\"ProcessID\":2308,\"ProcessId\":\"10148\",\"Product\":\"-\",\"ProviderGuid\":\"{5770385F-C22A-43E0-BF4C-06F5698FFBD9}\",\"RecordNumber\":1379908,\"RuleName\":\"-\",\"SourceName\":\"Microsoft-Windows-Sysmon\",\"TerminalSessionId\":\"1\",\"ThreadID\":704,\"User\":\"DESKTOPS\\\\oscar.wild\",\"UserID\":\"S-1-5-18\",\"UtcTime\":\"2024-12-25 05:32:13.136\",\"Version\":5}\r\nudm.principal.process.file.full_path: C:\\Windows\\explorer.exe"
        ]
    },
    "109": {
        "alert_brief": "Use Google Cloud Threat Intel hash intelligence to scan for malicious process launch activityWindPlugin.exe launched by explorer.exe",
        "ini_data": [
