            "<14>Aug 14 05:04:30 serhatg.local Microsoft-Windows-Sysmon[3332]: {\"EventTime\":1691989470,\"Hostname\":\"serhatg.local\",\"Keywords\":-9223372036854775808,\"EventType\":\"INFO\",\"SeverityValue\":2,\"Severity\":\"INFO\",\"EventID\":3,\"SourceName\":\"Microsoft-Windows-Sysmon\",\"ProviderGuid\":\"{5770385F-C22A-43E0-BF4C-06F5698FFBD9}\",\"Version\":5,\"Task\":3,\"OpcodeValue\":0,\"RecordNumber\":924213,\"ProcessID\":3332,\"ThreadID\":4200,\"Channel\":\"Microsoft-Windows-Sysmon/Operational\",\"Domain\":\"NT AUTHORITY\",\"AccountName\":\"SYSTEM\",\"UserID\":\"S-1-5-18\",\"AccountType\":\"User\",\"Message\":\"Network connection detected:\\r\\nRuleName: Proxy\\r\\nUtcTime: 2023-08-14 05:04:30.956733\\r\\nProcessGuid: {036b06e3-ecbe-639b-4800-000000001a00}\\r\\nProcessId: 2780\\r\\nImage: C:\\\\Windows\\\\System32\\\\rundll32.exe\\r\\nUser: NT AUTHORITY\\\\SYSTEM\\r\\nProtocol: tcp\\r\\nInitiated: true\\r\\nSourceIsIpv6: false\\r\\nSourceIp: 10.19.122.14\\r\\nSourceHostname: serhatg.local\\r\\nSourcePort: 53969\\r\\nSourcePortName: -\\r\\nDestinationIsIpv6: false\\r\\nDestinationIp: 10.164.15.198\\r\\nDestinationHostname: domain.internal\\r\\nDestinationPort: 445\\r\\nDestinationPortName: -\",\"Category\":\"Network connection detected (rule: NetworkConnect)\",\"Opcode\":\"Info\",\"RuleName\":\"Proxy\",\"UtcTime\":\"2023-08-14 05:04:30.956733\",\"ProcessGuid\":\"{036b06e3-ecbe-639b-4800-000000001a00}\",\"Image\":\"C:\\\\Windows\\\\System32\\\\rundll32.exe\",\"User\":\"NT AUTHORITY\\\\SYSTEM\",\"Protocol\":\"tcp\",\"Initiated\":\"true\",\"SourceIsIpv6\":\"false\",\"SourceIp\":\"10.19.122.14\",\"SourceHostname\":\"serhatg.local\",\"SourcePort\":\"53969\",\"SourcePortName\":\"-\",\"DestinationIsIpv6\":\"false\",\"DestinationIp\":\"10.164.15.198\",\"DestinationHostname\":\"domain.internal\",\"DestinationPort\":\"445\",\"DestinationPortName\":\"-\",\"EventReceivedTime\":1691989470,\"SourceModuleName\":\"in_sysmon\",\"SourceModuleType\":\"im_msvistalog\"}\r\nudm.principal.process.file.full_path: C:\\Windows\\System32\\rundll32.exe"
        ]
    },
    "253": {
        "alert_brief": "This rule identifies Rundll32.exe interacting with SMB, which could be a sign of potential lateral movement.SYSTEM to domain.internal",
        "ini_data": [
            "<14>Apr 12 04:34:26 serhatg.local Microsoft-Windows-Sysmon[3332]: {\"EventTime\":1712810066,\"Hostname\":\"serhatg.local\",\"Keywords\":-9223372036854775808,\"EventType\":\"INFO\",\"SeverityValue\":2,\"Severity\":\"INFO\",\"EventID\":3,\"SourceName\":\"Microsoft-Windows-Sysmon\",\"ProviderGuid\":\"{5770385F-C22A-43E0-BF4C-06F5698FFBD9}\",\"Version\":5,\"Task\":3,\"OpcodeValue\":0,\"RecordNumber\":924213,\"ProcessID\":3332,\"ThreadID\":4200,\"Channel\":\"Microsoft-Windows-Sysmon/Operational\",\"Domain\":\"NT AUTHORITY\",\"AccountName\":\"SYSTEM\",\"UserID\":\"S-1-5-18\",\"AccountType\":\"User\",\"Message\":\"Network connection detected:\\r\\nRuleName: Proxy\\r\\nUtcTime: 2024-04-11 04:34:26.000000\\r\\nProcessGuid: {036b06e3-ecbe-639b-4800-000000001a00}\\r\\nProcessId: 2780\\r\\nImage: C:\\\\Windows\\\\System32\\\\rundll32.exe\\r\\nUser: NT AUTHORITY\\\\SYSTEM\\r\\nProtocol: tcp\\r\\nInitiated: true\\r\\nSourceIsIpv6: false\\r\\nSourceIp: 10.19.122.14\\r\\nSourceHostname: serhatg.local\\r\\nSourcePort: 53969\\r\\nSourcePortName: -\\r\\nDestinationIsIpv6: false\\r\\nDestinationIp: 10.164.15.198\\r\\nDestinationHostname: domain.internal\\r\\nDestinationPort: 445\\r\\nDestinationPortName: -\",\"Category\":\"Network connection detected (rule: NetworkConnect)\",\"Opcode\":\"Info\",\"RuleName\":\"Proxy\",\"UtcTime\":\"2024-04-11 04:34:26.000000\",\"ProcessGuid\":\"{036b06e3-ecbe-639b-4800-000000001a00}\",\"Image\":\"C:\\\\Windows\\\\System32\\\\rundll32.exe\",\"User\":\"NT AUTHORITY\\\\SYSTEM\",\"Protocol\":\"tcp\",\"Initiated\":\"true\",\"SourceIsIpv6\":\"false\",\"SourceIp\":\"10.19.122.14\",\"SourceHostname\":\"serhatg.local\",\"SourcePort\":\"53969\",\"SourcePortName\":\"-\",\"DestinationIsIpv6\":\"false\",\"DestinationIp\":\"10.164.15.198\",\"DestinationHostname\":\"domain.internal\",\"DestinationPort\":\"445\",\"DestinationPortName\":\"-\",\"EventReceivedTime\":1712810066,\"SourceModuleName\":\"in_sysmon\",\"SourceModuleType\":\"im_msvistalog\"}\r\nudm.principal.process.file.full_path: C:\\Windows\\System32\\rundll32.exe"
        ]
    },
    "254": {
        "alert_brief": "This rule identifies Rundll32.exe interacting with SMB, which could be a sign of potential lateral movement.SYSTEM to domain.internal",
        "ini_data": [
            "<14>Jan 15 14:03:34 serhatg.local Microsoft-Windows-Sysmon[3332]: {\"EventTime\":1673791414,\"Hostname\":\"serhatg.local\",\"Keywords\":-9223372036854775808,\"EventType\":\"INFO\",\"SeverityValue\":2,\"Severity\":\"INFO\",\"EventID\":3,\"SourceName\":\"Microsoft-Windows-Sysmon\",\"ProviderGuid\":\"{5770385F-C22A-43E0-BF4C-06F5698FFBD9}\",\"Version\":5,\"Task\":3,\"OpcodeValue\":0,\"RecordNumber\":924213,\"ProcessID\":3332,\"ThreadID\":4200,\"Channel\":\"Microsoft-Windows-Sysmon/Operational\",\"Domain\":\"NT AUTHORITY\",\"AccountName\":\"SYSTEM\",\"UserID\":\"S-1-5-18\",\"AccountType\":\"User\",\"Message\":\"Network connection detected:\\r\\nRuleName: Proxy\\r\\nUtcTime: 2023-01-15 14:03:34.534432\\r\\nProcessGuid: {036b06e3-ecbe-639b-4800-000000001a00}\\r\\nProcessId: 2780\\r\\nImage: C:\\\\Windows\\\\System32\\\\rundll32.exe\\r\\nUser: NT AUTHORITY\\\\SYSTEM\\r\\nProtocol: tcp\\r\\nInitiated: true\\r\\nSourceIsIpv6: false\\r\\nSourceIp: 10.19.122.14\\r\\nSourceHostname: serhatg.local\\r\\nSourcePort: 53969\\r\\nSourcePortName: -\\r\\nDestinationIsIpv6: false\\r\\nDestinationIp: 10.164.15.198\\r\\nDestinationHostname: domain.internal\\r\\nDestinationPort: 445\\r\\nDestinationPortName: -\",\"Category\":\"Network connection detected (rule: NetworkConnect)\",\"Opcode\":\"Info\",\"RuleName\":\"Proxy\",\"UtcTime\":\"2023-01-15 14:03:34.534432\",\"ProcessGuid\":\"{036b06e3-ecbe-639b-4800-000000001a00}\",\"Image\":\"C:\\\\Windows\\\\System32\\\\rundll32.exe\",\"User\":\"NT AUTHORITY\\\\SYSTEM\",\"Protocol\":\"tcp\",\"Initiated\":\"true\",\"SourceIsIpv6\":\"false\",\"SourceIp\":\"10.19.122.14\",\"SourceHostname\":\"serhatg.local\",\"SourcePort\":\"53969\",\"SourcePortName\":\"-\",\"DestinationIsIpv6\":\"false\",\"DestinationIp\":\"10.164.15.198\",\"DestinationHostname\":\"domain.internal\",\"DestinationPort\":\"445\",\"DestinationPortName\":\"-\",\"EventReceivedTime\":1673791414,\"SourceModuleName\":\"in_sysmon\",\"SourceModuleType\":\"im_msvistalog\"}\r\nudm.principal.process.file.full_path: C:\\Windows\\System32\\rundll32.exe"
        ]
    },
    "255": {
        "alert_brief": "Detects the execution of whoami, which is often used by attackers after exploitation to establish what credentials they are logged in underwhoami.exe launched by cmd.exe",
        "ini_data": [
            "<14>Sep 20 04:54:53 wrk-shasek.stackedpads.local Microsoft-Windows-Sysmon[2568]: {\"EventTime\":1726721691,\"Hostname\":\"wrk-shasek.stackedpads.local\",\"Keywords\":-9223372036854775808,\"EventType\":\"INFO\",\"SeverityValue\":2,\"Severity\":\"INFO\",\"EventID\":1,\"SourceName\":\"Microsoft-Windows-Sysmon\",\"ProviderGuid\":\"{5770385F-C22A-43E0-BF4C-06F5698FFBD9}\",\"Version\":5,\"Task\":1,\"OpcodeValue\":0,\"RecordNumber\":77314,\"ProcessID\":2568,\"ThreadID\":3284,\"Channel\":\"Microsoft-Windows-Sysmon/Operational\",\"Domain\":\"NT AUTHORITY\",\"AccountName\":\"SYSTEM\",\"UserID\":\"S-1-5-18\",\"AccountType\":\"User\",\"Message\":\"Process Create:\\r\\nRuleName: technique_id=T1033,technique_name=System Owner/User Discovery\\r\\nUtcTime: 2024-09-19 04:54:51.849\\r\\nProcessGuid: {6b7cbb53-4087-62c8-c601-000000000e00}\\r\\nProcessId: 2224\\r\\nImage: C:\\\\Windows\\\\System32\\\\whoami.exe\\r\\nFileVersion: 10.0.19041.1 (WinBuild.160101.0800)\\r\\nDescription: whoami - displays logged on user information\\r\\nProduct: Microsoft  Windows  Operating System\\r\\nCompany: Microsoft Corporation\\r\\nOriginalFileName: whoami.exe\\r\\nCommandLine: whoami\\r\\nCurrentDirectory: C:\\\\Windows\\\\system32\\\\\\r\\nUser: STACKEDPADS\\\\steve.hasek\\r\\nLogonGuid: {6b7cbb53-400e-62c8-9569-680000000000}\\r\\nLogonId: 0x686995\\r\\nTerminalSessionId: 5\\r\\nIntegrityLevel: High\\r\\nHashes: SHA1=1915FBFDB73FDD200C47880247ACDDE5442431A9,MD5=A4A6924F3EAF97981323703D38FD99C4,SHA256=1D4902A04D99E8CCBFE7085E63155955FEE397449D386453F6C452AE407B8743,IMPHASH=7FF0758B766F747CE57DFAC70743FB88\\r\\nParentProcessGuid: {6b7cbb53-4054-62c8-bb01-000000000e00}\\r\\nParentProcessId: 2292\\r\\nParentImage: C:\\\\Windows\\\\System32\\\\cmd.exe\\r\\nParentCommandLine: \\\"C:\\\\Windows\\\\system32\\\\cmd.exe\\\" \\r\\nParentUser: STACKEDPADS\\\\steve.hasek\",\"Category\":\"Process Create (rule: ProcessCreate)\",\"Opcode\":\"Info\",\"RuleName\":\"technique_id=T1033,technique_name=System Owner/User Discovery\",\"UtcTime\":\"2024-09-19 04:54:51.849\",\"ProcessGuid\":\"{6b7cbb53-4087-62c8-c601-000000000e00}\",\"Image\":\"C:\\\\Windows\\\\System32\\\\whoami.exe\",\"FileVersion\":\"10.0.19041.1 (WinBuild.160101.0800)\",\"Description\":\"whoami - displays logged on user information\",\"Product\":\"Microsoft  Windows  Operating System\",\"Company\":\"Microsoft Corporation\",\"OriginalFileName\":\"whoami.exe\",\"CommandLine\":\"whoami\",\"CurrentDirectory\":\"C:\\\\Windows\\\\system32\\\\\",\"User\":\"STACKEDPADS\\\\steve.hasek\",\"LogonGuid\":\"{6b7cbb53-400e-62c8-9569-680000000000}\",\"LogonId\":\"0x686995\",\"TerminalSessionId\":\"5\",\"IntegrityLevel\":\"High\",\"Hashes\":\"SHA1=1915FBFDB73FDD200C47880247ACDDE5442431A9,MD5=A4A6924F3EAF97981323703D38FD99C4,SHA256=1D4902A04D99E8CCBFE7085E63155955FEE397449D386453F6C452AE407B8743,IMPHASH=7FF0758B766F747CE57DFAC70743FB88\",\"ParentProcessGuid\":\"{6b7cbb53-4054-62c8-bb01-000000000e00}\",\"ParentProcessId\":\"2292\",\"ParentImage\":\"C:\\\\Windows\\\\System32\\\\cmd.exe\",\"ParentCommandLine\":\"\\\"C:\\\\Windows\\\\system32\\\\cmd.exe\\\" \",\"ParentUser\":\"STACKEDPADS\\\\steve.hasek\",\"EventReceivedTime\":1726721693,\"SourceModuleName\":\"in_sysmon\",\"SourceModuleType\":\"im_msvistalog\"}\r\nudm.principal.process.file.full_path: C:\\Windows\\System32\\cmd.exe\r\nudm.principal.process.file.sha256: b99d61d874728edc0918ca0eb10eab93d381e7367e377406e65963366c874450\r\nprincipal_process_command_line(Outcome): \"C:\\Windows\\system32\\cmd.exe\"\r\nprincipal_process_file_sha256(Outcome): b99d61d874728edc0918ca0eb10eab93d381e7367e377406e65963366c874450"
        ]
    },
    "256": {
        "alert_brief": "This rule identifies Rundll32.exe interacting with SMB, which could be a sign of potential lateral movement.SYSTEM to domain.internal",
        "ini_data": [
            "<14>Jun 12 04:33:16 serhatg.local Microsoft-Windows-Sysmon[3332]: {\"EventTime\":1718080396,\"Hostname\":\"serhatg.local\",\"Keywords\":-9223372036854775808,\"EventType\":\"INFO\",\"SeverityValue\":2,\"Severity\":\"INFO\",\"EventID\":3,\"SourceName\":\"Microsoft-Windows-Sysmon\",\"ProviderGuid\":\"{5770385F-C22A-43E0-BF4C-06F5698FFBD9}\",\"Version\":5,\"Task\":3,\"OpcodeValue\":0,\"RecordNumber\":924213,\"ProcessID\":3332,\"ThreadID\":4200,\"Channel\":\"Microsoft-Windows-Sysmon/Operational\",\"Domain\":\"NT AUTHORITY\",\"AccountName\":\"SYSTEM\",\"UserID\":\"S-1-5-18\",\"AccountType\":\"User\",\"Message\":\"Network connection detected:\\r\\nRuleName: Proxy\\r\\nUtcTime: 2024-06-11 04:33:16.000000\\r\\nProcessGuid: {036b06e3-ecbe-639b-4800-000000001a00}\\r\\nProcessId: 2780\\r\\nImage: C:\\\\Windows\\\\System32\\\\rundll32.exe\\r\\nUser: NT AUTHORITY\\\\SYSTEM\\r\\nProtocol: tcp\\r\\nInitiated: true\\r\\nSourceIsIpv6: false\\r\\nSourceIp: 10.19.122.14\\r\\nSourceHostname: serhatg.local\\r\\nSourcePort: 53969\\r\\nSourcePortName: -\\r\\nDestinationIsIpv6: false\\r\\nDestinationIp: 10.164.15.198\\r\\nDestinationHostname: domain.internal\\r\\nDestinationPort: 445\\r\\nDestinationPortName: -\",\"Category\":\"Network connection detected (rule: NetworkConnect)\",\"Opcode\":\"Info\",\"RuleName\":\"Proxy\",\"UtcTime\":\"2024-06-11 04:33:16.000000\",\"ProcessGuid\":\"{036b06e3-ecbe-639b-4800-000000001a00}\",\"Image\":\"C:\\\\Windows\\\\System32\\\\rundll32.exe\",\"User\":\"NT AUTHORITY\\\\SYSTEM\",\"Protocol\":\"tcp\",\"Initiated\":\"true\",\"SourceIsIpv6\":\"false\",\"SourceIp\":\"10.19.122.14\",\"SourceHostname\":\"serhatg.local\",\"SourcePort\":\"53969\",\"SourcePortName\":\"-\",\"DestinationIsIpv6\":\"false\",\"DestinationIp\":\"10.164.15.198\",\"DestinationHostname\":\"domain.internal\",\"DestinationPort\":\"445\",\"DestinationPortName\":\"-\",\"EventReceivedTime\":1718080396,\"SourceModuleName\":\"in_sysmon\",\"SourceModuleType\":\"im_msvistalog\"}\r\nudm.principal.process.file.full_path: C:\\Windows\\System32\\rundll32.exe"
        ]
    },
    "257": {
        "alert_brief": "This rule identifies Rundll32.exe interacting with SMB, which could be a sign of potential lateral movement.SYSTEM to domain.internal",
        "ini_data": [
            "<14>Jan 31 14:27:06 serhatg.local Microsoft-Windows-Sysmon[3332]: {\"EventTime\":1675175226,\"Hostname\":\"serhatg.local\",\"Keywords\":-9223372036854775808,\"EventType\":\"INFO\",\"SeverityValue\":2,\"Severity\":\"INFO\",\"EventID\":3,\"SourceName\":\"Microsoft-Windows-Sysmon\",\"ProviderGuid\":\"{5770385F-C22A-43E0-BF4C-06F5698FFBD9}\",\"Version\":5,\"Task\":3,\"OpcodeValue\":0,\"RecordNumber\":924213,\"ProcessID\":3332,\"ThreadID\":4200,\"Channel\":\"Microsoft-Windows-Sysmon/Operational\",\"Domain\":\"NT AUTHORITY\",\"AccountName\":\"SYSTEM\",\"UserID\":\"S-1-5-18\",\"AccountType\":\"User\",\"Message\":\"Network connection detected:\\r\\nRuleName: Proxy\\r\\nUtcTime: 2023-01-31 14:27:06.000602\\r\\nProcessGuid: {036b06e3-ecbe-639b-4800-000000001a00}\\r\\nProcessId: 2780\\r\\nImage: C:\\\\Windows\\\\System32\\\\rundll32.exe\\r\\nUser: NT AUTHORITY\\\\SYSTEM\\r\\nProtocol: tcp\\r\\nInitiated: true\\r\\nSourceIsIpv6: false\\r\\nSourceIp: 10.19.122.14\\r\\nSourceHostname: serhatg.local\\r\\nSourcePort: 53969\\r\\nSourcePortName: -\\r\\nDestinationIsIpv6: false\\r\\nDestinationIp: 10.164.15.198\\r\\nDestinationHostname: domain.internal\\r\\nDestinationPort: 445\\r\\nDestinationPortName: -\",\"Category\":\"Network connection detected (rule: NetworkConnect)\",\"Opcode\":\"Info\",\"RuleName\":\"Proxy\",\"UtcTime\":\"2023-01-31 14:27:06.000602\",\"ProcessGuid\":\"{036b06e3-ecbe-639b-4800-000000001a00}\",\"Image\":\"C:\\\\Windows\\\\System32\\\\rundll32.exe\",\"User\":\"NT AUTHORITY\\\\SYSTEM\",\"Protocol\":\"tcp\",\"Initiated\":\"true\",\"SourceIsIpv6\":\"false\",\"SourceIp\":\"10.19.122.14\",\"SourceHostname\":\"serhatg.local\",\"SourcePort\":\"53969\",\"SourcePortName\":\"-\",\"DestinationIsIpv6\":\"false\",\"DestinationIp\":\"10.164.15.198\",\"DestinationHostname\":\"domain.internal\",\"DestinationPort\":\"445\",\"DestinationPortName\":\"-\",\"EventReceivedTime\":1675175226,\"SourceModuleName\":\"in_sysmon\",\"SourceModuleType\":\"im_msvistalog\"}\r\nudm.principal.process.file.full_path: C:\\Windows\\System32\\rundll32.exe"
        ]
    },
    "258": {
        "alert_brief": "This rule identifies Rundll32.exe interacting with SMB, which could be a sign of potential lateral movement.SYSTEM to domain.internal",
        "ini_data": [
            "<14>Feb 06 04:03:25 serhatg.local Microsoft-Windows-Sysmon[3332]: {\"EventTime\":1675656205,\"Hostname\":\"serhatg.local\",\"Keywords\":-9223372036854775808,\"EventType\":\"INFO\",\"SeverityValue\":2,\"Severity\":\"INFO\",\"EventID\":3,\"SourceName\":\"Microsoft-Windows-Sysmon\",\"ProviderGuid\":\"{5770385F-C22A-43E0-BF4C-06F5698FFBD9}\",\"Version\":5,\"Task\":3,\"OpcodeValue\":0,\"RecordNumber\":924213,\"ProcessID\":3332,\"ThreadID\":4200,\"Channel\":\"Microsoft-Windows-Sysmon/Operational\",\"Domain\":\"NT AUTHORITY\",\"AccountName\":\"SYSTEM\",\"UserID\":\"S-1-5-18\",\"AccountType\":\"User\",\"Message\":\"Network connection detected:\\r\\nRuleName: Proxy\\r\\nUtcTime: 2023-02-06 04:03:25.823700\\r\\nProcessGuid: {036b06e3-ecbe-639b-4800-000000001a00}\\r\\nProcessId: 2780\\r\\nImage: C:\\\\Windows\\\\System32\\\\rundll32.exe\\r\\nUser: NT AUTHORITY\\\\SYSTEM\\r\\nProtocol: tcp\\r\\nInitiated: true\\r\\nSourceIsIpv6: false\\r\\nSourceIp: 10.19.122.14\\r\\nSourceHostname: serhatg.local\\r\\nSourcePort: 53969\\r\\nSourcePortName: -\\r\\nDestinationIsIpv6: false\\r\\nDestinationIp: 10.164.15.198\\r\\nDestinationHostname: domain.internal\\r\\nDestinationPort: 445\\r\\nDestinationPortName: -\",\"Category\":\"Network connection detected (rule: NetworkConnect)\",\"Opcode\":\"Info\",\"RuleName\":\"Proxy\",\"UtcTime\":\"2023-02-06 04:03:25.823700\",\"ProcessGuid\":\"{036b06e3-ecbe-639b-4800-000000001a00}\",\"Image\":\"C:\\\\Windows\\\\System32\\\\rundll32.exe\",\"User\":\"NT AUTHORITY\\\\SYSTEM\",\"Protocol\":\"tcp\",\"Initiated\":\"true\",\"SourceIsIpv6\":\"false\",\"SourceIp\":\"10.19.122.14\",\"SourceHostname\":\"serhatg.local\",\"SourcePort\":\"53969\",\"SourcePortName\":\"-\",\"DestinationIsIpv6\":\"false\",\"DestinationIp\":\"10.164.15.198\",\"DestinationHostname\":\"domain.internal\",\"DestinationPort\":\"445\",\"DestinationPortName\":\"-\",\"EventReceivedTime\":1675656205,\"SourceModuleName\":\"in_sysmon\",\"SourceModuleType\":\"im_msvistalog\"}\r\nudm.principal.process.file.full_path: C:\\Windows\\System32\\rundll32.exe"
        ]
    },
    "259": {
        "alert_brief": "This rule identifies Rundll32.exe interacting with SMB, which could be a sign of potential lateral movement.SYSTEM to domain.internal",
        "ini_data": [
            "<14>Dec 30  6:49:00 serhatg.local Microsoft-Windows-Sysmon[3332]: {\"EventTime\":1672382940,\"Hostname\":\"serhatg.local\",\"Keywords\":-9223372036854775808,\"EventType\":\"INFO\",\"SeverityValue\":2,\"Severity\":\"INFO\",\"EventID\":3,\"SourceName\":\"Microsoft-Windows-Sysmon\",\"ProviderGuid\":\"{5770385F-C22A-43E0-BF4C-06F5698FFBD9}\",\"Version\":5,\"Task\":3,\"OpcodeValue\":0,\"RecordNumber\":924213,\"ProcessID\":3332,\"ThreadID\":4200,\"Channel\":\"Microsoft-Windows-Sysmon/Operational\",\"Domain\":\"NT AUTHORITY\",\"AccountName\":\"SYSTEM\",\"UserID\":\"S-1-5-18\",\"AccountType\":\"User\",\"Message\":\"Network connection detected:\\r\\nRuleName: Proxy\\r\\nUtcTime: 2022-12-30 06:49:00.000000\\r\\nProcessGuid: {036b06e3-ecbe-639b-4800-000000001a00}\\r\\nProcessId: 2780\\r\\nImage: C:\\\\Windows\\\\System32\\\\rundll32.exe\\r\\nUser: NT AUTHORITY\\\\SYSTEM\\r\\nProtocol: tcp\\r\\nInitiated: true\\r\\nSourceIsIpv6: false\\r\\nSourceIp: 10.19.122.14\\r\\nSourceHostname: serhatg.local\\r\\nSourcePort: 53969\\r\\nSourcePortName: -\\r\\nDestinationIsIpv6: false\\r\\nDestinationIp: 10.164.15.198\\r\\nDestinationHostname: domain.internal\\r\\nDestinationPort: 445\\r\\nDestinationPortName: -\",\"Category\":\"Network connection detected (rule: NetworkConnect)\",\"Opcode\":\"Info\",\"RuleName\":\"Proxy\",\"UtcTime\":\"2022-12-30 06:49:00.000000\",\"ProcessGuid\":\"{036b06e3-ecbe-639b-4800-000000001a00}\",\"Image\":\"C:\\\\Windows\\\\System32\\\\rundll32.exe\",\"User\":\"NT AUTHORITY\\\\SYSTEM\",\"Protocol\":\"tcp\",\"Initiated\":\"true\",\"SourceIsIpv6\":\"false\",\"SourceIp\":\"10.19.122.14\",\"SourceHostname\":\"serhatg.local\",\"SourcePort\":\"53969\",\"SourcePortName\":\"-\",\"DestinationIsIpv6\":\"false\",\"DestinationIp\":\"10.164.15.198\",\"DestinationHostname\":\"domain.internal\",\"DestinationPort\":\"445\",\"DestinationPortName\":\"-\",\"EventReceivedTime\":1672382940,\"SourceModuleName\":\"in_sysmon\",\"SourceModuleType\":\"im_msvistalog\"}\r\nudm.principal.process.file.full_path: C:\\Windows\\System32\\rundll32.exe"
        ]
    },
    "260": {
        "alert_brief": "This rule identifies Rundll32.exe interacting with SMB, which could be a sign of potential lateral movement.SYSTEM to domain.internal",
        "ini_data": [
            "<14>Jan 09 12:01:16 serhatg.local Microsoft-Windows-Sysmon[3332]: {\"EventTime\":1673265676,\"Hostname\":\"serhatg.local\",\"Keywords\":-9223372036854775808,\"EventType\":\"INFO\",\"SeverityValue\":2,\"Severity\":\"INFO\",\"EventID\":3,\"SourceName\":\"Microsoft-Windows-Sysmon\",\"ProviderGuid\":\"{5770385F-C22A-43E0-BF4C-06F5698FFBD9}\",\"Version\":5,\"Task\":3,\"OpcodeValue\":0,\"RecordNumber\":924213,\"ProcessID\":3332,\"ThreadID\":4200,\"Channel\":\"Microsoft-Windows-Sysmon/Operational\",\"Domain\":\"NT AUTHORITY\",\"AccountName\":\"SYSTEM\",\"UserID\":\"S-1-5-18\",\"AccountType\":\"User\",\"Message\":\"Network connection detected:\\r\\nRuleName: Proxy\\r\\nUtcTime: 2023-01-09 12:01:16.554119\\r\\nProcessGuid: {036b06e3-ecbe-639b-4800-000000001a00}\\r\\nProcessId: 2780\\r\\nImage: C:\\\\Windows\\\\System32\\\\rundll32.exe\\r\\nUser: NT AUTHORITY\\\\SYSTEM\\r\\nProtocol: tcp\\r\\nInitiated: true\\r\\nSourceIsIpv6: false\\r\\nSourceIp: 10.19.122.14\\r\\nSourceHostname: serhatg.local\\r\\nSourcePort: 53969\\r\\nSourcePortName: -\\r\\nDestinationIsIpv6: false\\r\\nDestinationIp: 10.164.15.198\\r\\nDestinationHostname: domain.internal\\r\\nDestinationPort: 445\\r\\nDestinationPortName: -\",\"Category\":\"Network connection detected (rule: NetworkConnect)\",\"Opcode\":\"Info\",\"RuleName\":\"Proxy\",\"UtcTime\":\"2023-01-09 12:01:16.554119\",\"ProcessGuid\":\"{036b06e3-ecbe-639b-4800-000000001a00}\",\"Image\":\"C:\\\\Windows\\\\System32\\\\rundll32.exe\",\"User\":\"NT AUTHORITY\\\\SYSTEM\",\"Protocol\":\"tcp\",\"Initiated\":\"true\",\"SourceIsIpv6\":\"false\",\"SourceIp\":\"10.19.122.14\",\"SourceHostname\":\"serhatg.local\",\"SourcePort\":\"53969\",\"SourcePortName\":\"-\",\"DestinationIsIpv6\":\"false\",\"DestinationIp\":\"10.164.15.198\",\"DestinationHostname\":\"domain.internal\",\"DestinationPort\":\"445\",\"DestinationPortName\":\"-\",\"EventReceivedTime\":1673265676,\"SourceModuleName\":\"in_sysmon\",\"SourceModuleType\":\"im_msvistalog\"}\r\nudm.principal.process.file.full_path: C:\\Windows\\System32\\rundll32.exe"
        ]
    },
    "261": {
        "alert_brief": "This rule identifies Rundll32.exe interacting with SMB, which could be a sign of potential lateral movement.SYSTEM to domain.internal",
        "ini_data": [
            "<14>Jan 18 10:12:53 serhatg.local Microsoft-Windows-Sysmon[3332]: {\"EventTime\":1674036773,\"Hostname\":\"serhatg.local\",\"Keywords\":-9223372036854775808,\"EventType\":\"INFO\",\"SeverityValue\":2,\"Severity\":\"INFO\",\"EventID\":3,\"SourceName\":\"Microsoft-Windows-Sysmon\",\"ProviderGuid\":\"{5770385F-C22A-43E0-BF4C-06F5698FFBD9}\",\"Version\":5,\"Task\":3,\"OpcodeValue\":0,\"RecordNumber\":924213,\"ProcessID\":3332,\"ThreadID\":4200,\"Channel\":\"Microsoft-Windows-Sysmon/Operational\",\"Domain\":\"NT AUTHORITY\",\"AccountName\":\"SYSTEM\",\"UserID\":\"S-1-5-18\",\"AccountType\":\"User\",\"Message\":\"Network connection detected:\\r\\nRuleName: Proxy\\r\\nUtcTime: 2023-01-18 10:12:53.035808\\r\\nProcessGuid: {036b06e3-ecbe-639b-4800-000000001a00}\\r\\nProcessId: 2780\\r\\nImage: C:\\\\Windows\\\\System32\\\\rundll32.exe\\r\\nUser: NT AUTHORITY\\\\SYSTEM\\r\\nProtocol: tcp\\r\\nInitiated: true\\r\\nSourceIsIpv6: false\\r\\nSourceIp: 10.19.122.14\\r\\nSourceHostname: serhatg.local\\r\\nSourcePort: 53969\\r\\nSourcePortName: -\\r\\nDestinationIsIpv6: false\\r\\nDestinationIp: 10.164.15.198\\r\\nDestinationHostname: domain.internal\\r\\nDestinationPort: 445\\r\\nDestinationPortName: -\",\"Category\":\"Network connection detected (rule: NetworkConnect)\",\"Opcode\":\"Info\",\"RuleName\":\"Proxy\",\"UtcTime\":\"2023-01-18 10:12:53.035808\",\"ProcessGuid\":\"{036b06e3-ecbe-639b-4800-000000001a00}\",\"Image\":\"C:\\\\Windows\\\\System32\\\\rundll32.exe\",\"User\":\"NT AUTHORITY\\\\SYSTEM\",\"Protocol\":\"tcp\",\"Initiated\":\"true\",\"SourceIsIpv6\":\"false\",\"SourceIp\":\"10.19.122.14\",\"SourceHostname\":\"serhatg.local\",\"SourcePort\":\"53969\",\"SourcePortName\":\"-\",\"DestinationIsIpv6\":\"false\",\"DestinationIp\":\"10.164.15.198\",\"DestinationHostname\":\"domain.internal\",\"DestinationPort\":\"445\",\"DestinationPortName\":\"-\",\"EventReceivedTime\":1674036773,\"SourceModuleName\":\"in_sysmon\",\"SourceModuleType\":\"im_msvistalog\"}\r\nudm.principal.process.file.full_path: C:\\Windows\\System32\\rundll32.exe"
        ]
    },
    "262": {
        "alert_brief": "This rule identifies Rundll32.exe interacting with SMB, which could be a sign of potential lateral movement.SYSTEM to domain.internal",
        "ini_data": [
            "<14>Nov 20 05:33:34 serhatg.local Microsoft-Windows-Sysmon[3332]: {\"EventTime\":1731994414,\"Hostname\":\"serhatg.local\",\"Keywords\":-9223372036854775808,\"EventType\":\"INFO\",\"SeverityValue\":2,\"Severity\":\"INFO\",\"EventID\":3,\"SourceName\":\"Microsoft-Windows-Sysmon\",\"ProviderGuid\":\"{5770385F-C22A-43E0-BF4C-06F5698FFBD9}\",\"Version\":5,\"Task\":3,\"OpcodeValue\":0,\"RecordNumber\":924213,\"ProcessID\":3332,\"ThreadID\":4200,\"Channel\":\"Microsoft-Windows-Sysmon/Operational\",\"Domain\":\"NT AUTHORITY\",\"AccountName\":\"SYSTEM\",\"UserID\":\"S-1-5-18\",\"AccountType\":\"User\",\"Message\":\"Network connection detected:\\r\\nRuleName: Proxy\\r\\nUtcTime: 2024-11-19 05:33:34.000000\\r\\nProcessGuid: {036b06e3-ecbe-639b-4800-000000001a00}\\r\\nProcessId: 2780\\r\\nImage: C:\\\\Windows\\\\System32\\\\rundll32.exe\\r\\nUser: NT AUTHORITY\\\\SYSTEM\\r\\nProtocol: tcp\\r\\nInitiated: true\\r\\nSourceIsIpv6: false\\r\\nSourceIp: 10.19.122.14\\r\\nSourceHostname: serhatg.local\\r\\nSourcePort: 53969\\r\\nSourcePortName: -\\r\\nDestinationIsIpv6: false\\r\\nDestinationIp: 10.164.15.198\\r\\nDestinationHostname: domain.internal\\r\\nDestinationPort: 445\\r\\nDestinationPortName: -\",\"Category\":\"Network connection detected (rule: NetworkConnect)\",\"Opcode\":\"Info\",\"RuleName\":\"Proxy\",\"UtcTime\":\"2024-11-19 05:33:34.000000\",\"ProcessGuid\":\"{036b06e3-ecbe-639b-4800-000000001a00}\",\"Image\":\"C:\\\\Windows\\\\System32\\\\rundll32.exe\",\"User\":\"NT AUTHORITY\\\\SYSTEM\",\"Protocol\":\"tcp\",\"Initiated\":\"true\",\"SourceIsIpv6\":\"false\",\"SourceIp\":\"10.19.122.14\",\"SourceHostname\":\"serhatg.local\",\"SourcePort\":\"53969\",\"SourcePortName\":\"-\",\"DestinationIsIpv6\":\"false\",\"DestinationIp\":\"10.164.15.198\",\"DestinationHostname\":\"domain.internal\",\"DestinationPort\":\"445\",\"DestinationPortName\":\"-\",\"EventReceivedTime\":1731994414,\"SourceModuleName\":\"in_sysmon\",\"SourceModuleType\":\"im_msvistalog\"}\r\nudm.principal.process.file.full_path: C:\\Windows\\System32\\rundll32.exe"
        ]
    },
    "263": {
        "alert_brief": "This rule identifies Rundll32.exe interacting with SMB, which could be a sign of potential lateral movement.SYSTEM to domain.internal",
        "ini_data": [
            "<14>Feb 22 11:14:36 serhatg.local Microsoft-Windows-Sysmon[3332]: {\"EventTime\":1677064476,\"Hostname\":\"serhatg.local\",\"Keywords\":-9223372036854775808,\"EventType\":\"INFO\",\"SeverityValue\":2,\"Severity\":\"INFO\",\"EventID\":3,\"SourceName\":\"Microsoft-Windows-Sysmon\",\"ProviderGuid\":\"{5770385F-C22A-43E0-BF4C-06F5698FFBD9}\",\"Version\":5,\"Task\":3,\"OpcodeValue\":0,\"RecordNumber\":924213,\"ProcessID\":3332,\"ThreadID\":4200,\"Channel\":\"Microsoft-Windows-Sysmon/Operational\",\"Domain\":\"NT AUTHORITY\",\"AccountName\":\"SYSTEM\",\"UserID\":\"S-1-5-18\",\"AccountType\":\"User\",\"Message\":\"Network connection detected:\\r\\nRuleName: Proxy\\r\\nUtcTime: 2023-02-22 11:14:36.376244\\r\\nProcessGuid: {036b06e3-ecbe-639b-4800-000000001a00}\\r\\nProcessId: 2780\\r\\nImage: C:\\\\Windows\\\\System32\\\\rundll32.exe\\r\\nUser: NT AUTHORITY\\\\SYSTEM\\r\\nProtocol: tcp\\r\\nInitiated: true\\r\\nSourceIsIpv6: false\\r\\nSourceIp: 10.19.122.14\\r\\nSourceHostname: serhatg.local\\r\\nSourcePort: 53969\\r\\nSourcePortName: -\\r\\nDestinationIsIpv6: false\\r\\nDestinationIp: 10.164.15.198\\r\\nDestinationHostname: domain.internal\\r\\nDestinationPort: 445\\r\\nDestinationPortName: -\",\"Category\":\"Network connection detected (rule: NetworkConnect)\",\"Opcode\":\"Info\",\"RuleName\":\"Proxy\",\"UtcTime\":\"2023-02-22 11:14:36.376244\",\"ProcessGuid\":\"{036b06e3-ecbe-639b-4800-000000001a00}\",\"Image\":\"C:\\\\Windows\\\\System32\\\\rundll32.exe\",\"User\":\"NT AUTHORITY\\\\SYSTEM\",\"Protocol\":\"tcp\",\"Initiated\":\"true\",\"SourceIsIpv6\":\"false\",\"SourceIp\":\"10.19.122.14\",\"SourceHostname\":\"serhatg.local\",\"SourcePort\":\"53969\",\"SourcePortName\":\"-\",\"DestinationIsIpv6\":\"false\",\"DestinationIp\":\"10.164.15.198\",\"DestinationHostname\":\"domain.internal\",\"DestinationPort\":\"445\",\"DestinationPortName\":\"-\",\"EventReceivedTime\":1677064476,\"SourceModuleName\":\"in_sysmon\",\"SourceModuleType\":\"im_msvistalog\"}\r\nudm.principal.process.file.full_path: C:\\Windows\\System32\\rundll32.exe"
        ]
    },
    "264": {
        "alert_brief": "This rule identifies Rundll32.exe interacting with SMB, which could be a sign of potential lateral movement.SYSTEM to domain.internal",
        "ini_data": [
            "<14>Apr 23 04:34:28 serhatg.local Microsoft-Windows-Sysmon[3332]: {\"EventTime\":1713760468,\"Hostname\":\"serhatg.local\",\"Keywords\":-9223372036854775808,\"EventType\":\"INFO\",\"SeverityValue\":2,\"Severity\":\"INFO\",\"EventID\":3,\"SourceName\":\"Microsoft-Windows-Sysmon\",\"ProviderGuid\":\"{5770385F-C22A-43E0-BF4C-06F5698FFBD9}\",\"Version\":5,\"Task\":3,\"OpcodeValue\":0,\"RecordNumber\":924213,\"ProcessID\":3332,\"ThreadID\":4200,\"Channel\":\"Microsoft-Windows-Sysmon/Operational\",\"Domain\":\"NT AUTHORITY\",\"AccountName\":\"SYSTEM\",\"UserID\":\"S-1-5-18\",\"AccountType\":\"User\",\"Message\":\"Network connection detected:\\r\\nRuleName: Proxy\\r\\nUtcTime: 2024-04-22 04:34:28.000000\\r\\nProcessGuid: {036b06e3-ecbe-639b-4800-000000001a00}\\r\\nProcessId: 2780\\r\\nImage: C:\\\\Windows\\\\System32\\\\rundll32.exe\\r\\nUser: NT AUTHORITY\\\\SYSTEM\\r\\nProtocol: tcp\\r\\nInitiated: true\\r\\nSourceIsIpv6: false\\r\\nSourceIp: 10.19.122.14\\r\\nSourceHostname: serhatg.local\\r\\nSourcePort: 53969\\r\\nSourcePortName: -\\r\\nDestinationIsIpv6: false\\r\\nDestinationIp: 10.164.15.198\\r\\nDestinationHostname: domain.internal\\r\\nDestinationPort: 445\\r\\nDestinationPortName: -\",\"Category\":\"Network connection detected (rule: NetworkConnect)\",\"Opcode\":\"Info\",\"RuleName\":\"Proxy\",\"UtcTime\":\"2024-04-22 04:34:28.000000\",\"ProcessGuid\":\"{036b06e3-ecbe-639b-4800-000000001a00}\",\"Image\":\"C:\\\\Windows\\\\System32\\\\rundll32.exe\",\"User\":\"NT AUTHORITY\\\\SYSTEM\",\"Protocol\":\"tcp\",\"Initiated\":\"true\",\"SourceIsIpv6\":\"false\",\"SourceIp\":\"10.19.122.14\",\"SourceHostname\":\"serhatg.local\",\"SourcePort\":\"53969\",\"SourcePortName\":\"-\",\"DestinationIsIpv6\":\"false\",\"DestinationIp\":\"10.164.15.198\",\"DestinationHostname\":\"domain.internal\",\"DestinationPort\":\"445\",\"DestinationPortName\":\"-\",\"EventReceivedTime\":1713760468,\"SourceModuleName\":\"in_sysmon\",\"SourceModuleType\":\"im_msvistalog\"}\r\nudm.principal.process.file.full_path: C:\\Windows\\System32\\rundll32.exe"
        ]
    },
    "265": {
        "alert_brief": "This rule identifies Rundll32.exe interacting with SMB, which could be a sign of potential lateral movement.SYSTEM to domain.internal",
        "ini_data": [
            "<14>Mar 12 04:02:44 serhatg.local Microsoft-Windows-Sysmon[3332]: {\"EventTime\":1678593764,\"Hostname\":\"serhatg.local\",\"Keywords\":-9223372036854775808,\"EventType\":\"INFO\",\"SeverityValue\":2,\"Severity\":\"INFO\",\"EventID\":3,\"SourceName\":\"Microsoft-Windows-Sysmon\",\"ProviderGuid\":\"{5770385F-C22A-43E0-BF4C-06F5698FFBD9}\",\"Version\":5,\"Task\":3,\"OpcodeValue\":0,\"RecordNumber\":924213,\"ProcessID\":3332,\"ThreadID\":4200,\"Channel\":\"Microsoft-Windows-Sysmon/Operational\",\"Domain\":\"NT AUTHORITY\",\"AccountName\":\"SYSTEM\",\"UserID\":\"S-1-5-18\",\"AccountType\":\"User\",\"Message\":\"Network connection detected:\\r\\nRuleName: Proxy\\r\\nUtcTime: 2023-03-12 04:02:44.826194\\r\\nProcessGuid: {036b06e3-ecbe-639b-4800-000000001a00}\\r\\nProcessId: 2780\\r\\nImage: C:\\\\Windows\\\\System32\\\\rundll32.exe\\r\\nUser: NT AUTHORITY\\\\SYSTEM\\r\\nProtocol: tcp\\r\\nInitiated: true\\r\\nSourceIsIpv6: false\\r\\nSourceIp: 10.19.122.14\\r\\nSourceHostname: serhatg.local\\r\\nSourcePort: 53969\\r\\nSourcePortName: -\\r\\nDestinationIsIpv6: false\\r\\nDestinationIp: 10.164.15.198\\r\\nDestinationHostname: domain.internal\\r\\nDestinationPort: 445\\r\\nDestinationPortName: -\",\"Category\":\"Network connection detected (rule: NetworkConnect)\",\"Opcode\":\"Info\",\"RuleName\":\"Proxy\",\"UtcTime\":\"2023-03-12 04:02:44.826194\",\"ProcessGuid\":\"{036b06e3-ecbe-639b-4800-000000001a00}\",\"Image\":\"C:\\\\Windows\\\\System32\\\\rundll32.exe\",\"User\":\"NT AUTHORITY\\\\SYSTEM\",\"Protocol\":\"tcp\",\"Initiated\":\"true\",\"SourceIsIpv6\":\"false\",\"SourceIp\":\"10.19.122.14\",\"SourceHostname\":\"serhatg.local\",\"SourcePort\":\"53969\",\"SourcePortName\":\"-\",\"DestinationIsIpv6\":\"false\",\"DestinationIp\":\"10.164.15.198\",\"DestinationHostname\":\"domain.internal\",\"DestinationPort\":\"445\",\"DestinationPortName\":\"-\",\"EventReceivedTime\":1678593764,\"SourceModuleName\":\"in_sysmon\",\"SourceModuleType\":\"im_msvistalog\"}\r\nudm.principal.process.file.full_path: C:\\Windows\\System32\\rundll32.exe"
        ]
    },
    "266": {
        "alert_brief": "This rule identifies Rundll32.exe interacting with SMB, which could be a sign of potential lateral movement.SYSTEM to domain.internal",
        "ini_data": [
            "<14>Dec 30  2:48:10 serhatg.local Microsoft-Windows-Sysmon[3332]: {\"EventTime\":1672368490,\"Hostname\":\"serhatg.local\",\"Keywords\":-9223372036854775808,\"EventType\":\"INFO\",\"SeverityValue\":2,\"Severity\":\"INFO\",\"EventID\":3,\"SourceName\":\"Microsoft-Windows-Sysmon\",\"ProviderGuid\":\"{5770385F-C22A-43E0-BF4C-06F5698FFBD9}\",\"Version\":5,\"Task\":3,\"OpcodeValue\":0,\"RecordNumber\":924213,\"ProcessID\":3332,\"ThreadID\":4200,\"Channel\":\"Microsoft-Windows-Sysmon/Operational\",\"Domain\":\"NT AUTHORITY\",\"AccountName\":\"SYSTEM\",\"UserID\":\"S-1-5-18\",\"AccountType\":\"User\",\"Message\":\"Network connection detected:\\r\\nRuleName: Proxy\\r\\nUtcTime: 2022-12-30 02:48:10.000000\\r\\nProcessGuid: {036b06e3-ecbe-639b-4800-000000001a00}\\r\\nProcessId: 2780\\r\\nImage: C:\\\\Windows\\\\System32\\\\rundll32.exe\\r\\nUser: NT AUTHORITY\\\\SYSTEM\\r\\nProtocol: tcp\\r\\nInitiated: true\\r\\nSourceIsIpv6: false\\r\\nSourceIp: 10.19.122.14\\r\\nSourceHostname: serhatg.local\\r\\nSourcePort: 53969\\r\\nSourcePortName: -\\r\\nDestinationIsIpv6: false\\r\\nDestinationIp: 10.164.15.198\\r\\nDestinationHostname: domain.internal\\r\\nDestinationPort: 445\\r\\nDestinationPortName: -\",\"Category\":\"Network connection detected (rule: NetworkConnect)\",\"Opcode\":\"Info\",\"RuleName\":\"Proxy\",\"UtcTime\":\"2022-12-30 02:48:10.000000\",\"ProcessGuid\":\"{036b06e3-ecbe-639b-4800-000000001a00}\",\"Image\":\"C:\\\\Windows\\\\System32\\\\rundll32.exe\",\"User\":\"NT AUTHORITY\\\\SYSTEM\",\"Protocol\":\"tcp\",\"Initiated\":\"true\",\"SourceIsIpv6\":\"false\",\"SourceIp\":\"10.19.122.14\",\"SourceHostname\":\"serhatg.local\",\"SourcePort\":\"53969\",\"SourcePortName\":\"-\",\"DestinationIsIpv6\":\"false\",\"DestinationIp\":\"10.164.15.198\",\"DestinationHostname\":\"domain.internal\",\"DestinationPort\":\"445\",\"DestinationPortName\":\"-\",\"EventReceivedTime\":1672368490,\"SourceModuleName\":\"in_sysmon\",\"SourceModuleType\":\"im_msvistalog\"}\r\nudm.principal.process.file.full_path: C:\\Windows\\System32\\rundll32.exe"
        ]
    },
    "267": {
        "alert_brief": "This rule identifies Rundll32.exe interacting with SMB, which could be a sign of potential lateral movement.SYSTEM to domain.internal",
        "ini_data": [
            "<14>Dec 29  8:48:59 serhatg.local Microsoft-Windows-Sysmon[3332]: {\"EventTime\":1672303739,\"Hostname\":\"serhatg.local\",\"Keywords\":-9223372036854775808,\"EventType\":\"INFO\",\"SeverityValue\":2,\"Severity\":\"INFO\",\"EventID\":3,\"SourceName\":\"Microsoft-Windows-Sysmon\",\"ProviderGuid\":\"{5770385F-C22A-43E0-BF4C-06F5698FFBD9}\",\"Version\":5,\"Task\":3,\"OpcodeValue\":0,\"RecordNumber\":924213,\"ProcessID\":3332,\"ThreadID\":4200,\"Channel\":\"Microsoft-Windows-Sysmon/Operational\",\"Domain\":\"NT AUTHORITY\",\"AccountName\":\"SYSTEM\",\"UserID\":\"S-1-5-18\",\"AccountType\":\"User\",\"Message\":\"Network connection detected:\\r\\nRuleName: Proxy\\r\\nUtcTime: 2022-12-29 08:48:59.000000\\r\\nProcessGuid: {036b06e3-ecbe-639b-4800-000000001a00}\\r\\nProcessId: 2780\\r\\nImage: C:\\\\Windows\\\\System32\\\\rundll32.exe\\r\\nUser: NT AUTHORITY\\\\SYSTEM\\r\\nProtocol: tcp\\r\\nInitiated: true\\r\\nSourceIsIpv6: false\\r\\nSourceIp: 10.19.122.14\\r\\nSourceHostname: serhatg.local\\r\\nSourcePort: 53969\\r\\nSourcePortName: -\\r\\nDestinationIsIpv6: false\\r\\nDestinationIp: 10.164.15.198\\r\\nDestinationHostname: domain.internal\\r\\nDestinationPort: 445\\r\\nDestinationPortName: -\",\"Category\":\"Network connection detected (rule: NetworkConnect)\",\"Opcode\":\"Info\",\"RuleName\":\"Proxy\",\"UtcTime\":\"2022-12-29 08:48:59.000000\",\"ProcessGuid\":\"{036b06e3-ecbe-639b-4800-000000001a00}\",\"Image\":\"C:\\\\Windows\\\\System32\\\\rundll32.exe\",\"User\":\"NT AUTHORITY\\\\SYSTEM\",\"Protocol\":\"tcp\",\"Initiated\":\"true\",\"SourceIsIpv6\":\"false\",\"SourceIp\":\"10.19.122.14\",\"SourceHostname\":\"serhatg.local\",\"SourcePort\":\"53969\",\"SourcePortName\":\"-\",\"DestinationIsIpv6\":\"false\",\"DestinationIp\":\"10.164.15.198\",\"DestinationHostname\":\"domain.internal\",\"DestinationPort\":\"445\",\"DestinationPortName\":\"-\",\"EventReceivedTime\":1672303739,\"SourceModuleName\":\"in_sysmon\",\"SourceModuleType\":\"im_msvistalog\"}\r\nudm.principal.process.file.full_path: C:\\Windows\\System32\\rundll32.exe"
        ]
    },
    "268": {
        "alert_brief": "This rule identifies Rundll32.exe interacting with SMB, which could be a sign of potential lateral movement.SYSTEM to domain.internal",
        "ini_data": [
            "<14>Aug 13 05:04:05 serhatg.local Microsoft-Windows-Sysmon[3332]: {\"EventTime\":1691903045,\"Hostname\":\"serhatg.local\",\"Keywords\":-9223372036854775808,\"EventType\":\"INFO\",\"SeverityValue\":2,\"Severity\":\"INFO\",\"EventID\":3,\"SourceName\":\"Microsoft-Windows-Sysmon\",\"ProviderGuid\":\"{5770385F-C22A-43E0-BF4C-06F5698FFBD9}\",\"Version\":5,\"Task\":3,\"OpcodeValue\":0,\"RecordNumber\":924213,\"ProcessID\":3332,\"ThreadID\":4200,\"Channel\":\"Microsoft-Windows-Sysmon/Operational\",\"Domain\":\"NT AUTHORITY\",\"AccountName\":\"SYSTEM\",\"UserID\":\"S-1-5-18\",\"AccountType\":\"User\",\"Message\":\"Network connection detected:\\r\\nRuleName: Proxy\\r\\nUtcTime: 2023-08-13 05:04:05.044277\\r\\nProcessGuid: {036b06e3-ecbe-639b-4800-000000001a00}\\r\\nProcessId: 2780\\r\\nImage: C:\\\\Windows\\\\System32\\\\rundll32.exe\\r\\nUser: NT AUTHORITY\\\\SYSTEM\\r\\nProtocol: tcp\\r\\nInitiated: true\\r\\nSourceIsIpv6: false\\r\\nSourceIp: 10.19.122.14\\r\\nSourceHostname: serhatg.local\\r\\nSourcePort: 53969\\r\\nSourcePortName: -\\r\\nDestinationIsIpv6: false\\r\\nDestinationIp: 10.164.15.198\\r\\nDestinationHostname: domain.internal\\r\\nDestinationPort: 445\\r\\nDestinationPortName: -\",\"Category\":\"Network connection detected (rule: NetworkConnect)\",\"Opcode\":\"Info\",\"RuleName\":\"Proxy\",\"UtcTime\":\"2023-08-13 05:04:05.044277\",\"ProcessGuid\":\"{036b06e3-ecbe-639b-4800-000000001a00}\",\"Image\":\"C:\\\\Windows\\\\System32\\\\rundll32.exe\",\"User\":\"NT AUTHORITY\\\\SYSTEM\",\"Protocol\":\"tcp\",\"Initiated\":\"true\",\"SourceIsIpv6\":\"false\",\"SourceIp\":\"10.19.122.14\",\"SourceHostname\":\"serhatg.local\",\"SourcePort\":\"53969\",\"SourcePortName\":\"-\",\"DestinationIsIpv6\":\"false\",\"DestinationIp\":\"10.164.15.198\",\"DestinationHostname\":\"domain.internal\",\"DestinationPort\":\"445\",\"DestinationPortName\":\"-\",\"EventReceivedTime\":1691903045,\"SourceModuleName\":\"in_sysmon\",\"SourceModuleType\":\"im_msvistalog\"}\r\nudm.principal.process.file.full_path: C:\\Windows\\System32\\rundll32.exe"
        ]
    },
    "269": {
        "alert_brief": "suspicious_unusual_location_lnk_file:Uninstall the Technician Console.lnk",
        "ini_data": [
            "<14>Oct 08 04:46:37 win-server.lunarstiiiness.com Microsoft-Windows-Sysmon[2212]: {\"EventTime\":1728276395,\"Hostname\":\"win-server.lunarstiiiness.com\",\"Keywords\":-9223372036854775808,\"EventType\":\"INFO\",\"SeverityValue\":2,\"Severity\":\"INFO\",\"EventID\":11,\"SourceName\":\"Microsoft-Windows-Sysmon\",\"ProviderGuid\":\"{5770385F-C22A-43E0-BF4C-06F5698FFBD9}\",\"Version\":2,\"Task\":11,\"OpcodeValue\":0,\"RecordNumber\":2200822,\"ProcessID\":2212,\"ThreadID\":2972,\"Channel\":\"Microsoft-Windows-Sysmon/Operational\",\"Domain\":\"NT AUTHORITY\",\"AccountName\":\"SYSTEM\",\"UserID\":\"S-1-5-18\",\"AccountType\":\"User\",\"Message\":\"File created:\\r\\nRuleName: technique_id=T1187,technique_name=Forced Authentication\\r\\nUtcTime: 2024-10-07 04:46:35.714\\r\\nProcessGuid: {BE59402F-BAAD-6491-EA0D-000000002400}\\r\\nProcessId: 2800\\r\\nImage: C:\\\\Windows\\\\system32\\\\msiexec.exe\\r\\nTargetFilename: C:\\\\ProgramData\\\\Microsoft\\\\Windows\\\\Start Menu\\\\Programs\\\\LogMeIn Rescue\\\\Uninstall the Technician Console.lnk\\r\\nCreationUtcTime: 2024-10-07 04:46:35.714\\r\\nUser: NT AUTHORITY\\\\SYSTEM\",\"Category\":\"File created (rule: FileCreate)\",\"Opcode\":\"Info\",\"RuleName\":\"technique_id=T1187,technique_name=Forced Authentication\",\"UtcTime\":\"2024-10-07 04:46:35.714\",\"ProcessGuid\":\"{BE59402F-BAAD-6491-EA0D-000000002400}\",\"Image\":\"C:\\\\Windows\\\\system32\\\\msiexec.exe\",\"TargetFilename\":\"C:\\\\ProgramData\\\\Microsoft\\\\Windows\\\\Start Menu\\\\Programs\\\\LogMeIn Rescue\\\\Uninstall the Technician Console.lnk\",\"CreationUtcTime\":\"2024-10-07 04:46:35.714\",\"User\":\"NT AUTHORITY\\\\SYSTEM\",\"EventReceivedTime\":1728276397,\"SourceModuleName\":\"in_sysmon\",\"SourceModuleType\":\"im_msvistalog\"}\r\nudm.principal.process.file.full_path: C:\\Windows\\system32\\msiexec.exe\r\nudm.principal.process.file.sha256: b2be692d9794337588a16db43a09371f3d18154e98171856cd4b739998c4d291"
        ]
    },
    "270": {
        "alert_brief": "This rule identifies Rundll32.exe interacting with SMB, which could be a sign of potential lateral movement.SYSTEM to domain.internal",
        "ini_data": [
            "<14>Jan  2 18:48:00 serhatg.local Microsoft-Windows-Sysmon[3332]: {\"EventTime\":1672685280,\"Hostname\":\"serhatg.local\",\"Keywords\":-9223372036854775808,\"EventType\":\"INFO\",\"SeverityValue\":2,\"Severity\":\"INFO\",\"EventID\":3,\"SourceName\":\"Microsoft-Windows-Sysmon\",\"ProviderGuid\":\"{5770385F-C22A-43E0-BF4C-06F5698FFBD9}\",\"Version\":5,\"Task\":3,\"OpcodeValue\":0,\"RecordNumber\":924213,\"ProcessID\":3332,\"ThreadID\":4200,\"Channel\":\"Microsoft-Windows-Sysmon/Operational\",\"Domain\":\"NT AUTHORITY\",\"AccountName\":\"SYSTEM\",\"UserID\":\"S-1-5-18\",\"AccountType\":\"User\",\"Message\":\"Network connection detected:\\r\\nRuleName: Proxy\\r\\nUtcTime: 2023-01-02 18:48:00.000000\\r\\nProcessGuid: {036b06e3-ecbe-639b-4800-000000001a00}\\r\\nProcessId: 2780\\r\\nImage: C:\\\\Windows\\\\System32\\\\rundll32.exe\\r\\nUser: NT AUTHORITY\\\\SYSTEM\\r\\nProtocol: tcp\\r\\nInitiated: true\\r\\nSourceIsIpv6: false\\r\\nSourceIp: 10.19.122.14\\r\\nSourceHostname: serhatg.local\\r\\nSourcePort: 53969\\r\\nSourcePortName: -\\r\\nDestinationIsIpv6: false\\r\\nDestinationIp: 10.164.15.198\\r\\nDestinationHostname: domain.internal\\r\\nDestinationPort: 445\\r\\nDestinationPortName: -\",\"Category\":\"Network connection detected (rule: NetworkConnect)\",\"Opcode\":\"Info\",\"RuleName\":\"Proxy\",\"UtcTime\":\"2023-01-02 18:48:00.000000\",\"ProcessGuid\":\"{036b06e3-ecbe-639b-4800-000000001a00}\",\"Image\":\"C:\\\\Windows\\\\System32\\\\rundll32.exe\",\"User\":\"NT AUTHORITY\\\\SYSTEM\",\"Protocol\":\"tcp\",\"Initiated\":\"true\",\"SourceIsIpv6\":\"false\",\"SourceIp\":\"10.19.122.14\",\"SourceHostname\":\"serhatg.local\",\"SourcePort\":\"53969\",\"SourcePortName\":\"-\",\"DestinationIsIpv6\":\"false\",\"DestinationIp\":\"10.164.15.198\",\"DestinationHostname\":\"domain.internal\",\"DestinationPort\":\"445\",\"DestinationPortName\":\"-\",\"EventReceivedTime\":1672685280,\"SourceModuleName\":\"in_sysmon\",\"SourceModuleType\":\"im_msvistalog\"}\r\nudm.principal.process.file.full_path: C:\\Windows\\System32\\rundll32.exe"
        ]
    },
    "271": {
        "alert_brief": "This rule identifies Rundll32.exe interacting with SMB, which could be a sign of potential lateral movement.SYSTEM to domain.internal",
        "ini_data": [
            "<14>Jan 25 04:03:25 serhatg.local Microsoft-Windows-Sysmon[3332]: {\"EventTime\":1674619405,\"Hostname\":\"serhatg.local\",\"Keywords\":-9223372036854775808,\"EventType\":\"INFO\",\"SeverityValue\":2,\"Severity\":\"INFO\",\"EventID\":3,\"SourceName\":\"Microsoft-Windows-Sysmon\",\"ProviderGuid\":\"{5770385F-C22A-43E0-BF4C-06F5698FFBD9}\",\"Version\":5,\"Task\":3,\"OpcodeValue\":0,\"RecordNumber\":924213,\"ProcessID\":3332,\"ThreadID\":4200,\"Channel\":\"Microsoft-Windows-Sysmon/Operational\",\"Domain\":\"NT AUTHORITY\",\"AccountName\":\"SYSTEM\",\"UserID\":\"S-1-5-18\",\"AccountType\":\"User\",\"Message\":\"Network connection detected:\\r\\nRuleName: Proxy\\r\\nUtcTime: 2023-01-25 04:03:25.683182\\r\\nProcessGuid: {036b06e3-ecbe-639b-4800-000000001a00}\\r\\nProcessId: 2780\\r\\nImage: C:\\\\Windows\\\\System32\\\\rundll32.exe\\r\\nUser: NT AUTHORITY\\\\SYSTEM\\r\\nProtocol: tcp\\r\\nInitiated: true\\r\\nSourceIsIpv6: false\\r\\nSourceIp: 10.19.122.14\\r\\nSourceHostname: serhatg.local\\r\\nSourcePort: 53969\\r\\nSourcePortName: -\\r\\nDestinationIsIpv6: false\\r\\nDestinationIp: 10.164.15.198\\r\\nDestinationHostname: domain.internal\\r\\nDestinationPort: 445\\r\\nDestinationPortName: -\",\"Category\":\"Network connection detected (rule: NetworkConnect)\",\"Opcode\":\"Info\",\"RuleName\":\"Proxy\",\"UtcTime\":\"2023-01-25 04:03:25.683182\",\"ProcessGuid\":\"{036b06e3-ecbe-639b-4800-000000001a00}\",\"Image\":\"C:\\\\Windows\\\\System32\\\\rundll32.exe\",\"User\":\"NT AUTHORITY\\\\SYSTEM\",\"Protocol\":\"tcp\",\"Initiated\":\"true\",\"SourceIsIpv6\":\"false\",\"SourceIp\":\"10.19.122.14\",\"SourceHostname\":\"serhatg.local\",\"SourcePort\":\"53969\",\"SourcePortName\":\"-\",\"DestinationIsIpv6\":\"false\",\"DestinationIp\":\"10.164.15.198\",\"DestinationHostname\":\"domain.internal\",\"DestinationPort\":\"445\",\"DestinationPortName\":\"-\",\"EventReceivedTime\":1674619405,\"SourceModuleName\":\"in_sysmon\",\"SourceModuleType\":\"im_msvistalog\"}\r\nudm.principal.process.file.full_path: C:\\Windows\\System32\\rundll32.exe"
        ]
    },
    "272": {
        "alert_brief": "This rule identifies Rundll32.exe interacting with SMB, which could be a sign of potential lateral movement.SYSTEM to domain.internal",
        "ini_data": [
            "<14>Dec 29  6:49:31 serhatg.local Microsoft-Windows-Sysmon[3332]: {\"EventTime\":1672296571,\"Hostname\":\"serhatg.local\",\"Keywords\":-9223372036854775808,\"EventType\":\"INFO\",\"SeverityValue\":2,\"Severity\":\"INFO\",\"EventID\":3,\"SourceName\":\"Microsoft-Windows-Sysmon\",\"ProviderGuid\":\"{5770385F-C22A-43E0-BF4C-06F5698FFBD9}\",\"Version\":5,\"Task\":3,\"OpcodeValue\":0,\"RecordNumber\":924213,\"ProcessID\":3332,\"ThreadID\":4200,\"Channel\":\"Microsoft-Windows-Sysmon/Operational\",\"Domain\":\"NT AUTHORITY\",\"AccountName\":\"SYSTEM\",\"UserID\":\"S-1-5-18\",\"AccountType\":\"User\",\"Message\":\"Network connection detected:\\r\\nRuleName: Proxy\\r\\nUtcTime: 2022-12-29 06:49:31.000000\\r\\nProcessGuid: {036b06e3-ecbe-639b-4800-000000001a00}\\r\\nProcessId: 2780\\r\\nImage: C:\\\\Windows\\\\System32\\\\rundll32.exe\\r\\nUser: NT AUTHORITY\\\\SYSTEM\\r\\nProtocol: tcp\\r\\nInitiated: true\\r\\nSourceIsIpv6: false\\r\\nSourceIp: 10.19.122.14\\r\\nSourceHostname: serhatg.local\\r\\nSourcePort: 53969\\r\\nSourcePortName: -\\r\\nDestinationIsIpv6: false\\r\\nDestinationIp: 10.164.15.198\\r\\nDestinationHostname: domain.internal\\r\\nDestinationPort: 445\\r\\nDestinationPortName: -\",\"Category\":\"Network connection detected (rule: NetworkConnect)\",\"Opcode\":\"Info\",\"RuleName\":\"Proxy\",\"UtcTime\":\"2022-12-29 06:49:31.000000\",\"ProcessGuid\":\"{036b06e3-ecbe-639b-4800-000000001a00}\",\"Image\":\"C:\\\\Windows\\\\System32\\\\rundll32.exe\",\"User\":\"NT AUTHORITY\\\\SYSTEM\",\"Protocol\":\"tcp\",\"Initiated\":\"true\",\"SourceIsIpv6\":\"false\",\"SourceIp\":\"10.19.122.14\",\"SourceHostname\":\"serhatg.local\",\"SourcePort\":\"53969\",\"SourcePortName\":\"-\",\"DestinationIsIpv6\":\"false\",\"DestinationIp\":\"10.164.15.198\",\"DestinationHostname\":\"domain.internal\",\"DestinationPort\":\"445\",\"DestinationPortName\":\"-\",\"EventReceivedTime\":1672296571,\"SourceModuleName\":\"in_sysmon\",\"SourceModuleType\":\"im_msvistalog\"}\r\nudm.principal.process.file.full_path: C:\\Windows\\System32\\rundll32.exe"
        ]
    },
    "273": {
        "alert_brief": "This rule identifies Rundll32.exe interacting with SMB, which could be a sign of potential lateral movement.SYSTEM to domain.internal",
        "ini_data": [
