            "<14>Jan 12 06:03:55 serhatg.local Microsoft-Windows-Sysmon[3332]: {\"EventTime\":1673503435,\"Hostname\":\"serhatg.local\",\"Keywords\":-9223372036854775808,\"EventType\":\"INFO\",\"SeverityValue\":2,\"Severity\":\"INFO\",\"EventID\":3,\"SourceName\":\"Microsoft-Windows-Sysmon\",\"ProviderGuid\":\"{5770385F-C22A-43E0-BF4C-06F5698FFBD9}\",\"Version\":5,\"Task\":3,\"OpcodeValue\":0,\"RecordNumber\":924213,\"ProcessID\":3332,\"ThreadID\":4200,\"Channel\":\"Microsoft-Windows-Sysmon/Operational\",\"Domain\":\"NT AUTHORITY\",\"AccountName\":\"SYSTEM\",\"UserID\":\"S-1-5-18\",\"AccountType\":\"User\",\"Message\":\"Network connection detected:\\r\\nRuleName: Proxy\\r\\nUtcTime: 2023-01-12 06:03:55.500563\\r\\nProcessGuid: {036b06e3-ecbe-639b-4800-000000001a00}\\r\\nProcessId: 2780\\r\\nImage: C:\\\\Windows\\\\System32\\\\rundll32.exe\\r\\nUser: NT AUTHORITY\\\\SYSTEM\\r\\nProtocol: tcp\\r\\nInitiated: true\\r\\nSourceIsIpv6: false\\r\\nSourceIp: 10.19.122.14\\r\\nSourceHostname: serhatg.local\\r\\nSourcePort: 53969\\r\\nSourcePortName: -\\r\\nDestinationIsIpv6: false\\r\\nDestinationIp: 10.164.15.198\\r\\nDestinationHostname: domain.internal\\r\\nDestinationPort: 445\\r\\nDestinationPortName: -\",\"Category\":\"Network connection detected (rule: NetworkConnect)\",\"Opcode\":\"Info\",\"RuleName\":\"Proxy\",\"UtcTime\":\"2023-01-12 06:03:55.500563\",\"ProcessGuid\":\"{036b06e3-ecbe-639b-4800-000000001a00}\",\"Image\":\"C:\\\\Windows\\\\System32\\\\rundll32.exe\",\"User\":\"NT AUTHORITY\\\\SYSTEM\",\"Protocol\":\"tcp\",\"Initiated\":\"true\",\"SourceIsIpv6\":\"false\",\"SourceIp\":\"10.19.122.14\",\"SourceHostname\":\"serhatg.local\",\"SourcePort\":\"53969\",\"SourcePortName\":\"-\",\"DestinationIsIpv6\":\"false\",\"DestinationIp\":\"10.164.15.198\",\"DestinationHostname\":\"domain.internal\",\"DestinationPort\":\"445\",\"DestinationPortName\":\"-\",\"EventReceivedTime\":1673503435,\"SourceModuleName\":\"in_sysmon\",\"SourceModuleType\":\"im_msvistalog\"}\r\nudm.principal.process.file.full_path: C:\\Windows\\System32\\rundll32.exe"
        ]
    },
    "399": {
        "alert_brief": "This rule identifies Rundll32.exe interacting with SMB, which could be a sign of potential lateral movement.SYSTEM to domain.internal",
        "ini_data": [
            "<14>Dec 31 13:48:30 serhatg.local Microsoft-Windows-Sysmon[3332]: {\"EventTime\":1672494510,\"Hostname\":\"serhatg.local\",\"Keywords\":-9223372036854775808,\"EventType\":\"INFO\",\"SeverityValue\":2,\"Severity\":\"INFO\",\"EventID\":3,\"SourceName\":\"Microsoft-Windows-Sysmon\",\"ProviderGuid\":\"{5770385F-C22A-43E0-BF4C-06F5698FFBD9}\",\"Version\":5,\"Task\":3,\"OpcodeValue\":0,\"RecordNumber\":924213,\"ProcessID\":3332,\"ThreadID\":4200,\"Channel\":\"Microsoft-Windows-Sysmon/Operational\",\"Domain\":\"NT AUTHORITY\",\"AccountName\":\"SYSTEM\",\"UserID\":\"S-1-5-18\",\"AccountType\":\"User\",\"Message\":\"Network connection detected:\\r\\nRuleName: Proxy\\r\\nUtcTime: 2022-12-31 13:48:30.000000\\r\\nProcessGuid: {036b06e3-ecbe-639b-4800-000000001a00}\\r\\nProcessId: 2780\\r\\nImage: C:\\\\Windows\\\\System32\\\\rundll32.exe\\r\\nUser: NT AUTHORITY\\\\SYSTEM\\r\\nProtocol: tcp\\r\\nInitiated: true\\r\\nSourceIsIpv6: false\\r\\nSourceIp: 10.19.122.14\\r\\nSourceHostname: serhatg.local\\r\\nSourcePort: 53969\\r\\nSourcePortName: -\\r\\nDestinationIsIpv6: false\\r\\nDestinationIp: 10.164.15.198\\r\\nDestinationHostname: domain.internal\\r\\nDestinationPort: 445\\r\\nDestinationPortName: -\",\"Category\":\"Network connection detected (rule: NetworkConnect)\",\"Opcode\":\"Info\",\"RuleName\":\"Proxy\",\"UtcTime\":\"2022-12-31 13:48:30.000000\",\"ProcessGuid\":\"{036b06e3-ecbe-639b-4800-000000001a00}\",\"Image\":\"C:\\\\Windows\\\\System32\\\\rundll32.exe\",\"User\":\"NT AUTHORITY\\\\SYSTEM\",\"Protocol\":\"tcp\",\"Initiated\":\"true\",\"SourceIsIpv6\":\"false\",\"SourceIp\":\"10.19.122.14\",\"SourceHostname\":\"serhatg.local\",\"SourcePort\":\"53969\",\"SourcePortName\":\"-\",\"DestinationIsIpv6\":\"false\",\"DestinationIp\":\"10.164.15.198\",\"DestinationHostname\":\"domain.internal\",\"DestinationPort\":\"445\",\"DestinationPortName\":\"-\",\"EventReceivedTime\":1672494510,\"SourceModuleName\":\"in_sysmon\",\"SourceModuleType\":\"im_msvistalog\"}\r\nudm.principal.process.file.full_path: C:\\Windows\\System32\\rundll32.exe"
        ]
    },
    "400": {
        "alert_brief": "This rule identifies Rundll32.exe interacting with SMB, which could be a sign of potential lateral movement.SYSTEM to domain.internal",
        "ini_data": [
            "<14>Mar 26 05:33:28 serhatg.local Microsoft-Windows-Sysmon[3332]: {\"EventTime\":1711344808,\"Hostname\":\"serhatg.local\",\"Keywords\":-9223372036854775808,\"EventType\":\"INFO\",\"SeverityValue\":2,\"Severity\":\"INFO\",\"EventID\":3,\"SourceName\":\"Microsoft-Windows-Sysmon\",\"ProviderGuid\":\"{5770385F-C22A-43E0-BF4C-06F5698FFBD9}\",\"Version\":5,\"Task\":3,\"OpcodeValue\":0,\"RecordNumber\":924213,\"ProcessID\":3332,\"ThreadID\":4200,\"Channel\":\"Microsoft-Windows-Sysmon/Operational\",\"Domain\":\"NT AUTHORITY\",\"AccountName\":\"SYSTEM\",\"UserID\":\"S-1-5-18\",\"AccountType\":\"User\",\"Message\":\"Network connection detected:\\r\\nRuleName: Proxy\\r\\nUtcTime: 2024-03-25 05:33:28.000000\\r\\nProcessGuid: {036b06e3-ecbe-639b-4800-000000001a00}\\r\\nProcessId: 2780\\r\\nImage: C:\\\\Windows\\\\System32\\\\rundll32.exe\\r\\nUser: NT AUTHORITY\\\\SYSTEM\\r\\nProtocol: tcp\\r\\nInitiated: true\\r\\nSourceIsIpv6: false\\r\\nSourceIp: 10.19.122.14\\r\\nSourceHostname: serhatg.local\\r\\nSourcePort: 53969\\r\\nSourcePortName: -\\r\\nDestinationIsIpv6: false\\r\\nDestinationIp: 10.164.15.198\\r\\nDestinationHostname: domain.internal\\r\\nDestinationPort: 445\\r\\nDestinationPortName: -\",\"Category\":\"Network connection detected (rule: NetworkConnect)\",\"Opcode\":\"Info\",\"RuleName\":\"Proxy\",\"UtcTime\":\"2024-03-25 05:33:28.000000\",\"ProcessGuid\":\"{036b06e3-ecbe-639b-4800-000000001a00}\",\"Image\":\"C:\\\\Windows\\\\System32\\\\rundll32.exe\",\"User\":\"NT AUTHORITY\\\\SYSTEM\",\"Protocol\":\"tcp\",\"Initiated\":\"true\",\"SourceIsIpv6\":\"false\",\"SourceIp\":\"10.19.122.14\",\"SourceHostname\":\"serhatg.local\",\"SourcePort\":\"53969\",\"SourcePortName\":\"-\",\"DestinationIsIpv6\":\"false\",\"DestinationIp\":\"10.164.15.198\",\"DestinationHostname\":\"domain.internal\",\"DestinationPort\":\"445\",\"DestinationPortName\":\"-\",\"EventReceivedTime\":1711344808,\"SourceModuleName\":\"in_sysmon\",\"SourceModuleType\":\"im_msvistalog\"}\r\nudm.principal.process.file.full_path: C:\\Windows\\System32\\rundll32.exe"
        ]
    },
    "401": {
        "alert_brief": "This rule identifies Rundll32.exe interacting with SMB, which could be a sign of potential lateral movement.SYSTEM to domain.internal",
        "ini_data": [
            "<14>Jan  2 21:48:20 serhatg.local Microsoft-Windows-Sysmon[3332]: {\"EventTime\":1672696100,\"Hostname\":\"serhatg.local\",\"Keywords\":-9223372036854775808,\"EventType\":\"INFO\",\"SeverityValue\":2,\"Severity\":\"INFO\",\"EventID\":3,\"SourceName\":\"Microsoft-Windows-Sysmon\",\"ProviderGuid\":\"{5770385F-C22A-43E0-BF4C-06F5698FFBD9}\",\"Version\":5,\"Task\":3,\"OpcodeValue\":0,\"RecordNumber\":924213,\"ProcessID\":3332,\"ThreadID\":4200,\"Channel\":\"Microsoft-Windows-Sysmon/Operational\",\"Domain\":\"NT AUTHORITY\",\"AccountName\":\"SYSTEM\",\"UserID\":\"S-1-5-18\",\"AccountType\":\"User\",\"Message\":\"Network connection detected:\\r\\nRuleName: Proxy\\r\\nUtcTime: 2023-01-02 21:48:20.000000\\r\\nProcessGuid: {036b06e3-ecbe-639b-4800-000000001a00}\\r\\nProcessId: 2780\\r\\nImage: C:\\\\Windows\\\\System32\\\\rundll32.exe\\r\\nUser: NT AUTHORITY\\\\SYSTEM\\r\\nProtocol: tcp\\r\\nInitiated: true\\r\\nSourceIsIpv6: false\\r\\nSourceIp: 10.19.122.14\\r\\nSourceHostname: serhatg.local\\r\\nSourcePort: 53969\\r\\nSourcePortName: -\\r\\nDestinationIsIpv6: false\\r\\nDestinationIp: 10.164.15.198\\r\\nDestinationHostname: domain.internal\\r\\nDestinationPort: 445\\r\\nDestinationPortName: -\",\"Category\":\"Network connection detected (rule: NetworkConnect)\",\"Opcode\":\"Info\",\"RuleName\":\"Proxy\",\"UtcTime\":\"2023-01-02 21:48:20.000000\",\"ProcessGuid\":\"{036b06e3-ecbe-639b-4800-000000001a00}\",\"Image\":\"C:\\\\Windows\\\\System32\\\\rundll32.exe\",\"User\":\"NT AUTHORITY\\\\SYSTEM\",\"Protocol\":\"tcp\",\"Initiated\":\"true\",\"SourceIsIpv6\":\"false\",\"SourceIp\":\"10.19.122.14\",\"SourceHostname\":\"serhatg.local\",\"SourcePort\":\"53969\",\"SourcePortName\":\"-\",\"DestinationIsIpv6\":\"false\",\"DestinationIp\":\"10.164.15.198\",\"DestinationHostname\":\"domain.internal\",\"DestinationPort\":\"445\",\"DestinationPortName\":\"-\",\"EventReceivedTime\":1672696100,\"SourceModuleName\":\"in_sysmon\",\"SourceModuleType\":\"im_msvistalog\"}\r\nudm.principal.process.file.full_path: C:\\Windows\\System32\\rundll32.exe"
        ]
    },
    "402": {
        "alert_brief": "This rule identifies Rundll32.exe interacting with SMB, which could be a sign of potential lateral movement.SYSTEM to domain.internal",
        "ini_data": [
            "<14>Jan  2  2:48:09 serhatg.local Microsoft-Windows-Sysmon[3332]: {\"EventTime\":1672627689,\"Hostname\":\"serhatg.local\",\"Keywords\":-9223372036854775808,\"EventType\":\"INFO\",\"SeverityValue\":2,\"Severity\":\"INFO\",\"EventID\":3,\"SourceName\":\"Microsoft-Windows-Sysmon\",\"ProviderGuid\":\"{5770385F-C22A-43E0-BF4C-06F5698FFBD9}\",\"Version\":5,\"Task\":3,\"OpcodeValue\":0,\"RecordNumber\":924213,\"ProcessID\":3332,\"ThreadID\":4200,\"Channel\":\"Microsoft-Windows-Sysmon/Operational\",\"Domain\":\"NT AUTHORITY\",\"AccountName\":\"SYSTEM\",\"UserID\":\"S-1-5-18\",\"AccountType\":\"User\",\"Message\":\"Network connection detected:\\r\\nRuleName: Proxy\\r\\nUtcTime: 2023-01-02 02:48:09.000000\\r\\nProcessGuid: {036b06e3-ecbe-639b-4800-000000001a00}\\r\\nProcessId: 2780\\r\\nImage: C:\\\\Windows\\\\System32\\\\rundll32.exe\\r\\nUser: NT AUTHORITY\\\\SYSTEM\\r\\nProtocol: tcp\\r\\nInitiated: true\\r\\nSourceIsIpv6: false\\r\\nSourceIp: 10.19.122.14\\r\\nSourceHostname: serhatg.local\\r\\nSourcePort: 53969\\r\\nSourcePortName: -\\r\\nDestinationIsIpv6: false\\r\\nDestinationIp: 10.164.15.198\\r\\nDestinationHostname: domain.internal\\r\\nDestinationPort: 445\\r\\nDestinationPortName: -\",\"Category\":\"Network connection detected (rule: NetworkConnect)\",\"Opcode\":\"Info\",\"RuleName\":\"Proxy\",\"UtcTime\":\"2023-01-02 02:48:09.000000\",\"ProcessGuid\":\"{036b06e3-ecbe-639b-4800-000000001a00}\",\"Image\":\"C:\\\\Windows\\\\System32\\\\rundll32.exe\",\"User\":\"NT AUTHORITY\\\\SYSTEM\",\"Protocol\":\"tcp\",\"Initiated\":\"true\",\"SourceIsIpv6\":\"false\",\"SourceIp\":\"10.19.122.14\",\"SourceHostname\":\"serhatg.local\",\"SourcePort\":\"53969\",\"SourcePortName\":\"-\",\"DestinationIsIpv6\":\"false\",\"DestinationIp\":\"10.164.15.198\",\"DestinationHostname\":\"domain.internal\",\"DestinationPort\":\"445\",\"DestinationPortName\":\"-\",\"EventReceivedTime\":1672627689,\"SourceModuleName\":\"in_sysmon\",\"SourceModuleType\":\"im_msvistalog\"}\r\nudm.principal.process.file.full_path: C:\\Windows\\System32\\rundll32.exe"
        ]
    },
    "403": {
        "alert_brief": "This rule identifies Rundll32.exe interacting with SMB, which could be a sign of potential lateral movement.SYSTEM to domain.internal",
        "ini_data": [
            "<14>Feb 06 04:03:55 serhatg.local Microsoft-Windows-Sysmon[3332]: {\"EventTime\":1675656235,\"Hostname\":\"serhatg.local\",\"Keywords\":-9223372036854775808,\"EventType\":\"INFO\",\"SeverityValue\":2,\"Severity\":\"INFO\",\"EventID\":3,\"SourceName\":\"Microsoft-Windows-Sysmon\",\"ProviderGuid\":\"{5770385F-C22A-43E0-BF4C-06F5698FFBD9}\",\"Version\":5,\"Task\":3,\"OpcodeValue\":0,\"RecordNumber\":924213,\"ProcessID\":3332,\"ThreadID\":4200,\"Channel\":\"Microsoft-Windows-Sysmon/Operational\",\"Domain\":\"NT AUTHORITY\",\"AccountName\":\"SYSTEM\",\"UserID\":\"S-1-5-18\",\"AccountType\":\"User\",\"Message\":\"Network connection detected:\\r\\nRuleName: Proxy\\r\\nUtcTime: 2023-02-06 04:03:55.823700\\r\\nProcessGuid: {036b06e3-ecbe-639b-4800-000000001a00}\\r\\nProcessId: 2780\\r\\nImage: C:\\\\Windows\\\\System32\\\\rundll32.exe\\r\\nUser: NT AUTHORITY\\\\SYSTEM\\r\\nProtocol: tcp\\r\\nInitiated: true\\r\\nSourceIsIpv6: false\\r\\nSourceIp: 10.19.122.14\\r\\nSourceHostname: serhatg.local\\r\\nSourcePort: 53969\\r\\nSourcePortName: -\\r\\nDestinationIsIpv6: false\\r\\nDestinationIp: 10.164.15.198\\r\\nDestinationHostname: domain.internal\\r\\nDestinationPort: 445\\r\\nDestinationPortName: -\",\"Category\":\"Network connection detected (rule: NetworkConnect)\",\"Opcode\":\"Info\",\"RuleName\":\"Proxy\",\"UtcTime\":\"2023-02-06 04:03:55.823700\",\"ProcessGuid\":\"{036b06e3-ecbe-639b-4800-000000001a00}\",\"Image\":\"C:\\\\Windows\\\\System32\\\\rundll32.exe\",\"User\":\"NT AUTHORITY\\\\SYSTEM\",\"Protocol\":\"tcp\",\"Initiated\":\"true\",\"SourceIsIpv6\":\"false\",\"SourceIp\":\"10.19.122.14\",\"SourceHostname\":\"serhatg.local\",\"SourcePort\":\"53969\",\"SourcePortName\":\"-\",\"DestinationIsIpv6\":\"false\",\"DestinationIp\":\"10.164.15.198\",\"DestinationHostname\":\"domain.internal\",\"DestinationPort\":\"445\",\"DestinationPortName\":\"-\",\"EventReceivedTime\":1675656235,\"SourceModuleName\":\"in_sysmon\",\"SourceModuleType\":\"im_msvistalog\"}\r\nudm.principal.process.file.full_path: C:\\Windows\\System32\\rundll32.exe"
        ]
    },
    "404": {
        "alert_brief": "This rule identifies Rundll32.exe interacting with SMB, which could be a sign of potential lateral movement.SYSTEM to domain.internal",
        "ini_data": [
            "<14>Dec 31  9:48:39 serhatg.local Microsoft-Windows-Sysmon[3332]: {\"EventTime\":1672480119,\"Hostname\":\"serhatg.local\",\"Keywords\":-9223372036854775808,\"EventType\":\"INFO\",\"SeverityValue\":2,\"Severity\":\"INFO\",\"EventID\":3,\"SourceName\":\"Microsoft-Windows-Sysmon\",\"ProviderGuid\":\"{5770385F-C22A-43E0-BF4C-06F5698FFBD9}\",\"Version\":5,\"Task\":3,\"OpcodeValue\":0,\"RecordNumber\":924213,\"ProcessID\":3332,\"ThreadID\":4200,\"Channel\":\"Microsoft-Windows-Sysmon/Operational\",\"Domain\":\"NT AUTHORITY\",\"AccountName\":\"SYSTEM\",\"UserID\":\"S-1-5-18\",\"AccountType\":\"User\",\"Message\":\"Network connection detected:\\r\\nRuleName: Proxy\\r\\nUtcTime: 2022-12-31 09:48:39.000000\\r\\nProcessGuid: {036b06e3-ecbe-639b-4800-000000001a00}\\r\\nProcessId: 2780\\r\\nImage: C:\\\\Windows\\\\System32\\\\rundll32.exe\\r\\nUser: NT AUTHORITY\\\\SYSTEM\\r\\nProtocol: tcp\\r\\nInitiated: true\\r\\nSourceIsIpv6: false\\r\\nSourceIp: 10.19.122.14\\r\\nSourceHostname: serhatg.local\\r\\nSourcePort: 53969\\r\\nSourcePortName: -\\r\\nDestinationIsIpv6: false\\r\\nDestinationIp: 10.164.15.198\\r\\nDestinationHostname: domain.internal\\r\\nDestinationPort: 445\\r\\nDestinationPortName: -\",\"Category\":\"Network connection detected (rule: NetworkConnect)\",\"Opcode\":\"Info\",\"RuleName\":\"Proxy\",\"UtcTime\":\"2022-12-31 09:48:39.000000\",\"ProcessGuid\":\"{036b06e3-ecbe-639b-4800-000000001a00}\",\"Image\":\"C:\\\\Windows\\\\System32\\\\rundll32.exe\",\"User\":\"NT AUTHORITY\\\\SYSTEM\",\"Protocol\":\"tcp\",\"Initiated\":\"true\",\"SourceIsIpv6\":\"false\",\"SourceIp\":\"10.19.122.14\",\"SourceHostname\":\"serhatg.local\",\"SourcePort\":\"53969\",\"SourcePortName\":\"-\",\"DestinationIsIpv6\":\"false\",\"DestinationIp\":\"10.164.15.198\",\"DestinationHostname\":\"domain.internal\",\"DestinationPort\":\"445\",\"DestinationPortName\":\"-\",\"EventReceivedTime\":1672480119,\"SourceModuleName\":\"in_sysmon\",\"SourceModuleType\":\"im_msvistalog\"}\r\nudm.principal.process.file.full_path: C:\\Windows\\System32\\rundll32.exe"
        ]
    },
    "405": {
        "alert_brief": "This rule identifies Rundll32.exe interacting with SMB, which could be a sign of potential lateral movement.SYSTEM to domain.internal",
        "ini_data": [
            "<14>Sep 07 04:34:57 serhatg.local Microsoft-Windows-Sysmon[3332]: {\"EventTime\":1725597297,\"Hostname\":\"serhatg.local\",\"Keywords\":-9223372036854775808,\"EventType\":\"INFO\",\"SeverityValue\":2,\"Severity\":\"INFO\",\"EventID\":3,\"SourceName\":\"Microsoft-Windows-Sysmon\",\"ProviderGuid\":\"{5770385F-C22A-43E0-BF4C-06F5698FFBD9}\",\"Version\":5,\"Task\":3,\"OpcodeValue\":0,\"RecordNumber\":924213,\"ProcessID\":3332,\"ThreadID\":4200,\"Channel\":\"Microsoft-Windows-Sysmon/Operational\",\"Domain\":\"NT AUTHORITY\",\"AccountName\":\"SYSTEM\",\"UserID\":\"S-1-5-18\",\"AccountType\":\"User\",\"Message\":\"Network connection detected:\\r\\nRuleName: Proxy\\r\\nUtcTime: 2024-09-06 04:34:57.000000\\r\\nProcessGuid: {036b06e3-ecbe-639b-4800-000000001a00}\\r\\nProcessId: 2780\\r\\nImage: C:\\\\Windows\\\\System32\\\\rundll32.exe\\r\\nUser: NT AUTHORITY\\\\SYSTEM\\r\\nProtocol: tcp\\r\\nInitiated: true\\r\\nSourceIsIpv6: false\\r\\nSourceIp: 10.19.122.14\\r\\nSourceHostname: serhatg.local\\r\\nSourcePort: 53969\\r\\nSourcePortName: -\\r\\nDestinationIsIpv6: false\\r\\nDestinationIp: 10.164.15.198\\r\\nDestinationHostname: domain.internal\\r\\nDestinationPort: 445\\r\\nDestinationPortName: -\",\"Category\":\"Network connection detected (rule: NetworkConnect)\",\"Opcode\":\"Info\",\"RuleName\":\"Proxy\",\"UtcTime\":\"2024-09-06 04:34:57.000000\",\"ProcessGuid\":\"{036b06e3-ecbe-639b-4800-000000001a00}\",\"Image\":\"C:\\\\Windows\\\\System32\\\\rundll32.exe\",\"User\":\"NT AUTHORITY\\\\SYSTEM\",\"Protocol\":\"tcp\",\"Initiated\":\"true\",\"SourceIsIpv6\":\"false\",\"SourceIp\":\"10.19.122.14\",\"SourceHostname\":\"serhatg.local\",\"SourcePort\":\"53969\",\"SourcePortName\":\"-\",\"DestinationIsIpv6\":\"false\",\"DestinationIp\":\"10.164.15.198\",\"DestinationHostname\":\"domain.internal\",\"DestinationPort\":\"445\",\"DestinationPortName\":\"-\",\"EventReceivedTime\":1725597297,\"SourceModuleName\":\"in_sysmon\",\"SourceModuleType\":\"im_msvistalog\"}\r\nudm.principal.process.file.full_path: C:\\Windows\\System32\\rundll32.exe"
        ]
    },
    "406": {
        "alert_brief": "This rule identifies Rundll32.exe interacting with SMB, which could be a sign of potential lateral movement.SYSTEM to domain.internal",
        "ini_data": [
            "<14>Jun 21 05:03:30 serhatg.local Microsoft-Windows-Sysmon[3332]: {\"EventTime\":1687323810,\"Hostname\":\"serhatg.local\",\"Keywords\":-9223372036854775808,\"EventType\":\"INFO\",\"SeverityValue\":2,\"Severity\":\"INFO\",\"EventID\":3,\"SourceName\":\"Microsoft-Windows-Sysmon\",\"ProviderGuid\":\"{5770385F-C22A-43E0-BF4C-06F5698FFBD9}\",\"Version\":5,\"Task\":3,\"OpcodeValue\":0,\"RecordNumber\":924213,\"ProcessID\":3332,\"ThreadID\":4200,\"Channel\":\"Microsoft-Windows-Sysmon/Operational\",\"Domain\":\"NT AUTHORITY\",\"AccountName\":\"SYSTEM\",\"UserID\":\"S-1-5-18\",\"AccountType\":\"User\",\"Message\":\"Network connection detected:\\r\\nRuleName: Proxy\\r\\nUtcTime: 2023-06-21 05:03:30.148459\\r\\nProcessGuid: {036b06e3-ecbe-639b-4800-000000001a00}\\r\\nProcessId: 2780\\r\\nImage: C:\\\\Windows\\\\System32\\\\rundll32.exe\\r\\nUser: NT AUTHORITY\\\\SYSTEM\\r\\nProtocol: tcp\\r\\nInitiated: true\\r\\nSourceIsIpv6: false\\r\\nSourceIp: 10.19.122.14\\r\\nSourceHostname: serhatg.local\\r\\nSourcePort: 53969\\r\\nSourcePortName: -\\r\\nDestinationIsIpv6: false\\r\\nDestinationIp: 10.164.15.198\\r\\nDestinationHostname: domain.internal\\r\\nDestinationPort: 445\\r\\nDestinationPortName: -\",\"Category\":\"Network connection detected (rule: NetworkConnect)\",\"Opcode\":\"Info\",\"RuleName\":\"Proxy\",\"UtcTime\":\"2023-06-21 05:03:30.148459\",\"ProcessGuid\":\"{036b06e3-ecbe-639b-4800-000000001a00}\",\"Image\":\"C:\\\\Windows\\\\System32\\\\rundll32.exe\",\"User\":\"NT AUTHORITY\\\\SYSTEM\",\"Protocol\":\"tcp\",\"Initiated\":\"true\",\"SourceIsIpv6\":\"false\",\"SourceIp\":\"10.19.122.14\",\"SourceHostname\":\"serhatg.local\",\"SourcePort\":\"53969\",\"SourcePortName\":\"-\",\"DestinationIsIpv6\":\"false\",\"DestinationIp\":\"10.164.15.198\",\"DestinationHostname\":\"domain.internal\",\"DestinationPort\":\"445\",\"DestinationPortName\":\"-\",\"EventReceivedTime\":1687323810,\"SourceModuleName\":\"in_sysmon\",\"SourceModuleType\":\"im_msvistalog\"}\r\nudm.principal.process.file.full_path: C:\\Windows\\System32\\rundll32.exe"
        ]
    },
    "407": {
        "alert_brief": "This rule identifies Rundll32.exe interacting with SMB, which could be a sign of potential lateral movement.SYSTEM to domain.internal",
        "ini_data": [
            "<14>Dec 31 12:48:09 serhatg.local Microsoft-Windows-Sysmon[3332]: {\"EventTime\":1672490889,\"Hostname\":\"serhatg.local\",\"Keywords\":-9223372036854775808,\"EventType\":\"INFO\",\"SeverityValue\":2,\"Severity\":\"INFO\",\"EventID\":3,\"SourceName\":\"Microsoft-Windows-Sysmon\",\"ProviderGuid\":\"{5770385F-C22A-43E0-BF4C-06F5698FFBD9}\",\"Version\":5,\"Task\":3,\"OpcodeValue\":0,\"RecordNumber\":924213,\"ProcessID\":3332,\"ThreadID\":4200,\"Channel\":\"Microsoft-Windows-Sysmon/Operational\",\"Domain\":\"NT AUTHORITY\",\"AccountName\":\"SYSTEM\",\"UserID\":\"S-1-5-18\",\"AccountType\":\"User\",\"Message\":\"Network connection detected:\\r\\nRuleName: Proxy\\r\\nUtcTime: 2022-12-31 12:48:09.000000\\r\\nProcessGuid: {036b06e3-ecbe-639b-4800-000000001a00}\\r\\nProcessId: 2780\\r\\nImage: C:\\\\Windows\\\\System32\\\\rundll32.exe\\r\\nUser: NT AUTHORITY\\\\SYSTEM\\r\\nProtocol: tcp\\r\\nInitiated: true\\r\\nSourceIsIpv6: false\\r\\nSourceIp: 10.19.122.14\\r\\nSourceHostname: serhatg.local\\r\\nSourcePort: 53969\\r\\nSourcePortName: -\\r\\nDestinationIsIpv6: false\\r\\nDestinationIp: 10.164.15.198\\r\\nDestinationHostname: domain.internal\\r\\nDestinationPort: 445\\r\\nDestinationPortName: -\",\"Category\":\"Network connection detected (rule: NetworkConnect)\",\"Opcode\":\"Info\",\"RuleName\":\"Proxy\",\"UtcTime\":\"2022-12-31 12:48:09.000000\",\"ProcessGuid\":\"{036b06e3-ecbe-639b-4800-000000001a00}\",\"Image\":\"C:\\\\Windows\\\\System32\\\\rundll32.exe\",\"User\":\"NT AUTHORITY\\\\SYSTEM\",\"Protocol\":\"tcp\",\"Initiated\":\"true\",\"SourceIsIpv6\":\"false\",\"SourceIp\":\"10.19.122.14\",\"SourceHostname\":\"serhatg.local\",\"SourcePort\":\"53969\",\"SourcePortName\":\"-\",\"DestinationIsIpv6\":\"false\",\"DestinationIp\":\"10.164.15.198\",\"DestinationHostname\":\"domain.internal\",\"DestinationPort\":\"445\",\"DestinationPortName\":\"-\",\"EventReceivedTime\":1672490889,\"SourceModuleName\":\"in_sysmon\",\"SourceModuleType\":\"im_msvistalog\"}\r\nudm.principal.process.file.full_path: C:\\Windows\\System32\\rundll32.exe"
        ]
    },
    "408": {
        "alert_brief": "This rule identifies Rundll32.exe interacting with SMB, which could be a sign of potential lateral movement.SYSTEM to domain.internal",
        "ini_data": [
            "<14>May 17 04:34:37 serhatg.local Microsoft-Windows-Sysmon[3332]: {\"EventTime\":1715834077,\"Hostname\":\"serhatg.local\",\"Keywords\":-9223372036854775808,\"EventType\":\"INFO\",\"SeverityValue\":2,\"Severity\":\"INFO\",\"EventID\":3,\"SourceName\":\"Microsoft-Windows-Sysmon\",\"ProviderGuid\":\"{5770385F-C22A-43E0-BF4C-06F5698FFBD9}\",\"Version\":5,\"Task\":3,\"OpcodeValue\":0,\"RecordNumber\":924213,\"ProcessID\":3332,\"ThreadID\":4200,\"Channel\":\"Microsoft-Windows-Sysmon/Operational\",\"Domain\":\"NT AUTHORITY\",\"AccountName\":\"SYSTEM\",\"UserID\":\"S-1-5-18\",\"AccountType\":\"User\",\"Message\":\"Network connection detected:\\r\\nRuleName: Proxy\\r\\nUtcTime: 2024-05-16 04:34:37.000000\\r\\nProcessGuid: {036b06e3-ecbe-639b-4800-000000001a00}\\r\\nProcessId: 2780\\r\\nImage: C:\\\\Windows\\\\System32\\\\rundll32.exe\\r\\nUser: NT AUTHORITY\\\\SYSTEM\\r\\nProtocol: tcp\\r\\nInitiated: true\\r\\nSourceIsIpv6: false\\r\\nSourceIp: 10.19.122.14\\r\\nSourceHostname: serhatg.local\\r\\nSourcePort: 53969\\r\\nSourcePortName: -\\r\\nDestinationIsIpv6: false\\r\\nDestinationIp: 10.164.15.198\\r\\nDestinationHostname: domain.internal\\r\\nDestinationPort: 445\\r\\nDestinationPortName: -\",\"Category\":\"Network connection detected (rule: NetworkConnect)\",\"Opcode\":\"Info\",\"RuleName\":\"Proxy\",\"UtcTime\":\"2024-05-16 04:34:37.000000\",\"ProcessGuid\":\"{036b06e3-ecbe-639b-4800-000000001a00}\",\"Image\":\"C:\\\\Windows\\\\System32\\\\rundll32.exe\",\"User\":\"NT AUTHORITY\\\\SYSTEM\",\"Protocol\":\"tcp\",\"Initiated\":\"true\",\"SourceIsIpv6\":\"false\",\"SourceIp\":\"10.19.122.14\",\"SourceHostname\":\"serhatg.local\",\"SourcePort\":\"53969\",\"SourcePortName\":\"-\",\"DestinationIsIpv6\":\"false\",\"DestinationIp\":\"10.164.15.198\",\"DestinationHostname\":\"domain.internal\",\"DestinationPort\":\"445\",\"DestinationPortName\":\"-\",\"EventReceivedTime\":1715834077,\"SourceModuleName\":\"in_sysmon\",\"SourceModuleType\":\"im_msvistalog\"}\r\nudm.principal.process.file.full_path: C:\\Windows\\System32\\rundll32.exe"
        ]
    },
    "409": {
        "alert_brief": "This rule identifies Rundll32.exe interacting with SMB, which could be a sign of potential lateral movement.SYSTEM to domain.internal",
        "ini_data": [
            "<14>Apr 17 05:02:55 serhatg.local Microsoft-Windows-Sysmon[3332]: {\"EventTime\":1681707775,\"Hostname\":\"serhatg.local\",\"Keywords\":-9223372036854775808,\"EventType\":\"INFO\",\"SeverityValue\":2,\"Severity\":\"INFO\",\"EventID\":3,\"SourceName\":\"Microsoft-Windows-Sysmon\",\"ProviderGuid\":\"{5770385F-C22A-43E0-BF4C-06F5698FFBD9}\",\"Version\":5,\"Task\":3,\"OpcodeValue\":0,\"RecordNumber\":924213,\"ProcessID\":3332,\"ThreadID\":4200,\"Channel\":\"Microsoft-Windows-Sysmon/Operational\",\"Domain\":\"NT AUTHORITY\",\"AccountName\":\"SYSTEM\",\"UserID\":\"S-1-5-18\",\"AccountType\":\"User\",\"Message\":\"Network connection detected:\\r\\nRuleName: Proxy\\r\\nUtcTime: 2023-04-17 05:02:55.003666\\r\\nProcessGuid: {036b06e3-ecbe-639b-4800-000000001a00}\\r\\nProcessId: 2780\\r\\nImage: C:\\\\Windows\\\\System32\\\\rundll32.exe\\r\\nUser: NT AUTHORITY\\\\SYSTEM\\r\\nProtocol: tcp\\r\\nInitiated: true\\r\\nSourceIsIpv6: false\\r\\nSourceIp: 10.19.122.14\\r\\nSourceHostname: serhatg.local\\r\\nSourcePort: 53969\\r\\nSourcePortName: -\\r\\nDestinationIsIpv6: false\\r\\nDestinationIp: 10.164.15.198\\r\\nDestinationHostname: domain.internal\\r\\nDestinationPort: 445\\r\\nDestinationPortName: -\",\"Category\":\"Network connection detected (rule: NetworkConnect)\",\"Opcode\":\"Info\",\"RuleName\":\"Proxy\",\"UtcTime\":\"2023-04-17 05:02:55.003666\",\"ProcessGuid\":\"{036b06e3-ecbe-639b-4800-000000001a00}\",\"Image\":\"C:\\\\Windows\\\\System32\\\\rundll32.exe\",\"User\":\"NT AUTHORITY\\\\SYSTEM\",\"Protocol\":\"tcp\",\"Initiated\":\"true\",\"SourceIsIpv6\":\"false\",\"SourceIp\":\"10.19.122.14\",\"SourceHostname\":\"serhatg.local\",\"SourcePort\":\"53969\",\"SourcePortName\":\"-\",\"DestinationIsIpv6\":\"false\",\"DestinationIp\":\"10.164.15.198\",\"DestinationHostname\":\"domain.internal\",\"DestinationPort\":\"445\",\"DestinationPortName\":\"-\",\"EventReceivedTime\":1681707775,\"SourceModuleName\":\"in_sysmon\",\"SourceModuleType\":\"im_msvistalog\"}\r\nudm.principal.process.file.full_path: C:\\Windows\\System32\\rundll32.exe"
        ]
    },
    "410": {
        "alert_brief": "This rule identifies Rundll32.exe interacting with SMB, which could be a sign of potential lateral movement.SYSTEM to domain.internal",
        "ini_data": [
            "<14>Jul 07 05:04:28 serhatg.local Microsoft-Windows-Sysmon[3332]: {\"EventTime\":1688706268,\"Hostname\":\"serhatg.local\",\"Keywords\":-9223372036854775808,\"EventType\":\"INFO\",\"SeverityValue\":2,\"Severity\":\"INFO\",\"EventID\":3,\"SourceName\":\"Microsoft-Windows-Sysmon\",\"ProviderGuid\":\"{5770385F-C22A-43E0-BF4C-06F5698FFBD9}\",\"Version\":5,\"Task\":3,\"OpcodeValue\":0,\"RecordNumber\":924213,\"ProcessID\":3332,\"ThreadID\":4200,\"Channel\":\"Microsoft-Windows-Sysmon/Operational\",\"Domain\":\"NT AUTHORITY\",\"AccountName\":\"SYSTEM\",\"UserID\":\"S-1-5-18\",\"AccountType\":\"User\",\"Message\":\"Network connection detected:\\r\\nRuleName: Proxy\\r\\nUtcTime: 2023-07-07 05:04:28.759274\\r\\nProcessGuid: {036b06e3-ecbe-639b-4800-000000001a00}\\r\\nProcessId: 2780\\r\\nImage: C:\\\\Windows\\\\System32\\\\rundll32.exe\\r\\nUser: NT AUTHORITY\\\\SYSTEM\\r\\nProtocol: tcp\\r\\nInitiated: true\\r\\nSourceIsIpv6: false\\r\\nSourceIp: 10.19.122.14\\r\\nSourceHostname: serhatg.local\\r\\nSourcePort: 53969\\r\\nSourcePortName: -\\r\\nDestinationIsIpv6: false\\r\\nDestinationIp: 10.164.15.198\\r\\nDestinationHostname: domain.internal\\r\\nDestinationPort: 445\\r\\nDestinationPortName: -\",\"Category\":\"Network connection detected (rule: NetworkConnect)\",\"Opcode\":\"Info\",\"RuleName\":\"Proxy\",\"UtcTime\":\"2023-07-07 05:04:28.759274\",\"ProcessGuid\":\"{036b06e3-ecbe-639b-4800-000000001a00}\",\"Image\":\"C:\\\\Windows\\\\System32\\\\rundll32.exe\",\"User\":\"NT AUTHORITY\\\\SYSTEM\",\"Protocol\":\"tcp\",\"Initiated\":\"true\",\"SourceIsIpv6\":\"false\",\"SourceIp\":\"10.19.122.14\",\"SourceHostname\":\"serhatg.local\",\"SourcePort\":\"53969\",\"SourcePortName\":\"-\",\"DestinationIsIpv6\":\"false\",\"DestinationIp\":\"10.164.15.198\",\"DestinationHostname\":\"domain.internal\",\"DestinationPort\":\"445\",\"DestinationPortName\":\"-\",\"EventReceivedTime\":1688706268,\"SourceModuleName\":\"in_sysmon\",\"SourceModuleType\":\"im_msvistalog\"}\r\nudm.principal.process.file.full_path: C:\\Windows\\System32\\rundll32.exe"
        ]
    },
    "411": {
        "alert_brief": "This rule identifies Rundll32.exe interacting with SMB, which could be a sign of potential lateral movement.SYSTEM to domain.internal",
        "ini_data": [
            "<14>Dec 29  0:49:30 serhatg.local Microsoft-Windows-Sysmon[3332]: {\"EventTime\":1672274970,\"Hostname\":\"serhatg.local\",\"Keywords\":-9223372036854775808,\"EventType\":\"INFO\",\"SeverityValue\":2,\"Severity\":\"INFO\",\"EventID\":3,\"SourceName\":\"Microsoft-Windows-Sysmon\",\"ProviderGuid\":\"{5770385F-C22A-43E0-BF4C-06F5698FFBD9}\",\"Version\":5,\"Task\":3,\"OpcodeValue\":0,\"RecordNumber\":924213,\"ProcessID\":3332,\"ThreadID\":4200,\"Channel\":\"Microsoft-Windows-Sysmon/Operational\",\"Domain\":\"NT AUTHORITY\",\"AccountName\":\"SYSTEM\",\"UserID\":\"S-1-5-18\",\"AccountType\":\"User\",\"Message\":\"Network connection detected:\\r\\nRuleName: Proxy\\r\\nUtcTime: 2022-12-29 00:49:30.000000\\r\\nProcessGuid: {036b06e3-ecbe-639b-4800-000000001a00}\\r\\nProcessId: 2780\\r\\nImage: C:\\\\Windows\\\\System32\\\\rundll32.exe\\r\\nUser: NT AUTHORITY\\\\SYSTEM\\r\\nProtocol: tcp\\r\\nInitiated: true\\r\\nSourceIsIpv6: false\\r\\nSourceIp: 10.19.122.14\\r\\nSourceHostname: serhatg.local\\r\\nSourcePort: 53969\\r\\nSourcePortName: -\\r\\nDestinationIsIpv6: false\\r\\nDestinationIp: 10.164.15.198\\r\\nDestinationHostname: domain.internal\\r\\nDestinationPort: 445\\r\\nDestinationPortName: -\",\"Category\":\"Network connection detected (rule: NetworkConnect)\",\"Opcode\":\"Info\",\"RuleName\":\"Proxy\",\"UtcTime\":\"2022-12-29 00:49:30.000000\",\"ProcessGuid\":\"{036b06e3-ecbe-639b-4800-000000001a00}\",\"Image\":\"C:\\\\Windows\\\\System32\\\\rundll32.exe\",\"User\":\"NT AUTHORITY\\\\SYSTEM\",\"Protocol\":\"tcp\",\"Initiated\":\"true\",\"SourceIsIpv6\":\"false\",\"SourceIp\":\"10.19.122.14\",\"SourceHostname\":\"serhatg.local\",\"SourcePort\":\"53969\",\"SourcePortName\":\"-\",\"DestinationIsIpv6\":\"false\",\"DestinationIp\":\"10.164.15.198\",\"DestinationHostname\":\"domain.internal\",\"DestinationPort\":\"445\",\"DestinationPortName\":\"-\",\"EventReceivedTime\":1672274970,\"SourceModuleName\":\"in_sysmon\",\"SourceModuleType\":\"im_msvistalog\"}\r\nudm.principal.process.file.full_path: C:\\Windows\\System32\\rundll32.exe"
        ]
    },
    "412": {
        "alert_brief": "Detects the execution of whoami, which is often used by attackers after exploitation to establish what credentials they are logged in underwhoami.exe launched by cmd.exe",
        "ini_data": [
            "<14>May 08 03:27:43 win-server.lunarstiiiness.com Microsoft-Windows-Sysmon[2212]: {\"EventTime\":1715052461,\"Hostname\":\"win-server.lunarstiiiness.com\",\"Keywords\":-9223372036854775808,\"EventType\":\"INFO\",\"SeverityValue\":2,\"Severity\":\"INFO\",\"EventID\":1,\"SourceName\":\"Microsoft-Windows-Sysmon\",\"ProviderGuid\":\"{5770385F-C22A-43E0-BF4C-06F5698FFBD9}\",\"Version\":5,\"Task\":1,\"OpcodeValue\":0,\"RecordNumber\":2219879,\"ProcessID\":2212,\"ThreadID\":2972,\"Channel\":\"Microsoft-Windows-Sysmon/Operational\",\"Domain\":\"NT AUTHORITY\",\"AccountName\":\"SYSTEM\",\"UserID\":\"S-1-5-18\",\"AccountType\":\"User\",\"Message\":\"Process Create:\\r\\nRuleName: technique_id=T1033,technique_name=System Owner/User Discovery\\r\\nUtcTime: 2024-05-07 03:27:41.864\\r\\nProcessGuid: {BE59402F-A05F-6495-C812-000000002400}\\r\\nProcessId: 2332\\r\\nImage: C:\\\\Windows\\\\System32\\\\whoami.exe\\r\\nFileVersion: 10.0.14393.0 (rs1_release.160715-1616)\\r\\nDescription: whoami - displays logged on user information\\r\\nProduct: Microsoft  Windows  Operating System\\r\\nCompany: Microsoft Corporation\\r\\nOriginalFileName: whoami.exe\\r\\nCommandLine: whoami\\r\\nCurrentDirectory: C:\\\\Users\\\\tim.smith_admin\\\\Downloads\\\\\\r\\nUser: LUNARSTIIINESS\\\\tim.smith_admin\\r\\nLogonGuid: {BE59402F-1813-648B-63D4-E10500000000}\\r\\nLogonId: 0x5E1D463\\r\\nTerminalSessionId: 2\\r\\nIntegrityLevel: Medium\\r\\nHashes: SHA1=9746E91BFC629D3A2E1FE6289B549C0452702004,MD5=AA1E17EA3DB5CD9D8BC061CAEC74C6E8,SHA256=8ECFFCCE38D4EE87ABAEE6CBE843D94D4F8FB98FAB3C356C7F6B70E60B10F88A,IMPHASH=E24E330FA9663CE77F2031CACAEB3DF9\\r\\nParentProcessGuid: {BE59402F-A05F-6495-C612-000000002400}\\r\\nParentProcessId: 3336\\r\\nParentImage: C:\\\\Windows\\\\System32\\\\cmd.exe\\r\\nParentCommandLine: \\\"cmd.exe\\\" /c whoami\\r\\nParentUser: LUNARSTIIINESS\\\\tim.smith_admin\",\"Category\":\"Process Create (rule: ProcessCreate)\",\"Opcode\":\"Info\",\"RuleName\":\"technique_id=T1033,technique_name=System Owner/User Discovery\",\"UtcTime\":\"2024-05-07 03:27:41.864\",\"ProcessGuid\":\"{BE59402F-A05F-6495-C812-000000002400}\",\"Image\":\"C:\\\\Windows\\\\System32\\\\whoami.exe\",\"FileVersion\":\"10.0.14393.0 (rs1_release.160715-1616)\",\"Description\":\"whoami - displays logged on user information\",\"Product\":\"Microsoft  Windows  Operating System\",\"Company\":\"Microsoft Corporation\",\"OriginalFileName\":\"whoami.exe\",\"CommandLine\":\"whoami\",\"CurrentDirectory\":\"C:\\\\Users\\\\tim.smith_admin\\\\Downloads\\\\\",\"User\":\"LUNARSTIIINESS\\\\tim.smith_admin\",\"LogonGuid\":\"{BE59402F-1813-648B-63D4-E10500000000}\",\"LogonId\":\"0x5e1d463\",\"TerminalSessionId\":\"2\",\"IntegrityLevel\":\"Medium\",\"Hashes\":\"SHA1=9746E91BFC629D3A2E1FE6289B549C0452702004,MD5=AA1E17EA3DB5CD9D8BC061CAEC74C6E8,SHA256=8ECFFCCE38D4EE87ABAEE6CBE843D94D4F8FB98FAB3C356C7F6B70E60B10F88A,IMPHASH=E24E330FA9663CE77F2031CACAEB3DF9\",\"ParentProcessGuid\":\"{BE59402F-A05F-6495-C612-000000002400}\",\"ParentProcessId\":\"3336\",\"ParentImage\":\"C:\\\\Windows\\\\System32\\\\cmd.exe\",\"ParentCommandLine\":\"\\\"cmd.exe\\\" /c whoami\",\"ParentUser\":\"LUNARSTIIINESS\\\\tim.smith_admin\",\"EventReceivedTime\":1715052463,\"SourceModuleName\":\"in_sysmon\",\"SourceModuleType\":\"im_msvistalog\"}\r\nudm.principal.process.file.full_path: C:\\Windows\\System32\\cmd.exe\r\nudm.principal.process.file.sha256: 935c1861df1f4018d698e8b65abfa02d7e9037d8f68ca3c2065b6ca165d44ad2\r\nprincipal_process_command_line(Outcome): \"cmd.exe\" /c whoami\r\nprincipal_process_file_sha256(Outcome): 935c1861df1f4018d698e8b65abfa02d7e9037d8f68ca3c2065b6ca165d44ad2"
        ]
    },
    "413": {
        "alert_brief": "This rule identifies Rundll32.exe interacting with SMB, which could be a sign of potential lateral movement.SYSTEM to domain.internal",
        "ini_data": [
            "<14>Dec 28  1:48:59 serhatg.local Microsoft-Windows-Sysmon[3332]: {\"EventTime\":1672192139,\"Hostname\":\"serhatg.local\",\"Keywords\":-9223372036854775808,\"EventType\":\"INFO\",\"SeverityValue\":2,\"Severity\":\"INFO\",\"EventID\":3,\"SourceName\":\"Microsoft-Windows-Sysmon\",\"ProviderGuid\":\"{5770385F-C22A-43E0-BF4C-06F5698FFBD9}\",\"Version\":5,\"Task\":3,\"OpcodeValue\":0,\"RecordNumber\":924213,\"ProcessID\":3332,\"ThreadID\":4200,\"Channel\":\"Microsoft-Windows-Sysmon/Operational\",\"Domain\":\"NT AUTHORITY\",\"AccountName\":\"SYSTEM\",\"UserID\":\"S-1-5-18\",\"AccountType\":\"User\",\"Message\":\"Network connection detected:\\r\\nRuleName: Proxy\\r\\nUtcTime: 2022-12-28 01:48:59.000000\\r\\nProcessGuid: {036b06e3-ecbe-639b-4800-000000001a00}\\r\\nProcessId: 2780\\r\\nImage: C:\\\\Windows\\\\System32\\\\rundll32.exe\\r\\nUser: NT AUTHORITY\\\\SYSTEM\\r\\nProtocol: tcp\\r\\nInitiated: true\\r\\nSourceIsIpv6: false\\r\\nSourceIp: 10.19.122.14\\r\\nSourceHostname: serhatg.local\\r\\nSourcePort: 53969\\r\\nSourcePortName: -\\r\\nDestinationIsIpv6: false\\r\\nDestinationIp: 10.164.15.198\\r\\nDestinationHostname: domain.internal\\r\\nDestinationPort: 445\\r\\nDestinationPortName: -\",\"Category\":\"Network connection detected (rule: NetworkConnect)\",\"Opcode\":\"Info\",\"RuleName\":\"Proxy\",\"UtcTime\":\"2022-12-28 01:48:59.000000\",\"ProcessGuid\":\"{036b06e3-ecbe-639b-4800-000000001a00}\",\"Image\":\"C:\\\\Windows\\\\System32\\\\rundll32.exe\",\"User\":\"NT AUTHORITY\\\\SYSTEM\",\"Protocol\":\"tcp\",\"Initiated\":\"true\",\"SourceIsIpv6\":\"false\",\"SourceIp\":\"10.19.122.14\",\"SourceHostname\":\"serhatg.local\",\"SourcePort\":\"53969\",\"SourcePortName\":\"-\",\"DestinationIsIpv6\":\"false\",\"DestinationIp\":\"10.164.15.198\",\"DestinationHostname\":\"domain.internal\",\"DestinationPort\":\"445\",\"DestinationPortName\":\"-\",\"EventReceivedTime\":1672192139,\"SourceModuleName\":\"in_sysmon\",\"SourceModuleType\":\"im_msvistalog\"}\r\nudm.principal.process.file.full_path: C:\\Windows\\System32\\rundll32.exe"
        ]
    },
    "414": {
        "alert_brief": "This rule identifies Rundll32.exe interacting with SMB, which could be a sign of potential lateral movement.SYSTEM to domain.internal",
        "ini_data": [
            "<14>Feb 22 04:03:45 serhatg.local Microsoft-Windows-Sysmon[3332]: {\"EventTime\":1677038625,\"Hostname\":\"serhatg.local\",\"Keywords\":-9223372036854775808,\"EventType\":\"INFO\",\"SeverityValue\":2,\"Severity\":\"INFO\",\"EventID\":3,\"SourceName\":\"Microsoft-Windows-Sysmon\",\"ProviderGuid\":\"{5770385F-C22A-43E0-BF4C-06F5698FFBD9}\",\"Version\":5,\"Task\":3,\"OpcodeValue\":0,\"RecordNumber\":924213,\"ProcessID\":3332,\"ThreadID\":4200,\"Channel\":\"Microsoft-Windows-Sysmon/Operational\",\"Domain\":\"NT AUTHORITY\",\"AccountName\":\"SYSTEM\",\"UserID\":\"S-1-5-18\",\"AccountType\":\"User\",\"Message\":\"Network connection detected:\\r\\nRuleName: Proxy\\r\\nUtcTime: 2023-02-22 04:03:45.468906\\r\\nProcessGuid: {036b06e3-ecbe-639b-4800-000000001a00}\\r\\nProcessId: 2780\\r\\nImage: C:\\\\Windows\\\\System32\\\\rundll32.exe\\r\\nUser: NT AUTHORITY\\\\SYSTEM\\r\\nProtocol: tcp\\r\\nInitiated: true\\r\\nSourceIsIpv6: false\\r\\nSourceIp: 10.19.122.14\\r\\nSourceHostname: serhatg.local\\r\\nSourcePort: 53969\\r\\nSourcePortName: -\\r\\nDestinationIsIpv6: false\\r\\nDestinationIp: 10.164.15.198\\r\\nDestinationHostname: domain.internal\\r\\nDestinationPort: 445\\r\\nDestinationPortName: -\",\"Category\":\"Network connection detected (rule: NetworkConnect)\",\"Opcode\":\"Info\",\"RuleName\":\"Proxy\",\"UtcTime\":\"2023-02-22 04:03:45.468906\",\"ProcessGuid\":\"{036b06e3-ecbe-639b-4800-000000001a00}\",\"Image\":\"C:\\\\Windows\\\\System32\\\\rundll32.exe\",\"User\":\"NT AUTHORITY\\\\SYSTEM\",\"Protocol\":\"tcp\",\"Initiated\":\"true\",\"SourceIsIpv6\":\"false\",\"SourceIp\":\"10.19.122.14\",\"SourceHostname\":\"serhatg.local\",\"SourcePort\":\"53969\",\"SourcePortName\":\"-\",\"DestinationIsIpv6\":\"false\",\"DestinationIp\":\"10.164.15.198\",\"DestinationHostname\":\"domain.internal\",\"DestinationPort\":\"445\",\"DestinationPortName\":\"-\",\"EventReceivedTime\":1677038625,\"SourceModuleName\":\"in_sysmon\",\"SourceModuleType\":\"im_msvistalog\"}\r\nudm.principal.process.file.full_path: C:\\Windows\\System32\\rundll32.exe"
        ]
    },
    "415": {
        "alert_brief": "This rule identifies Rundll32.exe interacting with SMB, which could be a sign of potential lateral movement.SYSTEM to domain.internal",
        "ini_data": [
            "<14>Jan 17 12:17:27 serhatg.local Microsoft-Windows-Sysmon[3332]: {\"EventTime\":1673957847,\"Hostname\":\"serhatg.local\",\"Keywords\":-9223372036854775808,\"EventType\":\"INFO\",\"SeverityValue\":2,\"Severity\":\"INFO\",\"EventID\":3,\"SourceName\":\"Microsoft-Windows-Sysmon\",\"ProviderGuid\":\"{5770385F-C22A-43E0-BF4C-06F5698FFBD9}\",\"Version\":5,\"Task\":3,\"OpcodeValue\":0,\"RecordNumber\":924213,\"ProcessID\":3332,\"ThreadID\":4200,\"Channel\":\"Microsoft-Windows-Sysmon/Operational\",\"Domain\":\"NT AUTHORITY\",\"AccountName\":\"SYSTEM\",\"UserID\":\"S-1-5-18\",\"AccountType\":\"User\",\"Message\":\"Network connection detected:\\r\\nRuleName: Proxy\\r\\nUtcTime: 2023-01-17 12:17:27.640685\\r\\nProcessGuid: {036b06e3-ecbe-639b-4800-000000001a00}\\r\\nProcessId: 2780\\r\\nImage: C:\\\\Windows\\\\System32\\\\rundll32.exe\\r\\nUser: NT AUTHORITY\\\\SYSTEM\\r\\nProtocol: tcp\\r\\nInitiated: true\\r\\nSourceIsIpv6: false\\r\\nSourceIp: 10.19.122.14\\r\\nSourceHostname: serhatg.local\\r\\nSourcePort: 53969\\r\\nSourcePortName: -\\r\\nDestinationIsIpv6: false\\r\\nDestinationIp: 10.164.15.198\\r\\nDestinationHostname: domain.internal\\r\\nDestinationPort: 445\\r\\nDestinationPortName: -\",\"Category\":\"Network connection detected (rule: NetworkConnect)\",\"Opcode\":\"Info\",\"RuleName\":\"Proxy\",\"UtcTime\":\"2023-01-17 12:17:27.640685\",\"ProcessGuid\":\"{036b06e3-ecbe-639b-4800-000000001a00}\",\"Image\":\"C:\\\\Windows\\\\System32\\\\rundll32.exe\",\"User\":\"NT AUTHORITY\\\\SYSTEM\",\"Protocol\":\"tcp\",\"Initiated\":\"true\",\"SourceIsIpv6\":\"false\",\"SourceIp\":\"10.19.122.14\",\"SourceHostname\":\"serhatg.local\",\"SourcePort\":\"53969\",\"SourcePortName\":\"-\",\"DestinationIsIpv6\":\"false\",\"DestinationIp\":\"10.164.15.198\",\"DestinationHostname\":\"domain.internal\",\"DestinationPort\":\"445\",\"DestinationPortName\":\"-\",\"EventReceivedTime\":1673957847,\"SourceModuleName\":\"in_sysmon\",\"SourceModuleType\":\"im_msvistalog\"}\r\nudm.principal.process.file.full_path: C:\\Windows\\System32\\rundll32.exe"
        ]
    },
    "416": {
        "alert_brief": "Detects the execution of whoami, which is often used by attackers after exploitation to establish what credentials they are logged in underwhoami.exe launched by cmd.exe",
        "ini_data": [
            "<14>Jun 17 04:01:35 activedir.stackedpads.local Microsoft-Windows-Security-Auditing[4]: {\"EventTime\":1718510494,\"Hostname\":\"activedir.stackedpads.local\",\"Keywords\":-9214364837600034816,\"EventType\":\"AUDIT_SUCCESS\",\"SeverityValue\":2,\"Severity\":\"INFO\",\"EventID\":4688,\"SourceName\":\"Microsoft-Windows-Security-Auditing\",\"ProviderGuid\":\"{54849625-5478-4994-A5BA-3E3B0328C30D}\",\"Version\":2,\"Task\":13312,\"OpcodeValue\":0,\"RecordNumber\":510442,\"ProcessID\":4,\"ThreadID\":304,\"Channel\":\"Security\",\"Message\":\"A new process has been created.\\r\\n\\r\\nCreator Subject:\\r\\n\\tSecurity ID:\\t\\tS-1-5-21-2264196694-1469429678-912427992-1104\\r\\n\\tAccount Name:\\t\\tfrank.kolzig\\r\\n\\tAccount Domain:\\t\\tSTACKEDPADS\\r\\n\\tLogon ID:\\t\\t0x16307A\\r\\n\\r\\nTarget Subject:\\r\\n\\tSecurity ID:\\t\\tS-1-0-0\\r\\n\\tAccount Name:\\t\\t-\\r\\n\\tAccount Domain:\\t\\t-\\r\\n\\tLogon ID:\\t\\t0x0\\r\\n\\r\\nProcess Information:\\r\\n\\tNew Process ID:\\t\\t0x1154\\r\\n\\tNew Process Name:\\tC:\\\\Windows\\\\System32\\\\whoami.exe\\r\\n\\tToken Elevation Type:\\t%%1938\\r\\n\\tMandatory Label:\\t\\tS-1-16-8192\\r\\n\\tCreator Process ID:\\t0x760\\r\\n\\tCreator Process Name:\\tC:\\\\Windows\\\\System32\\\\cmd.exe\\r\\n\\tProcess Command Line:\\twhoami\\r\\n\\r\\nToken Elevation Type indicates the type of token that was assigned to the new process in accordance with User Account Control policy.\\r\\n\\r\\nType 1 is a full token with no privileges removed or groups disabled.  A full token is only used if User Account Control is disabled or if the user is the built-in Administrator account or a service account.\\r\\n\\r\\nType 2 is an elevated token with no privileges removed or groups disabled.  An elevated token is used when User Account Control is enabled and the user chooses to start the program using Run as administrator.  An elevated token is also used when an application is configured to always require administrative privilege or to always require maximum privilege, and the user is a member of the Administrators group.\\r\\n\\r\\nType 3 is a limited token with administrative privileges removed and administrative groups disabled.  The limited token is used when User Account Control is enabled, the application does not require administrative privilege, and the user does not choose to start the program using Run as administrator.\",\"Category\":\"Process Creation\",\"Opcode\":\"Info\",\"SubjectUserSid\":\"S-1-5-21-2264196694-1469429678-912427992-1104\",\"SubjectUserName\":\"frank.kolzig\",\"SubjectDomainName\":\"STACKEDPADS\",\"SubjectLogonId\":\"0x16307a\",\"NewProcessId\":\"0x1154\",\"NewProcessName\":\"C:\\\\Windows\\\\System32\\\\whoami.exe\",\"TokenElevationType\":\"%%1938\",\"CommandLine\":\"whoami\",\"TargetUserSid\":\"S-1-0-0\",\"TargetUserName\":\"-\",\"TargetDomainName\":\"-\",\"TargetLogonId\":\"0x0\",\"ParentProcessName\":\"C:\\\\Windows\\\\System32\\\\cmd.exe\",\"MandatoryLabel\":\"S-1-16-8192\",\"EventReceivedTime\":1718510495,\"SourceModuleName\":\"in_default_channels\",\"SourceModuleType\":\"im_msvistalog\"}\r\nudm.principal.process.file.full_path: C:\\Windows\\System32\\cmd.exe"
        ]
    },
    "417": {
        "alert_brief": "This rule identifies Rundll32.exe interacting with SMB, which could be a sign of potential lateral movement.SYSTEM to domain.internal",
        "ini_data": [
            "<14>Sep 13 04:34:22 serhatg.local Microsoft-Windows-Sysmon[3332]: {\"EventTime\":1726115662,\"Hostname\":\"serhatg.local\",\"Keywords\":-9223372036854775808,\"EventType\":\"INFO\",\"SeverityValue\":2,\"Severity\":\"INFO\",\"EventID\":3,\"SourceName\":\"Microsoft-Windows-Sysmon\",\"ProviderGuid\":\"{5770385F-C22A-43E0-BF4C-06F5698FFBD9}\",\"Version\":5,\"Task\":3,\"OpcodeValue\":0,\"RecordNumber\":924213,\"ProcessID\":3332,\"ThreadID\":4200,\"Channel\":\"Microsoft-Windows-Sysmon/Operational\",\"Domain\":\"NT AUTHORITY\",\"AccountName\":\"SYSTEM\",\"UserID\":\"S-1-5-18\",\"AccountType\":\"User\",\"Message\":\"Network connection detected:\\r\\nRuleName: Proxy\\r\\nUtcTime: 2024-09-12 04:34:22.000000\\r\\nProcessGuid: {036b06e3-ecbe-639b-4800-000000001a00}\\r\\nProcessId: 2780\\r\\nImage: C:\\\\Windows\\\\System32\\\\rundll32.exe\\r\\nUser: NT AUTHORITY\\\\SYSTEM\\r\\nProtocol: tcp\\r\\nInitiated: true\\r\\nSourceIsIpv6: false\\r\\nSourceIp: 10.19.122.14\\r\\nSourceHostname: serhatg.local\\r\\nSourcePort: 53969\\r\\nSourcePortName: -\\r\\nDestinationIsIpv6: false\\r\\nDestinationIp: 10.164.15.198\\r\\nDestinationHostname: domain.internal\\r\\nDestinationPort: 445\\r\\nDestinationPortName: -\",\"Category\":\"Network connection detected (rule: NetworkConnect)\",\"Opcode\":\"Info\",\"RuleName\":\"Proxy\",\"UtcTime\":\"2024-09-12 04:34:22.000000\",\"ProcessGuid\":\"{036b06e3-ecbe-639b-4800-000000001a00}\",\"Image\":\"C:\\\\Windows\\\\System32\\\\rundll32.exe\",\"User\":\"NT AUTHORITY\\\\SYSTEM\",\"Protocol\":\"tcp\",\"Initiated\":\"true\",\"SourceIsIpv6\":\"false\",\"SourceIp\":\"10.19.122.14\",\"SourceHostname\":\"serhatg.local\",\"SourcePort\":\"53969\",\"SourcePortName\":\"-\",\"DestinationIsIpv6\":\"false\",\"DestinationIp\":\"10.164.15.198\",\"DestinationHostname\":\"domain.internal\",\"DestinationPort\":\"445\",\"DestinationPortName\":\"-\",\"EventReceivedTime\":1726115662,\"SourceModuleName\":\"in_sysmon\",\"SourceModuleType\":\"im_msvistalog\"}\r\nudm.principal.process.file.full_path: C:\\Windows\\System32\\rundll32.exe"
        ]
    },
    "418": {
        "alert_brief": "This rule identifies Rundll32.exe interacting with SMB, which could be a sign of potential lateral movement.SYSTEM to domain.internal",
        "ini_data": [
