            "<14>Apr 18 05:03:36 serhatg.local Microsoft-Windows-Sysmon[3332]: {\"EventTime\":1681794216,\"Hostname\":\"serhatg.local\",\"Keywords\":-9223372036854775808,\"EventType\":\"INFO\",\"SeverityValue\":2,\"Severity\":\"INFO\",\"EventID\":3,\"SourceName\":\"Microsoft-Windows-Sysmon\",\"ProviderGuid\":\"{5770385F-C22A-43E0-BF4C-06F5698FFBD9}\",\"Version\":5,\"Task\":3,\"OpcodeValue\":0,\"RecordNumber\":924213,\"ProcessID\":3332,\"ThreadID\":4200,\"Channel\":\"Microsoft-Windows-Sysmon/Operational\",\"Domain\":\"NT AUTHORITY\",\"AccountName\":\"SYSTEM\",\"UserID\":\"S-1-5-18\",\"AccountType\":\"User\",\"Message\":\"Network connection detected:\\r\\nRuleName: Proxy\\r\\nUtcTime: 2023-04-18 05:03:36.429227\\r\\nProcessGuid: {036b06e3-ecbe-639b-4800-000000001a00}\\r\\nProcessId: 2780\\r\\nImage: C:\\\\Windows\\\\System32\\\\rundll32.exe\\r\\nUser: NT AUTHORITY\\\\SYSTEM\\r\\nProtocol: tcp\\r\\nInitiated: true\\r\\nSourceIsIpv6: false\\r\\nSourceIp: 10.19.122.14\\r\\nSourceHostname: serhatg.local\\r\\nSourcePort: 53969\\r\\nSourcePortName: -\\r\\nDestinationIsIpv6: false\\r\\nDestinationIp: 10.164.15.198\\r\\nDestinationHostname: domain.internal\\r\\nDestinationPort: 445\\r\\nDestinationPortName: -\",\"Category\":\"Network connection detected (rule: NetworkConnect)\",\"Opcode\":\"Info\",\"RuleName\":\"Proxy\",\"UtcTime\":\"2023-04-18 05:03:36.429227\",\"ProcessGuid\":\"{036b06e3-ecbe-639b-4800-000000001a00}\",\"Image\":\"C:\\\\Windows\\\\System32\\\\rundll32.exe\",\"User\":\"NT AUTHORITY\\\\SYSTEM\",\"Protocol\":\"tcp\",\"Initiated\":\"true\",\"SourceIsIpv6\":\"false\",\"SourceIp\":\"10.19.122.14\",\"SourceHostname\":\"serhatg.local\",\"SourcePort\":\"53969\",\"SourcePortName\":\"-\",\"DestinationIsIpv6\":\"false\",\"DestinationIp\":\"10.164.15.198\",\"DestinationHostname\":\"domain.internal\",\"DestinationPort\":\"445\",\"DestinationPortName\":\"-\",\"EventReceivedTime\":1681794216,\"SourceModuleName\":\"in_sysmon\",\"SourceModuleType\":\"im_msvistalog\"}\r\nudm.principal.process.file.full_path: C:\\Windows\\System32\\rundll32.exe"
        ]
    },
    "23": {
        "alert_brief": "This rule identifies Rundll32.exe interacting with SMB, which could be a sign of potential lateral movement.SYSTEM to domain.internal",
        "ini_data": [
            "<14>Mar 31 05:33:39 serhatg.local Microsoft-Windows-Sysmon[3332]: {\"EventTime\":1711776819,\"Hostname\":\"serhatg.local\",\"Keywords\":-9223372036854775808,\"EventType\":\"INFO\",\"SeverityValue\":2,\"Severity\":\"INFO\",\"EventID\":3,\"SourceName\":\"Microsoft-Windows-Sysmon\",\"ProviderGuid\":\"{5770385F-C22A-43E0-BF4C-06F5698FFBD9}\",\"Version\":5,\"Task\":3,\"OpcodeValue\":0,\"RecordNumber\":924213,\"ProcessID\":3332,\"ThreadID\":4200,\"Channel\":\"Microsoft-Windows-Sysmon/Operational\",\"Domain\":\"NT AUTHORITY\",\"AccountName\":\"SYSTEM\",\"UserID\":\"S-1-5-18\",\"AccountType\":\"User\",\"Message\":\"Network connection detected:\\r\\nRuleName: Proxy\\r\\nUtcTime: 2024-03-30 05:33:39.000000\\r\\nProcessGuid: {036b06e3-ecbe-639b-4800-000000001a00}\\r\\nProcessId: 2780\\r\\nImage: C:\\\\Windows\\\\System32\\\\rundll32.exe\\r\\nUser: NT AUTHORITY\\\\SYSTEM\\r\\nProtocol: tcp\\r\\nInitiated: true\\r\\nSourceIsIpv6: false\\r\\nSourceIp: 10.19.122.14\\r\\nSourceHostname: serhatg.local\\r\\nSourcePort: 53969\\r\\nSourcePortName: -\\r\\nDestinationIsIpv6: false\\r\\nDestinationIp: 10.164.15.198\\r\\nDestinationHostname: domain.internal\\r\\nDestinationPort: 445\\r\\nDestinationPortName: -\",\"Category\":\"Network connection detected (rule: NetworkConnect)\",\"Opcode\":\"Info\",\"RuleName\":\"Proxy\",\"UtcTime\":\"2024-03-30 05:33:39.000000\",\"ProcessGuid\":\"{036b06e3-ecbe-639b-4800-000000001a00}\",\"Image\":\"C:\\\\Windows\\\\System32\\\\rundll32.exe\",\"User\":\"NT AUTHORITY\\\\SYSTEM\",\"Protocol\":\"tcp\",\"Initiated\":\"true\",\"SourceIsIpv6\":\"false\",\"SourceIp\":\"10.19.122.14\",\"SourceHostname\":\"serhatg.local\",\"SourcePort\":\"53969\",\"SourcePortName\":\"-\",\"DestinationIsIpv6\":\"false\",\"DestinationIp\":\"10.164.15.198\",\"DestinationHostname\":\"domain.internal\",\"DestinationPort\":\"445\",\"DestinationPortName\":\"-\",\"EventReceivedTime\":1711776819,\"SourceModuleName\":\"in_sysmon\",\"SourceModuleType\":\"im_msvistalog\"}\r\nudm.principal.process.file.full_path: C:\\Windows\\System32\\rundll32.exe"
        ]
    },
    "24": {
        "alert_brief": "This rule identifies Rundll32.exe interacting with SMB, which could be a sign of potential lateral movement.SYSTEM to domain.internal",
        "ini_data": [
            "<14>Jan  1  0:49:14 serhatg.local Microsoft-Windows-Sysmon[3332]: {\"EventTime\":1672534154,\"Hostname\":\"serhatg.local\",\"Keywords\":-9223372036854775808,\"EventType\":\"INFO\",\"SeverityValue\":2,\"Severity\":\"INFO\",\"EventID\":3,\"SourceName\":\"Microsoft-Windows-Sysmon\",\"ProviderGuid\":\"{5770385F-C22A-43E0-BF4C-06F5698FFBD9}\",\"Version\":5,\"Task\":3,\"OpcodeValue\":0,\"RecordNumber\":924213,\"ProcessID\":3332,\"ThreadID\":4200,\"Channel\":\"Microsoft-Windows-Sysmon/Operational\",\"Domain\":\"NT AUTHORITY\",\"AccountName\":\"SYSTEM\",\"UserID\":\"S-1-5-18\",\"AccountType\":\"User\",\"Message\":\"Network connection detected:\\r\\nRuleName: Proxy\\r\\nUtcTime: 2023-01-01 00:49:14.000000\\r\\nProcessGuid: {036b06e3-ecbe-639b-4800-000000001a00}\\r\\nProcessId: 2780\\r\\nImage: C:\\\\Windows\\\\System32\\\\rundll32.exe\\r\\nUser: NT AUTHORITY\\\\SYSTEM\\r\\nProtocol: tcp\\r\\nInitiated: true\\r\\nSourceIsIpv6: false\\r\\nSourceIp: 10.19.122.14\\r\\nSourceHostname: serhatg.local\\r\\nSourcePort: 53969\\r\\nSourcePortName: -\\r\\nDestinationIsIpv6: false\\r\\nDestinationIp: 10.164.15.198\\r\\nDestinationHostname: domain.internal\\r\\nDestinationPort: 445\\r\\nDestinationPortName: -\",\"Category\":\"Network connection detected (rule: NetworkConnect)\",\"Opcode\":\"Info\",\"RuleName\":\"Proxy\",\"UtcTime\":\"2023-01-01 00:49:14.000000\",\"ProcessGuid\":\"{036b06e3-ecbe-639b-4800-000000001a00}\",\"Image\":\"C:\\\\Windows\\\\System32\\\\rundll32.exe\",\"User\":\"NT AUTHORITY\\\\SYSTEM\",\"Protocol\":\"tcp\",\"Initiated\":\"true\",\"SourceIsIpv6\":\"false\",\"SourceIp\":\"10.19.122.14\",\"SourceHostname\":\"serhatg.local\",\"SourcePort\":\"53969\",\"SourcePortName\":\"-\",\"DestinationIsIpv6\":\"false\",\"DestinationIp\":\"10.164.15.198\",\"DestinationHostname\":\"domain.internal\",\"DestinationPort\":\"445\",\"DestinationPortName\":\"-\",\"EventReceivedTime\":1672534154,\"SourceModuleName\":\"in_sysmon\",\"SourceModuleType\":\"im_msvistalog\"}\r\nudm.principal.process.file.full_path: C:\\Windows\\System32\\rundll32.exe"
        ]
    },
    "25": {
        "alert_brief": "This rule identifies Rundll32.exe interacting with SMB, which could be a sign of potential lateral movement.SYSTEM to domain.internal",
        "ini_data": [
            "<14>Apr 18 05:02:45 serhatg.local Microsoft-Windows-Sysmon[3332]: {\"EventTime\":1681794165,\"Hostname\":\"serhatg.local\",\"Keywords\":-9223372036854775808,\"EventType\":\"INFO\",\"SeverityValue\":2,\"Severity\":\"INFO\",\"EventID\":3,\"SourceName\":\"Microsoft-Windows-Sysmon\",\"ProviderGuid\":\"{5770385F-C22A-43E0-BF4C-06F5698FFBD9}\",\"Version\":5,\"Task\":3,\"OpcodeValue\":0,\"RecordNumber\":924213,\"ProcessID\":3332,\"ThreadID\":4200,\"Channel\":\"Microsoft-Windows-Sysmon/Operational\",\"Domain\":\"NT AUTHORITY\",\"AccountName\":\"SYSTEM\",\"UserID\":\"S-1-5-18\",\"AccountType\":\"User\",\"Message\":\"Network connection detected:\\r\\nRuleName: Proxy\\r\\nUtcTime: 2023-04-18 05:02:45.429227\\r\\nProcessGuid: {036b06e3-ecbe-639b-4800-000000001a00}\\r\\nProcessId: 2780\\r\\nImage: C:\\\\Windows\\\\System32\\\\rundll32.exe\\r\\nUser: NT AUTHORITY\\\\SYSTEM\\r\\nProtocol: tcp\\r\\nInitiated: true\\r\\nSourceIsIpv6: false\\r\\nSourceIp: 10.19.122.14\\r\\nSourceHostname: serhatg.local\\r\\nSourcePort: 53969\\r\\nSourcePortName: -\\r\\nDestinationIsIpv6: false\\r\\nDestinationIp: 10.164.15.198\\r\\nDestinationHostname: domain.internal\\r\\nDestinationPort: 445\\r\\nDestinationPortName: -\",\"Category\":\"Network connection detected (rule: NetworkConnect)\",\"Opcode\":\"Info\",\"RuleName\":\"Proxy\",\"UtcTime\":\"2023-04-18 05:02:45.429227\",\"ProcessGuid\":\"{036b06e3-ecbe-639b-4800-000000001a00}\",\"Image\":\"C:\\\\Windows\\\\System32\\\\rundll32.exe\",\"User\":\"NT AUTHORITY\\\\SYSTEM\",\"Protocol\":\"tcp\",\"Initiated\":\"true\",\"SourceIsIpv6\":\"false\",\"SourceIp\":\"10.19.122.14\",\"SourceHostname\":\"serhatg.local\",\"SourcePort\":\"53969\",\"SourcePortName\":\"-\",\"DestinationIsIpv6\":\"false\",\"DestinationIp\":\"10.164.15.198\",\"DestinationHostname\":\"domain.internal\",\"DestinationPort\":\"445\",\"DestinationPortName\":\"-\",\"EventReceivedTime\":1681794165,\"SourceModuleName\":\"in_sysmon\",\"SourceModuleType\":\"im_msvistalog\"}\r\nudm.principal.process.file.full_path: C:\\Windows\\System32\\rundll32.exe"
        ]
    },
    "26": {
        "alert_brief": "This rule identifies Rundll32.exe interacting with SMB, which could be a sign of potential lateral movement.SYSTEM to domain.internal",
        "ini_data": [
            "<14>Jan 08 12:25:29 serhatg.local Microsoft-Windows-Sysmon[3332]: {\"EventTime\":1673180729,\"Hostname\":\"serhatg.local\",\"Keywords\":-9223372036854775808,\"EventType\":\"INFO\",\"SeverityValue\":2,\"Severity\":\"INFO\",\"EventID\":3,\"SourceName\":\"Microsoft-Windows-Sysmon\",\"ProviderGuid\":\"{5770385F-C22A-43E0-BF4C-06F5698FFBD9}\",\"Version\":5,\"Task\":3,\"OpcodeValue\":0,\"RecordNumber\":924213,\"ProcessID\":3332,\"ThreadID\":4200,\"Channel\":\"Microsoft-Windows-Sysmon/Operational\",\"Domain\":\"NT AUTHORITY\",\"AccountName\":\"SYSTEM\",\"UserID\":\"S-1-5-18\",\"AccountType\":\"User\",\"Message\":\"Network connection detected:\\r\\nRuleName: Proxy\\r\\nUtcTime: 2023-01-08 12:25:29.059426\\r\\nProcessGuid: {036b06e3-ecbe-639b-4800-000000001a00}\\r\\nProcessId: 2780\\r\\nImage: C:\\\\Windows\\\\System32\\\\rundll32.exe\\r\\nUser: NT AUTHORITY\\\\SYSTEM\\r\\nProtocol: tcp\\r\\nInitiated: true\\r\\nSourceIsIpv6: false\\r\\nSourceIp: 10.19.122.14\\r\\nSourceHostname: serhatg.local\\r\\nSourcePort: 53969\\r\\nSourcePortName: -\\r\\nDestinationIsIpv6: false\\r\\nDestinationIp: 10.164.15.198\\r\\nDestinationHostname: domain.internal\\r\\nDestinationPort: 445\\r\\nDestinationPortName: -\",\"Category\":\"Network connection detected (rule: NetworkConnect)\",\"Opcode\":\"Info\",\"RuleName\":\"Proxy\",\"UtcTime\":\"2023-01-08 12:25:29.059426\",\"ProcessGuid\":\"{036b06e3-ecbe-639b-4800-000000001a00}\",\"Image\":\"C:\\\\Windows\\\\System32\\\\rundll32.exe\",\"User\":\"NT AUTHORITY\\\\SYSTEM\",\"Protocol\":\"tcp\",\"Initiated\":\"true\",\"SourceIsIpv6\":\"false\",\"SourceIp\":\"10.19.122.14\",\"SourceHostname\":\"serhatg.local\",\"SourcePort\":\"53969\",\"SourcePortName\":\"-\",\"DestinationIsIpv6\":\"false\",\"DestinationIp\":\"10.164.15.198\",\"DestinationHostname\":\"domain.internal\",\"DestinationPort\":\"445\",\"DestinationPortName\":\"-\",\"EventReceivedTime\":1673180729,\"SourceModuleName\":\"in_sysmon\",\"SourceModuleType\":\"im_msvistalog\"}\r\nudm.principal.process.file.full_path: C:\\Windows\\System32\\rundll32.exe"
        ]
    },
    "27": {
        "alert_brief": "suspicious_unusual_location_lnk_file:Uninstall the Technician Console.lnk",
        "ini_data": [
            "<14>Nov 29 05:44:33 win-server.lunarstiiiness.com Microsoft-Windows-Sysmon[2212]: {\"EventTime\":1732772671,\"Hostname\":\"win-server.lunarstiiiness.com\",\"Keywords\":-9223372036854775808,\"EventType\":\"INFO\",\"SeverityValue\":2,\"Severity\":\"INFO\",\"EventID\":11,\"SourceName\":\"Microsoft-Windows-Sysmon\",\"ProviderGuid\":\"{5770385F-C22A-43E0-BF4C-06F5698FFBD9}\",\"Version\":2,\"Task\":11,\"OpcodeValue\":0,\"RecordNumber\":2200822,\"ProcessID\":2212,\"ThreadID\":2972,\"Channel\":\"Microsoft-Windows-Sysmon/Operational\",\"Domain\":\"NT AUTHORITY\",\"AccountName\":\"SYSTEM\",\"UserID\":\"S-1-5-18\",\"AccountType\":\"User\",\"Message\":\"File created:\\r\\nRuleName: technique_id=T1187,technique_name=Forced Authentication\\r\\nUtcTime: 2024-11-28 05:44:31.714\\r\\nProcessGuid: {BE59402F-BAAD-6491-EA0D-000000002400}\\r\\nProcessId: 2800\\r\\nImage: C:\\\\Windows\\\\system32\\\\msiexec.exe\\r\\nTargetFilename: C:\\\\ProgramData\\\\Microsoft\\\\Windows\\\\Start Menu\\\\Programs\\\\LogMeIn Rescue\\\\Uninstall the Technician Console.lnk\\r\\nCreationUtcTime: 2024-11-28 05:44:31.714\\r\\nUser: NT AUTHORITY\\\\SYSTEM\",\"Category\":\"File created (rule: FileCreate)\",\"Opcode\":\"Info\",\"RuleName\":\"technique_id=T1187,technique_name=Forced Authentication\",\"UtcTime\":\"2024-11-28 05:44:31.714\",\"ProcessGuid\":\"{BE59402F-BAAD-6491-EA0D-000000002400}\",\"Image\":\"C:\\\\Windows\\\\system32\\\\msiexec.exe\",\"TargetFilename\":\"C:\\\\ProgramData\\\\Microsoft\\\\Windows\\\\Start Menu\\\\Programs\\\\LogMeIn Rescue\\\\Uninstall the Technician Console.lnk\",\"CreationUtcTime\":\"2024-11-28 05:44:31.714\",\"User\":\"NT AUTHORITY\\\\SYSTEM\",\"EventReceivedTime\":1732772673,\"SourceModuleName\":\"in_sysmon\",\"SourceModuleType\":\"im_msvistalog\"}\r\nudm.principal.process.file.full_path: C:\\Windows\\system32\\msiexec.exe\r\nudm.principal.process.file.sha256: b2be692d9794337588a16db43a09371f3d18154e98171856cd4b739998c4d291"
        ]
    },
    "28": {
        "alert_brief": "This rule identifies Rundll32.exe interacting with SMB, which could be a sign of potential lateral movement.SYSTEM to domain.internal",
        "ini_data": [
            "<14>Nov 04 05:34:09 serhatg.local Microsoft-Windows-Sysmon[3332]: {\"EventTime\":1730612049,\"Hostname\":\"serhatg.local\",\"Keywords\":-9223372036854775808,\"EventType\":\"INFO\",\"SeverityValue\":2,\"Severity\":\"INFO\",\"EventID\":3,\"SourceName\":\"Microsoft-Windows-Sysmon\",\"ProviderGuid\":\"{5770385F-C22A-43E0-BF4C-06F5698FFBD9}\",\"Version\":5,\"Task\":3,\"OpcodeValue\":0,\"RecordNumber\":924213,\"ProcessID\":3332,\"ThreadID\":4200,\"Channel\":\"Microsoft-Windows-Sysmon/Operational\",\"Domain\":\"NT AUTHORITY\",\"AccountName\":\"SYSTEM\",\"UserID\":\"S-1-5-18\",\"AccountType\":\"User\",\"Message\":\"Network connection detected:\\r\\nRuleName: Proxy\\r\\nUtcTime: 2024-11-03 05:34:09.000000\\r\\nProcessGuid: {036b06e3-ecbe-639b-4800-000000001a00}\\r\\nProcessId: 2780\\r\\nImage: C:\\\\Windows\\\\System32\\\\rundll32.exe\\r\\nUser: NT AUTHORITY\\\\SYSTEM\\r\\nProtocol: tcp\\r\\nInitiated: true\\r\\nSourceIsIpv6: false\\r\\nSourceIp: 10.19.122.14\\r\\nSourceHostname: serhatg.local\\r\\nSourcePort: 53969\\r\\nSourcePortName: -\\r\\nDestinationIsIpv6: false\\r\\nDestinationIp: 10.164.15.198\\r\\nDestinationHostname: domain.internal\\r\\nDestinationPort: 445\\r\\nDestinationPortName: -\",\"Category\":\"Network connection detected (rule: NetworkConnect)\",\"Opcode\":\"Info\",\"RuleName\":\"Proxy\",\"UtcTime\":\"2024-11-03 05:34:09.000000\",\"ProcessGuid\":\"{036b06e3-ecbe-639b-4800-000000001a00}\",\"Image\":\"C:\\\\Windows\\\\System32\\\\rundll32.exe\",\"User\":\"NT AUTHORITY\\\\SYSTEM\",\"Protocol\":\"tcp\",\"Initiated\":\"true\",\"SourceIsIpv6\":\"false\",\"SourceIp\":\"10.19.122.14\",\"SourceHostname\":\"serhatg.local\",\"SourcePort\":\"53969\",\"SourcePortName\":\"-\",\"DestinationIsIpv6\":\"false\",\"DestinationIp\":\"10.164.15.198\",\"DestinationHostname\":\"domain.internal\",\"DestinationPort\":\"445\",\"DestinationPortName\":\"-\",\"EventReceivedTime\":1730612049,\"SourceModuleName\":\"in_sysmon\",\"SourceModuleType\":\"im_msvistalog\"}\r\nudm.principal.process.file.full_path: C:\\Windows\\System32\\rundll32.exe"
        ]
    },
    "29": {
        "alert_brief": "This rule identifies Rundll32.exe interacting with SMB, which could be a sign of potential lateral movement.SYSTEM to domain.internal",
        "ini_data": [
            "<14>Jan  1  1:47:50 serhatg.local Microsoft-Windows-Sysmon[3332]: {\"EventTime\":1672537670,\"Hostname\":\"serhatg.local\",\"Keywords\":-9223372036854775808,\"EventType\":\"INFO\",\"SeverityValue\":2,\"Severity\":\"INFO\",\"EventID\":3,\"SourceName\":\"Microsoft-Windows-Sysmon\",\"ProviderGuid\":\"{5770385F-C22A-43E0-BF4C-06F5698FFBD9}\",\"Version\":5,\"Task\":3,\"OpcodeValue\":0,\"RecordNumber\":924213,\"ProcessID\":3332,\"ThreadID\":4200,\"Channel\":\"Microsoft-Windows-Sysmon/Operational\",\"Domain\":\"NT AUTHORITY\",\"AccountName\":\"SYSTEM\",\"UserID\":\"S-1-5-18\",\"AccountType\":\"User\",\"Message\":\"Network connection detected:\\r\\nRuleName: Proxy\\r\\nUtcTime: 2023-01-01 01:47:50.000000\\r\\nProcessGuid: {036b06e3-ecbe-639b-4800-000000001a00}\\r\\nProcessId: 2780\\r\\nImage: C:\\\\Windows\\\\System32\\\\rundll32.exe\\r\\nUser: NT AUTHORITY\\\\SYSTEM\\r\\nProtocol: tcp\\r\\nInitiated: true\\r\\nSourceIsIpv6: false\\r\\nSourceIp: 10.19.122.14\\r\\nSourceHostname: serhatg.local\\r\\nSourcePort: 53969\\r\\nSourcePortName: -\\r\\nDestinationIsIpv6: false\\r\\nDestinationIp: 10.164.15.198\\r\\nDestinationHostname: domain.internal\\r\\nDestinationPort: 445\\r\\nDestinationPortName: -\",\"Category\":\"Network connection detected (rule: NetworkConnect)\",\"Opcode\":\"Info\",\"RuleName\":\"Proxy\",\"UtcTime\":\"2023-01-01 01:47:50.000000\",\"ProcessGuid\":\"{036b06e3-ecbe-639b-4800-000000001a00}\",\"Image\":\"C:\\\\Windows\\\\System32\\\\rundll32.exe\",\"User\":\"NT AUTHORITY\\\\SYSTEM\",\"Protocol\":\"tcp\",\"Initiated\":\"true\",\"SourceIsIpv6\":\"false\",\"SourceIp\":\"10.19.122.14\",\"SourceHostname\":\"serhatg.local\",\"SourcePort\":\"53969\",\"SourcePortName\":\"-\",\"DestinationIsIpv6\":\"false\",\"DestinationIp\":\"10.164.15.198\",\"DestinationHostname\":\"domain.internal\",\"DestinationPort\":\"445\",\"DestinationPortName\":\"-\",\"EventReceivedTime\":1672537670,\"SourceModuleName\":\"in_sysmon\",\"SourceModuleType\":\"im_msvistalog\"}\r\nudm.principal.process.file.full_path: C:\\Windows\\System32\\rundll32.exe"
        ]
    },
    "30": {
        "alert_brief": "This rule identifies Rundll32.exe interacting with SMB, which could be a sign of potential lateral movement.SYSTEM to domain.internal",
        "ini_data": [
            "<14>Jan 14 06:02:54 serhatg.local Microsoft-Windows-Sysmon[3332]: {\"EventTime\":1673676174,\"Hostname\":\"serhatg.local\",\"Keywords\":-9223372036854775808,\"EventType\":\"INFO\",\"SeverityValue\":2,\"Severity\":\"INFO\",\"EventID\":3,\"SourceName\":\"Microsoft-Windows-Sysmon\",\"ProviderGuid\":\"{5770385F-C22A-43E0-BF4C-06F5698FFBD9}\",\"Version\":5,\"Task\":3,\"OpcodeValue\":0,\"RecordNumber\":924213,\"ProcessID\":3332,\"ThreadID\":4200,\"Channel\":\"Microsoft-Windows-Sysmon/Operational\",\"Domain\":\"NT AUTHORITY\",\"AccountName\":\"SYSTEM\",\"UserID\":\"S-1-5-18\",\"AccountType\":\"User\",\"Message\":\"Network connection detected:\\r\\nRuleName: Proxy\\r\\nUtcTime: 2023-01-14 06:02:54.296801\\r\\nProcessGuid: {036b06e3-ecbe-639b-4800-000000001a00}\\r\\nProcessId: 2780\\r\\nImage: C:\\\\Windows\\\\System32\\\\rundll32.exe\\r\\nUser: NT AUTHORITY\\\\SYSTEM\\r\\nProtocol: tcp\\r\\nInitiated: true\\r\\nSourceIsIpv6: false\\r\\nSourceIp: 10.19.122.14\\r\\nSourceHostname: serhatg.local\\r\\nSourcePort: 53969\\r\\nSourcePortName: -\\r\\nDestinationIsIpv6: false\\r\\nDestinationIp: 10.164.15.198\\r\\nDestinationHostname: domain.internal\\r\\nDestinationPort: 445\\r\\nDestinationPortName: -\",\"Category\":\"Network connection detected (rule: NetworkConnect)\",\"Opcode\":\"Info\",\"RuleName\":\"Proxy\",\"UtcTime\":\"2023-01-14 06:02:54.296801\",\"ProcessGuid\":\"{036b06e3-ecbe-639b-4800-000000001a00}\",\"Image\":\"C:\\\\Windows\\\\System32\\\\rundll32.exe\",\"User\":\"NT AUTHORITY\\\\SYSTEM\",\"Protocol\":\"tcp\",\"Initiated\":\"true\",\"SourceIsIpv6\":\"false\",\"SourceIp\":\"10.19.122.14\",\"SourceHostname\":\"serhatg.local\",\"SourcePort\":\"53969\",\"SourcePortName\":\"-\",\"DestinationIsIpv6\":\"false\",\"DestinationIp\":\"10.164.15.198\",\"DestinationHostname\":\"domain.internal\",\"DestinationPort\":\"445\",\"DestinationPortName\":\"-\",\"EventReceivedTime\":1673676174,\"SourceModuleName\":\"in_sysmon\",\"SourceModuleType\":\"im_msvistalog\"}\r\nudm.principal.process.file.full_path: C:\\Windows\\System32\\rundll32.exe"
        ]
    },
    "31": {
        "alert_brief": "This rule identifies Rundll32.exe interacting with SMB, which could be a sign of potential lateral movement.SYSTEM to domain.internal",
        "ini_data": [
            "<14>Mar 08 05:34:32 serhatg.local Microsoft-Windows-Sysmon[3332]: {\"EventTime\":1709789672,\"Hostname\":\"serhatg.local\",\"Keywords\":-9223372036854775808,\"EventType\":\"INFO\",\"SeverityValue\":2,\"Severity\":\"INFO\",\"EventID\":3,\"SourceName\":\"Microsoft-Windows-Sysmon\",\"ProviderGuid\":\"{5770385F-C22A-43E0-BF4C-06F5698FFBD9}\",\"Version\":5,\"Task\":3,\"OpcodeValue\":0,\"RecordNumber\":924213,\"ProcessID\":3332,\"ThreadID\":4200,\"Channel\":\"Microsoft-Windows-Sysmon/Operational\",\"Domain\":\"NT AUTHORITY\",\"AccountName\":\"SYSTEM\",\"UserID\":\"S-1-5-18\",\"AccountType\":\"User\",\"Message\":\"Network connection detected:\\r\\nRuleName: Proxy\\r\\nUtcTime: 2024-03-07 05:34:32.000000\\r\\nProcessGuid: {036b06e3-ecbe-639b-4800-000000001a00}\\r\\nProcessId: 2780\\r\\nImage: C:\\\\Windows\\\\System32\\\\rundll32.exe\\r\\nUser: NT AUTHORITY\\\\SYSTEM\\r\\nProtocol: tcp\\r\\nInitiated: true\\r\\nSourceIsIpv6: false\\r\\nSourceIp: 10.19.122.14\\r\\nSourceHostname: serhatg.local\\r\\nSourcePort: 53969\\r\\nSourcePortName: -\\r\\nDestinationIsIpv6: false\\r\\nDestinationIp: 10.164.15.198\\r\\nDestinationHostname: domain.internal\\r\\nDestinationPort: 445\\r\\nDestinationPortName: -\",\"Category\":\"Network connection detected (rule: NetworkConnect)\",\"Opcode\":\"Info\",\"RuleName\":\"Proxy\",\"UtcTime\":\"2024-03-07 05:34:32.000000\",\"ProcessGuid\":\"{036b06e3-ecbe-639b-4800-000000001a00}\",\"Image\":\"C:\\\\Windows\\\\System32\\\\rundll32.exe\",\"User\":\"NT AUTHORITY\\\\SYSTEM\",\"Protocol\":\"tcp\",\"Initiated\":\"true\",\"SourceIsIpv6\":\"false\",\"SourceIp\":\"10.19.122.14\",\"SourceHostname\":\"serhatg.local\",\"SourcePort\":\"53969\",\"SourcePortName\":\"-\",\"DestinationIsIpv6\":\"false\",\"DestinationIp\":\"10.164.15.198\",\"DestinationHostname\":\"domain.internal\",\"DestinationPort\":\"445\",\"DestinationPortName\":\"-\",\"EventReceivedTime\":1709789672,\"SourceModuleName\":\"in_sysmon\",\"SourceModuleType\":\"im_msvistalog\"}\r\nudm.principal.process.file.full_path: C:\\Windows\\System32\\rundll32.exe"
        ]
    },
    "32": {
        "alert_brief": "This rule identifies Rundll32.exe interacting with SMB, which could be a sign of potential lateral movement.SYSTEM to domain.internal",
        "ini_data": [
            "<14>Jan  1 23:48:40 serhatg.local Microsoft-Windows-Sysmon[3332]: {\"EventTime\":1672616920,\"Hostname\":\"serhatg.local\",\"Keywords\":-9223372036854775808,\"EventType\":\"INFO\",\"SeverityValue\":2,\"Severity\":\"INFO\",\"EventID\":3,\"SourceName\":\"Microsoft-Windows-Sysmon\",\"ProviderGuid\":\"{5770385F-C22A-43E0-BF4C-06F5698FFBD9}\",\"Version\":5,\"Task\":3,\"OpcodeValue\":0,\"RecordNumber\":924213,\"ProcessID\":3332,\"ThreadID\":4200,\"Channel\":\"Microsoft-Windows-Sysmon/Operational\",\"Domain\":\"NT AUTHORITY\",\"AccountName\":\"SYSTEM\",\"UserID\":\"S-1-5-18\",\"AccountType\":\"User\",\"Message\":\"Network connection detected:\\r\\nRuleName: Proxy\\r\\nUtcTime: 2023-01-01 23:48:40.000000\\r\\nProcessGuid: {036b06e3-ecbe-639b-4800-000000001a00}\\r\\nProcessId: 2780\\r\\nImage: C:\\\\Windows\\\\System32\\\\rundll32.exe\\r\\nUser: NT AUTHORITY\\\\SYSTEM\\r\\nProtocol: tcp\\r\\nInitiated: true\\r\\nSourceIsIpv6: false\\r\\nSourceIp: 10.19.122.14\\r\\nSourceHostname: serhatg.local\\r\\nSourcePort: 53969\\r\\nSourcePortName: -\\r\\nDestinationIsIpv6: false\\r\\nDestinationIp: 10.164.15.198\\r\\nDestinationHostname: domain.internal\\r\\nDestinationPort: 445\\r\\nDestinationPortName: -\",\"Category\":\"Network connection detected (rule: NetworkConnect)\",\"Opcode\":\"Info\",\"RuleName\":\"Proxy\",\"UtcTime\":\"2023-01-01 23:48:40.000000\",\"ProcessGuid\":\"{036b06e3-ecbe-639b-4800-000000001a00}\",\"Image\":\"C:\\\\Windows\\\\System32\\\\rundll32.exe\",\"User\":\"NT AUTHORITY\\\\SYSTEM\",\"Protocol\":\"tcp\",\"Initiated\":\"true\",\"SourceIsIpv6\":\"false\",\"SourceIp\":\"10.19.122.14\",\"SourceHostname\":\"serhatg.local\",\"SourcePort\":\"53969\",\"SourcePortName\":\"-\",\"DestinationIsIpv6\":\"false\",\"DestinationIp\":\"10.164.15.198\",\"DestinationHostname\":\"domain.internal\",\"DestinationPort\":\"445\",\"DestinationPortName\":\"-\",\"EventReceivedTime\":1672616920,\"SourceModuleName\":\"in_sysmon\",\"SourceModuleType\":\"im_msvistalog\"}\r\nudm.principal.process.file.full_path: C:\\Windows\\System32\\rundll32.exe"
        ]
    },
    "33": {
        "alert_brief": "This rule identifies Rundll32.exe interacting with SMB, which could be a sign of potential lateral movement.SYSTEM to domain.internal",
        "ini_data": [
            "<14>Sep 14 05:04:26 serhatg.local Microsoft-Windows-Sysmon[3332]: {\"EventTime\":1694667866,\"Hostname\":\"serhatg.local\",\"Keywords\":-9223372036854775808,\"EventType\":\"INFO\",\"SeverityValue\":2,\"Severity\":\"INFO\",\"EventID\":3,\"SourceName\":\"Microsoft-Windows-Sysmon\",\"ProviderGuid\":\"{5770385F-C22A-43E0-BF4C-06F5698FFBD9}\",\"Version\":5,\"Task\":3,\"OpcodeValue\":0,\"RecordNumber\":924213,\"ProcessID\":3332,\"ThreadID\":4200,\"Channel\":\"Microsoft-Windows-Sysmon/Operational\",\"Domain\":\"NT AUTHORITY\",\"AccountName\":\"SYSTEM\",\"UserID\":\"S-1-5-18\",\"AccountType\":\"User\",\"Message\":\"Network connection detected:\\r\\nRuleName: Proxy\\r\\nUtcTime: 2023-09-14 05:04:26.571542\\r\\nProcessGuid: {036b06e3-ecbe-639b-4800-000000001a00}\\r\\nProcessId: 2780\\r\\nImage: C:\\\\Windows\\\\System32\\\\rundll32.exe\\r\\nUser: NT AUTHORITY\\\\SYSTEM\\r\\nProtocol: tcp\\r\\nInitiated: true\\r\\nSourceIsIpv6: false\\r\\nSourceIp: 10.19.122.14\\r\\nSourceHostname: serhatg.local\\r\\nSourcePort: 53969\\r\\nSourcePortName: -\\r\\nDestinationIsIpv6: false\\r\\nDestinationIp: 10.164.15.198\\r\\nDestinationHostname: domain.internal\\r\\nDestinationPort: 445\\r\\nDestinationPortName: -\",\"Category\":\"Network connection detected (rule: NetworkConnect)\",\"Opcode\":\"Info\",\"RuleName\":\"Proxy\",\"UtcTime\":\"2023-09-14 05:04:26.571542\",\"ProcessGuid\":\"{036b06e3-ecbe-639b-4800-000000001a00}\",\"Image\":\"C:\\\\Windows\\\\System32\\\\rundll32.exe\",\"User\":\"NT AUTHORITY\\\\SYSTEM\",\"Protocol\":\"tcp\",\"Initiated\":\"true\",\"SourceIsIpv6\":\"false\",\"SourceIp\":\"10.19.122.14\",\"SourceHostname\":\"serhatg.local\",\"SourcePort\":\"53969\",\"SourcePortName\":\"-\",\"DestinationIsIpv6\":\"false\",\"DestinationIp\":\"10.164.15.198\",\"DestinationHostname\":\"domain.internal\",\"DestinationPort\":\"445\",\"DestinationPortName\":\"-\",\"EventReceivedTime\":1694667866,\"SourceModuleName\":\"in_sysmon\",\"SourceModuleType\":\"im_msvistalog\"}\r\nudm.principal.process.file.full_path: C:\\Windows\\System32\\rundll32.exe"
        ]
    },
    "34": {
        "alert_brief": "Detects the execution of whoami, which is often used by attackers after exploitation to establish what credentials they are logged in underwhoami.exe launched by cmd.exe",
        "ini_data": [
            "<14>Jan 08 05:54:49 wrk-shasek.stackedpads.local Microsoft-Windows-Sysmon[2568]: {\"EventTime\":1736229287,\"Hostname\":\"wrk-shasek.stackedpads.local\",\"Keywords\":-9223372036854775808,\"EventType\":\"INFO\",\"SeverityValue\":2,\"Severity\":\"INFO\",\"EventID\":1,\"SourceName\":\"Microsoft-Windows-Sysmon\",\"ProviderGuid\":\"{5770385F-C22A-43E0-BF4C-06F5698FFBD9}\",\"Version\":5,\"Task\":1,\"OpcodeValue\":0,\"RecordNumber\":77314,\"ProcessID\":2568,\"ThreadID\":3284,\"Channel\":\"Microsoft-Windows-Sysmon/Operational\",\"Domain\":\"NT AUTHORITY\",\"AccountName\":\"SYSTEM\",\"UserID\":\"S-1-5-18\",\"AccountType\":\"User\",\"Message\":\"Process Create:\\r\\nRuleName: technique_id=T1033,technique_name=System Owner/User Discovery\\r\\nUtcTime: 2025-01-07 05:54:47.849\\r\\nProcessGuid: {6b7cbb53-4087-62c8-c601-000000000e00}\\r\\nProcessId: 2224\\r\\nImage: C:\\\\Windows\\\\System32\\\\whoami.exe\\r\\nFileVersion: 10.0.19041.1 (WinBuild.160101.0800)\\r\\nDescription: whoami - displays logged on user information\\r\\nProduct: Microsoft  Windows  Operating System\\r\\nCompany: Microsoft Corporation\\r\\nOriginalFileName: whoami.exe\\r\\nCommandLine: whoami\\r\\nCurrentDirectory: C:\\\\Windows\\\\system32\\\\\\r\\nUser: STACKEDPADS\\\\steve.hasek\\r\\nLogonGuid: {6b7cbb53-400e-62c8-9569-680000000000}\\r\\nLogonId: 0x686995\\r\\nTerminalSessionId: 5\\r\\nIntegrityLevel: High\\r\\nHashes: SHA1=1915FBFDB73FDD200C47880247ACDDE5442431A9,MD5=A4A6924F3EAF97981323703D38FD99C4,SHA256=1D4902A04D99E8CCBFE7085E63155955FEE397449D386453F6C452AE407B8743,IMPHASH=7FF0758B766F747CE57DFAC70743FB88\\r\\nParentProcessGuid: {6b7cbb53-4054-62c8-bb01-000000000e00}\\r\\nParentProcessId: 2292\\r\\nParentImage: C:\\\\Windows\\\\System32\\\\cmd.exe\\r\\nParentCommandLine: \\\"C:\\\\Windows\\\\system32\\\\cmd.exe\\\" \\r\\nParentUser: STACKEDPADS\\\\steve.hasek\",\"Category\":\"Process Create (rule: ProcessCreate)\",\"Opcode\":\"Info\",\"RuleName\":\"technique_id=T1033,technique_name=System Owner/User Discovery\",\"UtcTime\":\"2025-01-07 05:54:47.849\",\"ProcessGuid\":\"{6b7cbb53-4087-62c8-c601-000000000e00}\",\"Image\":\"C:\\\\Windows\\\\System32\\\\whoami.exe\",\"FileVersion\":\"10.0.19041.1 (WinBuild.160101.0800)\",\"Description\":\"whoami - displays logged on user information\",\"Product\":\"Microsoft  Windows  Operating System\",\"Company\":\"Microsoft Corporation\",\"OriginalFileName\":\"whoami.exe\",\"CommandLine\":\"whoami\",\"CurrentDirectory\":\"C:\\\\Windows\\\\system32\\\\\",\"User\":\"STACKEDPADS\\\\steve.hasek\",\"LogonGuid\":\"{6b7cbb53-400e-62c8-9569-680000000000}\",\"LogonId\":\"0x686995\",\"TerminalSessionId\":\"5\",\"IntegrityLevel\":\"High\",\"Hashes\":\"SHA1=1915FBFDB73FDD200C47880247ACDDE5442431A9,MD5=A4A6924F3EAF97981323703D38FD99C4,SHA256=1D4902A04D99E8CCBFE7085E63155955FEE397449D386453F6C452AE407B8743,IMPHASH=7FF0758B766F747CE57DFAC70743FB88\",\"ParentProcessGuid\":\"{6b7cbb53-4054-62c8-bb01-000000000e00}\",\"ParentProcessId\":\"2292\",\"ParentImage\":\"C:\\\\Windows\\\\System32\\\\cmd.exe\",\"ParentCommandLine\":\"\\\"C:\\\\Windows\\\\system32\\\\cmd.exe\\\" \",\"ParentUser\":\"STACKEDPADS\\\\steve.hasek\",\"EventReceivedTime\":1736229289,\"SourceModuleName\":\"in_sysmon\",\"SourceModuleType\":\"im_msvistalog\"}\r\nudm.principal.process.file.full_path: C:\\Windows\\System32\\cmd.exe\r\nudm.principal.process.file.sha256: b99d61d874728edc0918ca0eb10eab93d381e7367e377406e65963366c874450\r\nprincipal_process_command_line(Outcome): \"C:\\Windows\\system32\\cmd.exe\"\r\nprincipal_process_file_sha256(Outcome): b99d61d874728edc0918ca0eb10eab93d381e7367e377406e65963366c874450"
        ]
    },
    "35": {
        "alert_brief": "This rule identifies Rundll32.exe interacting with SMB, which could be a sign of potential lateral movement.SYSTEM to domain.internal",
        "ini_data": [
            "<14>Jan 15 12:02:53 serhatg.local Microsoft-Windows-Sysmon[3332]: {\"EventTime\":1673784173,\"Hostname\":\"serhatg.local\",\"Keywords\":-9223372036854775808,\"EventType\":\"INFO\",\"SeverityValue\":2,\"Severity\":\"INFO\",\"EventID\":3,\"SourceName\":\"Microsoft-Windows-Sysmon\",\"ProviderGuid\":\"{5770385F-C22A-43E0-BF4C-06F5698FFBD9}\",\"Version\":5,\"Task\":3,\"OpcodeValue\":0,\"RecordNumber\":924213,\"ProcessID\":3332,\"ThreadID\":4200,\"Channel\":\"Microsoft-Windows-Sysmon/Operational\",\"Domain\":\"NT AUTHORITY\",\"AccountName\":\"SYSTEM\",\"UserID\":\"S-1-5-18\",\"AccountType\":\"User\",\"Message\":\"Network connection detected:\\r\\nRuleName: Proxy\\r\\nUtcTime: 2023-01-15 12:02:53.517838\\r\\nProcessGuid: {036b06e3-ecbe-639b-4800-000000001a00}\\r\\nProcessId: 2780\\r\\nImage: C:\\\\Windows\\\\System32\\\\rundll32.exe\\r\\nUser: NT AUTHORITY\\\\SYSTEM\\r\\nProtocol: tcp\\r\\nInitiated: true\\r\\nSourceIsIpv6: false\\r\\nSourceIp: 10.19.122.14\\r\\nSourceHostname: serhatg.local\\r\\nSourcePort: 53969\\r\\nSourcePortName: -\\r\\nDestinationIsIpv6: false\\r\\nDestinationIp: 10.164.15.198\\r\\nDestinationHostname: domain.internal\\r\\nDestinationPort: 445\\r\\nDestinationPortName: -\",\"Category\":\"Network connection detected (rule: NetworkConnect)\",\"Opcode\":\"Info\",\"RuleName\":\"Proxy\",\"UtcTime\":\"2023-01-15 12:02:53.517838\",\"ProcessGuid\":\"{036b06e3-ecbe-639b-4800-000000001a00}\",\"Image\":\"C:\\\\Windows\\\\System32\\\\rundll32.exe\",\"User\":\"NT AUTHORITY\\\\SYSTEM\",\"Protocol\":\"tcp\",\"Initiated\":\"true\",\"SourceIsIpv6\":\"false\",\"SourceIp\":\"10.19.122.14\",\"SourceHostname\":\"serhatg.local\",\"SourcePort\":\"53969\",\"SourcePortName\":\"-\",\"DestinationIsIpv6\":\"false\",\"DestinationIp\":\"10.164.15.198\",\"DestinationHostname\":\"domain.internal\",\"DestinationPort\":\"445\",\"DestinationPortName\":\"-\",\"EventReceivedTime\":1673784173,\"SourceModuleName\":\"in_sysmon\",\"SourceModuleType\":\"im_msvistalog\"}\r\nudm.principal.process.file.full_path: C:\\Windows\\System32\\rundll32.exe"
        ]
    },
    "36": {
        "alert_brief": "This rule identifies Rundll32.exe interacting with SMB, which could be a sign of potential lateral movement.SYSTEM to domain.internal",
        "ini_data": [
            "<14>Jan 30 23:25:10 serhatg.local Microsoft-Windows-Sysmon[3332]: {\"EventTime\":1675121110,\"Hostname\":\"serhatg.local\",\"Keywords\":-9223372036854775808,\"EventType\":\"INFO\",\"SeverityValue\":2,\"Severity\":\"INFO\",\"EventID\":3,\"SourceName\":\"Microsoft-Windows-Sysmon\",\"ProviderGuid\":\"{5770385F-C22A-43E0-BF4C-06F5698FFBD9}\",\"Version\":5,\"Task\":3,\"OpcodeValue\":0,\"RecordNumber\":924213,\"ProcessID\":3332,\"ThreadID\":4200,\"Channel\":\"Microsoft-Windows-Sysmon/Operational\",\"Domain\":\"NT AUTHORITY\",\"AccountName\":\"SYSTEM\",\"UserID\":\"S-1-5-18\",\"AccountType\":\"User\",\"Message\":\"Network connection detected:\\r\\nRuleName: Proxy\\r\\nUtcTime: 2023-01-30 23:25:10.451415\\r\\nProcessGuid: {036b06e3-ecbe-639b-4800-000000001a00}\\r\\nProcessId: 2780\\r\\nImage: C:\\\\Windows\\\\System32\\\\rundll32.exe\\r\\nUser: NT AUTHORITY\\\\SYSTEM\\r\\nProtocol: tcp\\r\\nInitiated: true\\r\\nSourceIsIpv6: false\\r\\nSourceIp: 10.19.122.14\\r\\nSourceHostname: serhatg.local\\r\\nSourcePort: 53969\\r\\nSourcePortName: -\\r\\nDestinationIsIpv6: false\\r\\nDestinationIp: 10.164.15.198\\r\\nDestinationHostname: domain.internal\\r\\nDestinationPort: 445\\r\\nDestinationPortName: -\",\"Category\":\"Network connection detected (rule: NetworkConnect)\",\"Opcode\":\"Info\",\"RuleName\":\"Proxy\",\"UtcTime\":\"2023-01-30 23:25:10.451415\",\"ProcessGuid\":\"{036b06e3-ecbe-639b-4800-000000001a00}\",\"Image\":\"C:\\\\Windows\\\\System32\\\\rundll32.exe\",\"User\":\"NT AUTHORITY\\\\SYSTEM\",\"Protocol\":\"tcp\",\"Initiated\":\"true\",\"SourceIsIpv6\":\"false\",\"SourceIp\":\"10.19.122.14\",\"SourceHostname\":\"serhatg.local\",\"SourcePort\":\"53969\",\"SourcePortName\":\"-\",\"DestinationIsIpv6\":\"false\",\"DestinationIp\":\"10.164.15.198\",\"DestinationHostname\":\"domain.internal\",\"DestinationPort\":\"445\",\"DestinationPortName\":\"-\",\"EventReceivedTime\":1675121110,\"SourceModuleName\":\"in_sysmon\",\"SourceModuleType\":\"im_msvistalog\"}\r\nudm.principal.process.file.full_path: C:\\Windows\\System32\\rundll32.exe"
        ]
    },
    "37": {
        "alert_brief": "This rule identifies Rundll32.exe interacting with SMB, which could be a sign of potential lateral movement.SYSTEM to domain.internal",
        "ini_data": [
            "<14>Jan 17 07:52:19 serhatg.local Microsoft-Windows-Sysmon[3332]: {\"EventTime\":1673941939,\"Hostname\":\"serhatg.local\",\"Keywords\":-9223372036854775808,\"EventType\":\"INFO\",\"SeverityValue\":2,\"Severity\":\"INFO\",\"EventID\":3,\"SourceName\":\"Microsoft-Windows-Sysmon\",\"ProviderGuid\":\"{5770385F-C22A-43E0-BF4C-06F5698FFBD9}\",\"Version\":5,\"Task\":3,\"OpcodeValue\":0,\"RecordNumber\":924213,\"ProcessID\":3332,\"ThreadID\":4200,\"Channel\":\"Microsoft-Windows-Sysmon/Operational\",\"Domain\":\"NT AUTHORITY\",\"AccountName\":\"SYSTEM\",\"UserID\":\"S-1-5-18\",\"AccountType\":\"User\",\"Message\":\"Network connection detected:\\r\\nRuleName: Proxy\\r\\nUtcTime: 2023-01-17 07:52:19.667229\\r\\nProcessGuid: {036b06e3-ecbe-639b-4800-000000001a00}\\r\\nProcessId: 2780\\r\\nImage: C:\\\\Windows\\\\System32\\\\rundll32.exe\\r\\nUser: NT AUTHORITY\\\\SYSTEM\\r\\nProtocol: tcp\\r\\nInitiated: true\\r\\nSourceIsIpv6: false\\r\\nSourceIp: 10.19.122.14\\r\\nSourceHostname: serhatg.local\\r\\nSourcePort: 53969\\r\\nSourcePortName: -\\r\\nDestinationIsIpv6: false\\r\\nDestinationIp: 10.164.15.198\\r\\nDestinationHostname: domain.internal\\r\\nDestinationPort: 445\\r\\nDestinationPortName: -\",\"Category\":\"Network connection detected (rule: NetworkConnect)\",\"Opcode\":\"Info\",\"RuleName\":\"Proxy\",\"UtcTime\":\"2023-01-17 07:52:19.667229\",\"ProcessGuid\":\"{036b06e3-ecbe-639b-4800-000000001a00}\",\"Image\":\"C:\\\\Windows\\\\System32\\\\rundll32.exe\",\"User\":\"NT AUTHORITY\\\\SYSTEM\",\"Protocol\":\"tcp\",\"Initiated\":\"true\",\"SourceIsIpv6\":\"false\",\"SourceIp\":\"10.19.122.14\",\"SourceHostname\":\"serhatg.local\",\"SourcePort\":\"53969\",\"SourcePortName\":\"-\",\"DestinationIsIpv6\":\"false\",\"DestinationIp\":\"10.164.15.198\",\"DestinationHostname\":\"domain.internal\",\"DestinationPort\":\"445\",\"DestinationPortName\":\"-\",\"EventReceivedTime\":1673941939,\"SourceModuleName\":\"in_sysmon\",\"SourceModuleType\":\"im_msvistalog\"}\r\nudm.principal.process.file.full_path: C:\\Windows\\System32\\rundll32.exe"
        ]
    },
    "38": {
        "alert_brief": "This rule identifies Rundll32.exe interacting with SMB, which could be a sign of potential lateral movement.SYSTEM to domain.internal",
        "ini_data": [
            "<14>Jan  2 12:48:22 serhatg.local Microsoft-Windows-Sysmon[3332]: {\"EventTime\":1672663702,\"Hostname\":\"serhatg.local\",\"Keywords\":-9223372036854775808,\"EventType\":\"INFO\",\"SeverityValue\":2,\"Severity\":\"INFO\",\"EventID\":3,\"SourceName\":\"Microsoft-Windows-Sysmon\",\"ProviderGuid\":\"{5770385F-C22A-43E0-BF4C-06F5698FFBD9}\",\"Version\":5,\"Task\":3,\"OpcodeValue\":0,\"RecordNumber\":924213,\"ProcessID\":3332,\"ThreadID\":4200,\"Channel\":\"Microsoft-Windows-Sysmon/Operational\",\"Domain\":\"NT AUTHORITY\",\"AccountName\":\"SYSTEM\",\"UserID\":\"S-1-5-18\",\"AccountType\":\"User\",\"Message\":\"Network connection detected:\\r\\nRuleName: Proxy\\r\\nUtcTime: 2023-01-02 12:48:22.000000\\r\\nProcessGuid: {036b06e3-ecbe-639b-4800-000000001a00}\\r\\nProcessId: 2780\\r\\nImage: C:\\\\Windows\\\\System32\\\\rundll32.exe\\r\\nUser: NT AUTHORITY\\\\SYSTEM\\r\\nProtocol: tcp\\r\\nInitiated: true\\r\\nSourceIsIpv6: false\\r\\nSourceIp: 10.19.122.14\\r\\nSourceHostname: serhatg.local\\r\\nSourcePort: 53969\\r\\nSourcePortName: -\\r\\nDestinationIsIpv6: false\\r\\nDestinationIp: 10.164.15.198\\r\\nDestinationHostname: domain.internal\\r\\nDestinationPort: 445\\r\\nDestinationPortName: -\",\"Category\":\"Network connection detected (rule: NetworkConnect)\",\"Opcode\":\"Info\",\"RuleName\":\"Proxy\",\"UtcTime\":\"2023-01-02 12:48:22.000000\",\"ProcessGuid\":\"{036b06e3-ecbe-639b-4800-000000001a00}\",\"Image\":\"C:\\\\Windows\\\\System32\\\\rundll32.exe\",\"User\":\"NT AUTHORITY\\\\SYSTEM\",\"Protocol\":\"tcp\",\"Initiated\":\"true\",\"SourceIsIpv6\":\"false\",\"SourceIp\":\"10.19.122.14\",\"SourceHostname\":\"serhatg.local\",\"SourcePort\":\"53969\",\"SourcePortName\":\"-\",\"DestinationIsIpv6\":\"false\",\"DestinationIp\":\"10.164.15.198\",\"DestinationHostname\":\"domain.internal\",\"DestinationPort\":\"445\",\"DestinationPortName\":\"-\",\"EventReceivedTime\":1672663702,\"SourceModuleName\":\"in_sysmon\",\"SourceModuleType\":\"im_msvistalog\"}\r\nudm.principal.process.file.full_path: C:\\Windows\\System32\\rundll32.exe"
        ]
    },
    "39": {
        "alert_brief": "This rule identifies Rundll32.exe interacting with SMB, which could be a sign of potential lateral movement.SYSTEM to domain.internal",
        "ini_data": [
            "<14>Dec 29  2:48:09 serhatg.local Microsoft-Windows-Sysmon[3332]: {\"EventTime\":1672282089,\"Hostname\":\"serhatg.local\",\"Keywords\":-9223372036854775808,\"EventType\":\"INFO\",\"SeverityValue\":2,\"Severity\":\"INFO\",\"EventID\":3,\"SourceName\":\"Microsoft-Windows-Sysmon\",\"ProviderGuid\":\"{5770385F-C22A-43E0-BF4C-06F5698FFBD9}\",\"Version\":5,\"Task\":3,\"OpcodeValue\":0,\"RecordNumber\":924213,\"ProcessID\":3332,\"ThreadID\":4200,\"Channel\":\"Microsoft-Windows-Sysmon/Operational\",\"Domain\":\"NT AUTHORITY\",\"AccountName\":\"SYSTEM\",\"UserID\":\"S-1-5-18\",\"AccountType\":\"User\",\"Message\":\"Network connection detected:\\r\\nRuleName: Proxy\\r\\nUtcTime: 2022-12-29 02:48:09.000000\\r\\nProcessGuid: {036b06e3-ecbe-639b-4800-000000001a00}\\r\\nProcessId: 2780\\r\\nImage: C:\\\\Windows\\\\System32\\\\rundll32.exe\\r\\nUser: NT AUTHORITY\\\\SYSTEM\\r\\nProtocol: tcp\\r\\nInitiated: true\\r\\nSourceIsIpv6: false\\r\\nSourceIp: 10.19.122.14\\r\\nSourceHostname: serhatg.local\\r\\nSourcePort: 53969\\r\\nSourcePortName: -\\r\\nDestinationIsIpv6: false\\r\\nDestinationIp: 10.164.15.198\\r\\nDestinationHostname: domain.internal\\r\\nDestinationPort: 445\\r\\nDestinationPortName: -\",\"Category\":\"Network connection detected (rule: NetworkConnect)\",\"Opcode\":\"Info\",\"RuleName\":\"Proxy\",\"UtcTime\":\"2022-12-29 02:48:09.000000\",\"ProcessGuid\":\"{036b06e3-ecbe-639b-4800-000000001a00}\",\"Image\":\"C:\\\\Windows\\\\System32\\\\rundll32.exe\",\"User\":\"NT AUTHORITY\\\\SYSTEM\",\"Protocol\":\"tcp\",\"Initiated\":\"true\",\"SourceIsIpv6\":\"false\",\"SourceIp\":\"10.19.122.14\",\"SourceHostname\":\"serhatg.local\",\"SourcePort\":\"53969\",\"SourcePortName\":\"-\",\"DestinationIsIpv6\":\"false\",\"DestinationIp\":\"10.164.15.198\",\"DestinationHostname\":\"domain.internal\",\"DestinationPort\":\"445\",\"DestinationPortName\":\"-\",\"EventReceivedTime\":1672282089,\"SourceModuleName\":\"in_sysmon\",\"SourceModuleType\":\"im_msvistalog\"}\r\nudm.principal.process.file.full_path: C:\\Windows\\System32\\rundll32.exe"
        ]
    },
    "40": {
        "alert_brief": "This rule identifies Rundll32.exe interacting with SMB, which could be a sign of potential lateral movement.SYSTEM to domain.internal",
        "ini_data": [
            "<14>Jun 21 05:03:20 serhatg.local Microsoft-Windows-Sysmon[3332]: {\"EventTime\":1687323800,\"Hostname\":\"serhatg.local\",\"Keywords\":-9223372036854775808,\"EventType\":\"INFO\",\"SeverityValue\":2,\"Severity\":\"INFO\",\"EventID\":3,\"SourceName\":\"Microsoft-Windows-Sysmon\",\"ProviderGuid\":\"{5770385F-C22A-43E0-BF4C-06F5698FFBD9}\",\"Version\":5,\"Task\":3,\"OpcodeValue\":0,\"RecordNumber\":924213,\"ProcessID\":3332,\"ThreadID\":4200,\"Channel\":\"Microsoft-Windows-Sysmon/Operational\",\"Domain\":\"NT AUTHORITY\",\"AccountName\":\"SYSTEM\",\"UserID\":\"S-1-5-18\",\"AccountType\":\"User\",\"Message\":\"Network connection detected:\\r\\nRuleName: Proxy\\r\\nUtcTime: 2023-06-21 05:03:20.148459\\r\\nProcessGuid: {036b06e3-ecbe-639b-4800-000000001a00}\\r\\nProcessId: 2780\\r\\nImage: C:\\\\Windows\\\\System32\\\\rundll32.exe\\r\\nUser: NT AUTHORITY\\\\SYSTEM\\r\\nProtocol: tcp\\r\\nInitiated: true\\r\\nSourceIsIpv6: false\\r\\nSourceIp: 10.19.122.14\\r\\nSourceHostname: serhatg.local\\r\\nSourcePort: 53969\\r\\nSourcePortName: -\\r\\nDestinationIsIpv6: false\\r\\nDestinationIp: 10.164.15.198\\r\\nDestinationHostname: domain.internal\\r\\nDestinationPort: 445\\r\\nDestinationPortName: -\",\"Category\":\"Network connection detected (rule: NetworkConnect)\",\"Opcode\":\"Info\",\"RuleName\":\"Proxy\",\"UtcTime\":\"2023-06-21 05:03:20.148459\",\"ProcessGuid\":\"{036b06e3-ecbe-639b-4800-000000001a00}\",\"Image\":\"C:\\\\Windows\\\\System32\\\\rundll32.exe\",\"User\":\"NT AUTHORITY\\\\SYSTEM\",\"Protocol\":\"tcp\",\"Initiated\":\"true\",\"SourceIsIpv6\":\"false\",\"SourceIp\":\"10.19.122.14\",\"SourceHostname\":\"serhatg.local\",\"SourcePort\":\"53969\",\"SourcePortName\":\"-\",\"DestinationIsIpv6\":\"false\",\"DestinationIp\":\"10.164.15.198\",\"DestinationHostname\":\"domain.internal\",\"DestinationPort\":\"445\",\"DestinationPortName\":\"-\",\"EventReceivedTime\":1687323800,\"SourceModuleName\":\"in_sysmon\",\"SourceModuleType\":\"im_msvistalog\"}\r\nudm.principal.process.file.full_path: C:\\Windows\\System32\\rundll32.exe"
        ]
    },
    "41": {
        "alert_brief": "This rule identifies Rundll32.exe interacting with SMB, which could be a sign of potential lateral movement.SYSTEM to domain.internal",
        "ini_data": [
            "<14>Dec 29  0:48:29 serhatg.local Microsoft-Windows-Sysmon[3332]: {\"EventTime\":1672274909,\"Hostname\":\"serhatg.local\",\"Keywords\":-9223372036854775808,\"EventType\":\"INFO\",\"SeverityValue\":2,\"Severity\":\"INFO\",\"EventID\":3,\"SourceName\":\"Microsoft-Windows-Sysmon\",\"ProviderGuid\":\"{5770385F-C22A-43E0-BF4C-06F5698FFBD9}\",\"Version\":5,\"Task\":3,\"OpcodeValue\":0,\"RecordNumber\":924213,\"ProcessID\":3332,\"ThreadID\":4200,\"Channel\":\"Microsoft-Windows-Sysmon/Operational\",\"Domain\":\"NT AUTHORITY\",\"AccountName\":\"SYSTEM\",\"UserID\":\"S-1-5-18\",\"AccountType\":\"User\",\"Message\":\"Network connection detected:\\r\\nRuleName: Proxy\\r\\nUtcTime: 2022-12-29 00:48:29.000000\\r\\nProcessGuid: {036b06e3-ecbe-639b-4800-000000001a00}\\r\\nProcessId: 2780\\r\\nImage: C:\\\\Windows\\\\System32\\\\rundll32.exe\\r\\nUser: NT AUTHORITY\\\\SYSTEM\\r\\nProtocol: tcp\\r\\nInitiated: true\\r\\nSourceIsIpv6: false\\r\\nSourceIp: 10.19.122.14\\r\\nSourceHostname: serhatg.local\\r\\nSourcePort: 53969\\r\\nSourcePortName: -\\r\\nDestinationIsIpv6: false\\r\\nDestinationIp: 10.164.15.198\\r\\nDestinationHostname: domain.internal\\r\\nDestinationPort: 445\\r\\nDestinationPortName: -\",\"Category\":\"Network connection detected (rule: NetworkConnect)\",\"Opcode\":\"Info\",\"RuleName\":\"Proxy\",\"UtcTime\":\"2022-12-29 00:48:29.000000\",\"ProcessGuid\":\"{036b06e3-ecbe-639b-4800-000000001a00}\",\"Image\":\"C:\\\\Windows\\\\System32\\\\rundll32.exe\",\"User\":\"NT AUTHORITY\\\\SYSTEM\",\"Protocol\":\"tcp\",\"Initiated\":\"true\",\"SourceIsIpv6\":\"false\",\"SourceIp\":\"10.19.122.14\",\"SourceHostname\":\"serhatg.local\",\"SourcePort\":\"53969\",\"SourcePortName\":\"-\",\"DestinationIsIpv6\":\"false\",\"DestinationIp\":\"10.164.15.198\",\"DestinationHostname\":\"domain.internal\",\"DestinationPort\":\"445\",\"DestinationPortName\":\"-\",\"EventReceivedTime\":1672274909,\"SourceModuleName\":\"in_sysmon\",\"SourceModuleType\":\"im_msvistalog\"}\r\nudm.principal.process.file.full_path: C:\\Windows\\System32\\rundll32.exe"
        ]
    },
    "42": {
        "alert_brief": "This rule identifies Rundll32.exe interacting with SMB, which could be a sign of potential lateral movement.SYSTEM to domain.internal",
        "ini_data": [
            "<14>Jun 28 04:33:22 serhatg.local Microsoft-Windows-Sysmon[3332]: {\"EventTime\":1719462802,\"Hostname\":\"serhatg.local\",\"Keywords\":-9223372036854775808,\"EventType\":\"INFO\",\"SeverityValue\":2,\"Severity\":\"INFO\",\"EventID\":3,\"SourceName\":\"Microsoft-Windows-Sysmon\",\"ProviderGuid\":\"{5770385F-C22A-43E0-BF4C-06F5698FFBD9}\",\"Version\":5,\"Task\":3,\"OpcodeValue\":0,\"RecordNumber\":924213,\"ProcessID\":3332,\"ThreadID\":4200,\"Channel\":\"Microsoft-Windows-Sysmon/Operational\",\"Domain\":\"NT AUTHORITY\",\"AccountName\":\"SYSTEM\",\"UserID\":\"S-1-5-18\",\"AccountType\":\"User\",\"Message\":\"Network connection detected:\\r\\nRuleName: Proxy\\r\\nUtcTime: 2024-06-27 04:33:22.000000\\r\\nProcessGuid: {036b06e3-ecbe-639b-4800-000000001a00}\\r\\nProcessId: 2780\\r\\nImage: C:\\\\Windows\\\\System32\\\\rundll32.exe\\r\\nUser: NT AUTHORITY\\\\SYSTEM\\r\\nProtocol: tcp\\r\\nInitiated: true\\r\\nSourceIsIpv6: false\\r\\nSourceIp: 10.19.122.14\\r\\nSourceHostname: serhatg.local\\r\\nSourcePort: 53969\\r\\nSourcePortName: -\\r\\nDestinationIsIpv6: false\\r\\nDestinationIp: 10.164.15.198\\r\\nDestinationHostname: domain.internal\\r\\nDestinationPort: 445\\r\\nDestinationPortName: -\",\"Category\":\"Network connection detected (rule: NetworkConnect)\",\"Opcode\":\"Info\",\"RuleName\":\"Proxy\",\"UtcTime\":\"2024-06-27 04:33:22.000000\",\"ProcessGuid\":\"{036b06e3-ecbe-639b-4800-000000001a00}\",\"Image\":\"C:\\\\Windows\\\\System32\\\\rundll32.exe\",\"User\":\"NT AUTHORITY\\\\SYSTEM\",\"Protocol\":\"tcp\",\"Initiated\":\"true\",\"SourceIsIpv6\":\"false\",\"SourceIp\":\"10.19.122.14\",\"SourceHostname\":\"serhatg.local\",\"SourcePort\":\"53969\",\"SourcePortName\":\"-\",\"DestinationIsIpv6\":\"false\",\"DestinationIp\":\"10.164.15.198\",\"DestinationHostname\":\"domain.internal\",\"DestinationPort\":\"445\",\"DestinationPortName\":\"-\",\"EventReceivedTime\":1719462802,\"SourceModuleName\":\"in_sysmon\",\"SourceModuleType\":\"im_msvistalog\"}\r\nudm.principal.process.file.full_path: C:\\Windows\\System32\\rundll32.exe"
        ]
    },
    "43": {
        "alert_brief": "This rule identifies Rundll32.exe interacting with SMB, which could be a sign of potential lateral movement.SYSTEM to domain.internal",
        "ini_data": [
