            "<14>Jun 30 05:05:05 serhatg.local Microsoft-Windows-Sysmon[3332]: {\"EventTime\":1688101505,\"Hostname\":\"serhatg.local\",\"Keywords\":-9223372036854775808,\"EventType\":\"INFO\",\"SeverityValue\":2,\"Severity\":\"INFO\",\"EventID\":3,\"SourceName\":\"Microsoft-Windows-Sysmon\",\"ProviderGuid\":\"{5770385F-C22A-43E0-BF4C-06F5698FFBD9}\",\"Version\":5,\"Task\":3,\"OpcodeValue\":0,\"RecordNumber\":924213,\"ProcessID\":3332,\"ThreadID\":4200,\"Channel\":\"Microsoft-Windows-Sysmon/Operational\",\"Domain\":\"NT AUTHORITY\",\"AccountName\":\"SYSTEM\",\"UserID\":\"S-1-5-18\",\"AccountType\":\"User\",\"Message\":\"Network connection detected:\\r\\nRuleName: Proxy\\r\\nUtcTime: 2023-06-30 05:05:05.866945\\r\\nProcessGuid: {036b06e3-ecbe-639b-4800-000000001a00}\\r\\nProcessId: 2780\\r\\nImage: C:\\\\Windows\\\\System32\\\\rundll32.exe\\r\\nUser: NT AUTHORITY\\\\SYSTEM\\r\\nProtocol: tcp\\r\\nInitiated: true\\r\\nSourceIsIpv6: false\\r\\nSourceIp: 10.19.122.14\\r\\nSourceHostname: serhatg.local\\r\\nSourcePort: 53969\\r\\nSourcePortName: -\\r\\nDestinationIsIpv6: false\\r\\nDestinationIp: 10.164.15.198\\r\\nDestinationHostname: domain.internal\\r\\nDestinationPort: 445\\r\\nDestinationPortName: -\",\"Category\":\"Network connection detected (rule: NetworkConnect)\",\"Opcode\":\"Info\",\"RuleName\":\"Proxy\",\"UtcTime\":\"2023-06-30 05:05:05.866945\",\"ProcessGuid\":\"{036b06e3-ecbe-639b-4800-000000001a00}\",\"Image\":\"C:\\\\Windows\\\\System32\\\\rundll32.exe\",\"User\":\"NT AUTHORITY\\\\SYSTEM\",\"Protocol\":\"tcp\",\"Initiated\":\"true\",\"SourceIsIpv6\":\"false\",\"SourceIp\":\"10.19.122.14\",\"SourceHostname\":\"serhatg.local\",\"SourcePort\":\"53969\",\"SourcePortName\":\"-\",\"DestinationIsIpv6\":\"false\",\"DestinationIp\":\"10.164.15.198\",\"DestinationHostname\":\"domain.internal\",\"DestinationPort\":\"445\",\"DestinationPortName\":\"-\",\"EventReceivedTime\":1688101505,\"SourceModuleName\":\"in_sysmon\",\"SourceModuleType\":\"im_msvistalog\"}\r\nudm.principal.process.file.full_path: C:\\Windows\\System32\\rundll32.exe"
        ]
    },
    "459": {
        "alert_brief": "suspicious_unusual_location_lnk_file:7-Zip Help.lnk",
        "ini_data": [
            "<14>Jan 02 04:58:15 win-adfs.lunarstiiiness.com Microsoft-Windows-Sysmon[2556]: {\"EventTime\":1735707494,\"Hostname\":\"win-adfs.lunarstiiiness.com\",\"Keywords\":-9223372036854775808,\"EventType\":\"INFO\",\"SeverityValue\":2,\"Severity\":\"INFO\",\"EventID\":11,\"SourceName\":\"Microsoft-Windows-Sysmon\",\"ProviderGuid\":\"{5770385F-C22A-43E0-BF4C-06F5698FFBD9}\",\"Version\":2,\"Task\":11,\"OpcodeValue\":0,\"RecordNumber\":6008958,\"ProcessID\":2556,\"ThreadID\":3972,\"Channel\":\"Microsoft-Windows-Sysmon/Operational\",\"Domain\":\"NT AUTHORITY\",\"AccountName\":\"SYSTEM\",\"UserID\":\"S-1-5-18\",\"AccountType\":\"User\",\"Message\":\"File created:\\r\\nRuleName: technique_id=T1187,technique_name=Forced Authentication\\r\\nUtcTime: 2025-01-01 04:58:14.750\\r\\nProcessGuid: {927d35bf-a6e3-6495-3749-000000002900}\\r\\nProcessId: 5260\\r\\nImage: c:\\\\windows\\\\temp\\\\7upz.exe\\r\\nTargetFilename: C:\\\\ProgramData\\\\Microsoft\\\\Windows\\\\Start Menu\\\\Programs\\\\7-Zip\\\\7-Zip Help.lnk\\r\\nCreationUtcTime: 2025-01-01 04:58:14.750\\r\\nUser: LUNARSTIIINESS\\\\tim.smith_admin\",\"Category\":\"File created (rule: FileCreate)\",\"Opcode\":\"Info\",\"RuleName\":\"technique_id=T1187,technique_name=Forced Authentication\",\"UtcTime\":\"2025-01-01 04:58:14.750\",\"ProcessGuid\":\"{927d35bf-a6e3-6495-3749-000000002900}\",\"Image\":\"c:\\\\windows\\\\temp\\\\7upz.exe\",\"TargetFilename\":\"C:\\\\ProgramData\\\\Microsoft\\\\Windows\\\\Start Menu\\\\Programs\\\\7-Zip\\\\7-Zip Help.lnk\",\"CreationUtcTime\":\"2025-01-01 04:58:14.750\",\"User\":\"LUNARSTIIINESS\\\\tim.smith_admin\",\"EventReceivedTime\":1735707495,\"SourceModuleName\":\"in_sysmon\",\"SourceModuleType\":\"im_msvistalog\"}\r\nudm.principal.process.file.full_path: c:\\windows\\temp\\7upz.exe\r\nudm.principal.process.file.sha256: 26cb6e9f56333682122fafe79dbcdfd51e9f47cc7217dccd29ac6fc33b5598cd"
        ]
    },
    "460": {
        "alert_brief": "This rule identifies Rundll32.exe interacting with SMB, which could be a sign of potential lateral movement.SYSTEM to domain.internal",
        "ini_data": [
            "<14>Apr 02 03:03:36 serhatg.local Microsoft-Windows-Sysmon[3332]: {\"EventTime\":1680404616,\"Hostname\":\"serhatg.local\",\"Keywords\":-9223372036854775808,\"EventType\":\"INFO\",\"SeverityValue\":2,\"Severity\":\"INFO\",\"EventID\":3,\"SourceName\":\"Microsoft-Windows-Sysmon\",\"ProviderGuid\":\"{5770385F-C22A-43E0-BF4C-06F5698FFBD9}\",\"Version\":5,\"Task\":3,\"OpcodeValue\":0,\"RecordNumber\":924213,\"ProcessID\":3332,\"ThreadID\":4200,\"Channel\":\"Microsoft-Windows-Sysmon/Operational\",\"Domain\":\"NT AUTHORITY\",\"AccountName\":\"SYSTEM\",\"UserID\":\"S-1-5-18\",\"AccountType\":\"User\",\"Message\":\"Network connection detected:\\r\\nRuleName: Proxy\\r\\nUtcTime: 2023-04-02 03:03:36.547442\\r\\nProcessGuid: {036b06e3-ecbe-639b-4800-000000001a00}\\r\\nProcessId: 2780\\r\\nImage: C:\\\\Windows\\\\System32\\\\rundll32.exe\\r\\nUser: NT AUTHORITY\\\\SYSTEM\\r\\nProtocol: tcp\\r\\nInitiated: true\\r\\nSourceIsIpv6: false\\r\\nSourceIp: 10.19.122.14\\r\\nSourceHostname: serhatg.local\\r\\nSourcePort: 53969\\r\\nSourcePortName: -\\r\\nDestinationIsIpv6: false\\r\\nDestinationIp: 10.164.15.198\\r\\nDestinationHostname: domain.internal\\r\\nDestinationPort: 445\\r\\nDestinationPortName: -\",\"Category\":\"Network connection detected (rule: NetworkConnect)\",\"Opcode\":\"Info\",\"RuleName\":\"Proxy\",\"UtcTime\":\"2023-04-02 03:03:36.547442\",\"ProcessGuid\":\"{036b06e3-ecbe-639b-4800-000000001a00}\",\"Image\":\"C:\\\\Windows\\\\System32\\\\rundll32.exe\",\"User\":\"NT AUTHORITY\\\\SYSTEM\",\"Protocol\":\"tcp\",\"Initiated\":\"true\",\"SourceIsIpv6\":\"false\",\"SourceIp\":\"10.19.122.14\",\"SourceHostname\":\"serhatg.local\",\"SourcePort\":\"53969\",\"SourcePortName\":\"-\",\"DestinationIsIpv6\":\"false\",\"DestinationIp\":\"10.164.15.198\",\"DestinationHostname\":\"domain.internal\",\"DestinationPort\":\"445\",\"DestinationPortName\":\"-\",\"EventReceivedTime\":1680404616,\"SourceModuleName\":\"in_sysmon\",\"SourceModuleType\":\"im_msvistalog\"}\r\nudm.principal.process.file.full_path: C:\\Windows\\System32\\rundll32.exe"
        ]
    },
    "461": {
        "alert_brief": "This rule identifies Rundll32.exe interacting with SMB, which could be a sign of potential lateral movement.SYSTEM to domain.internal",
        "ini_data": [
            "<14>Jul 01 04:33:18 serhatg.local Microsoft-Windows-Sysmon[3332]: {\"EventTime\":1719721998,\"Hostname\":\"serhatg.local\",\"Keywords\":-9223372036854775808,\"EventType\":\"INFO\",\"SeverityValue\":2,\"Severity\":\"INFO\",\"EventID\":3,\"SourceName\":\"Microsoft-Windows-Sysmon\",\"ProviderGuid\":\"{5770385F-C22A-43E0-BF4C-06F5698FFBD9}\",\"Version\":5,\"Task\":3,\"OpcodeValue\":0,\"RecordNumber\":924213,\"ProcessID\":3332,\"ThreadID\":4200,\"Channel\":\"Microsoft-Windows-Sysmon/Operational\",\"Domain\":\"NT AUTHORITY\",\"AccountName\":\"SYSTEM\",\"UserID\":\"S-1-5-18\",\"AccountType\":\"User\",\"Message\":\"Network connection detected:\\r\\nRuleName: Proxy\\r\\nUtcTime: 2024-06-30 04:33:18.000000\\r\\nProcessGuid: {036b06e3-ecbe-639b-4800-000000001a00}\\r\\nProcessId: 2780\\r\\nImage: C:\\\\Windows\\\\System32\\\\rundll32.exe\\r\\nUser: NT AUTHORITY\\\\SYSTEM\\r\\nProtocol: tcp\\r\\nInitiated: true\\r\\nSourceIsIpv6: false\\r\\nSourceIp: 10.19.122.14\\r\\nSourceHostname: serhatg.local\\r\\nSourcePort: 53969\\r\\nSourcePortName: -\\r\\nDestinationIsIpv6: false\\r\\nDestinationIp: 10.164.15.198\\r\\nDestinationHostname: domain.internal\\r\\nDestinationPort: 445\\r\\nDestinationPortName: -\",\"Category\":\"Network connection detected (rule: NetworkConnect)\",\"Opcode\":\"Info\",\"RuleName\":\"Proxy\",\"UtcTime\":\"2024-06-30 04:33:18.000000\",\"ProcessGuid\":\"{036b06e3-ecbe-639b-4800-000000001a00}\",\"Image\":\"C:\\\\Windows\\\\System32\\\\rundll32.exe\",\"User\":\"NT AUTHORITY\\\\SYSTEM\",\"Protocol\":\"tcp\",\"Initiated\":\"true\",\"SourceIsIpv6\":\"false\",\"SourceIp\":\"10.19.122.14\",\"SourceHostname\":\"serhatg.local\",\"SourcePort\":\"53969\",\"SourcePortName\":\"-\",\"DestinationIsIpv6\":\"false\",\"DestinationIp\":\"10.164.15.198\",\"DestinationHostname\":\"domain.internal\",\"DestinationPort\":\"445\",\"DestinationPortName\":\"-\",\"EventReceivedTime\":1719721998,\"SourceModuleName\":\"in_sysmon\",\"SourceModuleType\":\"im_msvistalog\"}\r\nudm.principal.process.file.full_path: C:\\Windows\\System32\\rundll32.exe"
        ]
    },
    "462": {
        "alert_brief": "This rule identifies Rundll32.exe interacting with SMB, which could be a sign of potential lateral movement.SYSTEM to domain.internal",
        "ini_data": [
            "<14>Feb 22 11:15:16 serhatg.local Microsoft-Windows-Sysmon[3332]: {\"EventTime\":1677064516,\"Hostname\":\"serhatg.local\",\"Keywords\":-9223372036854775808,\"EventType\":\"INFO\",\"SeverityValue\":2,\"Severity\":\"INFO\",\"EventID\":3,\"SourceName\":\"Microsoft-Windows-Sysmon\",\"ProviderGuid\":\"{5770385F-C22A-43E0-BF4C-06F5698FFBD9}\",\"Version\":5,\"Task\":3,\"OpcodeValue\":0,\"RecordNumber\":924213,\"ProcessID\":3332,\"ThreadID\":4200,\"Channel\":\"Microsoft-Windows-Sysmon/Operational\",\"Domain\":\"NT AUTHORITY\",\"AccountName\":\"SYSTEM\",\"UserID\":\"S-1-5-18\",\"AccountType\":\"User\",\"Message\":\"Network connection detected:\\r\\nRuleName: Proxy\\r\\nUtcTime: 2023-02-22 11:15:16.376244\\r\\nProcessGuid: {036b06e3-ecbe-639b-4800-000000001a00}\\r\\nProcessId: 2780\\r\\nImage: C:\\\\Windows\\\\System32\\\\rundll32.exe\\r\\nUser: NT AUTHORITY\\\\SYSTEM\\r\\nProtocol: tcp\\r\\nInitiated: true\\r\\nSourceIsIpv6: false\\r\\nSourceIp: 10.19.122.14\\r\\nSourceHostname: serhatg.local\\r\\nSourcePort: 53969\\r\\nSourcePortName: -\\r\\nDestinationIsIpv6: false\\r\\nDestinationIp: 10.164.15.198\\r\\nDestinationHostname: domain.internal\\r\\nDestinationPort: 445\\r\\nDestinationPortName: -\",\"Category\":\"Network connection detected (rule: NetworkConnect)\",\"Opcode\":\"Info\",\"RuleName\":\"Proxy\",\"UtcTime\":\"2023-02-22 11:15:16.376244\",\"ProcessGuid\":\"{036b06e3-ecbe-639b-4800-000000001a00}\",\"Image\":\"C:\\\\Windows\\\\System32\\\\rundll32.exe\",\"User\":\"NT AUTHORITY\\\\SYSTEM\",\"Protocol\":\"tcp\",\"Initiated\":\"true\",\"SourceIsIpv6\":\"false\",\"SourceIp\":\"10.19.122.14\",\"SourceHostname\":\"serhatg.local\",\"SourcePort\":\"53969\",\"SourcePortName\":\"-\",\"DestinationIsIpv6\":\"false\",\"DestinationIp\":\"10.164.15.198\",\"DestinationHostname\":\"domain.internal\",\"DestinationPort\":\"445\",\"DestinationPortName\":\"-\",\"EventReceivedTime\":1677064516,\"SourceModuleName\":\"in_sysmon\",\"SourceModuleType\":\"im_msvistalog\"}\r\nudm.principal.process.file.full_path: C:\\Windows\\System32\\rundll32.exe"
        ]
    },
    "463": {
        "alert_brief": "This rule identifies Rundll32.exe interacting with SMB, which could be a sign of potential lateral movement.SYSTEM to domain.internal",
        "ini_data": [
            "<14>Mar 31 05:34:19 serhatg.local Microsoft-Windows-Sysmon[3332]: {\"EventTime\":1711776859,\"Hostname\":\"serhatg.local\",\"Keywords\":-9223372036854775808,\"EventType\":\"INFO\",\"SeverityValue\":2,\"Severity\":\"INFO\",\"EventID\":3,\"SourceName\":\"Microsoft-Windows-Sysmon\",\"ProviderGuid\":\"{5770385F-C22A-43E0-BF4C-06F5698FFBD9}\",\"Version\":5,\"Task\":3,\"OpcodeValue\":0,\"RecordNumber\":924213,\"ProcessID\":3332,\"ThreadID\":4200,\"Channel\":\"Microsoft-Windows-Sysmon/Operational\",\"Domain\":\"NT AUTHORITY\",\"AccountName\":\"SYSTEM\",\"UserID\":\"S-1-5-18\",\"AccountType\":\"User\",\"Message\":\"Network connection detected:\\r\\nRuleName: Proxy\\r\\nUtcTime: 2024-03-30 05:34:19.000000\\r\\nProcessGuid: {036b06e3-ecbe-639b-4800-000000001a00}\\r\\nProcessId: 2780\\r\\nImage: C:\\\\Windows\\\\System32\\\\rundll32.exe\\r\\nUser: NT AUTHORITY\\\\SYSTEM\\r\\nProtocol: tcp\\r\\nInitiated: true\\r\\nSourceIsIpv6: false\\r\\nSourceIp: 10.19.122.14\\r\\nSourceHostname: serhatg.local\\r\\nSourcePort: 53969\\r\\nSourcePortName: -\\r\\nDestinationIsIpv6: false\\r\\nDestinationIp: 10.164.15.198\\r\\nDestinationHostname: domain.internal\\r\\nDestinationPort: 445\\r\\nDestinationPortName: -\",\"Category\":\"Network connection detected (rule: NetworkConnect)\",\"Opcode\":\"Info\",\"RuleName\":\"Proxy\",\"UtcTime\":\"2024-03-30 05:34:19.000000\",\"ProcessGuid\":\"{036b06e3-ecbe-639b-4800-000000001a00}\",\"Image\":\"C:\\\\Windows\\\\System32\\\\rundll32.exe\",\"User\":\"NT AUTHORITY\\\\SYSTEM\",\"Protocol\":\"tcp\",\"Initiated\":\"true\",\"SourceIsIpv6\":\"false\",\"SourceIp\":\"10.19.122.14\",\"SourceHostname\":\"serhatg.local\",\"SourcePort\":\"53969\",\"SourcePortName\":\"-\",\"DestinationIsIpv6\":\"false\",\"DestinationIp\":\"10.164.15.198\",\"DestinationHostname\":\"domain.internal\",\"DestinationPort\":\"445\",\"DestinationPortName\":\"-\",\"EventReceivedTime\":1711776859,\"SourceModuleName\":\"in_sysmon\",\"SourceModuleType\":\"im_msvistalog\"}\r\nudm.principal.process.file.full_path: C:\\Windows\\System32\\rundll32.exe"
        ]
    },
    "464": {
        "alert_brief": "This rule identifies Rundll32.exe interacting with SMB, which could be a sign of potential lateral movement.SYSTEM to domain.internal",
        "ini_data": [
            "<14>Jan  2 22:49:02 serhatg.local Microsoft-Windows-Sysmon[3332]: {\"EventTime\":1672699742,\"Hostname\":\"serhatg.local\",\"Keywords\":-9223372036854775808,\"EventType\":\"INFO\",\"SeverityValue\":2,\"Severity\":\"INFO\",\"EventID\":3,\"SourceName\":\"Microsoft-Windows-Sysmon\",\"ProviderGuid\":\"{5770385F-C22A-43E0-BF4C-06F5698FFBD9}\",\"Version\":5,\"Task\":3,\"OpcodeValue\":0,\"RecordNumber\":924213,\"ProcessID\":3332,\"ThreadID\":4200,\"Channel\":\"Microsoft-Windows-Sysmon/Operational\",\"Domain\":\"NT AUTHORITY\",\"AccountName\":\"SYSTEM\",\"UserID\":\"S-1-5-18\",\"AccountType\":\"User\",\"Message\":\"Network connection detected:\\r\\nRuleName: Proxy\\r\\nUtcTime: 2023-01-02 22:49:02.000000\\r\\nProcessGuid: {036b06e3-ecbe-639b-4800-000000001a00}\\r\\nProcessId: 2780\\r\\nImage: C:\\\\Windows\\\\System32\\\\rundll32.exe\\r\\nUser: NT AUTHORITY\\\\SYSTEM\\r\\nProtocol: tcp\\r\\nInitiated: true\\r\\nSourceIsIpv6: false\\r\\nSourceIp: 10.19.122.14\\r\\nSourceHostname: serhatg.local\\r\\nSourcePort: 53969\\r\\nSourcePortName: -\\r\\nDestinationIsIpv6: false\\r\\nDestinationIp: 10.164.15.198\\r\\nDestinationHostname: domain.internal\\r\\nDestinationPort: 445\\r\\nDestinationPortName: -\",\"Category\":\"Network connection detected (rule: NetworkConnect)\",\"Opcode\":\"Info\",\"RuleName\":\"Proxy\",\"UtcTime\":\"2023-01-02 22:49:02.000000\",\"ProcessGuid\":\"{036b06e3-ecbe-639b-4800-000000001a00}\",\"Image\":\"C:\\\\Windows\\\\System32\\\\rundll32.exe\",\"User\":\"NT AUTHORITY\\\\SYSTEM\",\"Protocol\":\"tcp\",\"Initiated\":\"true\",\"SourceIsIpv6\":\"false\",\"SourceIp\":\"10.19.122.14\",\"SourceHostname\":\"serhatg.local\",\"SourcePort\":\"53969\",\"SourcePortName\":\"-\",\"DestinationIsIpv6\":\"false\",\"DestinationIp\":\"10.164.15.198\",\"DestinationHostname\":\"domain.internal\",\"DestinationPort\":\"445\",\"DestinationPortName\":\"-\",\"EventReceivedTime\":1672699742,\"SourceModuleName\":\"in_sysmon\",\"SourceModuleType\":\"im_msvistalog\"}\r\nudm.principal.process.file.full_path: C:\\Windows\\System32\\rundll32.exe"
        ]
    },
    "465": {
        "alert_brief": "This rule identifies Rundll32.exe interacting with SMB, which could be a sign of potential lateral movement.SYSTEM to domain.internal",
        "ini_data": [
            "<14>Mar 30 03:02:54 serhatg.local Microsoft-Windows-Sysmon[3332]: {\"EventTime\":1680145374,\"Hostname\":\"serhatg.local\",\"Keywords\":-9223372036854775808,\"EventType\":\"INFO\",\"SeverityValue\":2,\"Severity\":\"INFO\",\"EventID\":3,\"SourceName\":\"Microsoft-Windows-Sysmon\",\"ProviderGuid\":\"{5770385F-C22A-43E0-BF4C-06F5698FFBD9}\",\"Version\":5,\"Task\":3,\"OpcodeValue\":0,\"RecordNumber\":924213,\"ProcessID\":3332,\"ThreadID\":4200,\"Channel\":\"Microsoft-Windows-Sysmon/Operational\",\"Domain\":\"NT AUTHORITY\",\"AccountName\":\"SYSTEM\",\"UserID\":\"S-1-5-18\",\"AccountType\":\"User\",\"Message\":\"Network connection detected:\\r\\nRuleName: Proxy\\r\\nUtcTime: 2023-03-30 03:02:54.974270\\r\\nProcessGuid: {036b06e3-ecbe-639b-4800-000000001a00}\\r\\nProcessId: 2780\\r\\nImage: C:\\\\Windows\\\\System32\\\\rundll32.exe\\r\\nUser: NT AUTHORITY\\\\SYSTEM\\r\\nProtocol: tcp\\r\\nInitiated: true\\r\\nSourceIsIpv6: false\\r\\nSourceIp: 10.19.122.14\\r\\nSourceHostname: serhatg.local\\r\\nSourcePort: 53969\\r\\nSourcePortName: -\\r\\nDestinationIsIpv6: false\\r\\nDestinationIp: 10.164.15.198\\r\\nDestinationHostname: domain.internal\\r\\nDestinationPort: 445\\r\\nDestinationPortName: -\",\"Category\":\"Network connection detected (rule: NetworkConnect)\",\"Opcode\":\"Info\",\"RuleName\":\"Proxy\",\"UtcTime\":\"2023-03-30 03:02:54.974270\",\"ProcessGuid\":\"{036b06e3-ecbe-639b-4800-000000001a00}\",\"Image\":\"C:\\\\Windows\\\\System32\\\\rundll32.exe\",\"User\":\"NT AUTHORITY\\\\SYSTEM\",\"Protocol\":\"tcp\",\"Initiated\":\"true\",\"SourceIsIpv6\":\"false\",\"SourceIp\":\"10.19.122.14\",\"SourceHostname\":\"serhatg.local\",\"SourcePort\":\"53969\",\"SourcePortName\":\"-\",\"DestinationIsIpv6\":\"false\",\"DestinationIp\":\"10.164.15.198\",\"DestinationHostname\":\"domain.internal\",\"DestinationPort\":\"445\",\"DestinationPortName\":\"-\",\"EventReceivedTime\":1680145374,\"SourceModuleName\":\"in_sysmon\",\"SourceModuleType\":\"im_msvistalog\"}\r\nudm.principal.process.file.full_path: C:\\Windows\\System32\\rundll32.exe"
        ]
    },
    "466": {
        "alert_brief": "This rule identifies Rundll32.exe interacting with SMB, which could be a sign of potential lateral movement.SYSTEM to domain.internal",
        "ini_data": [
            "<14>Feb 20 04:03:45 serhatg.local Microsoft-Windows-Sysmon[3332]: {\"EventTime\":1676865825,\"Hostname\":\"serhatg.local\",\"Keywords\":-9223372036854775808,\"EventType\":\"INFO\",\"SeverityValue\":2,\"Severity\":\"INFO\",\"EventID\":3,\"SourceName\":\"Microsoft-Windows-Sysmon\",\"ProviderGuid\":\"{5770385F-C22A-43E0-BF4C-06F5698FFBD9}\",\"Version\":5,\"Task\":3,\"OpcodeValue\":0,\"RecordNumber\":924213,\"ProcessID\":3332,\"ThreadID\":4200,\"Channel\":\"Microsoft-Windows-Sysmon/Operational\",\"Domain\":\"NT AUTHORITY\",\"AccountName\":\"SYSTEM\",\"UserID\":\"S-1-5-18\",\"AccountType\":\"User\",\"Message\":\"Network connection detected:\\r\\nRuleName: Proxy\\r\\nUtcTime: 2023-02-20 04:03:45.409007\\r\\nProcessGuid: {036b06e3-ecbe-639b-4800-000000001a00}\\r\\nProcessId: 2780\\r\\nImage: C:\\\\Windows\\\\System32\\\\rundll32.exe\\r\\nUser: NT AUTHORITY\\\\SYSTEM\\r\\nProtocol: tcp\\r\\nInitiated: true\\r\\nSourceIsIpv6: false\\r\\nSourceIp: 10.19.122.14\\r\\nSourceHostname: serhatg.local\\r\\nSourcePort: 53969\\r\\nSourcePortName: -\\r\\nDestinationIsIpv6: false\\r\\nDestinationIp: 10.164.15.198\\r\\nDestinationHostname: domain.internal\\r\\nDestinationPort: 445\\r\\nDestinationPortName: -\",\"Category\":\"Network connection detected (rule: NetworkConnect)\",\"Opcode\":\"Info\",\"RuleName\":\"Proxy\",\"UtcTime\":\"2023-02-20 04:03:45.409007\",\"ProcessGuid\":\"{036b06e3-ecbe-639b-4800-000000001a00}\",\"Image\":\"C:\\\\Windows\\\\System32\\\\rundll32.exe\",\"User\":\"NT AUTHORITY\\\\SYSTEM\",\"Protocol\":\"tcp\",\"Initiated\":\"true\",\"SourceIsIpv6\":\"false\",\"SourceIp\":\"10.19.122.14\",\"SourceHostname\":\"serhatg.local\",\"SourcePort\":\"53969\",\"SourcePortName\":\"-\",\"DestinationIsIpv6\":\"false\",\"DestinationIp\":\"10.164.15.198\",\"DestinationHostname\":\"domain.internal\",\"DestinationPort\":\"445\",\"DestinationPortName\":\"-\",\"EventReceivedTime\":1676865825,\"SourceModuleName\":\"in_sysmon\",\"SourceModuleType\":\"im_msvistalog\"}\r\nudm.principal.process.file.full_path: C:\\Windows\\System32\\rundll32.exe"
        ]
    },
    "467": {
        "alert_brief": "Detects the execution of whoami, which is often used by attackers after exploitation to establish what credentials they are logged in underwhoami.exe launched by cmd.exe",
        "ini_data": [
            "<14>Aug 29 04:54:49 wrk-shasek.stackedpads.local Microsoft-Windows-Security-Auditing[4]: {\"EventTime\":1724820887,\"Hostname\":\"wrk-shasek.stackedpads.local\",\"Keywords\":-9214364837600034816,\"EventType\":\"AUDIT_SUCCESS\",\"SeverityValue\":2,\"Severity\":\"INFO\",\"EventID\":4688,\"SourceName\":\"Microsoft-Windows-Security-Auditing\",\"ProviderGuid\":\"{54849625-5478-4994-A5BA-3E3B0328C30D}\",\"Version\":2,\"Task\":13312,\"OpcodeValue\":0,\"RecordNumber\":2716571,\"ProcessID\":4,\"ThreadID\":5804,\"Channel\":\"Security\",\"Message\":\"A new process has been created.\\r\\n\\r\\nCreator Subject:\\r\\n\\tSecurity ID:\\t\\tS-1-5-21-2264196694-1469429678-912427992-1106\\r\\n\\tAccount Name:\\t\\tsteve.hasek\\r\\n\\tAccount Domain:\\t\\tSTACKEDPADS\\r\\n\\tLogon ID:\\t\\t0x686995\\r\\n\\r\\nTarget Subject:\\r\\n\\tSecurity ID:\\t\\tS-1-0-0\\r\\n\\tAccount Name:\\t\\t-\\r\\n\\tAccount Domain:\\t\\t-\\r\\n\\tLogon ID:\\t\\t0x0\\r\\n\\r\\nProcess Information:\\r\\n\\tNew Process ID:\\t\\t0x8b0\\r\\n\\tNew Process Name:\\tC:\\\\Windows\\\\System32\\\\whoami.exe\\r\\n\\tToken Elevation Type:\\t%%1937\\r\\n\\tMandatory Label:\\t\\tS-1-16-12288\\r\\n\\tCreator Process ID:\\t0x8f4\\r\\n\\tCreator Process Name:\\tC:\\\\Windows\\\\System32\\\\cmd.exe\\r\\n\\tProcess Command Line:\\twhoami\\r\\n\\r\\nToken Elevation Type indicates the type of token that was assigned to the new process in accordance with User Account Control policy.\\r\\n\\r\\nType 1 is a full token with no privileges removed or groups disabled.  A full token is only used if User Account Control is disabled or if the user is the built-in Administrator account or a service account.\\r\\n\\r\\nType 2 is an elevated token with no privileges removed or groups disabled.  An elevated token is used when User Account Control is enabled and the user chooses to start the program using Run as administrator.  An elevated token is also used when an application is configured to always require administrative privilege or to always require maximum privilege, and the user is a member of the Administrators group.\\r\\n\\r\\nType 3 is a limited token with administrative privileges removed and administrative groups disabled.  The limited token is used when User Account Control is enabled, the application does not require administrative privilege, and the user does not choose to start the program using Run as administrator.\",\"Category\":\"Process Creation\",\"Opcode\":\"Info\",\"SubjectUserSid\":\"S-1-5-21-2264196694-1469429678-912427992-1106\",\"SubjectUserName\":\"steve.hasek\",\"SubjectDomainName\":\"STACKEDPADS\",\"SubjectLogonId\":\"0x686995\",\"NewProcessId\":\"0x8b0\",\"NewProcessName\":\"C:\\\\Windows\\\\System32\\\\whoami.exe\",\"TokenElevationType\":\"%%1937\",\"CommandLine\":\"whoami\",\"TargetUserSid\":\"S-1-0-0\",\"TargetUserName\":\"-\",\"TargetDomainName\":\"-\",\"TargetLogonId\":\"0x0\",\"ParentProcessName\":\"C:\\\\Windows\\\\System32\\\\cmd.exe\",\"MandatoryLabel\":\"S-1-16-12288\",\"EventReceivedTime\":1724820889,\"SourceModuleName\":\"in_default_channels\",\"SourceModuleType\":\"im_msvistalog\"}\r\nudm.principal.process.file.full_path: C:\\Windows\\System32\\cmd.exe"
        ]
    },
    "468": {
        "alert_brief": "Use Google Cloud Threat Intel hash intelligence to scan for malicious process launch activityconhost.exe launched by wevtutil.exe",
        "ini_data": [
            "{\"@timestamp\":1727929930293,\"meta\":{\"traceId\":\"01GCXCCS8AA908H12M11CDBR2A\",\"accountId\":\"553410142016245254\",\"osFamily\":\"windows\",\"computerName\":\"DESKTOP1\",\"agentVersion\":\"S1-WIN/21.7.5.1080\",\"siteId\":\"239629223416646331\",\"osRevision\":\"19042\",\"osName\":\"Windows 10 Enterprise\",\"uuid\":\"0c422588231f4d5ab2de15490c8f2361\",\"seqId\":0,\"machineType\":\"desktop\",\"mgmtUrl\":\"https://sg-prod.sentinelone.net\"},\"event\":{\"parent\":{\"parent\":{\"excluded\":\"E_UNSUPPORTED\",\"node\":{\"key\":{\"value\":\"425855B6823E7E61\"}},\"isRedirectedCommandProcessor\":\"E_UNSUPPORTED\",\"root\":\"E_UNSUPPORTED\",\"interactive\":\"E_UNSUPPORTED\",\"name\":\"\",\"subsystem\":\"SUBSYSTEM_UNKNOWN\",\"fullPid\":{\"pid\":0,\"startTime\":{\"millisecondsSinceEpoch\":\"0\"}},\"isWow64\":\"E_UNSUPPORTED\",\"sessionId\":0,\"commandLine\":\"\",\"integrityLevel\":\"INTEGRITY_LEVEL_UNKNOWN\"},\"trueContext\":{\"key\":{\"value\":\"E7C914C67537C662\"}},\"counters\":{\"dnsLookups\":0,\"crossProcess\":0,\"fileModification\":0,\"netConnOut\":0,\"moduleLoad\":206,\"fileDeletion\":0,\"crossProcessDupThreadHandle\":0,\"registryModification\":159,\"osChildProcess\":1,\"modelChildProcess\":1,\"crossProcessOpenProcess\":0,\"fileCreation\":0,\"exeModification\":0,\"crossProcessOutOfGroup\":0,\"netConnIn\":0,\"crossProcessDupProcessHandle\":0,\"crossProcessRemoteThread\":0},\"interactive\":\"E_FALSE\",\"subsystem\":\"SYS_WIN32\",\"sessionId\":2,\"executable\":{\"owner\":{\"name\":\"\",\"sid\":\"\"},\"node\":{\"key\":{\"value\":\"6212826804D001B2\"}},\"path\":\"C:\\\\WINDOWS\\\\System32\\\\wevtutil.exe\",\"creationTime\":{\"millisecondsSinceEpoch\":\"17279299302915951616\"},\"signature\":{\"signed\":{\"valid\":{},\"identity\":\"MICROSOFT WINDOWS\"}},\"hashes\":{\"sha1\":\"ecd8921d6a8baabae23b47b126c5755b6fa11cd0\",\"sha256\":\"135c463428a44e91a3d8c4f01529514ddac4ef7f52c04ae42a2cf98653083408\",\"md5\":\"81d8232cb4839c0c67449b1d418855f4\"},\"fileLocation\":\"Local\",\"isKernelModule\":\"E_UNSUPPORTED\",\"isDir\":\"E_FALSE\",\"sizeBytes\":\"253768\"},\"excluded\":\"E_FALSE\",\"node\":{\"key\":{\"value\":\"D768DCE2C33CF0CB\"}},\"isRedirectedCommandProcessor\":\"E_FALSE\",\"root\":\"E_FALSE\",\"name\":\"Network Command Shell\",\"fullPid\":{\"pid\":11224,\"startTime\":{\"millisecondsSinceEpoch\":\"1727929930293\"}},\"isWow64\":\"E_FALSE\",\"commandLine\":\"wevtutil set-log Security /e:false\",\"integrityLevel\":\"HIGH\",\"user\":{\"name\":\"SG\\\\Admin\",\"sid\":\"S-1-5-21-947102721-2557683097-696379042-94871\"}},\"process\":{\"parent\":{\"excluded\":\"E_UNSUPPORTED\",\"node\":{\"key\":{\"value\":\"D768DCE2C33CF0CB\"}},\"isRedirectedCommandProcessor\":\"E_UNSUPPORTED\",\"root\":\"E_UNSUPPORTED\",\"interactive\":\"E_UNSUPPORTED\",\"name\":\"\",\"subsystem\":\"SUBSYSTEM_UNKNOWN\",\"fullPid\":{\"pid\":0,\"startTime\":{\"millisecondsSinceEpoch\":\"0\"}},\"isWow64\":\"E_UNSUPPORTED\",\"sessionId\":0,\"commandLine\":\"\",\"integrityLevel\":\"INTEGRITY_LEVEL_UNKNOWN\"},\"trueContext\":{\"key\":{\"value\":\"E7C914C67537C662\"}},\"counters\":{\"dnsLookups\":0,\"crossProcess\":1,\"fileModification\":0,\"netConnOut\":0,\"moduleLoad\":52,\"fileDeletion\":0,\"crossProcessDupThreadHandle\":0,\"registryModification\":0,\"osChildProcess\":0,\"modelChildProcess\":0,\"crossProcessOpenProcess\":1,\"fileCreation\":0,\"exeModification\":0,\"crossProcessOutOfGroup\":0,\"netConnIn\":0,\"crossProcessDupProcessHandle\":0,\"crossProcessRemoteThread\":0},\"interactive\":\"E_FALSE\",\"subsystem\":\"SYS_WIN32\",\"sessionId\":2,\"executable\":{\"owner\":{\"name\":\"\",\"sid\":\"\"},\"node\":{\"key\":{\"value\":\"68F355F95F451218\"}},\"path\":\"C:\\\\WINDOWS\\\\System32\\\\conhost.exe\",\"creationTime\":{\"millisecondsSinceEpoch\":\"17279299302935951616\"},\"signature\":{\"signed\":{\"valid\":{},\"identity\":\"MICROSOFT WINDOWS\"}},\"hashes\":{\"sha1\":\"52a7274a0b4f9493632060fe25993a2ef24fe827\",\"sha256\":\"3c1c6d813d2b031d988204155fc198fe4f32ff56c05dabbcfcd5486131f4fb9d\",\"md5\":\"0d698af330fd17bee3bf90011d49251d\"},\"fileLocation\":\"Local\",\"isKernelModule\":\"E_UNSUPPORTED\",\"isDir\":\"E_FALSE\",\"sizeBytes\":\"862208\"},\"excluded\":\"E_FALSE\",\"node\":{\"key\":{\"value\":\"C6BB4940F0BFA542\"}},\"isRedirectedCommandProcessor\":\"E_FALSE\",\"root\":\"E_FALSE\",\"name\":\"Console Window Host\",\"fullPid\":{\"pid\":3244,\"startTime\":{\"millisecondsSinceEpoch\":\"1727929930293\"}},\"isWow64\":\"E_FALSE\",\"commandLine\":\"\\\\??\\\\C:\\\\WINDOWS\\\\system32\\\\conhost.exe 0xffffffff -ForceV1\",\"integrityLevel\":\"HIGH\",\"user\":{\"name\":\"SG\\\\Admin\",\"sid\":\"S-1-5-21-947102721-2557683097-696379042-94871\"}},\"trueContext\":{\"key\":{\"value\":\"E7C914C67537C662\"}},\"signature\":{\"signed\":{\"valid\":{},\"identity\":\"MICROSOFT WINDOWS\"}},\"hashes\":{\"sha1\":\"52a7274a0b4f9493632060fe25993a2ef24fe827\",\"sha256\":\"3c1c6d813d2b031d988204155fc198fe4f32ff56c05dabbcfcd5486131f4fb9d\",\"md5\":\"0d698af330fd17bee3bf90011d49251d\"},\"type\":\"processCreation\",\"status\":\"UNKNOWN\"}}\r\nudm.principal.process.file.full_path: C:\\WINDOWS\\System32\\wevtutil.exe\r\nudm.principal.process.file.sha256: 135c463428a44e91a3d8c4f01529514ddac4ef7f52c04ae42a2cf98653083408"
        ]
    },
    "469": {
        "alert_brief": "This rule identifies Rundll32.exe interacting with SMB, which could be a sign of potential lateral movement.SYSTEM to domain.internal",
        "ini_data": [
            "<14>Apr 04 03:02:25 serhatg.local Microsoft-Windows-Sysmon[3332]: {\"EventTime\":1680577345,\"Hostname\":\"serhatg.local\",\"Keywords\":-9223372036854775808,\"EventType\":\"INFO\",\"SeverityValue\":2,\"Severity\":\"INFO\",\"EventID\":3,\"SourceName\":\"Microsoft-Windows-Sysmon\",\"ProviderGuid\":\"{5770385F-C22A-43E0-BF4C-06F5698FFBD9}\",\"Version\":5,\"Task\":3,\"OpcodeValue\":0,\"RecordNumber\":924213,\"ProcessID\":3332,\"ThreadID\":4200,\"Channel\":\"Microsoft-Windows-Sysmon/Operational\",\"Domain\":\"NT AUTHORITY\",\"AccountName\":\"SYSTEM\",\"UserID\":\"S-1-5-18\",\"AccountType\":\"User\",\"Message\":\"Network connection detected:\\r\\nRuleName: Proxy\\r\\nUtcTime: 2023-04-04 03:02:25.337193\\r\\nProcessGuid: {036b06e3-ecbe-639b-4800-000000001a00}\\r\\nProcessId: 2780\\r\\nImage: C:\\\\Windows\\\\System32\\\\rundll32.exe\\r\\nUser: NT AUTHORITY\\\\SYSTEM\\r\\nProtocol: tcp\\r\\nInitiated: true\\r\\nSourceIsIpv6: false\\r\\nSourceIp: 10.19.122.14\\r\\nSourceHostname: serhatg.local\\r\\nSourcePort: 53969\\r\\nSourcePortName: -\\r\\nDestinationIsIpv6: false\\r\\nDestinationIp: 10.164.15.198\\r\\nDestinationHostname: domain.internal\\r\\nDestinationPort: 445\\r\\nDestinationPortName: -\",\"Category\":\"Network connection detected (rule: NetworkConnect)\",\"Opcode\":\"Info\",\"RuleName\":\"Proxy\",\"UtcTime\":\"2023-04-04 03:02:25.337193\",\"ProcessGuid\":\"{036b06e3-ecbe-639b-4800-000000001a00}\",\"Image\":\"C:\\\\Windows\\\\System32\\\\rundll32.exe\",\"User\":\"NT AUTHORITY\\\\SYSTEM\",\"Protocol\":\"tcp\",\"Initiated\":\"true\",\"SourceIsIpv6\":\"false\",\"SourceIp\":\"10.19.122.14\",\"SourceHostname\":\"serhatg.local\",\"SourcePort\":\"53969\",\"SourcePortName\":\"-\",\"DestinationIsIpv6\":\"false\",\"DestinationIp\":\"10.164.15.198\",\"DestinationHostname\":\"domain.internal\",\"DestinationPort\":\"445\",\"DestinationPortName\":\"-\",\"EventReceivedTime\":1680577345,\"SourceModuleName\":\"in_sysmon\",\"SourceModuleType\":\"im_msvistalog\"}\r\nudm.principal.process.file.full_path: C:\\Windows\\System32\\rundll32.exe"
        ]
    },
    "470": {
        "alert_brief": "This rule identifies Rundll32.exe interacting with SMB, which could be a sign of potential lateral movement.SYSTEM to domain.internal",
        "ini_data": [
            "<14>Jul 03 05:03:56 serhatg.local Microsoft-Windows-Sysmon[3332]: {\"EventTime\":1688360636,\"Hostname\":\"serhatg.local\",\"Keywords\":-9223372036854775808,\"EventType\":\"INFO\",\"SeverityValue\":2,\"Severity\":\"INFO\",\"EventID\":3,\"SourceName\":\"Microsoft-Windows-Sysmon\",\"ProviderGuid\":\"{5770385F-C22A-43E0-BF4C-06F5698FFBD9}\",\"Version\":5,\"Task\":3,\"OpcodeValue\":0,\"RecordNumber\":924213,\"ProcessID\":3332,\"ThreadID\":4200,\"Channel\":\"Microsoft-Windows-Sysmon/Operational\",\"Domain\":\"NT AUTHORITY\",\"AccountName\":\"SYSTEM\",\"UserID\":\"S-1-5-18\",\"AccountType\":\"User\",\"Message\":\"Network connection detected:\\r\\nRuleName: Proxy\\r\\nUtcTime: 2023-07-03 05:03:56.280006\\r\\nProcessGuid: {036b06e3-ecbe-639b-4800-000000001a00}\\r\\nProcessId: 2780\\r\\nImage: C:\\\\Windows\\\\System32\\\\rundll32.exe\\r\\nUser: NT AUTHORITY\\\\SYSTEM\\r\\nProtocol: tcp\\r\\nInitiated: true\\r\\nSourceIsIpv6: false\\r\\nSourceIp: 10.19.122.14\\r\\nSourceHostname: serhatg.local\\r\\nSourcePort: 53969\\r\\nSourcePortName: -\\r\\nDestinationIsIpv6: false\\r\\nDestinationIp: 10.164.15.198\\r\\nDestinationHostname: domain.internal\\r\\nDestinationPort: 445\\r\\nDestinationPortName: -\",\"Category\":\"Network connection detected (rule: NetworkConnect)\",\"Opcode\":\"Info\",\"RuleName\":\"Proxy\",\"UtcTime\":\"2023-07-03 05:03:56.280006\",\"ProcessGuid\":\"{036b06e3-ecbe-639b-4800-000000001a00}\",\"Image\":\"C:\\\\Windows\\\\System32\\\\rundll32.exe\",\"User\":\"NT AUTHORITY\\\\SYSTEM\",\"Protocol\":\"tcp\",\"Initiated\":\"true\",\"SourceIsIpv6\":\"false\",\"SourceIp\":\"10.19.122.14\",\"SourceHostname\":\"serhatg.local\",\"SourcePort\":\"53969\",\"SourcePortName\":\"-\",\"DestinationIsIpv6\":\"false\",\"DestinationIp\":\"10.164.15.198\",\"DestinationHostname\":\"domain.internal\",\"DestinationPort\":\"445\",\"DestinationPortName\":\"-\",\"EventReceivedTime\":1688360636,\"SourceModuleName\":\"in_sysmon\",\"SourceModuleType\":\"im_msvistalog\"}\r\nudm.principal.process.file.full_path: C:\\Windows\\System32\\rundll32.exe"
        ]
    },
    "471": {
        "alert_brief": "This rule identifies Rundll32.exe interacting with SMB, which could be a sign of potential lateral movement.SYSTEM to domain.internal",
        "ini_data": [
            "<14>Dec 30  2:48:00 serhatg.local Microsoft-Windows-Sysmon[3332]: {\"EventTime\":1672368480,\"Hostname\":\"serhatg.local\",\"Keywords\":-9223372036854775808,\"EventType\":\"INFO\",\"SeverityValue\":2,\"Severity\":\"INFO\",\"EventID\":3,\"SourceName\":\"Microsoft-Windows-Sysmon\",\"ProviderGuid\":\"{5770385F-C22A-43E0-BF4C-06F5698FFBD9}\",\"Version\":5,\"Task\":3,\"OpcodeValue\":0,\"RecordNumber\":924213,\"ProcessID\":3332,\"ThreadID\":4200,\"Channel\":\"Microsoft-Windows-Sysmon/Operational\",\"Domain\":\"NT AUTHORITY\",\"AccountName\":\"SYSTEM\",\"UserID\":\"S-1-5-18\",\"AccountType\":\"User\",\"Message\":\"Network connection detected:\\r\\nRuleName: Proxy\\r\\nUtcTime: 2022-12-30 02:48:00.000000\\r\\nProcessGuid: {036b06e3-ecbe-639b-4800-000000001a00}\\r\\nProcessId: 2780\\r\\nImage: C:\\\\Windows\\\\System32\\\\rundll32.exe\\r\\nUser: NT AUTHORITY\\\\SYSTEM\\r\\nProtocol: tcp\\r\\nInitiated: true\\r\\nSourceIsIpv6: false\\r\\nSourceIp: 10.19.122.14\\r\\nSourceHostname: serhatg.local\\r\\nSourcePort: 53969\\r\\nSourcePortName: -\\r\\nDestinationIsIpv6: false\\r\\nDestinationIp: 10.164.15.198\\r\\nDestinationHostname: domain.internal\\r\\nDestinationPort: 445\\r\\nDestinationPortName: -\",\"Category\":\"Network connection detected (rule: NetworkConnect)\",\"Opcode\":\"Info\",\"RuleName\":\"Proxy\",\"UtcTime\":\"2022-12-30 02:48:00.000000\",\"ProcessGuid\":\"{036b06e3-ecbe-639b-4800-000000001a00}\",\"Image\":\"C:\\\\Windows\\\\System32\\\\rundll32.exe\",\"User\":\"NT AUTHORITY\\\\SYSTEM\",\"Protocol\":\"tcp\",\"Initiated\":\"true\",\"SourceIsIpv6\":\"false\",\"SourceIp\":\"10.19.122.14\",\"SourceHostname\":\"serhatg.local\",\"SourcePort\":\"53969\",\"SourcePortName\":\"-\",\"DestinationIsIpv6\":\"false\",\"DestinationIp\":\"10.164.15.198\",\"DestinationHostname\":\"domain.internal\",\"DestinationPort\":\"445\",\"DestinationPortName\":\"-\",\"EventReceivedTime\":1672368480,\"SourceModuleName\":\"in_sysmon\",\"SourceModuleType\":\"im_msvistalog\"}\r\nudm.principal.process.file.full_path: C:\\Windows\\System32\\rundll32.exe"
        ]
    },
    "472": {
        "alert_brief": "This rule identifies Rundll32.exe interacting with SMB, which could be a sign of potential lateral movement.SYSTEM to domain.internal",
        "ini_data": [
            "<14>Jul 10 04:33:27 serhatg.local Microsoft-Windows-Sysmon[3332]: {\"EventTime\":1720499607,\"Hostname\":\"serhatg.local\",\"Keywords\":-9223372036854775808,\"EventType\":\"INFO\",\"SeverityValue\":2,\"Severity\":\"INFO\",\"EventID\":3,\"SourceName\":\"Microsoft-Windows-Sysmon\",\"ProviderGuid\":\"{5770385F-C22A-43E0-BF4C-06F5698FFBD9}\",\"Version\":5,\"Task\":3,\"OpcodeValue\":0,\"RecordNumber\":924213,\"ProcessID\":3332,\"ThreadID\":4200,\"Channel\":\"Microsoft-Windows-Sysmon/Operational\",\"Domain\":\"NT AUTHORITY\",\"AccountName\":\"SYSTEM\",\"UserID\":\"S-1-5-18\",\"AccountType\":\"User\",\"Message\":\"Network connection detected:\\r\\nRuleName: Proxy\\r\\nUtcTime: 2024-07-09 04:33:27.000000\\r\\nProcessGuid: {036b06e3-ecbe-639b-4800-000000001a00}\\r\\nProcessId: 2780\\r\\nImage: C:\\\\Windows\\\\System32\\\\rundll32.exe\\r\\nUser: NT AUTHORITY\\\\SYSTEM\\r\\nProtocol: tcp\\r\\nInitiated: true\\r\\nSourceIsIpv6: false\\r\\nSourceIp: 10.19.122.14\\r\\nSourceHostname: serhatg.local\\r\\nSourcePort: 53969\\r\\nSourcePortName: -\\r\\nDestinationIsIpv6: false\\r\\nDestinationIp: 10.164.15.198\\r\\nDestinationHostname: domain.internal\\r\\nDestinationPort: 445\\r\\nDestinationPortName: -\",\"Category\":\"Network connection detected (rule: NetworkConnect)\",\"Opcode\":\"Info\",\"RuleName\":\"Proxy\",\"UtcTime\":\"2024-07-09 04:33:27.000000\",\"ProcessGuid\":\"{036b06e3-ecbe-639b-4800-000000001a00}\",\"Image\":\"C:\\\\Windows\\\\System32\\\\rundll32.exe\",\"User\":\"NT AUTHORITY\\\\SYSTEM\",\"Protocol\":\"tcp\",\"Initiated\":\"true\",\"SourceIsIpv6\":\"false\",\"SourceIp\":\"10.19.122.14\",\"SourceHostname\":\"serhatg.local\",\"SourcePort\":\"53969\",\"SourcePortName\":\"-\",\"DestinationIsIpv6\":\"false\",\"DestinationIp\":\"10.164.15.198\",\"DestinationHostname\":\"domain.internal\",\"DestinationPort\":\"445\",\"DestinationPortName\":\"-\",\"EventReceivedTime\":1720499607,\"SourceModuleName\":\"in_sysmon\",\"SourceModuleType\":\"im_msvistalog\"}\r\nudm.principal.process.file.full_path: C:\\Windows\\System32\\rundll32.exe"
        ]
    },
    "473": {
        "alert_brief": "This rule identifies Rundll32.exe interacting with SMB, which could be a sign of potential lateral movement.SYSTEM to domain.internal",
        "ini_data": [
            "<14>Jul 26 04:34:28 serhatg.local Microsoft-Windows-Sysmon[3332]: {\"EventTime\":1721882068,\"Hostname\":\"serhatg.local\",\"Keywords\":-9223372036854775808,\"EventType\":\"INFO\",\"SeverityValue\":2,\"Severity\":\"INFO\",\"EventID\":3,\"SourceName\":\"Microsoft-Windows-Sysmon\",\"ProviderGuid\":\"{5770385F-C22A-43E0-BF4C-06F5698FFBD9}\",\"Version\":5,\"Task\":3,\"OpcodeValue\":0,\"RecordNumber\":924213,\"ProcessID\":3332,\"ThreadID\":4200,\"Channel\":\"Microsoft-Windows-Sysmon/Operational\",\"Domain\":\"NT AUTHORITY\",\"AccountName\":\"SYSTEM\",\"UserID\":\"S-1-5-18\",\"AccountType\":\"User\",\"Message\":\"Network connection detected:\\r\\nRuleName: Proxy\\r\\nUtcTime: 2024-07-25 04:34:28.000000\\r\\nProcessGuid: {036b06e3-ecbe-639b-4800-000000001a00}\\r\\nProcessId: 2780\\r\\nImage: C:\\\\Windows\\\\System32\\\\rundll32.exe\\r\\nUser: NT AUTHORITY\\\\SYSTEM\\r\\nProtocol: tcp\\r\\nInitiated: true\\r\\nSourceIsIpv6: false\\r\\nSourceIp: 10.19.122.14\\r\\nSourceHostname: serhatg.local\\r\\nSourcePort: 53969\\r\\nSourcePortName: -\\r\\nDestinationIsIpv6: false\\r\\nDestinationIp: 10.164.15.198\\r\\nDestinationHostname: domain.internal\\r\\nDestinationPort: 445\\r\\nDestinationPortName: -\",\"Category\":\"Network connection detected (rule: NetworkConnect)\",\"Opcode\":\"Info\",\"RuleName\":\"Proxy\",\"UtcTime\":\"2024-07-25 04:34:28.000000\",\"ProcessGuid\":\"{036b06e3-ecbe-639b-4800-000000001a00}\",\"Image\":\"C:\\\\Windows\\\\System32\\\\rundll32.exe\",\"User\":\"NT AUTHORITY\\\\SYSTEM\",\"Protocol\":\"tcp\",\"Initiated\":\"true\",\"SourceIsIpv6\":\"false\",\"SourceIp\":\"10.19.122.14\",\"SourceHostname\":\"serhatg.local\",\"SourcePort\":\"53969\",\"SourcePortName\":\"-\",\"DestinationIsIpv6\":\"false\",\"DestinationIp\":\"10.164.15.198\",\"DestinationHostname\":\"domain.internal\",\"DestinationPort\":\"445\",\"DestinationPortName\":\"-\",\"EventReceivedTime\":1721882068,\"SourceModuleName\":\"in_sysmon\",\"SourceModuleType\":\"im_msvistalog\"}\r\nudm.principal.process.file.full_path: C:\\Windows\\System32\\rundll32.exe"
        ]
    },
    "474": {
        "alert_brief": "This rule identifies Rundll32.exe interacting with SMB, which could be a sign of potential lateral movement.SYSTEM to domain.internal",
        "ini_data": [
            "<14>Apr 15 05:02:05 serhatg.local Microsoft-Windows-Sysmon[3332]: {\"EventTime\":1681534925,\"Hostname\":\"serhatg.local\",\"Keywords\":-9223372036854775808,\"EventType\":\"INFO\",\"SeverityValue\":2,\"Severity\":\"INFO\",\"EventID\":3,\"SourceName\":\"Microsoft-Windows-Sysmon\",\"ProviderGuid\":\"{5770385F-C22A-43E0-BF4C-06F5698FFBD9}\",\"Version\":5,\"Task\":3,\"OpcodeValue\":0,\"RecordNumber\":924213,\"ProcessID\":3332,\"ThreadID\":4200,\"Channel\":\"Microsoft-Windows-Sysmon/Operational\",\"Domain\":\"NT AUTHORITY\",\"AccountName\":\"SYSTEM\",\"UserID\":\"S-1-5-18\",\"AccountType\":\"User\",\"Message\":\"Network connection detected:\\r\\nRuleName: Proxy\\r\\nUtcTime: 2023-04-15 05:02:05.361388\\r\\nProcessGuid: {036b06e3-ecbe-639b-4800-000000001a00}\\r\\nProcessId: 2780\\r\\nImage: C:\\\\Windows\\\\System32\\\\rundll32.exe\\r\\nUser: NT AUTHORITY\\\\SYSTEM\\r\\nProtocol: tcp\\r\\nInitiated: true\\r\\nSourceIsIpv6: false\\r\\nSourceIp: 10.19.122.14\\r\\nSourceHostname: serhatg.local\\r\\nSourcePort: 53969\\r\\nSourcePortName: -\\r\\nDestinationIsIpv6: false\\r\\nDestinationIp: 10.164.15.198\\r\\nDestinationHostname: domain.internal\\r\\nDestinationPort: 445\\r\\nDestinationPortName: -\",\"Category\":\"Network connection detected (rule: NetworkConnect)\",\"Opcode\":\"Info\",\"RuleName\":\"Proxy\",\"UtcTime\":\"2023-04-15 05:02:05.361388\",\"ProcessGuid\":\"{036b06e3-ecbe-639b-4800-000000001a00}\",\"Image\":\"C:\\\\Windows\\\\System32\\\\rundll32.exe\",\"User\":\"NT AUTHORITY\\\\SYSTEM\",\"Protocol\":\"tcp\",\"Initiated\":\"true\",\"SourceIsIpv6\":\"false\",\"SourceIp\":\"10.19.122.14\",\"SourceHostname\":\"serhatg.local\",\"SourcePort\":\"53969\",\"SourcePortName\":\"-\",\"DestinationIsIpv6\":\"false\",\"DestinationIp\":\"10.164.15.198\",\"DestinationHostname\":\"domain.internal\",\"DestinationPort\":\"445\",\"DestinationPortName\":\"-\",\"EventReceivedTime\":1681534925,\"SourceModuleName\":\"in_sysmon\",\"SourceModuleType\":\"im_msvistalog\"}\r\nudm.principal.process.file.full_path: C:\\Windows\\System32\\rundll32.exe"
        ]
    },
    "475": {
        "alert_brief": "This rule identifies Rundll32.exe interacting with SMB, which could be a sign of potential lateral movement.SYSTEM to domain.internal",
        "ini_data": [
            "<14>Mar 25 04:03:04 serhatg.local Microsoft-Windows-Sysmon[3332]: {\"EventTime\":1679716984,\"Hostname\":\"serhatg.local\",\"Keywords\":-9223372036854775808,\"EventType\":\"INFO\",\"SeverityValue\":2,\"Severity\":\"INFO\",\"EventID\":3,\"SourceName\":\"Microsoft-Windows-Sysmon\",\"ProviderGuid\":\"{5770385F-C22A-43E0-BF4C-06F5698FFBD9}\",\"Version\":5,\"Task\":3,\"OpcodeValue\":0,\"RecordNumber\":924213,\"ProcessID\":3332,\"ThreadID\":4200,\"Channel\":\"Microsoft-Windows-Sysmon/Operational\",\"Domain\":\"NT AUTHORITY\",\"AccountName\":\"SYSTEM\",\"UserID\":\"S-1-5-18\",\"AccountType\":\"User\",\"Message\":\"Network connection detected:\\r\\nRuleName: Proxy\\r\\nUtcTime: 2023-03-25 04:03:04.474764\\r\\nProcessGuid: {036b06e3-ecbe-639b-4800-000000001a00}\\r\\nProcessId: 2780\\r\\nImage: C:\\\\Windows\\\\System32\\\\rundll32.exe\\r\\nUser: NT AUTHORITY\\\\SYSTEM\\r\\nProtocol: tcp\\r\\nInitiated: true\\r\\nSourceIsIpv6: false\\r\\nSourceIp: 10.19.122.14\\r\\nSourceHostname: serhatg.local\\r\\nSourcePort: 53969\\r\\nSourcePortName: -\\r\\nDestinationIsIpv6: false\\r\\nDestinationIp: 10.164.15.198\\r\\nDestinationHostname: domain.internal\\r\\nDestinationPort: 445\\r\\nDestinationPortName: -\",\"Category\":\"Network connection detected (rule: NetworkConnect)\",\"Opcode\":\"Info\",\"RuleName\":\"Proxy\",\"UtcTime\":\"2023-03-25 04:03:04.474764\",\"ProcessGuid\":\"{036b06e3-ecbe-639b-4800-000000001a00}\",\"Image\":\"C:\\\\Windows\\\\System32\\\\rundll32.exe\",\"User\":\"NT AUTHORITY\\\\SYSTEM\",\"Protocol\":\"tcp\",\"Initiated\":\"true\",\"SourceIsIpv6\":\"false\",\"SourceIp\":\"10.19.122.14\",\"SourceHostname\":\"serhatg.local\",\"SourcePort\":\"53969\",\"SourcePortName\":\"-\",\"DestinationIsIpv6\":\"false\",\"DestinationIp\":\"10.164.15.198\",\"DestinationHostname\":\"domain.internal\",\"DestinationPort\":\"445\",\"DestinationPortName\":\"-\",\"EventReceivedTime\":1679716984,\"SourceModuleName\":\"in_sysmon\",\"SourceModuleType\":\"im_msvistalog\"}\r\nudm.principal.process.file.full_path: C:\\Windows\\System32\\rundll32.exe"
        ]
    },
    "476": {
        "alert_brief": "This rule identifies Rundll32.exe interacting with SMB, which could be a sign of potential lateral movement.SYSTEM to domain.internal",
        "ini_data": [
            "<14>Apr 22 05:02:15 serhatg.local Microsoft-Windows-Sysmon[3332]: {\"EventTime\":1682139735,\"Hostname\":\"serhatg.local\",\"Keywords\":-9223372036854775808,\"EventType\":\"INFO\",\"SeverityValue\":2,\"Severity\":\"INFO\",\"EventID\":3,\"SourceName\":\"Microsoft-Windows-Sysmon\",\"ProviderGuid\":\"{5770385F-C22A-43E0-BF4C-06F5698FFBD9}\",\"Version\":5,\"Task\":3,\"OpcodeValue\":0,\"RecordNumber\":924213,\"ProcessID\":3332,\"ThreadID\":4200,\"Channel\":\"Microsoft-Windows-Sysmon/Operational\",\"Domain\":\"NT AUTHORITY\",\"AccountName\":\"SYSTEM\",\"UserID\":\"S-1-5-18\",\"AccountType\":\"User\",\"Message\":\"Network connection detected:\\r\\nRuleName: Proxy\\r\\nUtcTime: 2023-04-22 05:02:15.596400\\r\\nProcessGuid: {036b06e3-ecbe-639b-4800-000000001a00}\\r\\nProcessId: 2780\\r\\nImage: C:\\\\Windows\\\\System32\\\\rundll32.exe\\r\\nUser: NT AUTHORITY\\\\SYSTEM\\r\\nProtocol: tcp\\r\\nInitiated: true\\r\\nSourceIsIpv6: false\\r\\nSourceIp: 10.19.122.14\\r\\nSourceHostname: serhatg.local\\r\\nSourcePort: 53969\\r\\nSourcePortName: -\\r\\nDestinationIsIpv6: false\\r\\nDestinationIp: 10.164.15.198\\r\\nDestinationHostname: domain.internal\\r\\nDestinationPort: 445\\r\\nDestinationPortName: -\",\"Category\":\"Network connection detected (rule: NetworkConnect)\",\"Opcode\":\"Info\",\"RuleName\":\"Proxy\",\"UtcTime\":\"2023-04-22 05:02:15.596400\",\"ProcessGuid\":\"{036b06e3-ecbe-639b-4800-000000001a00}\",\"Image\":\"C:\\\\Windows\\\\System32\\\\rundll32.exe\",\"User\":\"NT AUTHORITY\\\\SYSTEM\",\"Protocol\":\"tcp\",\"Initiated\":\"true\",\"SourceIsIpv6\":\"false\",\"SourceIp\":\"10.19.122.14\",\"SourceHostname\":\"serhatg.local\",\"SourcePort\":\"53969\",\"SourcePortName\":\"-\",\"DestinationIsIpv6\":\"false\",\"DestinationIp\":\"10.164.15.198\",\"DestinationHostname\":\"domain.internal\",\"DestinationPort\":\"445\",\"DestinationPortName\":\"-\",\"EventReceivedTime\":1682139735,\"SourceModuleName\":\"in_sysmon\",\"SourceModuleType\":\"im_msvistalog\"}\r\nudm.principal.process.file.full_path: C:\\Windows\\System32\\rundll32.exe"
        ]
    },
    "477": {
        "alert_brief": "Detects the execution of whoami, which is often used by attackers after exploitation to establish what credentials they are logged in underwhoami.exe launched by cmd.exe",
        "ini_data": [
