            "<14>Mar 17 05:33:22 serhatg.local Microsoft-Windows-Sysmon[3332]: {\"EventTime\":1710567202,\"Hostname\":\"serhatg.local\",\"Keywords\":-9223372036854775808,\"EventType\":\"INFO\",\"SeverityValue\":2,\"Severity\":\"INFO\",\"EventID\":3,\"SourceName\":\"Microsoft-Windows-Sysmon\",\"ProviderGuid\":\"{5770385F-C22A-43E0-BF4C-06F5698FFBD9}\",\"Version\":5,\"Task\":3,\"OpcodeValue\":0,\"RecordNumber\":924213,\"ProcessID\":3332,\"ThreadID\":4200,\"Channel\":\"Microsoft-Windows-Sysmon/Operational\",\"Domain\":\"NT AUTHORITY\",\"AccountName\":\"SYSTEM\",\"UserID\":\"S-1-5-18\",\"AccountType\":\"User\",\"Message\":\"Network connection detected:\\r\\nRuleName: Proxy\\r\\nUtcTime: 2024-03-16 05:33:22.000000\\r\\nProcessGuid: {036b06e3-ecbe-639b-4800-000000001a00}\\r\\nProcessId: 2780\\r\\nImage: C:\\\\Windows\\\\System32\\\\rundll32.exe\\r\\nUser: NT AUTHORITY\\\\SYSTEM\\r\\nProtocol: tcp\\r\\nInitiated: true\\r\\nSourceIsIpv6: false\\r\\nSourceIp: 10.19.122.14\\r\\nSourceHostname: serhatg.local\\r\\nSourcePort: 53969\\r\\nSourcePortName: -\\r\\nDestinationIsIpv6: false\\r\\nDestinationIp: 10.164.15.198\\r\\nDestinationHostname: domain.internal\\r\\nDestinationPort: 445\\r\\nDestinationPortName: -\",\"Category\":\"Network connection detected (rule: NetworkConnect)\",\"Opcode\":\"Info\",\"RuleName\":\"Proxy\",\"UtcTime\":\"2024-03-16 05:33:22.000000\",\"ProcessGuid\":\"{036b06e3-ecbe-639b-4800-000000001a00}\",\"Image\":\"C:\\\\Windows\\\\System32\\\\rundll32.exe\",\"User\":\"NT AUTHORITY\\\\SYSTEM\",\"Protocol\":\"tcp\",\"Initiated\":\"true\",\"SourceIsIpv6\":\"false\",\"SourceIp\":\"10.19.122.14\",\"SourceHostname\":\"serhatg.local\",\"SourcePort\":\"53969\",\"SourcePortName\":\"-\",\"DestinationIsIpv6\":\"false\",\"DestinationIp\":\"10.164.15.198\",\"DestinationHostname\":\"domain.internal\",\"DestinationPort\":\"445\",\"DestinationPortName\":\"-\",\"EventReceivedTime\":1710567202,\"SourceModuleName\":\"in_sysmon\",\"SourceModuleType\":\"im_msvistalog\"}\r\nudm.principal.process.file.full_path: C:\\Windows\\System32\\rundll32.exe"
        ]
    },
    "318": {
        "alert_brief": "This rule identifies Rundll32.exe interacting with SMB, which could be a sign of potential lateral movement.SYSTEM to domain.internal",
        "ini_data": [
            "<14>Sep 06 04:36:21 serhatg.local Microsoft-Windows-Sysmon[3332]: {\"EventTime\":1725510981,\"Hostname\":\"serhatg.local\",\"Keywords\":-9223372036854775808,\"EventType\":\"INFO\",\"SeverityValue\":2,\"Severity\":\"INFO\",\"EventID\":3,\"SourceName\":\"Microsoft-Windows-Sysmon\",\"ProviderGuid\":\"{5770385F-C22A-43E0-BF4C-06F5698FFBD9}\",\"Version\":5,\"Task\":3,\"OpcodeValue\":0,\"RecordNumber\":924213,\"ProcessID\":3332,\"ThreadID\":4200,\"Channel\":\"Microsoft-Windows-Sysmon/Operational\",\"Domain\":\"NT AUTHORITY\",\"AccountName\":\"SYSTEM\",\"UserID\":\"S-1-5-18\",\"AccountType\":\"User\",\"Message\":\"Network connection detected:\\r\\nRuleName: Proxy\\r\\nUtcTime: 2024-09-05 04:36:21.000000\\r\\nProcessGuid: {036b06e3-ecbe-639b-4800-000000001a00}\\r\\nProcessId: 2780\\r\\nImage: C:\\\\Windows\\\\System32\\\\rundll32.exe\\r\\nUser: NT AUTHORITY\\\\SYSTEM\\r\\nProtocol: tcp\\r\\nInitiated: true\\r\\nSourceIsIpv6: false\\r\\nSourceIp: 10.19.122.14\\r\\nSourceHostname: serhatg.local\\r\\nSourcePort: 53969\\r\\nSourcePortName: -\\r\\nDestinationIsIpv6: false\\r\\nDestinationIp: 10.164.15.198\\r\\nDestinationHostname: domain.internal\\r\\nDestinationPort: 445\\r\\nDestinationPortName: -\",\"Category\":\"Network connection detected (rule: NetworkConnect)\",\"Opcode\":\"Info\",\"RuleName\":\"Proxy\",\"UtcTime\":\"2024-09-05 04:36:21.000000\",\"ProcessGuid\":\"{036b06e3-ecbe-639b-4800-000000001a00}\",\"Image\":\"C:\\\\Windows\\\\System32\\\\rundll32.exe\",\"User\":\"NT AUTHORITY\\\\SYSTEM\",\"Protocol\":\"tcp\",\"Initiated\":\"true\",\"SourceIsIpv6\":\"false\",\"SourceIp\":\"10.19.122.14\",\"SourceHostname\":\"serhatg.local\",\"SourcePort\":\"53969\",\"SourcePortName\":\"-\",\"DestinationIsIpv6\":\"false\",\"DestinationIp\":\"10.164.15.198\",\"DestinationHostname\":\"domain.internal\",\"DestinationPort\":\"445\",\"DestinationPortName\":\"-\",\"EventReceivedTime\":1725510981,\"SourceModuleName\":\"in_sysmon\",\"SourceModuleType\":\"im_msvistalog\"}\r\nudm.principal.process.file.full_path: C:\\Windows\\System32\\rundll32.exe"
        ]
    },
    "319": {
        "alert_brief": "This rule identifies Rundll32.exe interacting with SMB, which could be a sign of potential lateral movement.SYSTEM to domain.internal",
        "ini_data": [
            "<14>Sep 17 04:35:18 serhatg.local Microsoft-Windows-Sysmon[3332]: {\"EventTime\":1726461318,\"Hostname\":\"serhatg.local\",\"Keywords\":-9223372036854775808,\"EventType\":\"INFO\",\"SeverityValue\":2,\"Severity\":\"INFO\",\"EventID\":3,\"SourceName\":\"Microsoft-Windows-Sysmon\",\"ProviderGuid\":\"{5770385F-C22A-43E0-BF4C-06F5698FFBD9}\",\"Version\":5,\"Task\":3,\"OpcodeValue\":0,\"RecordNumber\":924213,\"ProcessID\":3332,\"ThreadID\":4200,\"Channel\":\"Microsoft-Windows-Sysmon/Operational\",\"Domain\":\"NT AUTHORITY\",\"AccountName\":\"SYSTEM\",\"UserID\":\"S-1-5-18\",\"AccountType\":\"User\",\"Message\":\"Network connection detected:\\r\\nRuleName: Proxy\\r\\nUtcTime: 2024-09-16 04:35:18.000000\\r\\nProcessGuid: {036b06e3-ecbe-639b-4800-000000001a00}\\r\\nProcessId: 2780\\r\\nImage: C:\\\\Windows\\\\System32\\\\rundll32.exe\\r\\nUser: NT AUTHORITY\\\\SYSTEM\\r\\nProtocol: tcp\\r\\nInitiated: true\\r\\nSourceIsIpv6: false\\r\\nSourceIp: 10.19.122.14\\r\\nSourceHostname: serhatg.local\\r\\nSourcePort: 53969\\r\\nSourcePortName: -\\r\\nDestinationIsIpv6: false\\r\\nDestinationIp: 10.164.15.198\\r\\nDestinationHostname: domain.internal\\r\\nDestinationPort: 445\\r\\nDestinationPortName: -\",\"Category\":\"Network connection detected (rule: NetworkConnect)\",\"Opcode\":\"Info\",\"RuleName\":\"Proxy\",\"UtcTime\":\"2024-09-16 04:35:18.000000\",\"ProcessGuid\":\"{036b06e3-ecbe-639b-4800-000000001a00}\",\"Image\":\"C:\\\\Windows\\\\System32\\\\rundll32.exe\",\"User\":\"NT AUTHORITY\\\\SYSTEM\",\"Protocol\":\"tcp\",\"Initiated\":\"true\",\"SourceIsIpv6\":\"false\",\"SourceIp\":\"10.19.122.14\",\"SourceHostname\":\"serhatg.local\",\"SourcePort\":\"53969\",\"SourcePortName\":\"-\",\"DestinationIsIpv6\":\"false\",\"DestinationIp\":\"10.164.15.198\",\"DestinationHostname\":\"domain.internal\",\"DestinationPort\":\"445\",\"DestinationPortName\":\"-\",\"EventReceivedTime\":1726461318,\"SourceModuleName\":\"in_sysmon\",\"SourceModuleType\":\"im_msvistalog\"}\r\nudm.principal.process.file.full_path: C:\\Windows\\System32\\rundll32.exe"
        ]
    },
    "320": {
        "alert_brief": "This rule identifies Rundll32.exe interacting with SMB, which could be a sign of potential lateral movement.SYSTEM to domain.internal",
        "ini_data": [
            "<14>Jul 09 05:04:39 serhatg.local Microsoft-Windows-Sysmon[3332]: {\"EventTime\":1688879079,\"Hostname\":\"serhatg.local\",\"Keywords\":-9223372036854775808,\"EventType\":\"INFO\",\"SeverityValue\":2,\"Severity\":\"INFO\",\"EventID\":3,\"SourceName\":\"Microsoft-Windows-Sysmon\",\"ProviderGuid\":\"{5770385F-C22A-43E0-BF4C-06F5698FFBD9}\",\"Version\":5,\"Task\":3,\"OpcodeValue\":0,\"RecordNumber\":924213,\"ProcessID\":3332,\"ThreadID\":4200,\"Channel\":\"Microsoft-Windows-Sysmon/Operational\",\"Domain\":\"NT AUTHORITY\",\"AccountName\":\"SYSTEM\",\"UserID\":\"S-1-5-18\",\"AccountType\":\"User\",\"Message\":\"Network connection detected:\\r\\nRuleName: Proxy\\r\\nUtcTime: 2023-07-09 05:04:39.450282\\r\\nProcessGuid: {036b06e3-ecbe-639b-4800-000000001a00}\\r\\nProcessId: 2780\\r\\nImage: C:\\\\Windows\\\\System32\\\\rundll32.exe\\r\\nUser: NT AUTHORITY\\\\SYSTEM\\r\\nProtocol: tcp\\r\\nInitiated: true\\r\\nSourceIsIpv6: false\\r\\nSourceIp: 10.19.122.14\\r\\nSourceHostname: serhatg.local\\r\\nSourcePort: 53969\\r\\nSourcePortName: -\\r\\nDestinationIsIpv6: false\\r\\nDestinationIp: 10.164.15.198\\r\\nDestinationHostname: domain.internal\\r\\nDestinationPort: 445\\r\\nDestinationPortName: -\",\"Category\":\"Network connection detected (rule: NetworkConnect)\",\"Opcode\":\"Info\",\"RuleName\":\"Proxy\",\"UtcTime\":\"2023-07-09 05:04:39.450282\",\"ProcessGuid\":\"{036b06e3-ecbe-639b-4800-000000001a00}\",\"Image\":\"C:\\\\Windows\\\\System32\\\\rundll32.exe\",\"User\":\"NT AUTHORITY\\\\SYSTEM\",\"Protocol\":\"tcp\",\"Initiated\":\"true\",\"SourceIsIpv6\":\"false\",\"SourceIp\":\"10.19.122.14\",\"SourceHostname\":\"serhatg.local\",\"SourcePort\":\"53969\",\"SourcePortName\":\"-\",\"DestinationIsIpv6\":\"false\",\"DestinationIp\":\"10.164.15.198\",\"DestinationHostname\":\"domain.internal\",\"DestinationPort\":\"445\",\"DestinationPortName\":\"-\",\"EventReceivedTime\":1688879079,\"SourceModuleName\":\"in_sysmon\",\"SourceModuleType\":\"im_msvistalog\"}\r\nudm.principal.process.file.full_path: C:\\Windows\\System32\\rundll32.exe"
        ]
    },
    "321": {
        "alert_brief": "This rule identifies Rundll32.exe interacting with SMB, which could be a sign of potential lateral movement.SYSTEM to domain.internal",
        "ini_data": [
            "<14>Jun 18 05:04:16 serhatg.local Microsoft-Windows-Sysmon[3332]: {\"EventTime\":1687064656,\"Hostname\":\"serhatg.local\",\"Keywords\":-9223372036854775808,\"EventType\":\"INFO\",\"SeverityValue\":2,\"Severity\":\"INFO\",\"EventID\":3,\"SourceName\":\"Microsoft-Windows-Sysmon\",\"ProviderGuid\":\"{5770385F-C22A-43E0-BF4C-06F5698FFBD9}\",\"Version\":5,\"Task\":3,\"OpcodeValue\":0,\"RecordNumber\":924213,\"ProcessID\":3332,\"ThreadID\":4200,\"Channel\":\"Microsoft-Windows-Sysmon/Operational\",\"Domain\":\"NT AUTHORITY\",\"AccountName\":\"SYSTEM\",\"UserID\":\"S-1-5-18\",\"AccountType\":\"User\",\"Message\":\"Network connection detected:\\r\\nRuleName: Proxy\\r\\nUtcTime: 2023-06-18 05:04:16.638889\\r\\nProcessGuid: {036b06e3-ecbe-639b-4800-000000001a00}\\r\\nProcessId: 2780\\r\\nImage: C:\\\\Windows\\\\System32\\\\rundll32.exe\\r\\nUser: NT AUTHORITY\\\\SYSTEM\\r\\nProtocol: tcp\\r\\nInitiated: true\\r\\nSourceIsIpv6: false\\r\\nSourceIp: 10.19.122.14\\r\\nSourceHostname: serhatg.local\\r\\nSourcePort: 53969\\r\\nSourcePortName: -\\r\\nDestinationIsIpv6: false\\r\\nDestinationIp: 10.164.15.198\\r\\nDestinationHostname: domain.internal\\r\\nDestinationPort: 445\\r\\nDestinationPortName: -\",\"Category\":\"Network connection detected (rule: NetworkConnect)\",\"Opcode\":\"Info\",\"RuleName\":\"Proxy\",\"UtcTime\":\"2023-06-18 05:04:16.638889\",\"ProcessGuid\":\"{036b06e3-ecbe-639b-4800-000000001a00}\",\"Image\":\"C:\\\\Windows\\\\System32\\\\rundll32.exe\",\"User\":\"NT AUTHORITY\\\\SYSTEM\",\"Protocol\":\"tcp\",\"Initiated\":\"true\",\"SourceIsIpv6\":\"false\",\"SourceIp\":\"10.19.122.14\",\"SourceHostname\":\"serhatg.local\",\"SourcePort\":\"53969\",\"SourcePortName\":\"-\",\"DestinationIsIpv6\":\"false\",\"DestinationIp\":\"10.164.15.198\",\"DestinationHostname\":\"domain.internal\",\"DestinationPort\":\"445\",\"DestinationPortName\":\"-\",\"EventReceivedTime\":1687064656,\"SourceModuleName\":\"in_sysmon\",\"SourceModuleType\":\"im_msvistalog\"}\r\nudm.principal.process.file.full_path: C:\\Windows\\System32\\rundll32.exe"
        ]
    },
    "322": {
        "alert_brief": "This rule identifies Rundll32.exe interacting with SMB, which could be a sign of potential lateral movement.SYSTEM to domain.internal",
        "ini_data": [
            "<14>Aug 02 16:13:13 serhatg.local Microsoft-Windows-Sysmon[3332]: {\"EventTime\":1690992793,\"Hostname\":\"serhatg.local\",\"Keywords\":-9223372036854775808,\"EventType\":\"INFO\",\"SeverityValue\":2,\"Severity\":\"INFO\",\"EventID\":3,\"SourceName\":\"Microsoft-Windows-Sysmon\",\"ProviderGuid\":\"{5770385F-C22A-43E0-BF4C-06F5698FFBD9}\",\"Version\":5,\"Task\":3,\"OpcodeValue\":0,\"RecordNumber\":924213,\"ProcessID\":3332,\"ThreadID\":4200,\"Channel\":\"Microsoft-Windows-Sysmon/Operational\",\"Domain\":\"NT AUTHORITY\",\"AccountName\":\"SYSTEM\",\"UserID\":\"S-1-5-18\",\"AccountType\":\"User\",\"Message\":\"Network connection detected:\\r\\nRuleName: Proxy\\r\\nUtcTime: 2023-08-02 16:13:13.671435\\r\\nProcessGuid: {036b06e3-ecbe-639b-4800-000000001a00}\\r\\nProcessId: 2780\\r\\nImage: C:\\\\Windows\\\\System32\\\\rundll32.exe\\r\\nUser: NT AUTHORITY\\\\SYSTEM\\r\\nProtocol: tcp\\r\\nInitiated: true\\r\\nSourceIsIpv6: false\\r\\nSourceIp: 10.19.122.14\\r\\nSourceHostname: serhatg.local\\r\\nSourcePort: 53969\\r\\nSourcePortName: -\\r\\nDestinationIsIpv6: false\\r\\nDestinationIp: 10.164.15.198\\r\\nDestinationHostname: domain.internal\\r\\nDestinationPort: 445\\r\\nDestinationPortName: -\",\"Category\":\"Network connection detected (rule: NetworkConnect)\",\"Opcode\":\"Info\",\"RuleName\":\"Proxy\",\"UtcTime\":\"2023-08-02 16:13:13.671435\",\"ProcessGuid\":\"{036b06e3-ecbe-639b-4800-000000001a00}\",\"Image\":\"C:\\\\Windows\\\\System32\\\\rundll32.exe\",\"User\":\"NT AUTHORITY\\\\SYSTEM\",\"Protocol\":\"tcp\",\"Initiated\":\"true\",\"SourceIsIpv6\":\"false\",\"SourceIp\":\"10.19.122.14\",\"SourceHostname\":\"serhatg.local\",\"SourcePort\":\"53969\",\"SourcePortName\":\"-\",\"DestinationIsIpv6\":\"false\",\"DestinationIp\":\"10.164.15.198\",\"DestinationHostname\":\"domain.internal\",\"DestinationPort\":\"445\",\"DestinationPortName\":\"-\",\"EventReceivedTime\":1690992793,\"SourceModuleName\":\"in_sysmon\",\"SourceModuleType\":\"im_msvistalog\"}\r\nudm.principal.process.file.full_path: C:\\Windows\\System32\\rundll32.exe"
        ]
    },
    "323": {
        "alert_brief": "This rule identifies Rundll32.exe interacting with SMB, which could be a sign of potential lateral movement.SYSTEM to domain.internal",
        "ini_data": [
            "<14>Mar 14 04:02:24 serhatg.local Microsoft-Windows-Sysmon[3332]: {\"EventTime\":1678766544,\"Hostname\":\"serhatg.local\",\"Keywords\":-9223372036854775808,\"EventType\":\"INFO\",\"SeverityValue\":2,\"Severity\":\"INFO\",\"EventID\":3,\"SourceName\":\"Microsoft-Windows-Sysmon\",\"ProviderGuid\":\"{5770385F-C22A-43E0-BF4C-06F5698FFBD9}\",\"Version\":5,\"Task\":3,\"OpcodeValue\":0,\"RecordNumber\":924213,\"ProcessID\":3332,\"ThreadID\":4200,\"Channel\":\"Microsoft-Windows-Sysmon/Operational\",\"Domain\":\"NT AUTHORITY\",\"AccountName\":\"SYSTEM\",\"UserID\":\"S-1-5-18\",\"AccountType\":\"User\",\"Message\":\"Network connection detected:\\r\\nRuleName: Proxy\\r\\nUtcTime: 2023-03-14 04:02:24.990541\\r\\nProcessGuid: {036b06e3-ecbe-639b-4800-000000001a00}\\r\\nProcessId: 2780\\r\\nImage: C:\\\\Windows\\\\System32\\\\rundll32.exe\\r\\nUser: NT AUTHORITY\\\\SYSTEM\\r\\nProtocol: tcp\\r\\nInitiated: true\\r\\nSourceIsIpv6: false\\r\\nSourceIp: 10.19.122.14\\r\\nSourceHostname: serhatg.local\\r\\nSourcePort: 53969\\r\\nSourcePortName: -\\r\\nDestinationIsIpv6: false\\r\\nDestinationIp: 10.164.15.198\\r\\nDestinationHostname: domain.internal\\r\\nDestinationPort: 445\\r\\nDestinationPortName: -\",\"Category\":\"Network connection detected (rule: NetworkConnect)\",\"Opcode\":\"Info\",\"RuleName\":\"Proxy\",\"UtcTime\":\"2023-03-14 04:02:24.990541\",\"ProcessGuid\":\"{036b06e3-ecbe-639b-4800-000000001a00}\",\"Image\":\"C:\\\\Windows\\\\System32\\\\rundll32.exe\",\"User\":\"NT AUTHORITY\\\\SYSTEM\",\"Protocol\":\"tcp\",\"Initiated\":\"true\",\"SourceIsIpv6\":\"false\",\"SourceIp\":\"10.19.122.14\",\"SourceHostname\":\"serhatg.local\",\"SourcePort\":\"53969\",\"SourcePortName\":\"-\",\"DestinationIsIpv6\":\"false\",\"DestinationIp\":\"10.164.15.198\",\"DestinationHostname\":\"domain.internal\",\"DestinationPort\":\"445\",\"DestinationPortName\":\"-\",\"EventReceivedTime\":1678766544,\"SourceModuleName\":\"in_sysmon\",\"SourceModuleType\":\"im_msvistalog\"}\r\nudm.principal.process.file.full_path: C:\\Windows\\System32\\rundll32.exe"
        ]
    },
    "324": {
        "alert_brief": "This rule identifies Rundll32.exe interacting with SMB, which could be a sign of potential lateral movement.SYSTEM to domain.internal",
        "ini_data": [
            "<14>Mar 14 22:17:25 serhatg.local Microsoft-Windows-Sysmon[3332]: {\"EventTime\":1678832245,\"Hostname\":\"serhatg.local\",\"Keywords\":-9223372036854775808,\"EventType\":\"INFO\",\"SeverityValue\":2,\"Severity\":\"INFO\",\"EventID\":3,\"SourceName\":\"Microsoft-Windows-Sysmon\",\"ProviderGuid\":\"{5770385F-C22A-43E0-BF4C-06F5698FFBD9}\",\"Version\":5,\"Task\":3,\"OpcodeValue\":0,\"RecordNumber\":924213,\"ProcessID\":3332,\"ThreadID\":4200,\"Channel\":\"Microsoft-Windows-Sysmon/Operational\",\"Domain\":\"NT AUTHORITY\",\"AccountName\":\"SYSTEM\",\"UserID\":\"S-1-5-18\",\"AccountType\":\"User\",\"Message\":\"Network connection detected:\\r\\nRuleName: Proxy\\r\\nUtcTime: 2023-03-14 22:17:25.930595\\r\\nProcessGuid: {036b06e3-ecbe-639b-4800-000000001a00}\\r\\nProcessId: 2780\\r\\nImage: C:\\\\Windows\\\\System32\\\\rundll32.exe\\r\\nUser: NT AUTHORITY\\\\SYSTEM\\r\\nProtocol: tcp\\r\\nInitiated: true\\r\\nSourceIsIpv6: false\\r\\nSourceIp: 10.19.122.14\\r\\nSourceHostname: serhatg.local\\r\\nSourcePort: 53969\\r\\nSourcePortName: -\\r\\nDestinationIsIpv6: false\\r\\nDestinationIp: 10.164.15.198\\r\\nDestinationHostname: domain.internal\\r\\nDestinationPort: 445\\r\\nDestinationPortName: -\",\"Category\":\"Network connection detected (rule: NetworkConnect)\",\"Opcode\":\"Info\",\"RuleName\":\"Proxy\",\"UtcTime\":\"2023-03-14 22:17:25.930595\",\"ProcessGuid\":\"{036b06e3-ecbe-639b-4800-000000001a00}\",\"Image\":\"C:\\\\Windows\\\\System32\\\\rundll32.exe\",\"User\":\"NT AUTHORITY\\\\SYSTEM\",\"Protocol\":\"tcp\",\"Initiated\":\"true\",\"SourceIsIpv6\":\"false\",\"SourceIp\":\"10.19.122.14\",\"SourceHostname\":\"serhatg.local\",\"SourcePort\":\"53969\",\"SourcePortName\":\"-\",\"DestinationIsIpv6\":\"false\",\"DestinationIp\":\"10.164.15.198\",\"DestinationHostname\":\"domain.internal\",\"DestinationPort\":\"445\",\"DestinationPortName\":\"-\",\"EventReceivedTime\":1678832245,\"SourceModuleName\":\"in_sysmon\",\"SourceModuleType\":\"im_msvistalog\"}\r\nudm.principal.process.file.full_path: C:\\Windows\\System32\\rundll32.exe"
        ]
    },
    "325": {
        "alert_brief": "This rule identifies Rundll32.exe interacting with SMB, which could be a sign of potential lateral movement.SYSTEM to domain.internal",
        "ini_data": [
            "<14>Dec 29  2:48:30 serhatg.local Microsoft-Windows-Sysmon[3332]: {\"EventTime\":1672282110,\"Hostname\":\"serhatg.local\",\"Keywords\":-9223372036854775808,\"EventType\":\"INFO\",\"SeverityValue\":2,\"Severity\":\"INFO\",\"EventID\":3,\"SourceName\":\"Microsoft-Windows-Sysmon\",\"ProviderGuid\":\"{5770385F-C22A-43E0-BF4C-06F5698FFBD9}\",\"Version\":5,\"Task\":3,\"OpcodeValue\":0,\"RecordNumber\":924213,\"ProcessID\":3332,\"ThreadID\":4200,\"Channel\":\"Microsoft-Windows-Sysmon/Operational\",\"Domain\":\"NT AUTHORITY\",\"AccountName\":\"SYSTEM\",\"UserID\":\"S-1-5-18\",\"AccountType\":\"User\",\"Message\":\"Network connection detected:\\r\\nRuleName: Proxy\\r\\nUtcTime: 2022-12-29 02:48:30.000000\\r\\nProcessGuid: {036b06e3-ecbe-639b-4800-000000001a00}\\r\\nProcessId: 2780\\r\\nImage: C:\\\\Windows\\\\System32\\\\rundll32.exe\\r\\nUser: NT AUTHORITY\\\\SYSTEM\\r\\nProtocol: tcp\\r\\nInitiated: true\\r\\nSourceIsIpv6: false\\r\\nSourceIp: 10.19.122.14\\r\\nSourceHostname: serhatg.local\\r\\nSourcePort: 53969\\r\\nSourcePortName: -\\r\\nDestinationIsIpv6: false\\r\\nDestinationIp: 10.164.15.198\\r\\nDestinationHostname: domain.internal\\r\\nDestinationPort: 445\\r\\nDestinationPortName: -\",\"Category\":\"Network connection detected (rule: NetworkConnect)\",\"Opcode\":\"Info\",\"RuleName\":\"Proxy\",\"UtcTime\":\"2022-12-29 02:48:30.000000\",\"ProcessGuid\":\"{036b06e3-ecbe-639b-4800-000000001a00}\",\"Image\":\"C:\\\\Windows\\\\System32\\\\rundll32.exe\",\"User\":\"NT AUTHORITY\\\\SYSTEM\",\"Protocol\":\"tcp\",\"Initiated\":\"true\",\"SourceIsIpv6\":\"false\",\"SourceIp\":\"10.19.122.14\",\"SourceHostname\":\"serhatg.local\",\"SourcePort\":\"53969\",\"SourcePortName\":\"-\",\"DestinationIsIpv6\":\"false\",\"DestinationIp\":\"10.164.15.198\",\"DestinationHostname\":\"domain.internal\",\"DestinationPort\":\"445\",\"DestinationPortName\":\"-\",\"EventReceivedTime\":1672282110,\"SourceModuleName\":\"in_sysmon\",\"SourceModuleType\":\"im_msvistalog\"}\r\nudm.principal.process.file.full_path: C:\\Windows\\System32\\rundll32.exe"
        ]
    },
    "326": {
        "alert_brief": "This rule identifies Rundll32.exe interacting with SMB, which could be a sign of potential lateral movement.SYSTEM to domain.internal",
        "ini_data": [
            "<14>Jul 20 05:03:26 serhatg.local Microsoft-Windows-Sysmon[3332]: {\"EventTime\":1689829406,\"Hostname\":\"serhatg.local\",\"Keywords\":-9223372036854775808,\"EventType\":\"INFO\",\"SeverityValue\":2,\"Severity\":\"INFO\",\"EventID\":3,\"SourceName\":\"Microsoft-Windows-Sysmon\",\"ProviderGuid\":\"{5770385F-C22A-43E0-BF4C-06F5698FFBD9}\",\"Version\":5,\"Task\":3,\"OpcodeValue\":0,\"RecordNumber\":924213,\"ProcessID\":3332,\"ThreadID\":4200,\"Channel\":\"Microsoft-Windows-Sysmon/Operational\",\"Domain\":\"NT AUTHORITY\",\"AccountName\":\"SYSTEM\",\"UserID\":\"S-1-5-18\",\"AccountType\":\"User\",\"Message\":\"Network connection detected:\\r\\nRuleName: Proxy\\r\\nUtcTime: 2023-07-20 05:03:26.883431\\r\\nProcessGuid: {036b06e3-ecbe-639b-4800-000000001a00}\\r\\nProcessId: 2780\\r\\nImage: C:\\\\Windows\\\\System32\\\\rundll32.exe\\r\\nUser: NT AUTHORITY\\\\SYSTEM\\r\\nProtocol: tcp\\r\\nInitiated: true\\r\\nSourceIsIpv6: false\\r\\nSourceIp: 10.19.122.14\\r\\nSourceHostname: serhatg.local\\r\\nSourcePort: 53969\\r\\nSourcePortName: -\\r\\nDestinationIsIpv6: false\\r\\nDestinationIp: 10.164.15.198\\r\\nDestinationHostname: domain.internal\\r\\nDestinationPort: 445\\r\\nDestinationPortName: -\",\"Category\":\"Network connection detected (rule: NetworkConnect)\",\"Opcode\":\"Info\",\"RuleName\":\"Proxy\",\"UtcTime\":\"2023-07-20 05:03:26.883431\",\"ProcessGuid\":\"{036b06e3-ecbe-639b-4800-000000001a00}\",\"Image\":\"C:\\\\Windows\\\\System32\\\\rundll32.exe\",\"User\":\"NT AUTHORITY\\\\SYSTEM\",\"Protocol\":\"tcp\",\"Initiated\":\"true\",\"SourceIsIpv6\":\"false\",\"SourceIp\":\"10.19.122.14\",\"SourceHostname\":\"serhatg.local\",\"SourcePort\":\"53969\",\"SourcePortName\":\"-\",\"DestinationIsIpv6\":\"false\",\"DestinationIp\":\"10.164.15.198\",\"DestinationHostname\":\"domain.internal\",\"DestinationPort\":\"445\",\"DestinationPortName\":\"-\",\"EventReceivedTime\":1689829406,\"SourceModuleName\":\"in_sysmon\",\"SourceModuleType\":\"im_msvistalog\"}\r\nudm.principal.process.file.full_path: C:\\Windows\\System32\\rundll32.exe"
        ]
    },
    "327": {
        "alert_brief": "Detects the execution of whoami, which is often used by attackers after exploitation to establish what credentials they are logged in underwhoami.exe launched by cmd.exe",
        "ini_data": [
            "<14>Jun 26 04:54:49 wrk-shasek.stackedpads.local Microsoft-Windows-Security-Auditing[4]: {\"EventTime\":1719291287,\"Hostname\":\"wrk-shasek.stackedpads.local\",\"Keywords\":-9214364837600034816,\"EventType\":\"AUDIT_SUCCESS\",\"SeverityValue\":2,\"Severity\":\"INFO\",\"EventID\":4688,\"SourceName\":\"Microsoft-Windows-Security-Auditing\",\"ProviderGuid\":\"{54849625-5478-4994-A5BA-3E3B0328C30D}\",\"Version\":2,\"Task\":13312,\"OpcodeValue\":0,\"RecordNumber\":2716571,\"ProcessID\":4,\"ThreadID\":5804,\"Channel\":\"Security\",\"Message\":\"A new process has been created.\\r\\n\\r\\nCreator Subject:\\r\\n\\tSecurity ID:\\t\\tS-1-5-21-2264196694-1469429678-912427992-1106\\r\\n\\tAccount Name:\\t\\tsteve.hasek\\r\\n\\tAccount Domain:\\t\\tSTACKEDPADS\\r\\n\\tLogon ID:\\t\\t0x686995\\r\\n\\r\\nTarget Subject:\\r\\n\\tSecurity ID:\\t\\tS-1-0-0\\r\\n\\tAccount Name:\\t\\t-\\r\\n\\tAccount Domain:\\t\\t-\\r\\n\\tLogon ID:\\t\\t0x0\\r\\n\\r\\nProcess Information:\\r\\n\\tNew Process ID:\\t\\t0x8b0\\r\\n\\tNew Process Name:\\tC:\\\\Windows\\\\System32\\\\whoami.exe\\r\\n\\tToken Elevation Type:\\t%%1937\\r\\n\\tMandatory Label:\\t\\tS-1-16-12288\\r\\n\\tCreator Process ID:\\t0x8f4\\r\\n\\tCreator Process Name:\\tC:\\\\Windows\\\\System32\\\\cmd.exe\\r\\n\\tProcess Command Line:\\twhoami\\r\\n\\r\\nToken Elevation Type indicates the type of token that was assigned to the new process in accordance with User Account Control policy.\\r\\n\\r\\nType 1 is a full token with no privileges removed or groups disabled.  A full token is only used if User Account Control is disabled or if the user is the built-in Administrator account or a service account.\\r\\n\\r\\nType 2 is an elevated token with no privileges removed or groups disabled.  An elevated token is used when User Account Control is enabled and the user chooses to start the program using Run as administrator.  An elevated token is also used when an application is configured to always require administrative privilege or to always require maximum privilege, and the user is a member of the Administrators group.\\r\\n\\r\\nType 3 is a limited token with administrative privileges removed and administrative groups disabled.  The limited token is used when User Account Control is enabled, the application does not require administrative privilege, and the user does not choose to start the program using Run as administrator.\",\"Category\":\"Process Creation\",\"Opcode\":\"Info\",\"SubjectUserSid\":\"S-1-5-21-2264196694-1469429678-912427992-1106\",\"SubjectUserName\":\"steve.hasek\",\"SubjectDomainName\":\"STACKEDPADS\",\"SubjectLogonId\":\"0x686995\",\"NewProcessId\":\"0x8b0\",\"NewProcessName\":\"C:\\\\Windows\\\\System32\\\\whoami.exe\",\"TokenElevationType\":\"%%1937\",\"CommandLine\":\"whoami\",\"TargetUserSid\":\"S-1-0-0\",\"TargetUserName\":\"-\",\"TargetDomainName\":\"-\",\"TargetLogonId\":\"0x0\",\"ParentProcessName\":\"C:\\\\Windows\\\\System32\\\\cmd.exe\",\"MandatoryLabel\":\"S-1-16-12288\",\"EventReceivedTime\":1719291289,\"SourceModuleName\":\"in_default_channels\",\"SourceModuleType\":\"im_msvistalog\"}\r\nudm.principal.process.file.full_path: C:\\Windows\\System32\\cmd.exe"
        ]
    },
    "328": {
        "alert_brief": "This rule identifies Rundll32.exe interacting with SMB, which could be a sign of potential lateral movement.SYSTEM to domain.internal",
        "ini_data": [
            "<14>Jan 11 18:03:35 serhatg.local Microsoft-Windows-Sysmon[3332]: {\"EventTime\":1673460215,\"Hostname\":\"serhatg.local\",\"Keywords\":-9223372036854775808,\"EventType\":\"INFO\",\"SeverityValue\":2,\"Severity\":\"INFO\",\"EventID\":3,\"SourceName\":\"Microsoft-Windows-Sysmon\",\"ProviderGuid\":\"{5770385F-C22A-43E0-BF4C-06F5698FFBD9}\",\"Version\":5,\"Task\":3,\"OpcodeValue\":0,\"RecordNumber\":924213,\"ProcessID\":3332,\"ThreadID\":4200,\"Channel\":\"Microsoft-Windows-Sysmon/Operational\",\"Domain\":\"NT AUTHORITY\",\"AccountName\":\"SYSTEM\",\"UserID\":\"S-1-5-18\",\"AccountType\":\"User\",\"Message\":\"Network connection detected:\\r\\nRuleName: Proxy\\r\\nUtcTime: 2023-01-11 18:03:35.349364\\r\\nProcessGuid: {036b06e3-ecbe-639b-4800-000000001a00}\\r\\nProcessId: 2780\\r\\nImage: C:\\\\Windows\\\\System32\\\\rundll32.exe\\r\\nUser: NT AUTHORITY\\\\SYSTEM\\r\\nProtocol: tcp\\r\\nInitiated: true\\r\\nSourceIsIpv6: false\\r\\nSourceIp: 10.19.122.14\\r\\nSourceHostname: serhatg.local\\r\\nSourcePort: 53969\\r\\nSourcePortName: -\\r\\nDestinationIsIpv6: false\\r\\nDestinationIp: 10.164.15.198\\r\\nDestinationHostname: domain.internal\\r\\nDestinationPort: 445\\r\\nDestinationPortName: -\",\"Category\":\"Network connection detected (rule: NetworkConnect)\",\"Opcode\":\"Info\",\"RuleName\":\"Proxy\",\"UtcTime\":\"2023-01-11 18:03:35.349364\",\"ProcessGuid\":\"{036b06e3-ecbe-639b-4800-000000001a00}\",\"Image\":\"C:\\\\Windows\\\\System32\\\\rundll32.exe\",\"User\":\"NT AUTHORITY\\\\SYSTEM\",\"Protocol\":\"tcp\",\"Initiated\":\"true\",\"SourceIsIpv6\":\"false\",\"SourceIp\":\"10.19.122.14\",\"SourceHostname\":\"serhatg.local\",\"SourcePort\":\"53969\",\"SourcePortName\":\"-\",\"DestinationIsIpv6\":\"false\",\"DestinationIp\":\"10.164.15.198\",\"DestinationHostname\":\"domain.internal\",\"DestinationPort\":\"445\",\"DestinationPortName\":\"-\",\"EventReceivedTime\":1673460215,\"SourceModuleName\":\"in_sysmon\",\"SourceModuleType\":\"im_msvistalog\"}\r\nudm.principal.process.file.full_path: C:\\Windows\\System32\\rundll32.exe"
        ]
    },
    "329": {
        "alert_brief": "This rule identifies Rundll32.exe interacting with SMB, which could be a sign of potential lateral movement.SYSTEM to domain.internal",
        "ini_data": [
            "<14>Jan  2 10:48:10 serhatg.local Microsoft-Windows-Sysmon[3332]: {\"EventTime\":1672656490,\"Hostname\":\"serhatg.local\",\"Keywords\":-9223372036854775808,\"EventType\":\"INFO\",\"SeverityValue\":2,\"Severity\":\"INFO\",\"EventID\":3,\"SourceName\":\"Microsoft-Windows-Sysmon\",\"ProviderGuid\":\"{5770385F-C22A-43E0-BF4C-06F5698FFBD9}\",\"Version\":5,\"Task\":3,\"OpcodeValue\":0,\"RecordNumber\":924213,\"ProcessID\":3332,\"ThreadID\":4200,\"Channel\":\"Microsoft-Windows-Sysmon/Operational\",\"Domain\":\"NT AUTHORITY\",\"AccountName\":\"SYSTEM\",\"UserID\":\"S-1-5-18\",\"AccountType\":\"User\",\"Message\":\"Network connection detected:\\r\\nRuleName: Proxy\\r\\nUtcTime: 2023-01-02 10:48:10.000000\\r\\nProcessGuid: {036b06e3-ecbe-639b-4800-000000001a00}\\r\\nProcessId: 2780\\r\\nImage: C:\\\\Windows\\\\System32\\\\rundll32.exe\\r\\nUser: NT AUTHORITY\\\\SYSTEM\\r\\nProtocol: tcp\\r\\nInitiated: true\\r\\nSourceIsIpv6: false\\r\\nSourceIp: 10.19.122.14\\r\\nSourceHostname: serhatg.local\\r\\nSourcePort: 53969\\r\\nSourcePortName: -\\r\\nDestinationIsIpv6: false\\r\\nDestinationIp: 10.164.15.198\\r\\nDestinationHostname: domain.internal\\r\\nDestinationPort: 445\\r\\nDestinationPortName: -\",\"Category\":\"Network connection detected (rule: NetworkConnect)\",\"Opcode\":\"Info\",\"RuleName\":\"Proxy\",\"UtcTime\":\"2023-01-02 10:48:10.000000\",\"ProcessGuid\":\"{036b06e3-ecbe-639b-4800-000000001a00}\",\"Image\":\"C:\\\\Windows\\\\System32\\\\rundll32.exe\",\"User\":\"NT AUTHORITY\\\\SYSTEM\",\"Protocol\":\"tcp\",\"Initiated\":\"true\",\"SourceIsIpv6\":\"false\",\"SourceIp\":\"10.19.122.14\",\"SourceHostname\":\"serhatg.local\",\"SourcePort\":\"53969\",\"SourcePortName\":\"-\",\"DestinationIsIpv6\":\"false\",\"DestinationIp\":\"10.164.15.198\",\"DestinationHostname\":\"domain.internal\",\"DestinationPort\":\"445\",\"DestinationPortName\":\"-\",\"EventReceivedTime\":1672656490,\"SourceModuleName\":\"in_sysmon\",\"SourceModuleType\":\"im_msvistalog\"}\r\nudm.principal.process.file.full_path: C:\\Windows\\System32\\rundll32.exe"
        ]
    },
    "330": {
        "alert_brief": "This rule identifies Rundll32.exe interacting with SMB, which could be a sign of potential lateral movement.SYSTEM to domain.internal",
        "ini_data": [
            "<14>Jan 13 12:03:35 serhatg.local Microsoft-Windows-Sysmon[3332]: {\"EventTime\":1673611415,\"Hostname\":\"serhatg.local\",\"Keywords\":-9223372036854775808,\"EventType\":\"INFO\",\"SeverityValue\":2,\"Severity\":\"INFO\",\"EventID\":3,\"SourceName\":\"Microsoft-Windows-Sysmon\",\"ProviderGuid\":\"{5770385F-C22A-43E0-BF4C-06F5698FFBD9}\",\"Version\":5,\"Task\":3,\"OpcodeValue\":0,\"RecordNumber\":924213,\"ProcessID\":3332,\"ThreadID\":4200,\"Channel\":\"Microsoft-Windows-Sysmon/Operational\",\"Domain\":\"NT AUTHORITY\",\"AccountName\":\"SYSTEM\",\"UserID\":\"S-1-5-18\",\"AccountType\":\"User\",\"Message\":\"Network connection detected:\\r\\nRuleName: Proxy\\r\\nUtcTime: 2023-01-13 12:03:35.194974\\r\\nProcessGuid: {036b06e3-ecbe-639b-4800-000000001a00}\\r\\nProcessId: 2780\\r\\nImage: C:\\\\Windows\\\\System32\\\\rundll32.exe\\r\\nUser: NT AUTHORITY\\\\SYSTEM\\r\\nProtocol: tcp\\r\\nInitiated: true\\r\\nSourceIsIpv6: false\\r\\nSourceIp: 10.19.122.14\\r\\nSourceHostname: serhatg.local\\r\\nSourcePort: 53969\\r\\nSourcePortName: -\\r\\nDestinationIsIpv6: false\\r\\nDestinationIp: 10.164.15.198\\r\\nDestinationHostname: domain.internal\\r\\nDestinationPort: 445\\r\\nDestinationPortName: -\",\"Category\":\"Network connection detected (rule: NetworkConnect)\",\"Opcode\":\"Info\",\"RuleName\":\"Proxy\",\"UtcTime\":\"2023-01-13 12:03:35.194974\",\"ProcessGuid\":\"{036b06e3-ecbe-639b-4800-000000001a00}\",\"Image\":\"C:\\\\Windows\\\\System32\\\\rundll32.exe\",\"User\":\"NT AUTHORITY\\\\SYSTEM\",\"Protocol\":\"tcp\",\"Initiated\":\"true\",\"SourceIsIpv6\":\"false\",\"SourceIp\":\"10.19.122.14\",\"SourceHostname\":\"serhatg.local\",\"SourcePort\":\"53969\",\"SourcePortName\":\"-\",\"DestinationIsIpv6\":\"false\",\"DestinationIp\":\"10.164.15.198\",\"DestinationHostname\":\"domain.internal\",\"DestinationPort\":\"445\",\"DestinationPortName\":\"-\",\"EventReceivedTime\":1673611415,\"SourceModuleName\":\"in_sysmon\",\"SourceModuleType\":\"im_msvistalog\"}\r\nudm.principal.process.file.full_path: C:\\Windows\\System32\\rundll32.exe"
        ]
    },
    "331": {
        "alert_brief": "This rule identifies Rundll32.exe interacting with SMB, which could be a sign of potential lateral movement.SYSTEM to domain.internal",
        "ini_data": [
            "<14>May 03 04:34:16 serhatg.local Microsoft-Windows-Sysmon[3332]: {\"EventTime\":1714624456,\"Hostname\":\"serhatg.local\",\"Keywords\":-9223372036854775808,\"EventType\":\"INFO\",\"SeverityValue\":2,\"Severity\":\"INFO\",\"EventID\":3,\"SourceName\":\"Microsoft-Windows-Sysmon\",\"ProviderGuid\":\"{5770385F-C22A-43E0-BF4C-06F5698FFBD9}\",\"Version\":5,\"Task\":3,\"OpcodeValue\":0,\"RecordNumber\":924213,\"ProcessID\":3332,\"ThreadID\":4200,\"Channel\":\"Microsoft-Windows-Sysmon/Operational\",\"Domain\":\"NT AUTHORITY\",\"AccountName\":\"SYSTEM\",\"UserID\":\"S-1-5-18\",\"AccountType\":\"User\",\"Message\":\"Network connection detected:\\r\\nRuleName: Proxy\\r\\nUtcTime: 2024-05-02 04:34:16.000000\\r\\nProcessGuid: {036b06e3-ecbe-639b-4800-000000001a00}\\r\\nProcessId: 2780\\r\\nImage: C:\\\\Windows\\\\System32\\\\rundll32.exe\\r\\nUser: NT AUTHORITY\\\\SYSTEM\\r\\nProtocol: tcp\\r\\nInitiated: true\\r\\nSourceIsIpv6: false\\r\\nSourceIp: 10.19.122.14\\r\\nSourceHostname: serhatg.local\\r\\nSourcePort: 53969\\r\\nSourcePortName: -\\r\\nDestinationIsIpv6: false\\r\\nDestinationIp: 10.164.15.198\\r\\nDestinationHostname: domain.internal\\r\\nDestinationPort: 445\\r\\nDestinationPortName: -\",\"Category\":\"Network connection detected (rule: NetworkConnect)\",\"Opcode\":\"Info\",\"RuleName\":\"Proxy\",\"UtcTime\":\"2024-05-02 04:34:16.000000\",\"ProcessGuid\":\"{036b06e3-ecbe-639b-4800-000000001a00}\",\"Image\":\"C:\\\\Windows\\\\System32\\\\rundll32.exe\",\"User\":\"NT AUTHORITY\\\\SYSTEM\",\"Protocol\":\"tcp\",\"Initiated\":\"true\",\"SourceIsIpv6\":\"false\",\"SourceIp\":\"10.19.122.14\",\"SourceHostname\":\"serhatg.local\",\"SourcePort\":\"53969\",\"SourcePortName\":\"-\",\"DestinationIsIpv6\":\"false\",\"DestinationIp\":\"10.164.15.198\",\"DestinationHostname\":\"domain.internal\",\"DestinationPort\":\"445\",\"DestinationPortName\":\"-\",\"EventReceivedTime\":1714624456,\"SourceModuleName\":\"in_sysmon\",\"SourceModuleType\":\"im_msvistalog\"}\r\nudm.principal.process.file.full_path: C:\\Windows\\System32\\rundll32.exe"
        ]
    },
    "332": {
        "alert_brief": "This rule identifies Rundll32.exe interacting with SMB, which could be a sign of potential lateral movement.SYSTEM to domain.internal",
        "ini_data": [
            "<14>Dec 28 19:49:00 serhatg.local Microsoft-Windows-Sysmon[3332]: {\"EventTime\":1672256940,\"Hostname\":\"serhatg.local\",\"Keywords\":-9223372036854775808,\"EventType\":\"INFO\",\"SeverityValue\":2,\"Severity\":\"INFO\",\"EventID\":3,\"SourceName\":\"Microsoft-Windows-Sysmon\",\"ProviderGuid\":\"{5770385F-C22A-43E0-BF4C-06F5698FFBD9}\",\"Version\":5,\"Task\":3,\"OpcodeValue\":0,\"RecordNumber\":924213,\"ProcessID\":3332,\"ThreadID\":4200,\"Channel\":\"Microsoft-Windows-Sysmon/Operational\",\"Domain\":\"NT AUTHORITY\",\"AccountName\":\"SYSTEM\",\"UserID\":\"S-1-5-18\",\"AccountType\":\"User\",\"Message\":\"Network connection detected:\\r\\nRuleName: Proxy\\r\\nUtcTime: 2022-12-28 19:49:00.000000\\r\\nProcessGuid: {036b06e3-ecbe-639b-4800-000000001a00}\\r\\nProcessId: 2780\\r\\nImage: C:\\\\Windows\\\\System32\\\\rundll32.exe\\r\\nUser: NT AUTHORITY\\\\SYSTEM\\r\\nProtocol: tcp\\r\\nInitiated: true\\r\\nSourceIsIpv6: false\\r\\nSourceIp: 10.19.122.14\\r\\nSourceHostname: serhatg.local\\r\\nSourcePort: 53969\\r\\nSourcePortName: -\\r\\nDestinationIsIpv6: false\\r\\nDestinationIp: 10.164.15.198\\r\\nDestinationHostname: domain.internal\\r\\nDestinationPort: 445\\r\\nDestinationPortName: -\",\"Category\":\"Network connection detected (rule: NetworkConnect)\",\"Opcode\":\"Info\",\"RuleName\":\"Proxy\",\"UtcTime\":\"2022-12-28 19:49:00.000000\",\"ProcessGuid\":\"{036b06e3-ecbe-639b-4800-000000001a00}\",\"Image\":\"C:\\\\Windows\\\\System32\\\\rundll32.exe\",\"User\":\"NT AUTHORITY\\\\SYSTEM\",\"Protocol\":\"tcp\",\"Initiated\":\"true\",\"SourceIsIpv6\":\"false\",\"SourceIp\":\"10.19.122.14\",\"SourceHostname\":\"serhatg.local\",\"SourcePort\":\"53969\",\"SourcePortName\":\"-\",\"DestinationIsIpv6\":\"false\",\"DestinationIp\":\"10.164.15.198\",\"DestinationHostname\":\"domain.internal\",\"DestinationPort\":\"445\",\"DestinationPortName\":\"-\",\"EventReceivedTime\":1672256940,\"SourceModuleName\":\"in_sysmon\",\"SourceModuleType\":\"im_msvistalog\"}\r\nudm.principal.process.file.full_path: C:\\Windows\\System32\\rundll32.exe"
        ]
    },
    "333": {
        "alert_brief": "This rule identifies Rundll32.exe interacting with SMB, which could be a sign of potential lateral movement.SYSTEM to domain.internal",
        "ini_data": [
            "<14>Dec 28 11:49:30 serhatg.local Microsoft-Windows-Sysmon[3332]: {\"EventTime\":1672228170,\"Hostname\":\"serhatg.local\",\"Keywords\":-9223372036854775808,\"EventType\":\"INFO\",\"SeverityValue\":2,\"Severity\":\"INFO\",\"EventID\":3,\"SourceName\":\"Microsoft-Windows-Sysmon\",\"ProviderGuid\":\"{5770385F-C22A-43E0-BF4C-06F5698FFBD9}\",\"Version\":5,\"Task\":3,\"OpcodeValue\":0,\"RecordNumber\":924213,\"ProcessID\":3332,\"ThreadID\":4200,\"Channel\":\"Microsoft-Windows-Sysmon/Operational\",\"Domain\":\"NT AUTHORITY\",\"AccountName\":\"SYSTEM\",\"UserID\":\"S-1-5-18\",\"AccountType\":\"User\",\"Message\":\"Network connection detected:\\r\\nRuleName: Proxy\\r\\nUtcTime: 2022-12-28 11:49:30.000000\\r\\nProcessGuid: {036b06e3-ecbe-639b-4800-000000001a00}\\r\\nProcessId: 2780\\r\\nImage: C:\\\\Windows\\\\System32\\\\rundll32.exe\\r\\nUser: NT AUTHORITY\\\\SYSTEM\\r\\nProtocol: tcp\\r\\nInitiated: true\\r\\nSourceIsIpv6: false\\r\\nSourceIp: 10.19.122.14\\r\\nSourceHostname: serhatg.local\\r\\nSourcePort: 53969\\r\\nSourcePortName: -\\r\\nDestinationIsIpv6: false\\r\\nDestinationIp: 10.164.15.198\\r\\nDestinationHostname: domain.internal\\r\\nDestinationPort: 445\\r\\nDestinationPortName: -\",\"Category\":\"Network connection detected (rule: NetworkConnect)\",\"Opcode\":\"Info\",\"RuleName\":\"Proxy\",\"UtcTime\":\"2022-12-28 11:49:30.000000\",\"ProcessGuid\":\"{036b06e3-ecbe-639b-4800-000000001a00}\",\"Image\":\"C:\\\\Windows\\\\System32\\\\rundll32.exe\",\"User\":\"NT AUTHORITY\\\\SYSTEM\",\"Protocol\":\"tcp\",\"Initiated\":\"true\",\"SourceIsIpv6\":\"false\",\"SourceIp\":\"10.19.122.14\",\"SourceHostname\":\"serhatg.local\",\"SourcePort\":\"53969\",\"SourcePortName\":\"-\",\"DestinationIsIpv6\":\"false\",\"DestinationIp\":\"10.164.15.198\",\"DestinationHostname\":\"domain.internal\",\"DestinationPort\":\"445\",\"DestinationPortName\":\"-\",\"EventReceivedTime\":1672228170,\"SourceModuleName\":\"in_sysmon\",\"SourceModuleType\":\"im_msvistalog\"}\r\nudm.principal.process.file.full_path: C:\\Windows\\System32\\rundll32.exe"
        ]
    },
    "334": {
        "alert_brief": "This rule identifies Rundll32.exe interacting with SMB, which could be a sign of potential lateral movement.SYSTEM to domain.internal",
        "ini_data": [
            "<14>Mar 11 04:03:25 serhatg.local Microsoft-Windows-Sysmon[3332]: {\"EventTime\":1678507405,\"Hostname\":\"serhatg.local\",\"Keywords\":-9223372036854775808,\"EventType\":\"INFO\",\"SeverityValue\":2,\"Severity\":\"INFO\",\"EventID\":3,\"SourceName\":\"Microsoft-Windows-Sysmon\",\"ProviderGuid\":\"{5770385F-C22A-43E0-BF4C-06F5698FFBD9}\",\"Version\":5,\"Task\":3,\"OpcodeValue\":0,\"RecordNumber\":924213,\"ProcessID\":3332,\"ThreadID\":4200,\"Channel\":\"Microsoft-Windows-Sysmon/Operational\",\"Domain\":\"NT AUTHORITY\",\"AccountName\":\"SYSTEM\",\"UserID\":\"S-1-5-18\",\"AccountType\":\"User\",\"Message\":\"Network connection detected:\\r\\nRuleName: Proxy\\r\\nUtcTime: 2023-03-11 04:03:25.347855\\r\\nProcessGuid: {036b06e3-ecbe-639b-4800-000000001a00}\\r\\nProcessId: 2780\\r\\nImage: C:\\\\Windows\\\\System32\\\\rundll32.exe\\r\\nUser: NT AUTHORITY\\\\SYSTEM\\r\\nProtocol: tcp\\r\\nInitiated: true\\r\\nSourceIsIpv6: false\\r\\nSourceIp: 10.19.122.14\\r\\nSourceHostname: serhatg.local\\r\\nSourcePort: 53969\\r\\nSourcePortName: -\\r\\nDestinationIsIpv6: false\\r\\nDestinationIp: 10.164.15.198\\r\\nDestinationHostname: domain.internal\\r\\nDestinationPort: 445\\r\\nDestinationPortName: -\",\"Category\":\"Network connection detected (rule: NetworkConnect)\",\"Opcode\":\"Info\",\"RuleName\":\"Proxy\",\"UtcTime\":\"2023-03-11 04:03:25.347855\",\"ProcessGuid\":\"{036b06e3-ecbe-639b-4800-000000001a00}\",\"Image\":\"C:\\\\Windows\\\\System32\\\\rundll32.exe\",\"User\":\"NT AUTHORITY\\\\SYSTEM\",\"Protocol\":\"tcp\",\"Initiated\":\"true\",\"SourceIsIpv6\":\"false\",\"SourceIp\":\"10.19.122.14\",\"SourceHostname\":\"serhatg.local\",\"SourcePort\":\"53969\",\"SourcePortName\":\"-\",\"DestinationIsIpv6\":\"false\",\"DestinationIp\":\"10.164.15.198\",\"DestinationHostname\":\"domain.internal\",\"DestinationPort\":\"445\",\"DestinationPortName\":\"-\",\"EventReceivedTime\":1678507405,\"SourceModuleName\":\"in_sysmon\",\"SourceModuleType\":\"im_msvistalog\"}\r\nudm.principal.process.file.full_path: C:\\Windows\\System32\\rundll32.exe"
        ]
    },
    "335": {
        "alert_brief": "This rule identifies Rundll32.exe interacting with SMB, which could be a sign of potential lateral movement.SYSTEM to domain.internal",
        "ini_data": [
            "<14>Jan 17 12:26:15 serhatg.local Microsoft-Windows-Sysmon[3332]: {\"EventTime\":1673958375,\"Hostname\":\"serhatg.local\",\"Keywords\":-9223372036854775808,\"EventType\":\"INFO\",\"SeverityValue\":2,\"Severity\":\"INFO\",\"EventID\":3,\"SourceName\":\"Microsoft-Windows-Sysmon\",\"ProviderGuid\":\"{5770385F-C22A-43E0-BF4C-06F5698FFBD9}\",\"Version\":5,\"Task\":3,\"OpcodeValue\":0,\"RecordNumber\":924213,\"ProcessID\":3332,\"ThreadID\":4200,\"Channel\":\"Microsoft-Windows-Sysmon/Operational\",\"Domain\":\"NT AUTHORITY\",\"AccountName\":\"SYSTEM\",\"UserID\":\"S-1-5-18\",\"AccountType\":\"User\",\"Message\":\"Network connection detected:\\r\\nRuleName: Proxy\\r\\nUtcTime: 2023-01-17 12:26:15.021344\\r\\nProcessGuid: {036b06e3-ecbe-639b-4800-000000001a00}\\r\\nProcessId: 2780\\r\\nImage: C:\\\\Windows\\\\System32\\\\rundll32.exe\\r\\nUser: NT AUTHORITY\\\\SYSTEM\\r\\nProtocol: tcp\\r\\nInitiated: true\\r\\nSourceIsIpv6: false\\r\\nSourceIp: 10.19.122.14\\r\\nSourceHostname: serhatg.local\\r\\nSourcePort: 53969\\r\\nSourcePortName: -\\r\\nDestinationIsIpv6: false\\r\\nDestinationIp: 10.164.15.198\\r\\nDestinationHostname: domain.internal\\r\\nDestinationPort: 445\\r\\nDestinationPortName: -\",\"Category\":\"Network connection detected (rule: NetworkConnect)\",\"Opcode\":\"Info\",\"RuleName\":\"Proxy\",\"UtcTime\":\"2023-01-17 12:26:15.021344\",\"ProcessGuid\":\"{036b06e3-ecbe-639b-4800-000000001a00}\",\"Image\":\"C:\\\\Windows\\\\System32\\\\rundll32.exe\",\"User\":\"NT AUTHORITY\\\\SYSTEM\",\"Protocol\":\"tcp\",\"Initiated\":\"true\",\"SourceIsIpv6\":\"false\",\"SourceIp\":\"10.19.122.14\",\"SourceHostname\":\"serhatg.local\",\"SourcePort\":\"53969\",\"SourcePortName\":\"-\",\"DestinationIsIpv6\":\"false\",\"DestinationIp\":\"10.164.15.198\",\"DestinationHostname\":\"domain.internal\",\"DestinationPort\":\"445\",\"DestinationPortName\":\"-\",\"EventReceivedTime\":1673958375,\"SourceModuleName\":\"in_sysmon\",\"SourceModuleType\":\"im_msvistalog\"}\r\nudm.principal.process.file.full_path: C:\\Windows\\System32\\rundll32.exe"
        ]
    },
    "336": {
        "alert_brief": "This rule identifies Rundll32.exe interacting with SMB, which could be a sign of potential lateral movement.SYSTEM to domain.internal",
        "ini_data": [
            "<14>Jan 09 19:05:12 serhatg.local Microsoft-Windows-Sysmon[3332]: {\"EventTime\":1673291112,\"Hostname\":\"serhatg.local\",\"Keywords\":-9223372036854775808,\"EventType\":\"INFO\",\"SeverityValue\":2,\"Severity\":\"INFO\",\"EventID\":3,\"SourceName\":\"Microsoft-Windows-Sysmon\",\"ProviderGuid\":\"{5770385F-C22A-43E0-BF4C-06F5698FFBD9}\",\"Version\":5,\"Task\":3,\"OpcodeValue\":0,\"RecordNumber\":924213,\"ProcessID\":3332,\"ThreadID\":4200,\"Channel\":\"Microsoft-Windows-Sysmon/Operational\",\"Domain\":\"NT AUTHORITY\",\"AccountName\":\"SYSTEM\",\"UserID\":\"S-1-5-18\",\"AccountType\":\"User\",\"Message\":\"Network connection detected:\\r\\nRuleName: Proxy\\r\\nUtcTime: 2023-01-09 19:05:12.764417\\r\\nProcessGuid: {036b06e3-ecbe-639b-4800-000000001a00}\\r\\nProcessId: 2780\\r\\nImage: C:\\\\Windows\\\\System32\\\\rundll32.exe\\r\\nUser: NT AUTHORITY\\\\SYSTEM\\r\\nProtocol: tcp\\r\\nInitiated: true\\r\\nSourceIsIpv6: false\\r\\nSourceIp: 10.19.122.14\\r\\nSourceHostname: serhatg.local\\r\\nSourcePort: 53969\\r\\nSourcePortName: -\\r\\nDestinationIsIpv6: false\\r\\nDestinationIp: 10.164.15.198\\r\\nDestinationHostname: domain.internal\\r\\nDestinationPort: 445\\r\\nDestinationPortName: -\",\"Category\":\"Network connection detected (rule: NetworkConnect)\",\"Opcode\":\"Info\",\"RuleName\":\"Proxy\",\"UtcTime\":\"2023-01-09 19:05:12.764417\",\"ProcessGuid\":\"{036b06e3-ecbe-639b-4800-000000001a00}\",\"Image\":\"C:\\\\Windows\\\\System32\\\\rundll32.exe\",\"User\":\"NT AUTHORITY\\\\SYSTEM\",\"Protocol\":\"tcp\",\"Initiated\":\"true\",\"SourceIsIpv6\":\"false\",\"SourceIp\":\"10.19.122.14\",\"SourceHostname\":\"serhatg.local\",\"SourcePort\":\"53969\",\"SourcePortName\":\"-\",\"DestinationIsIpv6\":\"false\",\"DestinationIp\":\"10.164.15.198\",\"DestinationHostname\":\"domain.internal\",\"DestinationPort\":\"445\",\"DestinationPortName\":\"-\",\"EventReceivedTime\":1673291112,\"SourceModuleName\":\"in_sysmon\",\"SourceModuleType\":\"im_msvistalog\"}\r\nudm.principal.process.file.full_path: C:\\Windows\\System32\\rundll32.exe"
        ]
    },
    "337": {
        "alert_brief": "This rule identifies Rundll32.exe interacting with SMB, which could be a sign of potential lateral movement.SYSTEM to domain.internal",
        "ini_data": [
            "<14>Dec 31 15:48:19 serhatg.local Microsoft-Windows-Sysmon[3332]: {\"EventTime\":1672501699,\"Hostname\":\"serhatg.local\",\"Keywords\":-9223372036854775808,\"EventType\":\"INFO\",\"SeverityValue\":2,\"Severity\":\"INFO\",\"EventID\":3,\"SourceName\":\"Microsoft-Windows-Sysmon\",\"ProviderGuid\":\"{5770385F-C22A-43E0-BF4C-06F5698FFBD9}\",\"Version\":5,\"Task\":3,\"OpcodeValue\":0,\"RecordNumber\":924213,\"ProcessID\":3332,\"ThreadID\":4200,\"Channel\":\"Microsoft-Windows-Sysmon/Operational\",\"Domain\":\"NT AUTHORITY\",\"AccountName\":\"SYSTEM\",\"UserID\":\"S-1-5-18\",\"AccountType\":\"User\",\"Message\":\"Network connection detected:\\r\\nRuleName: Proxy\\r\\nUtcTime: 2022-12-31 15:48:19.000000\\r\\nProcessGuid: {036b06e3-ecbe-639b-4800-000000001a00}\\r\\nProcessId: 2780\\r\\nImage: C:\\\\Windows\\\\System32\\\\rundll32.exe\\r\\nUser: NT AUTHORITY\\\\SYSTEM\\r\\nProtocol: tcp\\r\\nInitiated: true\\r\\nSourceIsIpv6: false\\r\\nSourceIp: 10.19.122.14\\r\\nSourceHostname: serhatg.local\\r\\nSourcePort: 53969\\r\\nSourcePortName: -\\r\\nDestinationIsIpv6: false\\r\\nDestinationIp: 10.164.15.198\\r\\nDestinationHostname: domain.internal\\r\\nDestinationPort: 445\\r\\nDestinationPortName: -\",\"Category\":\"Network connection detected (rule: NetworkConnect)\",\"Opcode\":\"Info\",\"RuleName\":\"Proxy\",\"UtcTime\":\"2022-12-31 15:48:19.000000\",\"ProcessGuid\":\"{036b06e3-ecbe-639b-4800-000000001a00}\",\"Image\":\"C:\\\\Windows\\\\System32\\\\rundll32.exe\",\"User\":\"NT AUTHORITY\\\\SYSTEM\",\"Protocol\":\"tcp\",\"Initiated\":\"true\",\"SourceIsIpv6\":\"false\",\"SourceIp\":\"10.19.122.14\",\"SourceHostname\":\"serhatg.local\",\"SourcePort\":\"53969\",\"SourcePortName\":\"-\",\"DestinationIsIpv6\":\"false\",\"DestinationIp\":\"10.164.15.198\",\"DestinationHostname\":\"domain.internal\",\"DestinationPort\":\"445\",\"DestinationPortName\":\"-\",\"EventReceivedTime\":1672501699,\"SourceModuleName\":\"in_sysmon\",\"SourceModuleType\":\"im_msvistalog\"}\r\nudm.principal.process.file.full_path: C:\\Windows\\System32\\rundll32.exe"
        ]
    },
    "338": {
        "alert_brief": "suspicious_unusual_location_lnk_file:Uninstall the Technician Console.lnk",
        "ini_data": [
