            "<14>Oct 23 03:56:02 win-adfs.lunarstiiiness.com Microsoft-Windows-Sysmon[2556]: {\"EventTime\":1729569361,\"Hostname\":\"win-adfs.lunarstiiiness.com\",\"Keywords\":-9223372036854775808,\"EventType\":\"INFO\",\"SeverityValue\":2,\"Severity\":\"INFO\",\"EventID\":11,\"SourceName\":\"Microsoft-Windows-Sysmon\",\"ProviderGuid\":\"{5770385F-C22A-43E0-BF4C-06F5698FFBD9}\",\"Version\":2,\"Task\":11,\"OpcodeValue\":0,\"RecordNumber\":6008958,\"ProcessID\":2556,\"ThreadID\":3972,\"Channel\":\"Microsoft-Windows-Sysmon/Operational\",\"Domain\":\"NT AUTHORITY\",\"AccountName\":\"SYSTEM\",\"UserID\":\"S-1-5-18\",\"AccountType\":\"User\",\"Message\":\"File created:\\r\\nRuleName: technique_id=T1187,technique_name=Forced Authentication\\r\\nUtcTime: 2024-10-22 03:56:01.750\\r\\nProcessGuid: {927d35bf-a6e3-6495-3749-000000002900}\\r\\nProcessId: 5260\\r\\nImage: c:\\\\windows\\\\temp\\\\7upz.exe\\r\\nTargetFilename: C:\\\\ProgramData\\\\Microsoft\\\\Windows\\\\Start Menu\\\\Programs\\\\7-Zip\\\\7-Zip Help.lnk\\r\\nCreationUtcTime: 2024-10-22 03:56:01.750\\r\\nUser: LUNARSTIIINESS\\\\tim.smith_admin\",\"Category\":\"File created (rule: FileCreate)\",\"Opcode\":\"Info\",\"RuleName\":\"technique_id=T1187,technique_name=Forced Authentication\",\"UtcTime\":\"2024-10-22 03:56:01.750\",\"ProcessGuid\":\"{927d35bf-a6e3-6495-3749-000000002900}\",\"Image\":\"c:\\\\windows\\\\temp\\\\7upz.exe\",\"TargetFilename\":\"C:\\\\ProgramData\\\\Microsoft\\\\Windows\\\\Start Menu\\\\Programs\\\\7-Zip\\\\7-Zip Help.lnk\",\"CreationUtcTime\":\"2024-10-22 03:56:01.750\",\"User\":\"LUNARSTIIINESS\\\\tim.smith_admin\",\"EventReceivedTime\":1729569362,\"SourceModuleName\":\"in_sysmon\",\"SourceModuleType\":\"im_msvistalog\"}\r\nudm.principal.process.file.full_path: c:\\windows\\temp\\7upz.exe\r\nudm.principal.process.file.sha256: 26cb6e9f56333682122fafe79dbcdfd51e9f47cc7217dccd29ac6fc33b5598cd"
        ]
    },
    "170": {
        "alert_brief": "suspicious_unusual_location_lnk_file7-Zip File Manager.lnk",
        "ini_data": [
            "<14>Oct 23 03:56:02 win-adfs.lunarstiiiness.com Microsoft-Windows-Sysmon[2556]: {\"EventTime\":1729569361,\"Hostname\":\"win-adfs.lunarstiiiness.com\",\"Keywords\":-9223372036854775808,\"EventType\":\"INFO\",\"SeverityValue\":2,\"Severity\":\"INFO\",\"EventID\":11,\"SourceName\":\"Microsoft-Windows-Sysmon\",\"ProviderGuid\":\"{5770385F-C22A-43E0-BF4C-06F5698FFBD9}\",\"Version\":2,\"Task\":11,\"OpcodeValue\":0,\"RecordNumber\":6008957,\"ProcessID\":2556,\"ThreadID\":3972,\"Channel\":\"Microsoft-Windows-Sysmon/Operational\",\"Domain\":\"NT AUTHORITY\",\"AccountName\":\"SYSTEM\",\"UserID\":\"S-1-5-18\",\"AccountType\":\"User\",\"Message\":\"File created:\\r\\nRuleName: technique_id=T1187,technique_name=Forced Authentication\\r\\nUtcTime: 2024-10-22 03:56:01.547\\r\\nProcessGuid: {927d35bf-a6e3-6495-3749-000000002900}\\r\\nProcessId: 5260\\r\\nImage: c:\\\\windows\\\\temp\\\\7upz.exe\\r\\nTargetFilename: C:\\\\ProgramData\\\\Microsoft\\\\Windows\\\\Start Menu\\\\Programs\\\\7-Zip\\\\7-Zip File Manager.lnk\\r\\nCreationUtcTime: 2024-10-22 03:56:01.547\\r\\nUser: LUNARSTIIINESS\\\\tim.smith_admin\",\"Category\":\"File created (rule: FileCreate)\",\"Opcode\":\"Info\",\"RuleName\":\"technique_id=T1187,technique_name=Forced Authentication\",\"UtcTime\":\"2024-10-22 03:56:01.547\",\"ProcessGuid\":\"{927d35bf-a6e3-6495-3749-000000002900}\",\"Image\":\"c:\\\\windows\\\\temp\\\\7upz.exe\",\"TargetFilename\":\"C:\\\\ProgramData\\\\Microsoft\\\\Windows\\\\Start Menu\\\\Programs\\\\7-Zip\\\\7-Zip File Manager.lnk\",\"CreationUtcTime\":\"2024-10-22 03:56:01.547\",\"User\":\"LUNARSTIIINESS\\\\tim.smith_admin\",\"EventReceivedTime\":1729569362,\"SourceModuleName\":\"in_sysmon\",\"SourceModuleType\":\"im_msvistalog\"}\r\nudm.principal.process.file.full_path: c:\\windows\\temp\\7upz.exe\r\nudm.principal.process.file.sha256: 26cb6e9f56333682122fafe79dbcdfd51e9f47cc7217dccd29ac6fc33b5598cd"
        ]
    },
    "171": {
        "alert_brief": "suspicious_unusual_location_lnk_file7-Zip Help.lnk",
        "ini_data": [
            "<14>Oct 20 03:56:42 win-adfs.lunarstiiiness.com Microsoft-Windows-Sysmon[2556]: {\"EventTime\":1729310201,\"Hostname\":\"win-adfs.lunarstiiiness.com\",\"Keywords\":-9223372036854775808,\"EventType\":\"INFO\",\"SeverityValue\":2,\"Severity\":\"INFO\",\"EventID\":11,\"SourceName\":\"Microsoft-Windows-Sysmon\",\"ProviderGuid\":\"{5770385F-C22A-43E0-BF4C-06F5698FFBD9}\",\"Version\":2,\"Task\":11,\"OpcodeValue\":0,\"RecordNumber\":6008958,\"ProcessID\":2556,\"ThreadID\":3972,\"Channel\":\"Microsoft-Windows-Sysmon/Operational\",\"Domain\":\"NT AUTHORITY\",\"AccountName\":\"SYSTEM\",\"UserID\":\"S-1-5-18\",\"AccountType\":\"User\",\"Message\":\"File created:\\r\\nRuleName: technique_id=T1187,technique_name=Forced Authentication\\r\\nUtcTime: 2024-10-19 03:56:41.750\\r\\nProcessGuid: {927d35bf-a6e3-6495-3749-000000002900}\\r\\nProcessId: 5260\\r\\nImage: c:\\\\windows\\\\temp\\\\7upz.exe\\r\\nTargetFilename: C:\\\\ProgramData\\\\Microsoft\\\\Windows\\\\Start Menu\\\\Programs\\\\7-Zip\\\\7-Zip Help.lnk\\r\\nCreationUtcTime: 2024-10-19 03:56:41.750\\r\\nUser: LUNARSTIIINESS\\\\tim.smith_admin\",\"Category\":\"File created (rule: FileCreate)\",\"Opcode\":\"Info\",\"RuleName\":\"technique_id=T1187,technique_name=Forced Authentication\",\"UtcTime\":\"2024-10-19 03:56:41.750\",\"ProcessGuid\":\"{927d35bf-a6e3-6495-3749-000000002900}\",\"Image\":\"c:\\\\windows\\\\temp\\\\7upz.exe\",\"TargetFilename\":\"C:\\\\ProgramData\\\\Microsoft\\\\Windows\\\\Start Menu\\\\Programs\\\\7-Zip\\\\7-Zip Help.lnk\",\"CreationUtcTime\":\"2024-10-19 03:56:41.750\",\"User\":\"LUNARSTIIINESS\\\\tim.smith_admin\",\"EventReceivedTime\":1729310202,\"SourceModuleName\":\"in_sysmon\",\"SourceModuleType\":\"im_msvistalog\"}\r\nudm.principal.process.file.full_path: c:\\windows\\temp\\7upz.exe\r\nudm.principal.process.file.sha256: 26cb6e9f56333682122fafe79dbcdfd51e9f47cc7217dccd29ac6fc33b5598cd"
        ]
    },
    "172": {
        "alert_brief": "suspicious_unusual_location_lnk_file7-Zip File Manager.lnk",
        "ini_data": [
            "<14>Oct 20 03:56:42 win-adfs.lunarstiiiness.com Microsoft-Windows-Sysmon[2556]: {\"EventTime\":1729310201,\"Hostname\":\"win-adfs.lunarstiiiness.com\",\"Keywords\":-9223372036854775808,\"EventType\":\"INFO\",\"SeverityValue\":2,\"Severity\":\"INFO\",\"EventID\":11,\"SourceName\":\"Microsoft-Windows-Sysmon\",\"ProviderGuid\":\"{5770385F-C22A-43E0-BF4C-06F5698FFBD9}\",\"Version\":2,\"Task\":11,\"OpcodeValue\":0,\"RecordNumber\":6008957,\"ProcessID\":2556,\"ThreadID\":3972,\"Channel\":\"Microsoft-Windows-Sysmon/Operational\",\"Domain\":\"NT AUTHORITY\",\"AccountName\":\"SYSTEM\",\"UserID\":\"S-1-5-18\",\"AccountType\":\"User\",\"Message\":\"File created:\\r\\nRuleName: technique_id=T1187,technique_name=Forced Authentication\\r\\nUtcTime: 2024-10-19 03:56:41.547\\r\\nProcessGuid: {927d35bf-a6e3-6495-3749-000000002900}\\r\\nProcessId: 5260\\r\\nImage: c:\\\\windows\\\\temp\\\\7upz.exe\\r\\nTargetFilename: C:\\\\ProgramData\\\\Microsoft\\\\Windows\\\\Start Menu\\\\Programs\\\\7-Zip\\\\7-Zip File Manager.lnk\\r\\nCreationUtcTime: 2024-10-19 03:56:41.547\\r\\nUser: LUNARSTIIINESS\\\\tim.smith_admin\",\"Category\":\"File created (rule: FileCreate)\",\"Opcode\":\"Info\",\"RuleName\":\"technique_id=T1187,technique_name=Forced Authentication\",\"UtcTime\":\"2024-10-19 03:56:41.547\",\"ProcessGuid\":\"{927d35bf-a6e3-6495-3749-000000002900}\",\"Image\":\"c:\\\\windows\\\\temp\\\\7upz.exe\",\"TargetFilename\":\"C:\\\\ProgramData\\\\Microsoft\\\\Windows\\\\Start Menu\\\\Programs\\\\7-Zip\\\\7-Zip File Manager.lnk\",\"CreationUtcTime\":\"2024-10-19 03:56:41.547\",\"User\":\"LUNARSTIIINESS\\\\tim.smith_admin\",\"EventReceivedTime\":1729310202,\"SourceModuleName\":\"in_sysmon\",\"SourceModuleType\":\"im_msvistalog\"}\r\nudm.principal.process.file.full_path: c:\\windows\\temp\\7upz.exe\r\nudm.principal.process.file.sha256: 26cb6e9f56333682122fafe79dbcdfd51e9f47cc7217dccd29ac6fc33b5598cd"
        ]
    },
    "173": {
        "alert_brief": "suspicious_unusual_location_lnk_file7-Zip Help.lnk",
        "ini_data": [
            "<14>Oct 17 03:57:29 win-adfs.lunarstiiiness.com Microsoft-Windows-Sysmon[2556]: {\"EventTime\":1729051048,\"Hostname\":\"win-adfs.lunarstiiiness.com\",\"Keywords\":-9223372036854775808,\"EventType\":\"INFO\",\"SeverityValue\":2,\"Severity\":\"INFO\",\"EventID\":11,\"SourceName\":\"Microsoft-Windows-Sysmon\",\"ProviderGuid\":\"{5770385F-C22A-43E0-BF4C-06F5698FFBD9}\",\"Version\":2,\"Task\":11,\"OpcodeValue\":0,\"RecordNumber\":6008958,\"ProcessID\":2556,\"ThreadID\":3972,\"Channel\":\"Microsoft-Windows-Sysmon/Operational\",\"Domain\":\"NT AUTHORITY\",\"AccountName\":\"SYSTEM\",\"UserID\":\"S-1-5-18\",\"AccountType\":\"User\",\"Message\":\"File created:\\r\\nRuleName: technique_id=T1187,technique_name=Forced Authentication\\r\\nUtcTime: 2024-10-16 03:57:28.750\\r\\nProcessGuid: {927d35bf-a6e3-6495-3749-000000002900}\\r\\nProcessId: 5260\\r\\nImage: c:\\\\windows\\\\temp\\\\7upz.exe\\r\\nTargetFilename: C:\\\\ProgramData\\\\Microsoft\\\\Windows\\\\Start Menu\\\\Programs\\\\7-Zip\\\\7-Zip Help.lnk\\r\\nCreationUtcTime: 2024-10-16 03:57:28.750\\r\\nUser: LUNARSTIIINESS\\\\tim.smith_admin\",\"Category\":\"File created (rule: FileCreate)\",\"Opcode\":\"Info\",\"RuleName\":\"technique_id=T1187,technique_name=Forced Authentication\",\"UtcTime\":\"2024-10-16 03:57:28.750\",\"ProcessGuid\":\"{927d35bf-a6e3-6495-3749-000000002900}\",\"Image\":\"c:\\\\windows\\\\temp\\\\7upz.exe\",\"TargetFilename\":\"C:\\\\ProgramData\\\\Microsoft\\\\Windows\\\\Start Menu\\\\Programs\\\\7-Zip\\\\7-Zip Help.lnk\",\"CreationUtcTime\":\"2024-10-16 03:57:28.750\",\"User\":\"LUNARSTIIINESS\\\\tim.smith_admin\",\"EventReceivedTime\":1729051049,\"SourceModuleName\":\"in_sysmon\",\"SourceModuleType\":\"im_msvistalog\"}\r\nudm.principal.process.file.full_path: c:\\windows\\temp\\7upz.exe\r\nudm.principal.process.file.sha256: 26cb6e9f56333682122fafe79dbcdfd51e9f47cc7217dccd29ac6fc33b5598cd"
        ]
    },
    "174": {
        "alert_brief": "suspicious_unusual_location_lnk_file7-Zip File Manager.lnk",
        "ini_data": [
            "<14>Oct 17 03:57:29 win-adfs.lunarstiiiness.com Microsoft-Windows-Sysmon[2556]: {\"EventTime\":1729051048,\"Hostname\":\"win-adfs.lunarstiiiness.com\",\"Keywords\":-9223372036854775808,\"EventType\":\"INFO\",\"SeverityValue\":2,\"Severity\":\"INFO\",\"EventID\":11,\"SourceName\":\"Microsoft-Windows-Sysmon\",\"ProviderGuid\":\"{5770385F-C22A-43E0-BF4C-06F5698FFBD9}\",\"Version\":2,\"Task\":11,\"OpcodeValue\":0,\"RecordNumber\":6008957,\"ProcessID\":2556,\"ThreadID\":3972,\"Channel\":\"Microsoft-Windows-Sysmon/Operational\",\"Domain\":\"NT AUTHORITY\",\"AccountName\":\"SYSTEM\",\"UserID\":\"S-1-5-18\",\"AccountType\":\"User\",\"Message\":\"File created:\\r\\nRuleName: technique_id=T1187,technique_name=Forced Authentication\\r\\nUtcTime: 2024-10-16 03:57:28.547\\r\\nProcessGuid: {927d35bf-a6e3-6495-3749-000000002900}\\r\\nProcessId: 5260\\r\\nImage: c:\\\\windows\\\\temp\\\\7upz.exe\\r\\nTargetFilename: C:\\\\ProgramData\\\\Microsoft\\\\Windows\\\\Start Menu\\\\Programs\\\\7-Zip\\\\7-Zip File Manager.lnk\\r\\nCreationUtcTime: 2024-10-16 03:57:28.547\\r\\nUser: LUNARSTIIINESS\\\\tim.smith_admin\",\"Category\":\"File created (rule: FileCreate)\",\"Opcode\":\"Info\",\"RuleName\":\"technique_id=T1187,technique_name=Forced Authentication\",\"UtcTime\":\"2024-10-16 03:57:28.547\",\"ProcessGuid\":\"{927d35bf-a6e3-6495-3749-000000002900}\",\"Image\":\"c:\\\\windows\\\\temp\\\\7upz.exe\",\"TargetFilename\":\"C:\\\\ProgramData\\\\Microsoft\\\\Windows\\\\Start Menu\\\\Programs\\\\7-Zip\\\\7-Zip File Manager.lnk\",\"CreationUtcTime\":\"2024-10-16 03:57:28.547\",\"User\":\"LUNARSTIIINESS\\\\tim.smith_admin\",\"EventReceivedTime\":1729051049,\"SourceModuleName\":\"in_sysmon\",\"SourceModuleType\":\"im_msvistalog\"}\r\nudm.principal.process.file.full_path: c:\\windows\\temp\\7upz.exe\r\nudm.principal.process.file.sha256: 26cb6e9f56333682122fafe79dbcdfd51e9f47cc7217dccd29ac6fc33b5598cd"
        ]
    },
    "175": {
        "alert_brief": "suspicious_unusual_location_lnk_file7-Zip Help.lnk",
        "ini_data": [
            "<14>Oct 14 03:58:45 win-adfs.lunarstiiiness.com Microsoft-Windows-Sysmon[2556]: {\"EventTime\":1728791924,\"Hostname\":\"win-adfs.lunarstiiiness.com\",\"Keywords\":-9223372036854775808,\"EventType\":\"INFO\",\"SeverityValue\":2,\"Severity\":\"INFO\",\"EventID\":11,\"SourceName\":\"Microsoft-Windows-Sysmon\",\"ProviderGuid\":\"{5770385F-C22A-43E0-BF4C-06F5698FFBD9}\",\"Version\":2,\"Task\":11,\"OpcodeValue\":0,\"RecordNumber\":6008958,\"ProcessID\":2556,\"ThreadID\":3972,\"Channel\":\"Microsoft-Windows-Sysmon/Operational\",\"Domain\":\"NT AUTHORITY\",\"AccountName\":\"SYSTEM\",\"UserID\":\"S-1-5-18\",\"AccountType\":\"User\",\"Message\":\"File created:\\r\\nRuleName: technique_id=T1187,technique_name=Forced Authentication\\r\\nUtcTime: 2024-10-13 03:58:44.750\\r\\nProcessGuid: {927d35bf-a6e3-6495-3749-000000002900}\\r\\nProcessId: 5260\\r\\nImage: c:\\\\windows\\\\temp\\\\7upz.exe\\r\\nTargetFilename: C:\\\\ProgramData\\\\Microsoft\\\\Windows\\\\Start Menu\\\\Programs\\\\7-Zip\\\\7-Zip Help.lnk\\r\\nCreationUtcTime: 2024-10-13 03:58:44.750\\r\\nUser: LUNARSTIIINESS\\\\tim.smith_admin\",\"Category\":\"File created (rule: FileCreate)\",\"Opcode\":\"Info\",\"RuleName\":\"technique_id=T1187,technique_name=Forced Authentication\",\"UtcTime\":\"2024-10-13 03:58:44.750\",\"ProcessGuid\":\"{927d35bf-a6e3-6495-3749-000000002900}\",\"Image\":\"c:\\\\windows\\\\temp\\\\7upz.exe\",\"TargetFilename\":\"C:\\\\ProgramData\\\\Microsoft\\\\Windows\\\\Start Menu\\\\Programs\\\\7-Zip\\\\7-Zip Help.lnk\",\"CreationUtcTime\":\"2024-10-13 03:58:44.750\",\"User\":\"LUNARSTIIINESS\\\\tim.smith_admin\",\"EventReceivedTime\":1728791925,\"SourceModuleName\":\"in_sysmon\",\"SourceModuleType\":\"im_msvistalog\"}\r\nudm.principal.process.file.full_path: c:\\windows\\temp\\7upz.exe\r\nudm.principal.process.file.sha256: 26cb6e9f56333682122fafe79dbcdfd51e9f47cc7217dccd29ac6fc33b5598cd"
        ]
    },
    "176": {
        "alert_brief": "suspicious_unusual_location_lnk_file7-Zip File Manager.lnk",
        "ini_data": [
            "<14>Oct 14 03:58:45 win-adfs.lunarstiiiness.com Microsoft-Windows-Sysmon[2556]: {\"EventTime\":1728791924,\"Hostname\":\"win-adfs.lunarstiiiness.com\",\"Keywords\":-9223372036854775808,\"EventType\":\"INFO\",\"SeverityValue\":2,\"Severity\":\"INFO\",\"EventID\":11,\"SourceName\":\"Microsoft-Windows-Sysmon\",\"ProviderGuid\":\"{5770385F-C22A-43E0-BF4C-06F5698FFBD9}\",\"Version\":2,\"Task\":11,\"OpcodeValue\":0,\"RecordNumber\":6008957,\"ProcessID\":2556,\"ThreadID\":3972,\"Channel\":\"Microsoft-Windows-Sysmon/Operational\",\"Domain\":\"NT AUTHORITY\",\"AccountName\":\"SYSTEM\",\"UserID\":\"S-1-5-18\",\"AccountType\":\"User\",\"Message\":\"File created:\\r\\nRuleName: technique_id=T1187,technique_name=Forced Authentication\\r\\nUtcTime: 2024-10-13 03:58:44.547\\r\\nProcessGuid: {927d35bf-a6e3-6495-3749-000000002900}\\r\\nProcessId: 5260\\r\\nImage: c:\\\\windows\\\\temp\\\\7upz.exe\\r\\nTargetFilename: C:\\\\ProgramData\\\\Microsoft\\\\Windows\\\\Start Menu\\\\Programs\\\\7-Zip\\\\7-Zip File Manager.lnk\\r\\nCreationUtcTime: 2024-10-13 03:58:44.547\\r\\nUser: LUNARSTIIINESS\\\\tim.smith_admin\",\"Category\":\"File created (rule: FileCreate)\",\"Opcode\":\"Info\",\"RuleName\":\"technique_id=T1187,technique_name=Forced Authentication\",\"UtcTime\":\"2024-10-13 03:58:44.547\",\"ProcessGuid\":\"{927d35bf-a6e3-6495-3749-000000002900}\",\"Image\":\"c:\\\\windows\\\\temp\\\\7upz.exe\",\"TargetFilename\":\"C:\\\\ProgramData\\\\Microsoft\\\\Windows\\\\Start Menu\\\\Programs\\\\7-Zip\\\\7-Zip File Manager.lnk\",\"CreationUtcTime\":\"2024-10-13 03:58:44.547\",\"User\":\"LUNARSTIIINESS\\\\tim.smith_admin\",\"EventReceivedTime\":1728791925,\"SourceModuleName\":\"in_sysmon\",\"SourceModuleType\":\"im_msvistalog\"}\r\nudm.principal.process.file.full_path: c:\\windows\\temp\\7upz.exe\r\nudm.principal.process.file.sha256: 26cb6e9f56333682122fafe79dbcdfd51e9f47cc7217dccd29ac6fc33b5598cd"
        ]
    },
    "177": {
        "alert_brief": "suspicious_unusual_location_lnk_file7-Zip Help.lnk",
        "ini_data": [
            "<14>Oct 11 03:59:49 win-adfs.lunarstiiiness.com Microsoft-Windows-Sysmon[2556]: {\"EventTime\":1728532788,\"Hostname\":\"win-adfs.lunarstiiiness.com\",\"Keywords\":-9223372036854775808,\"EventType\":\"INFO\",\"SeverityValue\":2,\"Severity\":\"INFO\",\"EventID\":11,\"SourceName\":\"Microsoft-Windows-Sysmon\",\"ProviderGuid\":\"{5770385F-C22A-43E0-BF4C-06F5698FFBD9}\",\"Version\":2,\"Task\":11,\"OpcodeValue\":0,\"RecordNumber\":6008958,\"ProcessID\":2556,\"ThreadID\":3972,\"Channel\":\"Microsoft-Windows-Sysmon/Operational\",\"Domain\":\"NT AUTHORITY\",\"AccountName\":\"SYSTEM\",\"UserID\":\"S-1-5-18\",\"AccountType\":\"User\",\"Message\":\"File created:\\r\\nRuleName: technique_id=T1187,technique_name=Forced Authentication\\r\\nUtcTime: 2024-10-10 03:59:48.750\\r\\nProcessGuid: {927d35bf-a6e3-6495-3749-000000002900}\\r\\nProcessId: 5260\\r\\nImage: c:\\\\windows\\\\temp\\\\7upz.exe\\r\\nTargetFilename: C:\\\\ProgramData\\\\Microsoft\\\\Windows\\\\Start Menu\\\\Programs\\\\7-Zip\\\\7-Zip Help.lnk\\r\\nCreationUtcTime: 2024-10-10 03:59:48.750\\r\\nUser: LUNARSTIIINESS\\\\tim.smith_admin\",\"Category\":\"File created (rule: FileCreate)\",\"Opcode\":\"Info\",\"RuleName\":\"technique_id=T1187,technique_name=Forced Authentication\",\"UtcTime\":\"2024-10-10 03:59:48.750\",\"ProcessGuid\":\"{927d35bf-a6e3-6495-3749-000000002900}\",\"Image\":\"c:\\\\windows\\\\temp\\\\7upz.exe\",\"TargetFilename\":\"C:\\\\ProgramData\\\\Microsoft\\\\Windows\\\\Start Menu\\\\Programs\\\\7-Zip\\\\7-Zip Help.lnk\",\"CreationUtcTime\":\"2024-10-10 03:59:48.750\",\"User\":\"LUNARSTIIINESS\\\\tim.smith_admin\",\"EventReceivedTime\":1728532789,\"SourceModuleName\":\"in_sysmon\",\"SourceModuleType\":\"im_msvistalog\"}\r\nudm.principal.process.file.full_path: c:\\windows\\temp\\7upz.exe\r\nudm.principal.process.file.sha256: 26cb6e9f56333682122fafe79dbcdfd51e9f47cc7217dccd29ac6fc33b5598cd"
        ]
    },
    "178": {
        "alert_brief": "suspicious_unusual_location_lnk_file7-Zip File Manager.lnk",
        "ini_data": [
            "<14>Oct 11 03:59:49 win-adfs.lunarstiiiness.com Microsoft-Windows-Sysmon[2556]: {\"EventTime\":1728532788,\"Hostname\":\"win-adfs.lunarstiiiness.com\",\"Keywords\":-9223372036854775808,\"EventType\":\"INFO\",\"SeverityValue\":2,\"Severity\":\"INFO\",\"EventID\":11,\"SourceName\":\"Microsoft-Windows-Sysmon\",\"ProviderGuid\":\"{5770385F-C22A-43E0-BF4C-06F5698FFBD9}\",\"Version\":2,\"Task\":11,\"OpcodeValue\":0,\"RecordNumber\":6008957,\"ProcessID\":2556,\"ThreadID\":3972,\"Channel\":\"Microsoft-Windows-Sysmon/Operational\",\"Domain\":\"NT AUTHORITY\",\"AccountName\":\"SYSTEM\",\"UserID\":\"S-1-5-18\",\"AccountType\":\"User\",\"Message\":\"File created:\\r\\nRuleName: technique_id=T1187,technique_name=Forced Authentication\\r\\nUtcTime: 2024-10-10 03:59:48.547\\r\\nProcessGuid: {927d35bf-a6e3-6495-3749-000000002900}\\r\\nProcessId: 5260\\r\\nImage: c:\\\\windows\\\\temp\\\\7upz.exe\\r\\nTargetFilename: C:\\\\ProgramData\\\\Microsoft\\\\Windows\\\\Start Menu\\\\Programs\\\\7-Zip\\\\7-Zip File Manager.lnk\\r\\nCreationUtcTime: 2024-10-10 03:59:48.547\\r\\nUser: LUNARSTIIINESS\\\\tim.smith_admin\",\"Category\":\"File created (rule: FileCreate)\",\"Opcode\":\"Info\",\"RuleName\":\"technique_id=T1187,technique_name=Forced Authentication\",\"UtcTime\":\"2024-10-10 03:59:48.547\",\"ProcessGuid\":\"{927d35bf-a6e3-6495-3749-000000002900}\",\"Image\":\"c:\\\\windows\\\\temp\\\\7upz.exe\",\"TargetFilename\":\"C:\\\\ProgramData\\\\Microsoft\\\\Windows\\\\Start Menu\\\\Programs\\\\7-Zip\\\\7-Zip File Manager.lnk\",\"CreationUtcTime\":\"2024-10-10 03:59:48.547\",\"User\":\"LUNARSTIIINESS\\\\tim.smith_admin\",\"EventReceivedTime\":1728532789,\"SourceModuleName\":\"in_sysmon\",\"SourceModuleType\":\"im_msvistalog\"}\r\nudm.principal.process.file.full_path: c:\\windows\\temp\\7upz.exe\r\nudm.principal.process.file.sha256: 26cb6e9f56333682122fafe79dbcdfd51e9f47cc7217dccd29ac6fc33b5598cd"
        ]
    },
    "179": {
        "alert_brief": "suspicious_unusual_location_lnk_file7-Zip Help.lnk",
        "ini_data": [
            "<14>Oct 08 03:53:37 win-adfs.lunarstiiiness.com Microsoft-Windows-Sysmon[2556]: {\"EventTime\":1728273216,\"Hostname\":\"win-adfs.lunarstiiiness.com\",\"Keywords\":-9223372036854775808,\"EventType\":\"INFO\",\"SeverityValue\":2,\"Severity\":\"INFO\",\"EventID\":11,\"SourceName\":\"Microsoft-Windows-Sysmon\",\"ProviderGuid\":\"{5770385F-C22A-43E0-BF4C-06F5698FFBD9}\",\"Version\":2,\"Task\":11,\"OpcodeValue\":0,\"RecordNumber\":6008958,\"ProcessID\":2556,\"ThreadID\":3972,\"Channel\":\"Microsoft-Windows-Sysmon/Operational\",\"Domain\":\"NT AUTHORITY\",\"AccountName\":\"SYSTEM\",\"UserID\":\"S-1-5-18\",\"AccountType\":\"User\",\"Message\":\"File created:\\r\\nRuleName: technique_id=T1187,technique_name=Forced Authentication\\r\\nUtcTime: 2024-10-07 03:53:36.750\\r\\nProcessGuid: {927d35bf-a6e3-6495-3749-000000002900}\\r\\nProcessId: 5260\\r\\nImage: c:\\\\windows\\\\temp\\\\7upz.exe\\r\\nTargetFilename: C:\\\\ProgramData\\\\Microsoft\\\\Windows\\\\Start Menu\\\\Programs\\\\7-Zip\\\\7-Zip Help.lnk\\r\\nCreationUtcTime: 2024-10-07 03:53:36.750\\r\\nUser: LUNARSTIIINESS\\\\tim.smith_admin\",\"Category\":\"File created (rule: FileCreate)\",\"Opcode\":\"Info\",\"RuleName\":\"technique_id=T1187,technique_name=Forced Authentication\",\"UtcTime\":\"2024-10-07 03:53:36.750\",\"ProcessGuid\":\"{927d35bf-a6e3-6495-3749-000000002900}\",\"Image\":\"c:\\\\windows\\\\temp\\\\7upz.exe\",\"TargetFilename\":\"C:\\\\ProgramData\\\\Microsoft\\\\Windows\\\\Start Menu\\\\Programs\\\\7-Zip\\\\7-Zip Help.lnk\",\"CreationUtcTime\":\"2024-10-07 03:53:36.750\",\"User\":\"LUNARSTIIINESS\\\\tim.smith_admin\",\"EventReceivedTime\":1728273217,\"SourceModuleName\":\"in_sysmon\",\"SourceModuleType\":\"im_msvistalog\"}\r\nudm.principal.process.file.full_path: c:\\windows\\temp\\7upz.exe\r\nudm.principal.process.file.sha256: 26cb6e9f56333682122fafe79dbcdfd51e9f47cc7217dccd29ac6fc33b5598cd"
        ]
    },
    "180": {
        "alert_brief": "suspicious_unusual_location_lnk_file7-Zip File Manager.lnk",
        "ini_data": [
            "<14>Oct 08 03:53:37 win-adfs.lunarstiiiness.com Microsoft-Windows-Sysmon[2556]: {\"EventTime\":1728273216,\"Hostname\":\"win-adfs.lunarstiiiness.com\",\"Keywords\":-9223372036854775808,\"EventType\":\"INFO\",\"SeverityValue\":2,\"Severity\":\"INFO\",\"EventID\":11,\"SourceName\":\"Microsoft-Windows-Sysmon\",\"ProviderGuid\":\"{5770385F-C22A-43E0-BF4C-06F5698FFBD9}\",\"Version\":2,\"Task\":11,\"OpcodeValue\":0,\"RecordNumber\":6008957,\"ProcessID\":2556,\"ThreadID\":3972,\"Channel\":\"Microsoft-Windows-Sysmon/Operational\",\"Domain\":\"NT AUTHORITY\",\"AccountName\":\"SYSTEM\",\"UserID\":\"S-1-5-18\",\"AccountType\":\"User\",\"Message\":\"File created:\\r\\nRuleName: technique_id=T1187,technique_name=Forced Authentication\\r\\nUtcTime: 2024-10-07 03:53:36.547\\r\\nProcessGuid: {927d35bf-a6e3-6495-3749-000000002900}\\r\\nProcessId: 5260\\r\\nImage: c:\\\\windows\\\\temp\\\\7upz.exe\\r\\nTargetFilename: C:\\\\ProgramData\\\\Microsoft\\\\Windows\\\\Start Menu\\\\Programs\\\\7-Zip\\\\7-Zip File Manager.lnk\\r\\nCreationUtcTime: 2024-10-07 03:53:36.547\\r\\nUser: LUNARSTIIINESS\\\\tim.smith_admin\",\"Category\":\"File created (rule: FileCreate)\",\"Opcode\":\"Info\",\"RuleName\":\"technique_id=T1187,technique_name=Forced Authentication\",\"UtcTime\":\"2024-10-07 03:53:36.547\",\"ProcessGuid\":\"{927d35bf-a6e3-6495-3749-000000002900}\",\"Image\":\"c:\\\\windows\\\\temp\\\\7upz.exe\",\"TargetFilename\":\"C:\\\\ProgramData\\\\Microsoft\\\\Windows\\\\Start Menu\\\\Programs\\\\7-Zip\\\\7-Zip File Manager.lnk\",\"CreationUtcTime\":\"2024-10-07 03:53:36.547\",\"User\":\"LUNARSTIIINESS\\\\tim.smith_admin\",\"EventReceivedTime\":1728273217,\"SourceModuleName\":\"in_sysmon\",\"SourceModuleType\":\"im_msvistalog\"}\r\nudm.principal.process.file.full_path: c:\\windows\\temp\\7upz.exe\r\nudm.principal.process.file.sha256: 26cb6e9f56333682122fafe79dbcdfd51e9f47cc7217dccd29ac6fc33b5598cd"
        ]
    },
    "181": {
        "alert_brief": "suspicious_unusual_location_lnk_file7-Zip Help.lnk",
        "ini_data": [
            "<14>Oct 05 03:53:30 win-adfs.lunarstiiiness.com Microsoft-Windows-Sysmon[2556]: {\"EventTime\":1728014009,\"Hostname\":\"win-adfs.lunarstiiiness.com\",\"Keywords\":-9223372036854775808,\"EventType\":\"INFO\",\"SeverityValue\":2,\"Severity\":\"INFO\",\"EventID\":11,\"SourceName\":\"Microsoft-Windows-Sysmon\",\"ProviderGuid\":\"{5770385F-C22A-43E0-BF4C-06F5698FFBD9}\",\"Version\":2,\"Task\":11,\"OpcodeValue\":0,\"RecordNumber\":6008958,\"ProcessID\":2556,\"ThreadID\":3972,\"Channel\":\"Microsoft-Windows-Sysmon/Operational\",\"Domain\":\"NT AUTHORITY\",\"AccountName\":\"SYSTEM\",\"UserID\":\"S-1-5-18\",\"AccountType\":\"User\",\"Message\":\"File created:\\r\\nRuleName: technique_id=T1187,technique_name=Forced Authentication\\r\\nUtcTime: 2024-10-04 03:53:29.750\\r\\nProcessGuid: {927d35bf-a6e3-6495-3749-000000002900}\\r\\nProcessId: 5260\\r\\nImage: c:\\\\windows\\\\temp\\\\7upz.exe\\r\\nTargetFilename: C:\\\\ProgramData\\\\Microsoft\\\\Windows\\\\Start Menu\\\\Programs\\\\7-Zip\\\\7-Zip Help.lnk\\r\\nCreationUtcTime: 2024-10-04 03:53:29.750\\r\\nUser: LUNARSTIIINESS\\\\tim.smith_admin\",\"Category\":\"File created (rule: FileCreate)\",\"Opcode\":\"Info\",\"RuleName\":\"technique_id=T1187,technique_name=Forced Authentication\",\"UtcTime\":\"2024-10-04 03:53:29.750\",\"ProcessGuid\":\"{927d35bf-a6e3-6495-3749-000000002900}\",\"Image\":\"c:\\\\windows\\\\temp\\\\7upz.exe\",\"TargetFilename\":\"C:\\\\ProgramData\\\\Microsoft\\\\Windows\\\\Start Menu\\\\Programs\\\\7-Zip\\\\7-Zip Help.lnk\",\"CreationUtcTime\":\"2024-10-04 03:53:29.750\",\"User\":\"LUNARSTIIINESS\\\\tim.smith_admin\",\"EventReceivedTime\":1728014010,\"SourceModuleName\":\"in_sysmon\",\"SourceModuleType\":\"im_msvistalog\"}\r\nudm.principal.process.file.full_path: c:\\windows\\temp\\7upz.exe\r\nudm.principal.process.file.sha256: 26cb6e9f56333682122fafe79dbcdfd51e9f47cc7217dccd29ac6fc33b5598cd"
        ]
    },
    "182": {
        "alert_brief": "suspicious_unusual_location_lnk_file7-Zip File Manager.lnk",
        "ini_data": [
            "<14>Oct 05 03:53:30 win-adfs.lunarstiiiness.com Microsoft-Windows-Sysmon[2556]: {\"EventTime\":1728014009,\"Hostname\":\"win-adfs.lunarstiiiness.com\",\"Keywords\":-9223372036854775808,\"EventType\":\"INFO\",\"SeverityValue\":2,\"Severity\":\"INFO\",\"EventID\":11,\"SourceName\":\"Microsoft-Windows-Sysmon\",\"ProviderGuid\":\"{5770385F-C22A-43E0-BF4C-06F5698FFBD9}\",\"Version\":2,\"Task\":11,\"OpcodeValue\":0,\"RecordNumber\":6008957,\"ProcessID\":2556,\"ThreadID\":3972,\"Channel\":\"Microsoft-Windows-Sysmon/Operational\",\"Domain\":\"NT AUTHORITY\",\"AccountName\":\"SYSTEM\",\"UserID\":\"S-1-5-18\",\"AccountType\":\"User\",\"Message\":\"File created:\\r\\nRuleName: technique_id=T1187,technique_name=Forced Authentication\\r\\nUtcTime: 2024-10-04 03:53:29.547\\r\\nProcessGuid: {927d35bf-a6e3-6495-3749-000000002900}\\r\\nProcessId: 5260\\r\\nImage: c:\\\\windows\\\\temp\\\\7upz.exe\\r\\nTargetFilename: C:\\\\ProgramData\\\\Microsoft\\\\Windows\\\\Start Menu\\\\Programs\\\\7-Zip\\\\7-Zip File Manager.lnk\\r\\nCreationUtcTime: 2024-10-04 03:53:29.547\\r\\nUser: LUNARSTIIINESS\\\\tim.smith_admin\",\"Category\":\"File created (rule: FileCreate)\",\"Opcode\":\"Info\",\"RuleName\":\"technique_id=T1187,technique_name=Forced Authentication\",\"UtcTime\":\"2024-10-04 03:53:29.547\",\"ProcessGuid\":\"{927d35bf-a6e3-6495-3749-000000002900}\",\"Image\":\"c:\\\\windows\\\\temp\\\\7upz.exe\",\"TargetFilename\":\"C:\\\\ProgramData\\\\Microsoft\\\\Windows\\\\Start Menu\\\\Programs\\\\7-Zip\\\\7-Zip File Manager.lnk\",\"CreationUtcTime\":\"2024-10-04 03:53:29.547\",\"User\":\"LUNARSTIIINESS\\\\tim.smith_admin\",\"EventReceivedTime\":1728014010,\"SourceModuleName\":\"in_sysmon\",\"SourceModuleType\":\"im_msvistalog\"}\r\nudm.principal.process.file.full_path: c:\\windows\\temp\\7upz.exe\r\nudm.principal.process.file.sha256: 26cb6e9f56333682122fafe79dbcdfd51e9f47cc7217dccd29ac6fc33b5598cd"
        ]
    },
    "183": {
        "alert_brief": "suspicious_unusual_location_lnk_file7-Zip Help.lnk",
        "ini_data": [
            "<14>Oct 02 03:57:54 win-adfs.lunarstiiiness.com Microsoft-Windows-Sysmon[2556]: {\"EventTime\":1727755073,\"Hostname\":\"win-adfs.lunarstiiiness.com\",\"Keywords\":-9223372036854775808,\"EventType\":\"INFO\",\"SeverityValue\":2,\"Severity\":\"INFO\",\"EventID\":11,\"SourceName\":\"Microsoft-Windows-Sysmon\",\"ProviderGuid\":\"{5770385F-C22A-43E0-BF4C-06F5698FFBD9}\",\"Version\":2,\"Task\":11,\"OpcodeValue\":0,\"RecordNumber\":6008958,\"ProcessID\":2556,\"ThreadID\":3972,\"Channel\":\"Microsoft-Windows-Sysmon/Operational\",\"Domain\":\"NT AUTHORITY\",\"AccountName\":\"SYSTEM\",\"UserID\":\"S-1-5-18\",\"AccountType\":\"User\",\"Message\":\"File created:\\r\\nRuleName: technique_id=T1187,technique_name=Forced Authentication\\r\\nUtcTime: 2024-10-01 03:57:53.750\\r\\nProcessGuid: {927d35bf-a6e3-6495-3749-000000002900}\\r\\nProcessId: 5260\\r\\nImage: c:\\\\windows\\\\temp\\\\7upz.exe\\r\\nTargetFilename: C:\\\\ProgramData\\\\Microsoft\\\\Windows\\\\Start Menu\\\\Programs\\\\7-Zip\\\\7-Zip Help.lnk\\r\\nCreationUtcTime: 2024-10-01 03:57:53.750\\r\\nUser: LUNARSTIIINESS\\\\tim.smith_admin\",\"Category\":\"File created (rule: FileCreate)\",\"Opcode\":\"Info\",\"RuleName\":\"technique_id=T1187,technique_name=Forced Authentication\",\"UtcTime\":\"2024-10-01 03:57:53.750\",\"ProcessGuid\":\"{927d35bf-a6e3-6495-3749-000000002900}\",\"Image\":\"c:\\\\windows\\\\temp\\\\7upz.exe\",\"TargetFilename\":\"C:\\\\ProgramData\\\\Microsoft\\\\Windows\\\\Start Menu\\\\Programs\\\\7-Zip\\\\7-Zip Help.lnk\",\"CreationUtcTime\":\"2024-10-01 03:57:53.750\",\"User\":\"LUNARSTIIINESS\\\\tim.smith_admin\",\"EventReceivedTime\":1727755074,\"SourceModuleName\":\"in_sysmon\",\"SourceModuleType\":\"im_msvistalog\"}\r\nudm.principal.process.file.full_path: c:\\windows\\temp\\7upz.exe\r\nudm.principal.process.file.sha256: 26cb6e9f56333682122fafe79dbcdfd51e9f47cc7217dccd29ac6fc33b5598cd"
        ]
    },
    "184": {
        "alert_brief": "suspicious_unusual_location_lnk_file7-Zip File Manager.lnk",
        "ini_data": [
            "<14>Oct 02 03:57:54 win-adfs.lunarstiiiness.com Microsoft-Windows-Sysmon[2556]: {\"EventTime\":1727755073,\"Hostname\":\"win-adfs.lunarstiiiness.com\",\"Keywords\":-9223372036854775808,\"EventType\":\"INFO\",\"SeverityValue\":2,\"Severity\":\"INFO\",\"EventID\":11,\"SourceName\":\"Microsoft-Windows-Sysmon\",\"ProviderGuid\":\"{5770385F-C22A-43E0-BF4C-06F5698FFBD9}\",\"Version\":2,\"Task\":11,\"OpcodeValue\":0,\"RecordNumber\":6008957,\"ProcessID\":2556,\"ThreadID\":3972,\"Channel\":\"Microsoft-Windows-Sysmon/Operational\",\"Domain\":\"NT AUTHORITY\",\"AccountName\":\"SYSTEM\",\"UserID\":\"S-1-5-18\",\"AccountType\":\"User\",\"Message\":\"File created:\\r\\nRuleName: technique_id=T1187,technique_name=Forced Authentication\\r\\nUtcTime: 2024-10-01 03:57:53.547\\r\\nProcessGuid: {927d35bf-a6e3-6495-3749-000000002900}\\r\\nProcessId: 5260\\r\\nImage: c:\\\\windows\\\\temp\\\\7upz.exe\\r\\nTargetFilename: C:\\\\ProgramData\\\\Microsoft\\\\Windows\\\\Start Menu\\\\Programs\\\\7-Zip\\\\7-Zip File Manager.lnk\\r\\nCreationUtcTime: 2024-10-01 03:57:53.547\\r\\nUser: LUNARSTIIINESS\\\\tim.smith_admin\",\"Category\":\"File created (rule: FileCreate)\",\"Opcode\":\"Info\",\"RuleName\":\"technique_id=T1187,technique_name=Forced Authentication\",\"UtcTime\":\"2024-10-01 03:57:53.547\",\"ProcessGuid\":\"{927d35bf-a6e3-6495-3749-000000002900}\",\"Image\":\"c:\\\\windows\\\\temp\\\\7upz.exe\",\"TargetFilename\":\"C:\\\\ProgramData\\\\Microsoft\\\\Windows\\\\Start Menu\\\\Programs\\\\7-Zip\\\\7-Zip File Manager.lnk\",\"CreationUtcTime\":\"2024-10-01 03:57:53.547\",\"User\":\"LUNARSTIIINESS\\\\tim.smith_admin\",\"EventReceivedTime\":1727755074,\"SourceModuleName\":\"in_sysmon\",\"SourceModuleType\":\"im_msvistalog\"}\r\nudm.principal.process.file.full_path: c:\\windows\\temp\\7upz.exe\r\nudm.principal.process.file.sha256: 26cb6e9f56333682122fafe79dbcdfd51e9f47cc7217dccd29ac6fc33b5598cd"
        ]
    },
    "185": {
        "alert_brief": "suspicious_unusual_location_lnk_file7-Zip Help.lnk",
        "ini_data": [
            "<14>Sep 29 03:59:47 win-adfs.lunarstiiiness.com Microsoft-Windows-Sysmon[2556]: {\"EventTime\":1727495986,\"Hostname\":\"win-adfs.lunarstiiiness.com\",\"Keywords\":-9223372036854775808,\"EventType\":\"INFO\",\"SeverityValue\":2,\"Severity\":\"INFO\",\"EventID\":11,\"SourceName\":\"Microsoft-Windows-Sysmon\",\"ProviderGuid\":\"{5770385F-C22A-43E0-BF4C-06F5698FFBD9}\",\"Version\":2,\"Task\":11,\"OpcodeValue\":0,\"RecordNumber\":6008958,\"ProcessID\":2556,\"ThreadID\":3972,\"Channel\":\"Microsoft-Windows-Sysmon/Operational\",\"Domain\":\"NT AUTHORITY\",\"AccountName\":\"SYSTEM\",\"UserID\":\"S-1-5-18\",\"AccountType\":\"User\",\"Message\":\"File created:\\r\\nRuleName: technique_id=T1187,technique_name=Forced Authentication\\r\\nUtcTime: 2024-09-28 03:59:46.750\\r\\nProcessGuid: {927d35bf-a6e3-6495-3749-000000002900}\\r\\nProcessId: 5260\\r\\nImage: c:\\\\windows\\\\temp\\\\7upz.exe\\r\\nTargetFilename: C:\\\\ProgramData\\\\Microsoft\\\\Windows\\\\Start Menu\\\\Programs\\\\7-Zip\\\\7-Zip Help.lnk\\r\\nCreationUtcTime: 2024-09-28 03:59:46.750\\r\\nUser: LUNARSTIIINESS\\\\tim.smith_admin\",\"Category\":\"File created (rule: FileCreate)\",\"Opcode\":\"Info\",\"RuleName\":\"technique_id=T1187,technique_name=Forced Authentication\",\"UtcTime\":\"2024-09-28 03:59:46.750\",\"ProcessGuid\":\"{927d35bf-a6e3-6495-3749-000000002900}\",\"Image\":\"c:\\\\windows\\\\temp\\\\7upz.exe\",\"TargetFilename\":\"C:\\\\ProgramData\\\\Microsoft\\\\Windows\\\\Start Menu\\\\Programs\\\\7-Zip\\\\7-Zip Help.lnk\",\"CreationUtcTime\":\"2024-09-28 03:59:46.750\",\"User\":\"LUNARSTIIINESS\\\\tim.smith_admin\",\"EventReceivedTime\":1727495987,\"SourceModuleName\":\"in_sysmon\",\"SourceModuleType\":\"im_msvistalog\"}\r\nudm.principal.process.file.full_path: c:\\windows\\temp\\7upz.exe\r\nudm.principal.process.file.sha256: 26cb6e9f56333682122fafe79dbcdfd51e9f47cc7217dccd29ac6fc33b5598cd"
        ]
    },
    "186": {
        "alert_brief": "suspicious_unusual_location_lnk_file7-Zip File Manager.lnk",
        "ini_data": [
            "<14>Sep 29 03:59:47 win-adfs.lunarstiiiness.com Microsoft-Windows-Sysmon[2556]: {\"EventTime\":1727495986,\"Hostname\":\"win-adfs.lunarstiiiness.com\",\"Keywords\":-9223372036854775808,\"EventType\":\"INFO\",\"SeverityValue\":2,\"Severity\":\"INFO\",\"EventID\":11,\"SourceName\":\"Microsoft-Windows-Sysmon\",\"ProviderGuid\":\"{5770385F-C22A-43E0-BF4C-06F5698FFBD9}\",\"Version\":2,\"Task\":11,\"OpcodeValue\":0,\"RecordNumber\":6008957,\"ProcessID\":2556,\"ThreadID\":3972,\"Channel\":\"Microsoft-Windows-Sysmon/Operational\",\"Domain\":\"NT AUTHORITY\",\"AccountName\":\"SYSTEM\",\"UserID\":\"S-1-5-18\",\"AccountType\":\"User\",\"Message\":\"File created:\\r\\nRuleName: technique_id=T1187,technique_name=Forced Authentication\\r\\nUtcTime: 2024-09-28 03:59:46.547\\r\\nProcessGuid: {927d35bf-a6e3-6495-3749-000000002900}\\r\\nProcessId: 5260\\r\\nImage: c:\\\\windows\\\\temp\\\\7upz.exe\\r\\nTargetFilename: C:\\\\ProgramData\\\\Microsoft\\\\Windows\\\\Start Menu\\\\Programs\\\\7-Zip\\\\7-Zip File Manager.lnk\\r\\nCreationUtcTime: 2024-09-28 03:59:46.547\\r\\nUser: LUNARSTIIINESS\\\\tim.smith_admin\",\"Category\":\"File created (rule: FileCreate)\",\"Opcode\":\"Info\",\"RuleName\":\"technique_id=T1187,technique_name=Forced Authentication\",\"UtcTime\":\"2024-09-28 03:59:46.547\",\"ProcessGuid\":\"{927d35bf-a6e3-6495-3749-000000002900}\",\"Image\":\"c:\\\\windows\\\\temp\\\\7upz.exe\",\"TargetFilename\":\"C:\\\\ProgramData\\\\Microsoft\\\\Windows\\\\Start Menu\\\\Programs\\\\7-Zip\\\\7-Zip File Manager.lnk\",\"CreationUtcTime\":\"2024-09-28 03:59:46.547\",\"User\":\"LUNARSTIIINESS\\\\tim.smith_admin\",\"EventReceivedTime\":1727495987,\"SourceModuleName\":\"in_sysmon\",\"SourceModuleType\":\"im_msvistalog\"}\r\nudm.principal.process.file.full_path: c:\\windows\\temp\\7upz.exe\r\nudm.principal.process.file.sha256: 26cb6e9f56333682122fafe79dbcdfd51e9f47cc7217dccd29ac6fc33b5598cd"
        ]
    },
    "187": {
        "alert_brief": "suspicious_unusual_location_lnk_file7-Zip Help.lnk",
        "ini_data": [
            "<14>Sep 26 03:55:07 win-adfs.lunarstiiiness.com Microsoft-Windows-Sysmon[2556]: {\"EventTime\":1727236506,\"Hostname\":\"win-adfs.lunarstiiiness.com\",\"Keywords\":-9223372036854775808,\"EventType\":\"INFO\",\"SeverityValue\":2,\"Severity\":\"INFO\",\"EventID\":11,\"SourceName\":\"Microsoft-Windows-Sysmon\",\"ProviderGuid\":\"{5770385F-C22A-43E0-BF4C-06F5698FFBD9}\",\"Version\":2,\"Task\":11,\"OpcodeValue\":0,\"RecordNumber\":6008958,\"ProcessID\":2556,\"ThreadID\":3972,\"Channel\":\"Microsoft-Windows-Sysmon/Operational\",\"Domain\":\"NT AUTHORITY\",\"AccountName\":\"SYSTEM\",\"UserID\":\"S-1-5-18\",\"AccountType\":\"User\",\"Message\":\"File created:\\r\\nRuleName: technique_id=T1187,technique_name=Forced Authentication\\r\\nUtcTime: 2024-09-25 03:55:06.750\\r\\nProcessGuid: {927d35bf-a6e3-6495-3749-000000002900}\\r\\nProcessId: 5260\\r\\nImage: c:\\\\windows\\\\temp\\\\7upz.exe\\r\\nTargetFilename: C:\\\\ProgramData\\\\Microsoft\\\\Windows\\\\Start Menu\\\\Programs\\\\7-Zip\\\\7-Zip Help.lnk\\r\\nCreationUtcTime: 2024-09-25 03:55:06.750\\r\\nUser: LUNARSTIIINESS\\\\tim.smith_admin\",\"Category\":\"File created (rule: FileCreate)\",\"Opcode\":\"Info\",\"RuleName\":\"technique_id=T1187,technique_name=Forced Authentication\",\"UtcTime\":\"2024-09-25 03:55:06.750\",\"ProcessGuid\":\"{927d35bf-a6e3-6495-3749-000000002900}\",\"Image\":\"c:\\\\windows\\\\temp\\\\7upz.exe\",\"TargetFilename\":\"C:\\\\ProgramData\\\\Microsoft\\\\Windows\\\\Start Menu\\\\Programs\\\\7-Zip\\\\7-Zip Help.lnk\",\"CreationUtcTime\":\"2024-09-25 03:55:06.750\",\"User\":\"LUNARSTIIINESS\\\\tim.smith_admin\",\"EventReceivedTime\":1727236507,\"SourceModuleName\":\"in_sysmon\",\"SourceModuleType\":\"im_msvistalog\"}\r\nudm.principal.process.file.full_path: c:\\windows\\temp\\7upz.exe\r\nudm.principal.process.file.sha256: 26cb6e9f56333682122fafe79dbcdfd51e9f47cc7217dccd29ac6fc33b5598cd"
        ]
    },
    "188": {
        "alert_brief": "suspicious_unusual_location_lnk_file7-Zip File Manager.lnk",
        "ini_data": [
            "<14>Sep 26 03:55:07 win-adfs.lunarstiiiness.com Microsoft-Windows-Sysmon[2556]: {\"EventTime\":1727236506,\"Hostname\":\"win-adfs.lunarstiiiness.com\",\"Keywords\":-9223372036854775808,\"EventType\":\"INFO\",\"SeverityValue\":2,\"Severity\":\"INFO\",\"EventID\":11,\"SourceName\":\"Microsoft-Windows-Sysmon\",\"ProviderGuid\":\"{5770385F-C22A-43E0-BF4C-06F5698FFBD9}\",\"Version\":2,\"Task\":11,\"OpcodeValue\":0,\"RecordNumber\":6008957,\"ProcessID\":2556,\"ThreadID\":3972,\"Channel\":\"Microsoft-Windows-Sysmon/Operational\",\"Domain\":\"NT AUTHORITY\",\"AccountName\":\"SYSTEM\",\"UserID\":\"S-1-5-18\",\"AccountType\":\"User\",\"Message\":\"File created:\\r\\nRuleName: technique_id=T1187,technique_name=Forced Authentication\\r\\nUtcTime: 2024-09-25 03:55:06.547\\r\\nProcessGuid: {927d35bf-a6e3-6495-3749-000000002900}\\r\\nProcessId: 5260\\r\\nImage: c:\\\\windows\\\\temp\\\\7upz.exe\\r\\nTargetFilename: C:\\\\ProgramData\\\\Microsoft\\\\Windows\\\\Start Menu\\\\Programs\\\\7-Zip\\\\7-Zip File Manager.lnk\\r\\nCreationUtcTime: 2024-09-25 03:55:06.547\\r\\nUser: LUNARSTIIINESS\\\\tim.smith_admin\",\"Category\":\"File created (rule: FileCreate)\",\"Opcode\":\"Info\",\"RuleName\":\"technique_id=T1187,technique_name=Forced Authentication\",\"UtcTime\":\"2024-09-25 03:55:06.547\",\"ProcessGuid\":\"{927d35bf-a6e3-6495-3749-000000002900}\",\"Image\":\"c:\\\\windows\\\\temp\\\\7upz.exe\",\"TargetFilename\":\"C:\\\\ProgramData\\\\Microsoft\\\\Windows\\\\Start Menu\\\\Programs\\\\7-Zip\\\\7-Zip File Manager.lnk\",\"CreationUtcTime\":\"2024-09-25 03:55:06.547\",\"User\":\"LUNARSTIIINESS\\\\tim.smith_admin\",\"EventReceivedTime\":1727236507,\"SourceModuleName\":\"in_sysmon\",\"SourceModuleType\":\"im_msvistalog\"}\r\nudm.principal.process.file.full_path: c:\\windows\\temp\\7upz.exe\r\nudm.principal.process.file.sha256: 26cb6e9f56333682122fafe79dbcdfd51e9f47cc7217dccd29ac6fc33b5598cd"
        ]
    },
    "189": {
        "alert_brief": "suspicious_unusual_location_lnk_file7-Zip Help.lnk",
        "ini_data": [
            "<14>Sep 23 03:56:12 win-adfs.lunarstiiiness.com Microsoft-Windows-Sysmon[2556]: {\"EventTime\":1726977371,\"Hostname\":\"win-adfs.lunarstiiiness.com\",\"Keywords\":-9223372036854775808,\"EventType\":\"INFO\",\"SeverityValue\":2,\"Severity\":\"INFO\",\"EventID\":11,\"SourceName\":\"Microsoft-Windows-Sysmon\",\"ProviderGuid\":\"{5770385F-C22A-43E0-BF4C-06F5698FFBD9}\",\"Version\":2,\"Task\":11,\"OpcodeValue\":0,\"RecordNumber\":6008958,\"ProcessID\":2556,\"ThreadID\":3972,\"Channel\":\"Microsoft-Windows-Sysmon/Operational\",\"Domain\":\"NT AUTHORITY\",\"AccountName\":\"SYSTEM\",\"UserID\":\"S-1-5-18\",\"AccountType\":\"User\",\"Message\":\"File created:\\r\\nRuleName: technique_id=T1187,technique_name=Forced Authentication\\r\\nUtcTime: 2024-09-22 03:56:11.750\\r\\nProcessGuid: {927d35bf-a6e3-6495-3749-000000002900}\\r\\nProcessId: 5260\\r\\nImage: c:\\\\windows\\\\temp\\\\7upz.exe\\r\\nTargetFilename: C:\\\\ProgramData\\\\Microsoft\\\\Windows\\\\Start Menu\\\\Programs\\\\7-Zip\\\\7-Zip Help.lnk\\r\\nCreationUtcTime: 2024-09-22 03:56:11.750\\r\\nUser: LUNARSTIIINESS\\\\tim.smith_admin\",\"Category\":\"File created (rule: FileCreate)\",\"Opcode\":\"Info\",\"RuleName\":\"technique_id=T1187,technique_name=Forced Authentication\",\"UtcTime\":\"2024-09-22 03:56:11.750\",\"ProcessGuid\":\"{927d35bf-a6e3-6495-3749-000000002900}\",\"Image\":\"c:\\\\windows\\\\temp\\\\7upz.exe\",\"TargetFilename\":\"C:\\\\ProgramData\\\\Microsoft\\\\Windows\\\\Start Menu\\\\Programs\\\\7-Zip\\\\7-Zip Help.lnk\",\"CreationUtcTime\":\"2024-09-22 03:56:11.750\",\"User\":\"LUNARSTIIINESS\\\\tim.smith_admin\",\"EventReceivedTime\":1726977372,\"SourceModuleName\":\"in_sysmon\",\"SourceModuleType\":\"im_msvistalog\"}\r\nudm.principal.process.file.full_path: c:\\windows\\temp\\7upz.exe\r\nudm.principal.process.file.sha256: 26cb6e9f56333682122fafe79dbcdfd51e9f47cc7217dccd29ac6fc33b5598cd"
        ]
    },
    "190": {
        "alert_brief": "suspicious_unusual_location_lnk_file7-Zip File Manager.lnk",
        "ini_data": [
            "<14>Sep 23 03:56:12 win-adfs.lunarstiiiness.com Microsoft-Windows-Sysmon[2556]: {\"EventTime\":1726977371,\"Hostname\":\"win-adfs.lunarstiiiness.com\",\"Keywords\":-9223372036854775808,\"EventType\":\"INFO\",\"SeverityValue\":2,\"Severity\":\"INFO\",\"EventID\":11,\"SourceName\":\"Microsoft-Windows-Sysmon\",\"ProviderGuid\":\"{5770385F-C22A-43E0-BF4C-06F5698FFBD9}\",\"Version\":2,\"Task\":11,\"OpcodeValue\":0,\"RecordNumber\":6008957,\"ProcessID\":2556,\"ThreadID\":3972,\"Channel\":\"Microsoft-Windows-Sysmon/Operational\",\"Domain\":\"NT AUTHORITY\",\"AccountName\":\"SYSTEM\",\"UserID\":\"S-1-5-18\",\"AccountType\":\"User\",\"Message\":\"File created:\\r\\nRuleName: technique_id=T1187,technique_name=Forced Authentication\\r\\nUtcTime: 2024-09-22 03:56:11.547\\r\\nProcessGuid: {927d35bf-a6e3-6495-3749-000000002900}\\r\\nProcessId: 5260\\r\\nImage: c:\\\\windows\\\\temp\\\\7upz.exe\\r\\nTargetFilename: C:\\\\ProgramData\\\\Microsoft\\\\Windows\\\\Start Menu\\\\Programs\\\\7-Zip\\\\7-Zip File Manager.lnk\\r\\nCreationUtcTime: 2024-09-22 03:56:11.547\\r\\nUser: LUNARSTIIINESS\\\\tim.smith_admin\",\"Category\":\"File created (rule: FileCreate)\",\"Opcode\":\"Info\",\"RuleName\":\"technique_id=T1187,technique_name=Forced Authentication\",\"UtcTime\":\"2024-09-22 03:56:11.547\",\"ProcessGuid\":\"{927d35bf-a6e3-6495-3749-000000002900}\",\"Image\":\"c:\\\\windows\\\\temp\\\\7upz.exe\",\"TargetFilename\":\"C:\\\\ProgramData\\\\Microsoft\\\\Windows\\\\Start Menu\\\\Programs\\\\7-Zip\\\\7-Zip File Manager.lnk\",\"CreationUtcTime\":\"2024-09-22 03:56:11.547\",\"User\":\"LUNARSTIIINESS\\\\tim.smith_admin\",\"EventReceivedTime\":1726977372,\"SourceModuleName\":\"in_sysmon\",\"SourceModuleType\":\"im_msvistalog\"}\r\nudm.principal.process.file.full_path: c:\\windows\\temp\\7upz.exe\r\nudm.principal.process.file.sha256: 26cb6e9f56333682122fafe79dbcdfd51e9f47cc7217dccd29ac6fc33b5598cd"
        ]
    }
}