            "<14>Oct 08 04:46:37 win-server.lunarstiiiness.com Microsoft-Windows-Sysmon[2212]: {\"EventTime\":1728276395,\"Hostname\":\"win-server.lunarstiiiness.com\",\"Keywords\":-9223372036854775808,\"EventType\":\"INFO\",\"SeverityValue\":2,\"Severity\":\"INFO\",\"EventID\":11,\"SourceName\":\"Microsoft-Windows-Sysmon\",\"ProviderGuid\":\"{5770385F-C22A-43E0-BF4C-06F5698FFBD9}\",\"Version\":2,\"Task\":11,\"OpcodeValue\":0,\"RecordNumber\":2200823,\"ProcessID\":2212,\"ThreadID\":2972,\"Channel\":\"Microsoft-Windows-Sysmon/Operational\",\"Domain\":\"NT AUTHORITY\",\"AccountName\":\"SYSTEM\",\"UserID\":\"S-1-5-18\",\"AccountType\":\"User\",\"Message\":\"File created:\\r\\nRuleName: technique_id=T1187,technique_name=Forced Authentication\\r\\nUtcTime: 2024-10-07 04:46:35.718\\r\\nProcessGuid: {BE59402F-BAAD-6491-EA0D-000000002400}\\r\\nProcessId: 2800\\r\\nImage: C:\\\\Windows\\\\system32\\\\msiexec.exe\\r\\nTargetFilename: C:\\\\ProgramData\\\\Microsoft\\\\Windows\\\\Start Menu\\\\Programs\\\\LogMeIn Rescue\\\\LogMeIn Rescue Technician Console.lnk\\r\\nCreationUtcTime: 2024-10-07 04:46:35.718\\r\\nUser: NT AUTHORITY\\\\SYSTEM\",\"Category\":\"File created (rule: FileCreate)\",\"Opcode\":\"Info\",\"RuleName\":\"technique_id=T1187,technique_name=Forced Authentication\",\"UtcTime\":\"2024-10-07 04:46:35.718\",\"ProcessGuid\":\"{BE59402F-BAAD-6491-EA0D-000000002400}\",\"Image\":\"C:\\\\Windows\\\\system32\\\\msiexec.exe\",\"TargetFilename\":\"C:\\\\ProgramData\\\\Microsoft\\\\Windows\\\\Start Menu\\\\Programs\\\\LogMeIn Rescue\\\\LogMeIn Rescue Technician Console.lnk\",\"CreationUtcTime\":\"2024-10-07 04:46:35.718\",\"User\":\"NT AUTHORITY\\\\SYSTEM\",\"EventReceivedTime\":1728276397,\"SourceModuleName\":\"in_sysmon\",\"SourceModuleType\":\"im_msvistalog\"}\r\nudm.principal.process.file.full_path: C:\\Windows\\system32\\msiexec.exe\r\nudm.principal.process.file.sha256: b2be692d9794337588a16db43a09371f3d18154e98171856cd4b739998c4d291"
        ]
    },
    "98": {
        "alert_brief": "suspicious_unusual_location_lnk_fileUninstall the Technician Console.lnk",
        "ini_data": [
            "<14>Oct 08 04:46:37 win-server.lunarstiiiness.com Microsoft-Windows-Sysmon[2212]: {\"EventTime\":1728276395,\"Hostname\":\"win-server.lunarstiiiness.com\",\"Keywords\":-9223372036854775808,\"EventType\":\"INFO\",\"SeverityValue\":2,\"Severity\":\"INFO\",\"EventID\":11,\"SourceName\":\"Microsoft-Windows-Sysmon\",\"ProviderGuid\":\"{5770385F-C22A-43E0-BF4C-06F5698FFBD9}\",\"Version\":2,\"Task\":11,\"OpcodeValue\":0,\"RecordNumber\":2200822,\"ProcessID\":2212,\"ThreadID\":2972,\"Channel\":\"Microsoft-Windows-Sysmon/Operational\",\"Domain\":\"NT AUTHORITY\",\"AccountName\":\"SYSTEM\",\"UserID\":\"S-1-5-18\",\"AccountType\":\"User\",\"Message\":\"File created:\\r\\nRuleName: technique_id=T1187,technique_name=Forced Authentication\\r\\nUtcTime: 2024-10-07 04:46:35.714\\r\\nProcessGuid: {BE59402F-BAAD-6491-EA0D-000000002400}\\r\\nProcessId: 2800\\r\\nImage: C:\\\\Windows\\\\system32\\\\msiexec.exe\\r\\nTargetFilename: C:\\\\ProgramData\\\\Microsoft\\\\Windows\\\\Start Menu\\\\Programs\\\\LogMeIn Rescue\\\\Uninstall the Technician Console.lnk\\r\\nCreationUtcTime: 2024-10-07 04:46:35.714\\r\\nUser: NT AUTHORITY\\\\SYSTEM\",\"Category\":\"File created (rule: FileCreate)\",\"Opcode\":\"Info\",\"RuleName\":\"technique_id=T1187,technique_name=Forced Authentication\",\"UtcTime\":\"2024-10-07 04:46:35.714\",\"ProcessGuid\":\"{BE59402F-BAAD-6491-EA0D-000000002400}\",\"Image\":\"C:\\\\Windows\\\\system32\\\\msiexec.exe\",\"TargetFilename\":\"C:\\\\ProgramData\\\\Microsoft\\\\Windows\\\\Start Menu\\\\Programs\\\\LogMeIn Rescue\\\\Uninstall the Technician Console.lnk\",\"CreationUtcTime\":\"2024-10-07 04:46:35.714\",\"User\":\"NT AUTHORITY\\\\SYSTEM\",\"EventReceivedTime\":1728276397,\"SourceModuleName\":\"in_sysmon\",\"SourceModuleType\":\"im_msvistalog\"}\r\nudm.principal.process.file.full_path: C:\\Windows\\system32\\msiexec.exe\r\nudm.principal.process.file.sha256: b2be692d9794337588a16db43a09371f3d18154e98171856cd4b739998c4d291"
        ]
    },
    "99": {
        "alert_brief": "suspicious_unusual_location_lnk_fileLogMeIn Rescue Technician Console.lnk",
        "ini_data": [
            "<14>Oct 08 04:46:37 win-server.lunarstiiiness.com Microsoft-Windows-Sysmon[2212]: {\"EventTime\":1728276395,\"Hostname\":\"win-server.lunarstiiiness.com\",\"Keywords\":-9223372036854775808,\"EventType\":\"INFO\",\"SeverityValue\":2,\"Severity\":\"INFO\",\"EventID\":11,\"SourceName\":\"Microsoft-Windows-Sysmon\",\"ProviderGuid\":\"{5770385F-C22A-43E0-BF4C-06F5698FFBD9}\",\"Version\":2,\"Task\":11,\"OpcodeValue\":0,\"RecordNumber\":2200821,\"ProcessID\":2212,\"ThreadID\":2972,\"Channel\":\"Microsoft-Windows-Sysmon/Operational\",\"Domain\":\"NT AUTHORITY\",\"AccountName\":\"SYSTEM\",\"UserID\":\"S-1-5-18\",\"AccountType\":\"User\",\"Message\":\"File created:\\r\\nRuleName: -\\r\\nUtcTime: 2024-10-07 04:46:35.707\\r\\nProcessGuid: {BE59402F-BAAD-6491-EA0D-000000002400}\\r\\nProcessId: 2800\\r\\nImage: C:\\\\Windows\\\\system32\\\\msiexec.exe\\r\\nTargetFilename: C:\\\\Users\\\\Public\\\\Desktop\\\\LogMeIn Rescue Technician Console.lnk\\r\\nCreationUtcTime: 2024-10-07 04:46:35.707\\r\\nUser: NT AUTHORITY\\\\SYSTEM\",\"Category\":\"File created (rule: FileCreate)\",\"Opcode\":\"Info\",\"RuleName\":\"-\",\"UtcTime\":\"2024-10-07 04:46:35.707\",\"ProcessGuid\":\"{BE59402F-BAAD-6491-EA0D-000000002400}\",\"Image\":\"C:\\\\Windows\\\\system32\\\\msiexec.exe\",\"TargetFilename\":\"C:\\\\Users\\\\Public\\\\Desktop\\\\LogMeIn Rescue Technician Console.lnk\",\"CreationUtcTime\":\"2024-10-07 04:46:35.707\",\"User\":\"NT AUTHORITY\\\\SYSTEM\",\"EventReceivedTime\":1728276397,\"SourceModuleName\":\"in_sysmon\",\"SourceModuleType\":\"im_msvistalog\"}\r\nudm.principal.process.file.full_path: C:\\Windows\\system32\\msiexec.exe\r\nudm.principal.process.file.sha256: b2be692d9794337588a16db43a09371f3d18154e98171856cd4b739998c4d291"
        ]
    },
    "100": {
        "alert_brief": "suspicious_unusual_location_lnk_fileLogMeIn Rescue Technician Console.lnk",
        "ini_data": [
            "<14>Oct 05 04:48:08 win-server.lunarstiiiness.com Microsoft-Windows-Sysmon[2212]: {\"EventTime\":1728017286,\"Hostname\":\"win-server.lunarstiiiness.com\",\"Keywords\":-9223372036854775808,\"EventType\":\"INFO\",\"SeverityValue\":2,\"Severity\":\"INFO\",\"EventID\":11,\"SourceName\":\"Microsoft-Windows-Sysmon\",\"ProviderGuid\":\"{5770385F-C22A-43E0-BF4C-06F5698FFBD9}\",\"Version\":2,\"Task\":11,\"OpcodeValue\":0,\"RecordNumber\":2200823,\"ProcessID\":2212,\"ThreadID\":2972,\"Channel\":\"Microsoft-Windows-Sysmon/Operational\",\"Domain\":\"NT AUTHORITY\",\"AccountName\":\"SYSTEM\",\"UserID\":\"S-1-5-18\",\"AccountType\":\"User\",\"Message\":\"File created:\\r\\nRuleName: technique_id=T1187,technique_name=Forced Authentication\\r\\nUtcTime: 2024-10-04 04:48:06.718\\r\\nProcessGuid: {BE59402F-BAAD-6491-EA0D-000000002400}\\r\\nProcessId: 2800\\r\\nImage: C:\\\\Windows\\\\system32\\\\msiexec.exe\\r\\nTargetFilename: C:\\\\ProgramData\\\\Microsoft\\\\Windows\\\\Start Menu\\\\Programs\\\\LogMeIn Rescue\\\\LogMeIn Rescue Technician Console.lnk\\r\\nCreationUtcTime: 2024-10-04 04:48:06.718\\r\\nUser: NT AUTHORITY\\\\SYSTEM\",\"Category\":\"File created (rule: FileCreate)\",\"Opcode\":\"Info\",\"RuleName\":\"technique_id=T1187,technique_name=Forced Authentication\",\"UtcTime\":\"2024-10-04 04:48:06.718\",\"ProcessGuid\":\"{BE59402F-BAAD-6491-EA0D-000000002400}\",\"Image\":\"C:\\\\Windows\\\\system32\\\\msiexec.exe\",\"TargetFilename\":\"C:\\\\ProgramData\\\\Microsoft\\\\Windows\\\\Start Menu\\\\Programs\\\\LogMeIn Rescue\\\\LogMeIn Rescue Technician Console.lnk\",\"CreationUtcTime\":\"2024-10-04 04:48:06.718\",\"User\":\"NT AUTHORITY\\\\SYSTEM\",\"EventReceivedTime\":1728017288,\"SourceModuleName\":\"in_sysmon\",\"SourceModuleType\":\"im_msvistalog\"}\r\nudm.principal.process.file.full_path: C:\\Windows\\system32\\msiexec.exe\r\nudm.principal.process.file.sha256: b2be692d9794337588a16db43a09371f3d18154e98171856cd4b739998c4d291"
        ]
    },
    "101": {
        "alert_brief": "suspicious_unusual_location_lnk_fileUninstall the Technician Console.lnk",
        "ini_data": [
            "<14>Oct 05 04:48:08 win-server.lunarstiiiness.com Microsoft-Windows-Sysmon[2212]: {\"EventTime\":1728017286,\"Hostname\":\"win-server.lunarstiiiness.com\",\"Keywords\":-9223372036854775808,\"EventType\":\"INFO\",\"SeverityValue\":2,\"Severity\":\"INFO\",\"EventID\":11,\"SourceName\":\"Microsoft-Windows-Sysmon\",\"ProviderGuid\":\"{5770385F-C22A-43E0-BF4C-06F5698FFBD9}\",\"Version\":2,\"Task\":11,\"OpcodeValue\":0,\"RecordNumber\":2200822,\"ProcessID\":2212,\"ThreadID\":2972,\"Channel\":\"Microsoft-Windows-Sysmon/Operational\",\"Domain\":\"NT AUTHORITY\",\"AccountName\":\"SYSTEM\",\"UserID\":\"S-1-5-18\",\"AccountType\":\"User\",\"Message\":\"File created:\\r\\nRuleName: technique_id=T1187,technique_name=Forced Authentication\\r\\nUtcTime: 2024-10-04 04:48:06.714\\r\\nProcessGuid: {BE59402F-BAAD-6491-EA0D-000000002400}\\r\\nProcessId: 2800\\r\\nImage: C:\\\\Windows\\\\system32\\\\msiexec.exe\\r\\nTargetFilename: C:\\\\ProgramData\\\\Microsoft\\\\Windows\\\\Start Menu\\\\Programs\\\\LogMeIn Rescue\\\\Uninstall the Technician Console.lnk\\r\\nCreationUtcTime: 2024-10-04 04:48:06.714\\r\\nUser: NT AUTHORITY\\\\SYSTEM\",\"Category\":\"File created (rule: FileCreate)\",\"Opcode\":\"Info\",\"RuleName\":\"technique_id=T1187,technique_name=Forced Authentication\",\"UtcTime\":\"2024-10-04 04:48:06.714\",\"ProcessGuid\":\"{BE59402F-BAAD-6491-EA0D-000000002400}\",\"Image\":\"C:\\\\Windows\\\\system32\\\\msiexec.exe\",\"TargetFilename\":\"C:\\\\ProgramData\\\\Microsoft\\\\Windows\\\\Start Menu\\\\Programs\\\\LogMeIn Rescue\\\\Uninstall the Technician Console.lnk\",\"CreationUtcTime\":\"2024-10-04 04:48:06.714\",\"User\":\"NT AUTHORITY\\\\SYSTEM\",\"EventReceivedTime\":1728017288,\"SourceModuleName\":\"in_sysmon\",\"SourceModuleType\":\"im_msvistalog\"}\r\nudm.principal.process.file.full_path: C:\\Windows\\system32\\msiexec.exe\r\nudm.principal.process.file.sha256: b2be692d9794337588a16db43a09371f3d18154e98171856cd4b739998c4d291"
        ]
    },
    "102": {
        "alert_brief": "suspicious_unusual_location_lnk_fileLogMeIn Rescue Technician Console.lnk",
        "ini_data": [
            "<14>Oct 05 04:48:08 win-server.lunarstiiiness.com Microsoft-Windows-Sysmon[2212]: {\"EventTime\":1728017286,\"Hostname\":\"win-server.lunarstiiiness.com\",\"Keywords\":-9223372036854775808,\"EventType\":\"INFO\",\"SeverityValue\":2,\"Severity\":\"INFO\",\"EventID\":11,\"SourceName\":\"Microsoft-Windows-Sysmon\",\"ProviderGuid\":\"{5770385F-C22A-43E0-BF4C-06F5698FFBD9}\",\"Version\":2,\"Task\":11,\"OpcodeValue\":0,\"RecordNumber\":2200821,\"ProcessID\":2212,\"ThreadID\":2972,\"Channel\":\"Microsoft-Windows-Sysmon/Operational\",\"Domain\":\"NT AUTHORITY\",\"AccountName\":\"SYSTEM\",\"UserID\":\"S-1-5-18\",\"AccountType\":\"User\",\"Message\":\"File created:\\r\\nRuleName: -\\r\\nUtcTime: 2024-10-04 04:48:06.707\\r\\nProcessGuid: {BE59402F-BAAD-6491-EA0D-000000002400}\\r\\nProcessId: 2800\\r\\nImage: C:\\\\Windows\\\\system32\\\\msiexec.exe\\r\\nTargetFilename: C:\\\\Users\\\\Public\\\\Desktop\\\\LogMeIn Rescue Technician Console.lnk\\r\\nCreationUtcTime: 2024-10-04 04:48:06.707\\r\\nUser: NT AUTHORITY\\\\SYSTEM\",\"Category\":\"File created (rule: FileCreate)\",\"Opcode\":\"Info\",\"RuleName\":\"-\",\"UtcTime\":\"2024-10-04 04:48:06.707\",\"ProcessGuid\":\"{BE59402F-BAAD-6491-EA0D-000000002400}\",\"Image\":\"C:\\\\Windows\\\\system32\\\\msiexec.exe\",\"TargetFilename\":\"C:\\\\Users\\\\Public\\\\Desktop\\\\LogMeIn Rescue Technician Console.lnk\",\"CreationUtcTime\":\"2024-10-04 04:48:06.707\",\"User\":\"NT AUTHORITY\\\\SYSTEM\",\"EventReceivedTime\":1728017288,\"SourceModuleName\":\"in_sysmon\",\"SourceModuleType\":\"im_msvistalog\"}\r\nudm.principal.process.file.full_path: C:\\Windows\\system32\\msiexec.exe\r\nudm.principal.process.file.sha256: b2be692d9794337588a16db43a09371f3d18154e98171856cd4b739998c4d291"
        ]
    },
    "103": {
        "alert_brief": "suspicious_unusual_location_lnk_fileLogMeIn Rescue Technician Console.lnk",
        "ini_data": [
            "<14>Oct 02 04:53:09 win-server.lunarstiiiness.com Microsoft-Windows-Sysmon[2212]: {\"EventTime\":1727758387,\"Hostname\":\"win-server.lunarstiiiness.com\",\"Keywords\":-9223372036854775808,\"EventType\":\"INFO\",\"SeverityValue\":2,\"Severity\":\"INFO\",\"EventID\":11,\"SourceName\":\"Microsoft-Windows-Sysmon\",\"ProviderGuid\":\"{5770385F-C22A-43E0-BF4C-06F5698FFBD9}\",\"Version\":2,\"Task\":11,\"OpcodeValue\":0,\"RecordNumber\":2200823,\"ProcessID\":2212,\"ThreadID\":2972,\"Channel\":\"Microsoft-Windows-Sysmon/Operational\",\"Domain\":\"NT AUTHORITY\",\"AccountName\":\"SYSTEM\",\"UserID\":\"S-1-5-18\",\"AccountType\":\"User\",\"Message\":\"File created:\\r\\nRuleName: technique_id=T1187,technique_name=Forced Authentication\\r\\nUtcTime: 2024-10-01 04:53:07.718\\r\\nProcessGuid: {BE59402F-BAAD-6491-EA0D-000000002400}\\r\\nProcessId: 2800\\r\\nImage: C:\\\\Windows\\\\system32\\\\msiexec.exe\\r\\nTargetFilename: C:\\\\ProgramData\\\\Microsoft\\\\Windows\\\\Start Menu\\\\Programs\\\\LogMeIn Rescue\\\\LogMeIn Rescue Technician Console.lnk\\r\\nCreationUtcTime: 2024-10-01 04:53:07.718\\r\\nUser: NT AUTHORITY\\\\SYSTEM\",\"Category\":\"File created (rule: FileCreate)\",\"Opcode\":\"Info\",\"RuleName\":\"technique_id=T1187,technique_name=Forced Authentication\",\"UtcTime\":\"2024-10-01 04:53:07.718\",\"ProcessGuid\":\"{BE59402F-BAAD-6491-EA0D-000000002400}\",\"Image\":\"C:\\\\Windows\\\\system32\\\\msiexec.exe\",\"TargetFilename\":\"C:\\\\ProgramData\\\\Microsoft\\\\Windows\\\\Start Menu\\\\Programs\\\\LogMeIn Rescue\\\\LogMeIn Rescue Technician Console.lnk\",\"CreationUtcTime\":\"2024-10-01 04:53:07.718\",\"User\":\"NT AUTHORITY\\\\SYSTEM\",\"EventReceivedTime\":1727758389,\"SourceModuleName\":\"in_sysmon\",\"SourceModuleType\":\"im_msvistalog\"}\r\nudm.principal.process.file.full_path: C:\\Windows\\system32\\msiexec.exe\r\nudm.principal.process.file.sha256: b2be692d9794337588a16db43a09371f3d18154e98171856cd4b739998c4d291"
        ]
    },
    "104": {
        "alert_brief": "suspicious_unusual_location_lnk_fileUninstall the Technician Console.lnk",
        "ini_data": [
            "<14>Oct 02 04:53:09 win-server.lunarstiiiness.com Microsoft-Windows-Sysmon[2212]: {\"EventTime\":1727758387,\"Hostname\":\"win-server.lunarstiiiness.com\",\"Keywords\":-9223372036854775808,\"EventType\":\"INFO\",\"SeverityValue\":2,\"Severity\":\"INFO\",\"EventID\":11,\"SourceName\":\"Microsoft-Windows-Sysmon\",\"ProviderGuid\":\"{5770385F-C22A-43E0-BF4C-06F5698FFBD9}\",\"Version\":2,\"Task\":11,\"OpcodeValue\":0,\"RecordNumber\":2200822,\"ProcessID\":2212,\"ThreadID\":2972,\"Channel\":\"Microsoft-Windows-Sysmon/Operational\",\"Domain\":\"NT AUTHORITY\",\"AccountName\":\"SYSTEM\",\"UserID\":\"S-1-5-18\",\"AccountType\":\"User\",\"Message\":\"File created:\\r\\nRuleName: technique_id=T1187,technique_name=Forced Authentication\\r\\nUtcTime: 2024-10-01 04:53:07.714\\r\\nProcessGuid: {BE59402F-BAAD-6491-EA0D-000000002400}\\r\\nProcessId: 2800\\r\\nImage: C:\\\\Windows\\\\system32\\\\msiexec.exe\\r\\nTargetFilename: C:\\\\ProgramData\\\\Microsoft\\\\Windows\\\\Start Menu\\\\Programs\\\\LogMeIn Rescue\\\\Uninstall the Technician Console.lnk\\r\\nCreationUtcTime: 2024-10-01 04:53:07.714\\r\\nUser: NT AUTHORITY\\\\SYSTEM\",\"Category\":\"File created (rule: FileCreate)\",\"Opcode\":\"Info\",\"RuleName\":\"technique_id=T1187,technique_name=Forced Authentication\",\"UtcTime\":\"2024-10-01 04:53:07.714\",\"ProcessGuid\":\"{BE59402F-BAAD-6491-EA0D-000000002400}\",\"Image\":\"C:\\\\Windows\\\\system32\\\\msiexec.exe\",\"TargetFilename\":\"C:\\\\ProgramData\\\\Microsoft\\\\Windows\\\\Start Menu\\\\Programs\\\\LogMeIn Rescue\\\\Uninstall the Technician Console.lnk\",\"CreationUtcTime\":\"2024-10-01 04:53:07.714\",\"User\":\"NT AUTHORITY\\\\SYSTEM\",\"EventReceivedTime\":1727758389,\"SourceModuleName\":\"in_sysmon\",\"SourceModuleType\":\"im_msvistalog\"}\r\nudm.principal.process.file.full_path: C:\\Windows\\system32\\msiexec.exe\r\nudm.principal.process.file.sha256: b2be692d9794337588a16db43a09371f3d18154e98171856cd4b739998c4d291"
        ]
    },
    "105": {
        "alert_brief": "suspicious_unusual_location_lnk_fileLogMeIn Rescue Technician Console.lnk",
        "ini_data": [
            "<14>Oct 02 04:53:09 win-server.lunarstiiiness.com Microsoft-Windows-Sysmon[2212]: {\"EventTime\":1727758387,\"Hostname\":\"win-server.lunarstiiiness.com\",\"Keywords\":-9223372036854775808,\"EventType\":\"INFO\",\"SeverityValue\":2,\"Severity\":\"INFO\",\"EventID\":11,\"SourceName\":\"Microsoft-Windows-Sysmon\",\"ProviderGuid\":\"{5770385F-C22A-43E0-BF4C-06F5698FFBD9}\",\"Version\":2,\"Task\":11,\"OpcodeValue\":0,\"RecordNumber\":2200821,\"ProcessID\":2212,\"ThreadID\":2972,\"Channel\":\"Microsoft-Windows-Sysmon/Operational\",\"Domain\":\"NT AUTHORITY\",\"AccountName\":\"SYSTEM\",\"UserID\":\"S-1-5-18\",\"AccountType\":\"User\",\"Message\":\"File created:\\r\\nRuleName: -\\r\\nUtcTime: 2024-10-01 04:53:07.707\\r\\nProcessGuid: {BE59402F-BAAD-6491-EA0D-000000002400}\\r\\nProcessId: 2800\\r\\nImage: C:\\\\Windows\\\\system32\\\\msiexec.exe\\r\\nTargetFilename: C:\\\\Users\\\\Public\\\\Desktop\\\\LogMeIn Rescue Technician Console.lnk\\r\\nCreationUtcTime: 2024-10-01 04:53:07.707\\r\\nUser: NT AUTHORITY\\\\SYSTEM\",\"Category\":\"File created (rule: FileCreate)\",\"Opcode\":\"Info\",\"RuleName\":\"-\",\"UtcTime\":\"2024-10-01 04:53:07.707\",\"ProcessGuid\":\"{BE59402F-BAAD-6491-EA0D-000000002400}\",\"Image\":\"C:\\\\Windows\\\\system32\\\\msiexec.exe\",\"TargetFilename\":\"C:\\\\Users\\\\Public\\\\Desktop\\\\LogMeIn Rescue Technician Console.lnk\",\"CreationUtcTime\":\"2024-10-01 04:53:07.707\",\"User\":\"NT AUTHORITY\\\\SYSTEM\",\"EventReceivedTime\":1727758389,\"SourceModuleName\":\"in_sysmon\",\"SourceModuleType\":\"im_msvistalog\"}\r\nudm.principal.process.file.full_path: C:\\Windows\\system32\\msiexec.exe\r\nudm.principal.process.file.sha256: b2be692d9794337588a16db43a09371f3d18154e98171856cd4b739998c4d291"
        ]
    },
    "106": {
        "alert_brief": "suspicious_unusual_location_lnk_fileLogMeIn Rescue Technician Console.lnk",
        "ini_data": [
            "<14>Sep 29 04:56:32 win-server.lunarstiiiness.com Microsoft-Windows-Sysmon[2212]: {\"EventTime\":1727499390,\"Hostname\":\"win-server.lunarstiiiness.com\",\"Keywords\":-9223372036854775808,\"EventType\":\"INFO\",\"SeverityValue\":2,\"Severity\":\"INFO\",\"EventID\":11,\"SourceName\":\"Microsoft-Windows-Sysmon\",\"ProviderGuid\":\"{5770385F-C22A-43E0-BF4C-06F5698FFBD9}\",\"Version\":2,\"Task\":11,\"OpcodeValue\":0,\"RecordNumber\":2200823,\"ProcessID\":2212,\"ThreadID\":2972,\"Channel\":\"Microsoft-Windows-Sysmon/Operational\",\"Domain\":\"NT AUTHORITY\",\"AccountName\":\"SYSTEM\",\"UserID\":\"S-1-5-18\",\"AccountType\":\"User\",\"Message\":\"File created:\\r\\nRuleName: technique_id=T1187,technique_name=Forced Authentication\\r\\nUtcTime: 2024-09-28 04:56:30.718\\r\\nProcessGuid: {BE59402F-BAAD-6491-EA0D-000000002400}\\r\\nProcessId: 2800\\r\\nImage: C:\\\\Windows\\\\system32\\\\msiexec.exe\\r\\nTargetFilename: C:\\\\ProgramData\\\\Microsoft\\\\Windows\\\\Start Menu\\\\Programs\\\\LogMeIn Rescue\\\\LogMeIn Rescue Technician Console.lnk\\r\\nCreationUtcTime: 2024-09-28 04:56:30.718\\r\\nUser: NT AUTHORITY\\\\SYSTEM\",\"Category\":\"File created (rule: FileCreate)\",\"Opcode\":\"Info\",\"RuleName\":\"technique_id=T1187,technique_name=Forced Authentication\",\"UtcTime\":\"2024-09-28 04:56:30.718\",\"ProcessGuid\":\"{BE59402F-BAAD-6491-EA0D-000000002400}\",\"Image\":\"C:\\\\Windows\\\\system32\\\\msiexec.exe\",\"TargetFilename\":\"C:\\\\ProgramData\\\\Microsoft\\\\Windows\\\\Start Menu\\\\Programs\\\\LogMeIn Rescue\\\\LogMeIn Rescue Technician Console.lnk\",\"CreationUtcTime\":\"2024-09-28 04:56:30.718\",\"User\":\"NT AUTHORITY\\\\SYSTEM\",\"EventReceivedTime\":1727499392,\"SourceModuleName\":\"in_sysmon\",\"SourceModuleType\":\"im_msvistalog\"}\r\nudm.principal.process.file.full_path: C:\\Windows\\system32\\msiexec.exe\r\nudm.principal.process.file.sha256: b2be692d9794337588a16db43a09371f3d18154e98171856cd4b739998c4d291"
        ]
    },
    "107": {
        "alert_brief": "suspicious_unusual_location_lnk_fileUninstall the Technician Console.lnk",
        "ini_data": [
            "<14>Sep 29 04:56:32 win-server.lunarstiiiness.com Microsoft-Windows-Sysmon[2212]: {\"EventTime\":1727499390,\"Hostname\":\"win-server.lunarstiiiness.com\",\"Keywords\":-9223372036854775808,\"EventType\":\"INFO\",\"SeverityValue\":2,\"Severity\":\"INFO\",\"EventID\":11,\"SourceName\":\"Microsoft-Windows-Sysmon\",\"ProviderGuid\":\"{5770385F-C22A-43E0-BF4C-06F5698FFBD9}\",\"Version\":2,\"Task\":11,\"OpcodeValue\":0,\"RecordNumber\":2200822,\"ProcessID\":2212,\"ThreadID\":2972,\"Channel\":\"Microsoft-Windows-Sysmon/Operational\",\"Domain\":\"NT AUTHORITY\",\"AccountName\":\"SYSTEM\",\"UserID\":\"S-1-5-18\",\"AccountType\":\"User\",\"Message\":\"File created:\\r\\nRuleName: technique_id=T1187,technique_name=Forced Authentication\\r\\nUtcTime: 2024-09-28 04:56:30.714\\r\\nProcessGuid: {BE59402F-BAAD-6491-EA0D-000000002400}\\r\\nProcessId: 2800\\r\\nImage: C:\\\\Windows\\\\system32\\\\msiexec.exe\\r\\nTargetFilename: C:\\\\ProgramData\\\\Microsoft\\\\Windows\\\\Start Menu\\\\Programs\\\\LogMeIn Rescue\\\\Uninstall the Technician Console.lnk\\r\\nCreationUtcTime: 2024-09-28 04:56:30.714\\r\\nUser: NT AUTHORITY\\\\SYSTEM\",\"Category\":\"File created (rule: FileCreate)\",\"Opcode\":\"Info\",\"RuleName\":\"technique_id=T1187,technique_name=Forced Authentication\",\"UtcTime\":\"2024-09-28 04:56:30.714\",\"ProcessGuid\":\"{BE59402F-BAAD-6491-EA0D-000000002400}\",\"Image\":\"C:\\\\Windows\\\\system32\\\\msiexec.exe\",\"TargetFilename\":\"C:\\\\ProgramData\\\\Microsoft\\\\Windows\\\\Start Menu\\\\Programs\\\\LogMeIn Rescue\\\\Uninstall the Technician Console.lnk\",\"CreationUtcTime\":\"2024-09-28 04:56:30.714\",\"User\":\"NT AUTHORITY\\\\SYSTEM\",\"EventReceivedTime\":1727499392,\"SourceModuleName\":\"in_sysmon\",\"SourceModuleType\":\"im_msvistalog\"}\r\nudm.principal.process.file.full_path: C:\\Windows\\system32\\msiexec.exe\r\nudm.principal.process.file.sha256: b2be692d9794337588a16db43a09371f3d18154e98171856cd4b739998c4d291"
        ]
    },
    "108": {
        "alert_brief": "suspicious_unusual_location_lnk_fileLogMeIn Rescue Technician Console.lnk",
        "ini_data": [
            "<14>Sep 29 04:56:32 win-server.lunarstiiiness.com Microsoft-Windows-Sysmon[2212]: {\"EventTime\":1727499390,\"Hostname\":\"win-server.lunarstiiiness.com\",\"Keywords\":-9223372036854775808,\"EventType\":\"INFO\",\"SeverityValue\":2,\"Severity\":\"INFO\",\"EventID\":11,\"SourceName\":\"Microsoft-Windows-Sysmon\",\"ProviderGuid\":\"{5770385F-C22A-43E0-BF4C-06F5698FFBD9}\",\"Version\":2,\"Task\":11,\"OpcodeValue\":0,\"RecordNumber\":2200821,\"ProcessID\":2212,\"ThreadID\":2972,\"Channel\":\"Microsoft-Windows-Sysmon/Operational\",\"Domain\":\"NT AUTHORITY\",\"AccountName\":\"SYSTEM\",\"UserID\":\"S-1-5-18\",\"AccountType\":\"User\",\"Message\":\"File created:\\r\\nRuleName: -\\r\\nUtcTime: 2024-09-28 04:56:30.707\\r\\nProcessGuid: {BE59402F-BAAD-6491-EA0D-000000002400}\\r\\nProcessId: 2800\\r\\nImage: C:\\\\Windows\\\\system32\\\\msiexec.exe\\r\\nTargetFilename: C:\\\\Users\\\\Public\\\\Desktop\\\\LogMeIn Rescue Technician Console.lnk\\r\\nCreationUtcTime: 2024-09-28 04:56:30.707\\r\\nUser: NT AUTHORITY\\\\SYSTEM\",\"Category\":\"File created (rule: FileCreate)\",\"Opcode\":\"Info\",\"RuleName\":\"-\",\"UtcTime\":\"2024-09-28 04:56:30.707\",\"ProcessGuid\":\"{BE59402F-BAAD-6491-EA0D-000000002400}\",\"Image\":\"C:\\\\Windows\\\\system32\\\\msiexec.exe\",\"TargetFilename\":\"C:\\\\Users\\\\Public\\\\Desktop\\\\LogMeIn Rescue Technician Console.lnk\",\"CreationUtcTime\":\"2024-09-28 04:56:30.707\",\"User\":\"NT AUTHORITY\\\\SYSTEM\",\"EventReceivedTime\":1727499392,\"SourceModuleName\":\"in_sysmon\",\"SourceModuleType\":\"im_msvistalog\"}\r\nudm.principal.process.file.full_path: C:\\Windows\\system32\\msiexec.exe\r\nudm.principal.process.file.sha256: b2be692d9794337588a16db43a09371f3d18154e98171856cd4b739998c4d291"
        ]
    },
    "109": {
        "alert_brief": "suspicious_unusual_location_lnk_fileLogMeIn Rescue Technician Console.lnk",
        "ini_data": [
            "<14>Sep 26 04:51:52 win-server.lunarstiiiness.com Microsoft-Windows-Sysmon[2212]: {\"EventTime\":1727239910,\"Hostname\":\"win-server.lunarstiiiness.com\",\"Keywords\":-9223372036854775808,\"EventType\":\"INFO\",\"SeverityValue\":2,\"Severity\":\"INFO\",\"EventID\":11,\"SourceName\":\"Microsoft-Windows-Sysmon\",\"ProviderGuid\":\"{5770385F-C22A-43E0-BF4C-06F5698FFBD9}\",\"Version\":2,\"Task\":11,\"OpcodeValue\":0,\"RecordNumber\":2200823,\"ProcessID\":2212,\"ThreadID\":2972,\"Channel\":\"Microsoft-Windows-Sysmon/Operational\",\"Domain\":\"NT AUTHORITY\",\"AccountName\":\"SYSTEM\",\"UserID\":\"S-1-5-18\",\"AccountType\":\"User\",\"Message\":\"File created:\\r\\nRuleName: technique_id=T1187,technique_name=Forced Authentication\\r\\nUtcTime: 2024-09-25 04:51:50.718\\r\\nProcessGuid: {BE59402F-BAAD-6491-EA0D-000000002400}\\r\\nProcessId: 2800\\r\\nImage: C:\\\\Windows\\\\system32\\\\msiexec.exe\\r\\nTargetFilename: C:\\\\ProgramData\\\\Microsoft\\\\Windows\\\\Start Menu\\\\Programs\\\\LogMeIn Rescue\\\\LogMeIn Rescue Technician Console.lnk\\r\\nCreationUtcTime: 2024-09-25 04:51:50.718\\r\\nUser: NT AUTHORITY\\\\SYSTEM\",\"Category\":\"File created (rule: FileCreate)\",\"Opcode\":\"Info\",\"RuleName\":\"technique_id=T1187,technique_name=Forced Authentication\",\"UtcTime\":\"2024-09-25 04:51:50.718\",\"ProcessGuid\":\"{BE59402F-BAAD-6491-EA0D-000000002400}\",\"Image\":\"C:\\\\Windows\\\\system32\\\\msiexec.exe\",\"TargetFilename\":\"C:\\\\ProgramData\\\\Microsoft\\\\Windows\\\\Start Menu\\\\Programs\\\\LogMeIn Rescue\\\\LogMeIn Rescue Technician Console.lnk\",\"CreationUtcTime\":\"2024-09-25 04:51:50.718\",\"User\":\"NT AUTHORITY\\\\SYSTEM\",\"EventReceivedTime\":1727239912,\"SourceModuleName\":\"in_sysmon\",\"SourceModuleType\":\"im_msvistalog\"}\r\nudm.principal.process.file.full_path: C:\\Windows\\system32\\msiexec.exe\r\nudm.principal.process.file.sha256: b2be692d9794337588a16db43a09371f3d18154e98171856cd4b739998c4d291"
        ]
    },
    "110": {
        "alert_brief": "suspicious_unusual_location_lnk_fileUninstall the Technician Console.lnk",
        "ini_data": [
            "<14>Sep 26 04:51:52 win-server.lunarstiiiness.com Microsoft-Windows-Sysmon[2212]: {\"EventTime\":1727239910,\"Hostname\":\"win-server.lunarstiiiness.com\",\"Keywords\":-9223372036854775808,\"EventType\":\"INFO\",\"SeverityValue\":2,\"Severity\":\"INFO\",\"EventID\":11,\"SourceName\":\"Microsoft-Windows-Sysmon\",\"ProviderGuid\":\"{5770385F-C22A-43E0-BF4C-06F5698FFBD9}\",\"Version\":2,\"Task\":11,\"OpcodeValue\":0,\"RecordNumber\":2200822,\"ProcessID\":2212,\"ThreadID\":2972,\"Channel\":\"Microsoft-Windows-Sysmon/Operational\",\"Domain\":\"NT AUTHORITY\",\"AccountName\":\"SYSTEM\",\"UserID\":\"S-1-5-18\",\"AccountType\":\"User\",\"Message\":\"File created:\\r\\nRuleName: technique_id=T1187,technique_name=Forced Authentication\\r\\nUtcTime: 2024-09-25 04:51:50.714\\r\\nProcessGuid: {BE59402F-BAAD-6491-EA0D-000000002400}\\r\\nProcessId: 2800\\r\\nImage: C:\\\\Windows\\\\system32\\\\msiexec.exe\\r\\nTargetFilename: C:\\\\ProgramData\\\\Microsoft\\\\Windows\\\\Start Menu\\\\Programs\\\\LogMeIn Rescue\\\\Uninstall the Technician Console.lnk\\r\\nCreationUtcTime: 2024-09-25 04:51:50.714\\r\\nUser: NT AUTHORITY\\\\SYSTEM\",\"Category\":\"File created (rule: FileCreate)\",\"Opcode\":\"Info\",\"RuleName\":\"technique_id=T1187,technique_name=Forced Authentication\",\"UtcTime\":\"2024-09-25 04:51:50.714\",\"ProcessGuid\":\"{BE59402F-BAAD-6491-EA0D-000000002400}\",\"Image\":\"C:\\\\Windows\\\\system32\\\\msiexec.exe\",\"TargetFilename\":\"C:\\\\ProgramData\\\\Microsoft\\\\Windows\\\\Start Menu\\\\Programs\\\\LogMeIn Rescue\\\\Uninstall the Technician Console.lnk\",\"CreationUtcTime\":\"2024-09-25 04:51:50.714\",\"User\":\"NT AUTHORITY\\\\SYSTEM\",\"EventReceivedTime\":1727239912,\"SourceModuleName\":\"in_sysmon\",\"SourceModuleType\":\"im_msvistalog\"}\r\nudm.principal.process.file.full_path: C:\\Windows\\system32\\msiexec.exe\r\nudm.principal.process.file.sha256: b2be692d9794337588a16db43a09371f3d18154e98171856cd4b739998c4d291"
        ]
    },
    "111": {
        "alert_brief": "suspicious_unusual_location_lnk_fileLogMeIn Rescue Technician Console.lnk",
        "ini_data": [
            "<14>Sep 26 04:51:52 win-server.lunarstiiiness.com Microsoft-Windows-Sysmon[2212]: {\"EventTime\":1727239910,\"Hostname\":\"win-server.lunarstiiiness.com\",\"Keywords\":-9223372036854775808,\"EventType\":\"INFO\",\"SeverityValue\":2,\"Severity\":\"INFO\",\"EventID\":11,\"SourceName\":\"Microsoft-Windows-Sysmon\",\"ProviderGuid\":\"{5770385F-C22A-43E0-BF4C-06F5698FFBD9}\",\"Version\":2,\"Task\":11,\"OpcodeValue\":0,\"RecordNumber\":2200821,\"ProcessID\":2212,\"ThreadID\":2972,\"Channel\":\"Microsoft-Windows-Sysmon/Operational\",\"Domain\":\"NT AUTHORITY\",\"AccountName\":\"SYSTEM\",\"UserID\":\"S-1-5-18\",\"AccountType\":\"User\",\"Message\":\"File created:\\r\\nRuleName: -\\r\\nUtcTime: 2024-09-25 04:51:50.707\\r\\nProcessGuid: {BE59402F-BAAD-6491-EA0D-000000002400}\\r\\nProcessId: 2800\\r\\nImage: C:\\\\Windows\\\\system32\\\\msiexec.exe\\r\\nTargetFilename: C:\\\\Users\\\\Public\\\\Desktop\\\\LogMeIn Rescue Technician Console.lnk\\r\\nCreationUtcTime: 2024-09-25 04:51:50.707\\r\\nUser: NT AUTHORITY\\\\SYSTEM\",\"Category\":\"File created (rule: FileCreate)\",\"Opcode\":\"Info\",\"RuleName\":\"-\",\"UtcTime\":\"2024-09-25 04:51:50.707\",\"ProcessGuid\":\"{BE59402F-BAAD-6491-EA0D-000000002400}\",\"Image\":\"C:\\\\Windows\\\\system32\\\\msiexec.exe\",\"TargetFilename\":\"C:\\\\Users\\\\Public\\\\Desktop\\\\LogMeIn Rescue Technician Console.lnk\",\"CreationUtcTime\":\"2024-09-25 04:51:50.707\",\"User\":\"NT AUTHORITY\\\\SYSTEM\",\"EventReceivedTime\":1727239912,\"SourceModuleName\":\"in_sysmon\",\"SourceModuleType\":\"im_msvistalog\"}\r\nudm.principal.process.file.full_path: C:\\Windows\\system32\\msiexec.exe\r\nudm.principal.process.file.sha256: b2be692d9794337588a16db43a09371f3d18154e98171856cd4b739998c4d291"
        ]
    },
    "112": {
        "alert_brief": "suspicious_unusual_location_lnk_fileLogMeIn Rescue Technician Console.lnk",
        "ini_data": [
            "<14>Sep 23 04:50:09 win-server.lunarstiiiness.com Microsoft-Windows-Sysmon[2212]: {\"EventTime\":1726980607,\"Hostname\":\"win-server.lunarstiiiness.com\",\"Keywords\":-9223372036854775808,\"EventType\":\"INFO\",\"SeverityValue\":2,\"Severity\":\"INFO\",\"EventID\":11,\"SourceName\":\"Microsoft-Windows-Sysmon\",\"ProviderGuid\":\"{5770385F-C22A-43E0-BF4C-06F5698FFBD9}\",\"Version\":2,\"Task\":11,\"OpcodeValue\":0,\"RecordNumber\":2200823,\"ProcessID\":2212,\"ThreadID\":2972,\"Channel\":\"Microsoft-Windows-Sysmon/Operational\",\"Domain\":\"NT AUTHORITY\",\"AccountName\":\"SYSTEM\",\"UserID\":\"S-1-5-18\",\"AccountType\":\"User\",\"Message\":\"File created:\\r\\nRuleName: technique_id=T1187,technique_name=Forced Authentication\\r\\nUtcTime: 2024-09-22 04:50:07.718\\r\\nProcessGuid: {BE59402F-BAAD-6491-EA0D-000000002400}\\r\\nProcessId: 2800\\r\\nImage: C:\\\\Windows\\\\system32\\\\msiexec.exe\\r\\nTargetFilename: C:\\\\ProgramData\\\\Microsoft\\\\Windows\\\\Start Menu\\\\Programs\\\\LogMeIn Rescue\\\\LogMeIn Rescue Technician Console.lnk\\r\\nCreationUtcTime: 2024-09-22 04:50:07.718\\r\\nUser: NT AUTHORITY\\\\SYSTEM\",\"Category\":\"File created (rule: FileCreate)\",\"Opcode\":\"Info\",\"RuleName\":\"technique_id=T1187,technique_name=Forced Authentication\",\"UtcTime\":\"2024-09-22 04:50:07.718\",\"ProcessGuid\":\"{BE59402F-BAAD-6491-EA0D-000000002400}\",\"Image\":\"C:\\\\Windows\\\\system32\\\\msiexec.exe\",\"TargetFilename\":\"C:\\\\ProgramData\\\\Microsoft\\\\Windows\\\\Start Menu\\\\Programs\\\\LogMeIn Rescue\\\\LogMeIn Rescue Technician Console.lnk\",\"CreationUtcTime\":\"2024-09-22 04:50:07.718\",\"User\":\"NT AUTHORITY\\\\SYSTEM\",\"EventReceivedTime\":1726980609,\"SourceModuleName\":\"in_sysmon\",\"SourceModuleType\":\"im_msvistalog\"}\r\nudm.principal.process.file.full_path: C:\\Windows\\system32\\msiexec.exe\r\nudm.principal.process.file.sha256: b2be692d9794337588a16db43a09371f3d18154e98171856cd4b739998c4d291"
        ]
    },
    "113": {
        "alert_brief": "suspicious_unusual_location_lnk_fileUninstall the Technician Console.lnk",
        "ini_data": [
            "<14>Sep 23 04:50:09 win-server.lunarstiiiness.com Microsoft-Windows-Sysmon[2212]: {\"EventTime\":1726980607,\"Hostname\":\"win-server.lunarstiiiness.com\",\"Keywords\":-9223372036854775808,\"EventType\":\"INFO\",\"SeverityValue\":2,\"Severity\":\"INFO\",\"EventID\":11,\"SourceName\":\"Microsoft-Windows-Sysmon\",\"ProviderGuid\":\"{5770385F-C22A-43E0-BF4C-06F5698FFBD9}\",\"Version\":2,\"Task\":11,\"OpcodeValue\":0,\"RecordNumber\":2200822,\"ProcessID\":2212,\"ThreadID\":2972,\"Channel\":\"Microsoft-Windows-Sysmon/Operational\",\"Domain\":\"NT AUTHORITY\",\"AccountName\":\"SYSTEM\",\"UserID\":\"S-1-5-18\",\"AccountType\":\"User\",\"Message\":\"File created:\\r\\nRuleName: technique_id=T1187,technique_name=Forced Authentication\\r\\nUtcTime: 2024-09-22 04:50:07.714\\r\\nProcessGuid: {BE59402F-BAAD-6491-EA0D-000000002400}\\r\\nProcessId: 2800\\r\\nImage: C:\\\\Windows\\\\system32\\\\msiexec.exe\\r\\nTargetFilename: C:\\\\ProgramData\\\\Microsoft\\\\Windows\\\\Start Menu\\\\Programs\\\\LogMeIn Rescue\\\\Uninstall the Technician Console.lnk\\r\\nCreationUtcTime: 2024-09-22 04:50:07.714\\r\\nUser: NT AUTHORITY\\\\SYSTEM\",\"Category\":\"File created (rule: FileCreate)\",\"Opcode\":\"Info\",\"RuleName\":\"technique_id=T1187,technique_name=Forced Authentication\",\"UtcTime\":\"2024-09-22 04:50:07.714\",\"ProcessGuid\":\"{BE59402F-BAAD-6491-EA0D-000000002400}\",\"Image\":\"C:\\\\Windows\\\\system32\\\\msiexec.exe\",\"TargetFilename\":\"C:\\\\ProgramData\\\\Microsoft\\\\Windows\\\\Start Menu\\\\Programs\\\\LogMeIn Rescue\\\\Uninstall the Technician Console.lnk\",\"CreationUtcTime\":\"2024-09-22 04:50:07.714\",\"User\":\"NT AUTHORITY\\\\SYSTEM\",\"EventReceivedTime\":1726980609,\"SourceModuleName\":\"in_sysmon\",\"SourceModuleType\":\"im_msvistalog\"}\r\nudm.principal.process.file.full_path: C:\\Windows\\system32\\msiexec.exe\r\nudm.principal.process.file.sha256: b2be692d9794337588a16db43a09371f3d18154e98171856cd4b739998c4d291"
        ]
    },
    "114": {
        "alert_brief": "suspicious_unusual_location_lnk_fileLogMeIn Rescue Technician Console.lnk",
        "ini_data": [
            "<14>Sep 23 04:50:09 win-server.lunarstiiiness.com Microsoft-Windows-Sysmon[2212]: {\"EventTime\":1726980607,\"Hostname\":\"win-server.lunarstiiiness.com\",\"Keywords\":-9223372036854775808,\"EventType\":\"INFO\",\"SeverityValue\":2,\"Severity\":\"INFO\",\"EventID\":11,\"SourceName\":\"Microsoft-Windows-Sysmon\",\"ProviderGuid\":\"{5770385F-C22A-43E0-BF4C-06F5698FFBD9}\",\"Version\":2,\"Task\":11,\"OpcodeValue\":0,\"RecordNumber\":2200821,\"ProcessID\":2212,\"ThreadID\":2972,\"Channel\":\"Microsoft-Windows-Sysmon/Operational\",\"Domain\":\"NT AUTHORITY\",\"AccountName\":\"SYSTEM\",\"UserID\":\"S-1-5-18\",\"AccountType\":\"User\",\"Message\":\"File created:\\r\\nRuleName: -\\r\\nUtcTime: 2024-09-22 04:50:07.707\\r\\nProcessGuid: {BE59402F-BAAD-6491-EA0D-000000002400}\\r\\nProcessId: 2800\\r\\nImage: C:\\\\Windows\\\\system32\\\\msiexec.exe\\r\\nTargetFilename: C:\\\\Users\\\\Public\\\\Desktop\\\\LogMeIn Rescue Technician Console.lnk\\r\\nCreationUtcTime: 2024-09-22 04:50:07.707\\r\\nUser: NT AUTHORITY\\\\SYSTEM\",\"Category\":\"File created (rule: FileCreate)\",\"Opcode\":\"Info\",\"RuleName\":\"-\",\"UtcTime\":\"2024-09-22 04:50:07.707\",\"ProcessGuid\":\"{BE59402F-BAAD-6491-EA0D-000000002400}\",\"Image\":\"C:\\\\Windows\\\\system32\\\\msiexec.exe\",\"TargetFilename\":\"C:\\\\Users\\\\Public\\\\Desktop\\\\LogMeIn Rescue Technician Console.lnk\",\"CreationUtcTime\":\"2024-09-22 04:50:07.707\",\"User\":\"NT AUTHORITY\\\\SYSTEM\",\"EventReceivedTime\":1726980609,\"SourceModuleName\":\"in_sysmon\",\"SourceModuleType\":\"im_msvistalog\"}\r\nudm.principal.process.file.full_path: C:\\Windows\\system32\\msiexec.exe\r\nudm.principal.process.file.sha256: b2be692d9794337588a16db43a09371f3d18154e98171856cd4b739998c4d291"
        ]
    },
    "115": {
        "alert_brief": "suspicious_unusual_location_lnk_file7-Zip Help.lnk",
        "ini_data": [
            "<14>Jan 08 05:00:14 win-adfs.lunarstiiiness.com Microsoft-Windows-Sysmon[2556]: {\"EventTime\":1736226013,\"Hostname\":\"win-adfs.lunarstiiiness.com\",\"Keywords\":-9223372036854775808,\"EventType\":\"INFO\",\"SeverityValue\":2,\"Severity\":\"INFO\",\"EventID\":11,\"SourceName\":\"Microsoft-Windows-Sysmon\",\"ProviderGuid\":\"{5770385F-C22A-43E0-BF4C-06F5698FFBD9}\",\"Version\":2,\"Task\":11,\"OpcodeValue\":0,\"RecordNumber\":6008958,\"ProcessID\":2556,\"ThreadID\":3972,\"Channel\":\"Microsoft-Windows-Sysmon/Operational\",\"Domain\":\"NT AUTHORITY\",\"AccountName\":\"SYSTEM\",\"UserID\":\"S-1-5-18\",\"AccountType\":\"User\",\"Message\":\"File created:\\r\\nRuleName: technique_id=T1187,technique_name=Forced Authentication\\r\\nUtcTime: 2025-01-07 05:00:13.750\\r\\nProcessGuid: {927d35bf-a6e3-6495-3749-000000002900}\\r\\nProcessId: 5260\\r\\nImage: c:\\\\windows\\\\temp\\\\7upz.exe\\r\\nTargetFilename: C:\\\\ProgramData\\\\Microsoft\\\\Windows\\\\Start Menu\\\\Programs\\\\7-Zip\\\\7-Zip Help.lnk\\r\\nCreationUtcTime: 2025-01-07 05:00:13.750\\r\\nUser: LUNARSTIIINESS\\\\tim.smith_admin\",\"Category\":\"File created (rule: FileCreate)\",\"Opcode\":\"Info\",\"RuleName\":\"technique_id=T1187,technique_name=Forced Authentication\",\"UtcTime\":\"2025-01-07 05:00:13.750\",\"ProcessGuid\":\"{927d35bf-a6e3-6495-3749-000000002900}\",\"Image\":\"c:\\\\windows\\\\temp\\\\7upz.exe\",\"TargetFilename\":\"C:\\\\ProgramData\\\\Microsoft\\\\Windows\\\\Start Menu\\\\Programs\\\\7-Zip\\\\7-Zip Help.lnk\",\"CreationUtcTime\":\"2025-01-07 05:00:13.750\",\"User\":\"LUNARSTIIINESS\\\\tim.smith_admin\",\"EventReceivedTime\":1736226014,\"SourceModuleName\":\"in_sysmon\",\"SourceModuleType\":\"im_msvistalog\"}\r\nudm.principal.process.file.full_path: c:\\windows\\temp\\7upz.exe\r\nudm.principal.process.file.sha256: 26cb6e9f56333682122fafe79dbcdfd51e9f47cc7217dccd29ac6fc33b5598cd"
        ]
    },
    "116": {
        "alert_brief": "suspicious_unusual_location_lnk_file7-Zip File Manager.lnk",
        "ini_data": [
            "<14>Jan 08 05:00:14 win-adfs.lunarstiiiness.com Microsoft-Windows-Sysmon[2556]: {\"EventTime\":1736226013,\"Hostname\":\"win-adfs.lunarstiiiness.com\",\"Keywords\":-9223372036854775808,\"EventType\":\"INFO\",\"SeverityValue\":2,\"Severity\":\"INFO\",\"EventID\":11,\"SourceName\":\"Microsoft-Windows-Sysmon\",\"ProviderGuid\":\"{5770385F-C22A-43E0-BF4C-06F5698FFBD9}\",\"Version\":2,\"Task\":11,\"OpcodeValue\":0,\"RecordNumber\":6008957,\"ProcessID\":2556,\"ThreadID\":3972,\"Channel\":\"Microsoft-Windows-Sysmon/Operational\",\"Domain\":\"NT AUTHORITY\",\"AccountName\":\"SYSTEM\",\"UserID\":\"S-1-5-18\",\"AccountType\":\"User\",\"Message\":\"File created:\\r\\nRuleName: technique_id=T1187,technique_name=Forced Authentication\\r\\nUtcTime: 2025-01-07 05:00:13.547\\r\\nProcessGuid: {927d35bf-a6e3-6495-3749-000000002900}\\r\\nProcessId: 5260\\r\\nImage: c:\\\\windows\\\\temp\\\\7upz.exe\\r\\nTargetFilename: C:\\\\ProgramData\\\\Microsoft\\\\Windows\\\\Start Menu\\\\Programs\\\\7-Zip\\\\7-Zip File Manager.lnk\\r\\nCreationUtcTime: 2025-01-07 05:00:13.547\\r\\nUser: LUNARSTIIINESS\\\\tim.smith_admin\",\"Category\":\"File created (rule: FileCreate)\",\"Opcode\":\"Info\",\"RuleName\":\"technique_id=T1187,technique_name=Forced Authentication\",\"UtcTime\":\"2025-01-07 05:00:13.547\",\"ProcessGuid\":\"{927d35bf-a6e3-6495-3749-000000002900}\",\"Image\":\"c:\\\\windows\\\\temp\\\\7upz.exe\",\"TargetFilename\":\"C:\\\\ProgramData\\\\Microsoft\\\\Windows\\\\Start Menu\\\\Programs\\\\7-Zip\\\\7-Zip File Manager.lnk\",\"CreationUtcTime\":\"2025-01-07 05:00:13.547\",\"User\":\"LUNARSTIIINESS\\\\tim.smith_admin\",\"EventReceivedTime\":1736226014,\"SourceModuleName\":\"in_sysmon\",\"SourceModuleType\":\"im_msvistalog\"}\r\nudm.principal.process.file.full_path: c:\\windows\\temp\\7upz.exe\r\nudm.principal.process.file.sha256: 26cb6e9f56333682122fafe79dbcdfd51e9f47cc7217dccd29ac6fc33b5598cd"
        ]
    },
    "117": {
        "alert_brief": "suspicious_unusual_location_lnk_file7-Zip Help.lnk",
        "ini_data": [
            "<14>Jan 05 04:59:55 win-adfs.lunarstiiiness.com Microsoft-Windows-Sysmon[2556]: {\"EventTime\":1735966794,\"Hostname\":\"win-adfs.lunarstiiiness.com\",\"Keywords\":-9223372036854775808,\"EventType\":\"INFO\",\"SeverityValue\":2,\"Severity\":\"INFO\",\"EventID\":11,\"SourceName\":\"Microsoft-Windows-Sysmon\",\"ProviderGuid\":\"{5770385F-C22A-43E0-BF4C-06F5698FFBD9}\",\"Version\":2,\"Task\":11,\"OpcodeValue\":0,\"RecordNumber\":6008958,\"ProcessID\":2556,\"ThreadID\":3972,\"Channel\":\"Microsoft-Windows-Sysmon/Operational\",\"Domain\":\"NT AUTHORITY\",\"AccountName\":\"SYSTEM\",\"UserID\":\"S-1-5-18\",\"AccountType\":\"User\",\"Message\":\"File created:\\r\\nRuleName: technique_id=T1187,technique_name=Forced Authentication\\r\\nUtcTime: 2025-01-04 04:59:54.750\\r\\nProcessGuid: {927d35bf-a6e3-6495-3749-000000002900}\\r\\nProcessId: 5260\\r\\nImage: c:\\\\windows\\\\temp\\\\7upz.exe\\r\\nTargetFilename: C:\\\\ProgramData\\\\Microsoft\\\\Windows\\\\Start Menu\\\\Programs\\\\7-Zip\\\\7-Zip Help.lnk\\r\\nCreationUtcTime: 2025-01-04 04:59:54.750\\r\\nUser: LUNARSTIIINESS\\\\tim.smith_admin\",\"Category\":\"File created (rule: FileCreate)\",\"Opcode\":\"Info\",\"RuleName\":\"technique_id=T1187,technique_name=Forced Authentication\",\"UtcTime\":\"2025-01-04 04:59:54.750\",\"ProcessGuid\":\"{927d35bf-a6e3-6495-3749-000000002900}\",\"Image\":\"c:\\\\windows\\\\temp\\\\7upz.exe\",\"TargetFilename\":\"C:\\\\ProgramData\\\\Microsoft\\\\Windows\\\\Start Menu\\\\Programs\\\\7-Zip\\\\7-Zip Help.lnk\",\"CreationUtcTime\":\"2025-01-04 04:59:54.750\",\"User\":\"LUNARSTIIINESS\\\\tim.smith_admin\",\"EventReceivedTime\":1735966795,\"SourceModuleName\":\"in_sysmon\",\"SourceModuleType\":\"im_msvistalog\"}\r\nudm.principal.process.file.full_path: c:\\windows\\temp\\7upz.exe\r\nudm.principal.process.file.sha256: 26cb6e9f56333682122fafe79dbcdfd51e9f47cc7217dccd29ac6fc33b5598cd"
        ]
    },
    "118": {
        "alert_brief": "suspicious_unusual_location_lnk_file7-Zip File Manager.lnk",
        "ini_data": [
            "<14>Jan 05 04:59:55 win-adfs.lunarstiiiness.com Microsoft-Windows-Sysmon[2556]: {\"EventTime\":1735966794,\"Hostname\":\"win-adfs.lunarstiiiness.com\",\"Keywords\":-9223372036854775808,\"EventType\":\"INFO\",\"SeverityValue\":2,\"Severity\":\"INFO\",\"EventID\":11,\"SourceName\":\"Microsoft-Windows-Sysmon\",\"ProviderGuid\":\"{5770385F-C22A-43E0-BF4C-06F5698FFBD9}\",\"Version\":2,\"Task\":11,\"OpcodeValue\":0,\"RecordNumber\":6008957,\"ProcessID\":2556,\"ThreadID\":3972,\"Channel\":\"Microsoft-Windows-Sysmon/Operational\",\"Domain\":\"NT AUTHORITY\",\"AccountName\":\"SYSTEM\",\"UserID\":\"S-1-5-18\",\"AccountType\":\"User\",\"Message\":\"File created:\\r\\nRuleName: technique_id=T1187,technique_name=Forced Authentication\\r\\nUtcTime: 2025-01-04 04:59:54.547\\r\\nProcessGuid: {927d35bf-a6e3-6495-3749-000000002900}\\r\\nProcessId: 5260\\r\\nImage: c:\\\\windows\\\\temp\\\\7upz.exe\\r\\nTargetFilename: C:\\\\ProgramData\\\\Microsoft\\\\Windows\\\\Start Menu\\\\Programs\\\\7-Zip\\\\7-Zip File Manager.lnk\\r\\nCreationUtcTime: 2025-01-04 04:59:54.547\\r\\nUser: LUNARSTIIINESS\\\\tim.smith_admin\",\"Category\":\"File created (rule: FileCreate)\",\"Opcode\":\"Info\",\"RuleName\":\"technique_id=T1187,technique_name=Forced Authentication\",\"UtcTime\":\"2025-01-04 04:59:54.547\",\"ProcessGuid\":\"{927d35bf-a6e3-6495-3749-000000002900}\",\"Image\":\"c:\\\\windows\\\\temp\\\\7upz.exe\",\"TargetFilename\":\"C:\\\\ProgramData\\\\Microsoft\\\\Windows\\\\Start Menu\\\\Programs\\\\7-Zip\\\\7-Zip File Manager.lnk\",\"CreationUtcTime\":\"2025-01-04 04:59:54.547\",\"User\":\"LUNARSTIIINESS\\\\tim.smith_admin\",\"EventReceivedTime\":1735966795,\"SourceModuleName\":\"in_sysmon\",\"SourceModuleType\":\"im_msvistalog\"}\r\nudm.principal.process.file.full_path: c:\\windows\\temp\\7upz.exe\r\nudm.principal.process.file.sha256: 26cb6e9f56333682122fafe79dbcdfd51e9f47cc7217dccd29ac6fc33b5598cd"
        ]
    },
    "119": {
        "alert_brief": "suspicious_unusual_location_lnk_file7-Zip Help.lnk",
        "ini_data": [
            "<14>Jan 02 04:58:15 win-adfs.lunarstiiiness.com Microsoft-Windows-Sysmon[2556]: {\"EventTime\":1735707494,\"Hostname\":\"win-adfs.lunarstiiiness.com\",\"Keywords\":-9223372036854775808,\"EventType\":\"INFO\",\"SeverityValue\":2,\"Severity\":\"INFO\",\"EventID\":11,\"SourceName\":\"Microsoft-Windows-Sysmon\",\"ProviderGuid\":\"{5770385F-C22A-43E0-BF4C-06F5698FFBD9}\",\"Version\":2,\"Task\":11,\"OpcodeValue\":0,\"RecordNumber\":6008958,\"ProcessID\":2556,\"ThreadID\":3972,\"Channel\":\"Microsoft-Windows-Sysmon/Operational\",\"Domain\":\"NT AUTHORITY\",\"AccountName\":\"SYSTEM\",\"UserID\":\"S-1-5-18\",\"AccountType\":\"User\",\"Message\":\"File created:\\r\\nRuleName: technique_id=T1187,technique_name=Forced Authentication\\r\\nUtcTime: 2025-01-01 04:58:14.750\\r\\nProcessGuid: {927d35bf-a6e3-6495-3749-000000002900}\\r\\nProcessId: 5260\\r\\nImage: c:\\\\windows\\\\temp\\\\7upz.exe\\r\\nTargetFilename: C:\\\\ProgramData\\\\Microsoft\\\\Windows\\\\Start Menu\\\\Programs\\\\7-Zip\\\\7-Zip Help.lnk\\r\\nCreationUtcTime: 2025-01-01 04:58:14.750\\r\\nUser: LUNARSTIIINESS\\\\tim.smith_admin\",\"Category\":\"File created (rule: FileCreate)\",\"Opcode\":\"Info\",\"RuleName\":\"technique_id=T1187,technique_name=Forced Authentication\",\"UtcTime\":\"2025-01-01 04:58:14.750\",\"ProcessGuid\":\"{927d35bf-a6e3-6495-3749-000000002900}\",\"Image\":\"c:\\\\windows\\\\temp\\\\7upz.exe\",\"TargetFilename\":\"C:\\\\ProgramData\\\\Microsoft\\\\Windows\\\\Start Menu\\\\Programs\\\\7-Zip\\\\7-Zip Help.lnk\",\"CreationUtcTime\":\"2025-01-01 04:58:14.750\",\"User\":\"LUNARSTIIINESS\\\\tim.smith_admin\",\"EventReceivedTime\":1735707495,\"SourceModuleName\":\"in_sysmon\",\"SourceModuleType\":\"im_msvistalog\"}\r\nudm.principal.process.file.full_path: c:\\windows\\temp\\7upz.exe\r\nudm.principal.process.file.sha256: 26cb6e9f56333682122fafe79dbcdfd51e9f47cc7217dccd29ac6fc33b5598cd"
        ]
    },
    "120": {
        "alert_brief": "suspicious_unusual_location_lnk_file7-Zip File Manager.lnk",
        "ini_data": [
            "<14>Jan 02 04:58:15 win-adfs.lunarstiiiness.com Microsoft-Windows-Sysmon[2556]: {\"EventTime\":1735707494,\"Hostname\":\"win-adfs.lunarstiiiness.com\",\"Keywords\":-9223372036854775808,\"EventType\":\"INFO\",\"SeverityValue\":2,\"Severity\":\"INFO\",\"EventID\":11,\"SourceName\":\"Microsoft-Windows-Sysmon\",\"ProviderGuid\":\"{5770385F-C22A-43E0-BF4C-06F5698FFBD9}\",\"Version\":2,\"Task\":11,\"OpcodeValue\":0,\"RecordNumber\":6008957,\"ProcessID\":2556,\"ThreadID\":3972,\"Channel\":\"Microsoft-Windows-Sysmon/Operational\",\"Domain\":\"NT AUTHORITY\",\"AccountName\":\"SYSTEM\",\"UserID\":\"S-1-5-18\",\"AccountType\":\"User\",\"Message\":\"File created:\\r\\nRuleName: technique_id=T1187,technique_name=Forced Authentication\\r\\nUtcTime: 2025-01-01 04:58:14.547\\r\\nProcessGuid: {927d35bf-a6e3-6495-3749-000000002900}\\r\\nProcessId: 5260\\r\\nImage: c:\\\\windows\\\\temp\\\\7upz.exe\\r\\nTargetFilename: C:\\\\ProgramData\\\\Microsoft\\\\Windows\\\\Start Menu\\\\Programs\\\\7-Zip\\\\7-Zip File Manager.lnk\\r\\nCreationUtcTime: 2025-01-01 04:58:14.547\\r\\nUser: LUNARSTIIINESS\\\\tim.smith_admin\",\"Category\":\"File created (rule: FileCreate)\",\"Opcode\":\"Info\",\"RuleName\":\"technique_id=T1187,technique_name=Forced Authentication\",\"UtcTime\":\"2025-01-01 04:58:14.547\",\"ProcessGuid\":\"{927d35bf-a6e3-6495-3749-000000002900}\",\"Image\":\"c:\\\\windows\\\\temp\\\\7upz.exe\",\"TargetFilename\":\"C:\\\\ProgramData\\\\Microsoft\\\\Windows\\\\Start Menu\\\\Programs\\\\7-Zip\\\\7-Zip File Manager.lnk\",\"CreationUtcTime\":\"2025-01-01 04:58:14.547\",\"User\":\"LUNARSTIIINESS\\\\tim.smith_admin\",\"EventReceivedTime\":1735707495,\"SourceModuleName\":\"in_sysmon\",\"SourceModuleType\":\"im_msvistalog\"}\r\nudm.principal.process.file.full_path: c:\\windows\\temp\\7upz.exe\r\nudm.principal.process.file.sha256: 26cb6e9f56333682122fafe79dbcdfd51e9f47cc7217dccd29ac6fc33b5598cd"
        ]
    },
    "121": {
        "alert_brief": "suspicious_unusual_location_lnk_file7-Zip Help.lnk",
        "ini_data": [
